2025-04-25 15:02:21,413 INFO  - Initialize application (at simulation time 160.000,000,000 s)
2025-04-25 15:02:21,414 INFO  - Activated AdHoc Module (at simulation time 160.000,000,000 s)
2025-04-25 15:02:21,444 INFO  - Received message from veh_16 (at simulation time 163.009,400,000 s)
2025-04-25 15:02:21,444 INFO  - Processing DEN message (at simulation time 163.009,400,000 s)
2025-04-25 15:02:21,444 INFO  - The event occurred on connection with id=311964536_1313885442_2879911873, which is part of vehicle's route with id=1 (at simulation time 163.009,400,000 s)
2025-04-25 15:02:21,445 INFO  - Sending Change Route Command at position: GeoPoint{lat=52.655361,lon=13.569019,alt=0.00} (at simulation time 163.009,400,000 s)
2025-04-25 15:02:21,446 INFO  - Received message from veh_11 (at simulation time 163.010,300,000 s)
2025-04-25 15:02:21,446 INFO  - Processing DEN message (at simulation time 163.010,300,000 s)
2025-04-25 15:02:21,446 INFO  - Route change already tried once. (at simulation time 163.010,300,000 s)
2025-04-25 15:02:21,483 INFO  - Received message from veh_16 (at simulation time 164.005,500,000 s)
2025-04-25 15:02:21,483 INFO  - Processing DEN message (at simulation time 164.005,500,000 s)
2025-04-25 15:02:21,483 INFO  - Route change already tried once. (at simulation time 164.005,500,000 s)
2025-04-25 15:02:21,484 INFO  - Received message from veh_11 (at simulation time 164.009,900,000 s)
2025-04-25 15:02:21,484 INFO  - Processing DEN message (at simulation time 164.009,900,000 s)
2025-04-25 15:02:21,484 INFO  - Route change already tried once. (at simulation time 164.009,900,000 s)
2025-04-25 15:02:21,496 INFO  - Received message from veh_11 (at simulation time 165.007,400,000 s)
2025-04-25 15:02:21,496 INFO  - Processing DEN message (at simulation time 165.007,400,000 s)
2025-04-25 15:02:21,496 INFO  - Route change already tried once. (at simulation time 165.007,400,000 s)
2025-04-25 15:02:21,496 INFO  - Received message from veh_16 (at simulation time 165.008,000,000 s)
2025-04-25 15:02:21,496 INFO  - Processing DEN message (at simulation time 165.008,000,000 s)
2025-04-25 15:02:21,496 INFO  - Route change already tried once. (at simulation time 165.008,000,000 s)
2025-04-25 15:02:21,502 INFO  - Received message from veh_6 (at simulation time 166.007,400,000 s)
2025-04-25 15:02:21,502 INFO  - Processing DEN message (at simulation time 166.007,400,000 s)
2025-04-25 15:02:21,502 INFO  - Route change already tried once. (at simulation time 166.007,400,000 s)
2025-04-25 15:02:21,502 INFO  - Received message from veh_11 (at simulation time 166.008,000,000 s)
2025-04-25 15:02:21,502 INFO  - Processing DEN message (at simulation time 166.008,000,000 s)
2025-04-25 15:02:21,502 INFO  - Route change already tried once. (at simulation time 166.008,000,000 s)
2025-04-25 15:02:21,503 INFO  - Received message from veh_16 (at simulation time 166.009,500,000 s)
2025-04-25 15:02:21,503 INFO  - Processing DEN message (at simulation time 166.009,500,000 s)
2025-04-25 15:02:21,503 INFO  - Route change already tried once. (at simulation time 166.009,500,000 s)
2025-04-25 15:02:21,508 INFO  - Received message from veh_6 (at simulation time 167.006,900,000 s)
2025-04-25 15:02:21,508 INFO  - Processing DEN message (at simulation time 167.006,900,000 s)
2025-04-25 15:02:21,508 INFO  - Route change already tried once. (at simulation time 167.006,900,000 s)
2025-04-25 15:02:21,508 INFO  - Received message from veh_11 (at simulation time 167.007,000,000 s)
2025-04-25 15:02:21,508 INFO  - Processing DEN message (at simulation time 167.007,000,000 s)
2025-04-25 15:02:21,508 INFO  - Route change already tried once. (at simulation time 167.007,000,000 s)
2025-04-25 15:02:21,508 INFO  - Received message from veh_16 (at simulation time 167.007,000,000 s)
2025-04-25 15:02:21,508 INFO  - Processing DEN message (at simulation time 167.007,000,000 s)
2025-04-25 15:02:21,508 INFO  - Route change already tried once. (at simulation time 167.007,000,000 s)
2025-04-25 15:02:21,515 INFO  - Received message from veh_6 (at simulation time 168.007,800,000 s)
2025-04-25 15:02:21,515 INFO  - Processing DEN message (at simulation time 168.007,800,000 s)
2025-04-25 15:02:21,515 INFO  - Route change already tried once. (at simulation time 168.007,800,000 s)
2025-04-25 15:02:21,515 INFO  - Received message from veh_11 (at simulation time 168.008,400,000 s)
2025-04-25 15:02:21,515 INFO  - Processing DEN message (at simulation time 168.008,400,000 s)
2025-04-25 15:02:21,515 INFO  - Route change already tried once. (at simulation time 168.008,400,000 s)
2025-04-25 15:02:21,515 INFO  - Received message from veh_16 (at simulation time 168.009,900,000 s)
2025-04-25 15:02:21,515 INFO  - Processing DEN message (at simulation time 168.009,900,000 s)
2025-04-25 15:02:21,515 INFO  - Route change already tried once. (at simulation time 168.009,900,000 s)
2025-04-25 15:02:21,522 INFO  - Received message from veh_6 (at simulation time 169.005,000,000 s)
2025-04-25 15:02:21,522 INFO  - Processing DEN message (at simulation time 169.005,000,000 s)
2025-04-25 15:02:21,522 INFO  - Route change already tried once. (at simulation time 169.005,000,000 s)
2025-04-25 15:02:21,523 INFO  - Received message from veh_11 (at simulation time 169.006,000,000 s)
2025-04-25 15:02:21,523 INFO  - Processing DEN message (at simulation time 169.006,000,000 s)
2025-04-25 15:02:21,523 INFO  - Route change already tried once. (at simulation time 169.006,000,000 s)
2025-04-25 15:02:21,523 INFO  - Received message from veh_16 (at simulation time 169.007,000,000 s)
2025-04-25 15:02:21,523 INFO  - Processing DEN message (at simulation time 169.007,000,000 s)
2025-04-25 15:02:21,523 INFO  - Route change already tried once. (at simulation time 169.007,000,000 s)
2025-04-25 15:02:21,540 INFO  - Received message from veh_11 (at simulation time 170.004,500,000 s)
2025-04-25 15:02:21,540 INFO  - Processing DEN message (at simulation time 170.004,500,000 s)
2025-04-25 15:02:21,540 INFO  - Route change already tried once. (at simulation time 170.004,500,000 s)
2025-04-25 15:02:21,540 INFO  - Received message from veh_16 (at simulation time 170.005,000,000 s)
2025-04-25 15:02:21,540 INFO  - Processing DEN message (at simulation time 170.005,000,000 s)
2025-04-25 15:02:21,540 INFO  - Route change already tried once. (at simulation time 170.005,000,000 s)
2025-04-25 15:02:21,541 INFO  - Received message from veh_1 (at simulation time 170.007,900,000 s)
2025-04-25 15:02:21,541 INFO  - Processing DEN message (at simulation time 170.007,900,000 s)
2025-04-25 15:02:21,541 INFO  - Route change already tried once. (at simulation time 170.007,900,000 s)
2025-04-25 15:02:21,541 INFO  - Received message from veh_6 (at simulation time 170.008,000,000 s)
2025-04-25 15:02:21,541 INFO  - Processing DEN message (at simulation time 170.008,000,000 s)
2025-04-25 15:02:21,541 INFO  - Route change already tried once. (at simulation time 170.008,000,000 s)
2025-04-25 15:02:21,546 INFO  - Received message from veh_6 (at simulation time 171.006,000,000 s)
2025-04-25 15:02:21,546 INFO  - Processing DEN message (at simulation time 171.006,000,000 s)
2025-04-25 15:02:21,546 INFO  - Route change already tried once. (at simulation time 171.006,000,000 s)
2025-04-25 15:02:21,546 INFO  - Received message from veh_16 (at simulation time 171.006,000,000 s)
2025-04-25 15:02:21,546 INFO  - Processing DEN message (at simulation time 171.006,000,000 s)
2025-04-25 15:02:21,546 INFO  - Route change already tried once. (at simulation time 171.006,000,000 s)
2025-04-25 15:02:21,546 INFO  - Received message from veh_1 (at simulation time 171.008,400,000 s)
2025-04-25 15:02:21,546 INFO  - Processing DEN message (at simulation time 171.008,400,000 s)
2025-04-25 15:02:21,546 INFO  - Route change already tried once. (at simulation time 171.008,400,000 s)
2025-04-25 15:02:21,546 INFO  - Received message from veh_11 (at simulation time 171.010,000,000 s)
2025-04-25 15:02:21,546 INFO  - Processing DEN message (at simulation time 171.010,000,000 s)
2025-04-25 15:02:21,546 INFO  - Route change already tried once. (at simulation time 171.010,000,000 s)
2025-04-25 15:02:21,554 INFO  - Received message from veh_16 (at simulation time 172.003,500,000 s)
2025-04-25 15:02:21,554 INFO  - Processing DEN message (at simulation time 172.003,500,000 s)
2025-04-25 15:02:21,554 INFO  - Route change already tried once. (at simulation time 172.003,500,000 s)
2025-04-25 15:02:21,554 INFO  - Received message from veh_1 (at simulation time 172.006,400,000 s)
2025-04-25 15:02:21,554 INFO  - Processing DEN message (at simulation time 172.006,400,000 s)
2025-04-25 15:02:21,554 INFO  - Route change already tried once. (at simulation time 172.006,400,000 s)
2025-04-25 15:02:21,554 INFO  - Received message from veh_6 (at simulation time 172.006,500,000 s)
2025-04-25 15:02:21,554 INFO  - Processing DEN message (at simulation time 172.006,500,000 s)
2025-04-25 15:02:21,555 INFO  - Route change already tried once. (at simulation time 172.006,500,000 s)
2025-04-25 15:02:21,555 INFO  - Received message from veh_11 (at simulation time 172.008,000,000 s)
2025-04-25 15:02:21,555 INFO  - Processing DEN message (at simulation time 172.008,000,000 s)
2025-04-25 15:02:21,555 INFO  - Route change already tried once. (at simulation time 172.008,000,000 s)
2025-04-25 15:02:21,560 INFO  - Received message from veh_6 (at simulation time 173.006,500,000 s)
2025-04-25 15:02:21,560 INFO  - Processing DEN message (at simulation time 173.006,500,000 s)
2025-04-25 15:02:21,560 INFO  - Route change already tried once. (at simulation time 173.006,500,000 s)
2025-04-25 15:02:21,560 INFO  - Received message from veh_11 (at simulation time 173.008,000,000 s)
2025-04-25 15:02:21,560 INFO  - Processing DEN message (at simulation time 173.008,000,000 s)
2025-04-25 15:02:21,560 INFO  - Route change already tried once. (at simulation time 173.008,000,000 s)
2025-04-25 15:02:21,560 INFO  - Received message from veh_16 (at simulation time 173.008,000,000 s)
2025-04-25 15:02:21,560 INFO  - Processing DEN message (at simulation time 173.008,000,000 s)
2025-04-25 15:02:21,560 INFO  - Route change already tried once. (at simulation time 173.008,000,000 s)
2025-04-25 15:02:21,560 INFO  - Received message from veh_1 (at simulation time 173.009,400,000 s)
2025-04-25 15:02:21,560 INFO  - Processing DEN message (at simulation time 173.009,400,000 s)
2025-04-25 15:02:21,560 INFO  - Route change already tried once. (at simulation time 173.009,400,000 s)
2025-04-25 15:02:21,567 INFO  - Received message from veh_46 (at simulation time 174.004,600,000 s)
2025-04-25 15:02:21,567 INFO  - Processing DEN message (at simulation time 174.004,600,000 s)
2025-04-25 15:02:21,567 INFO  - Route change already tried once. (at simulation time 174.004,600,000 s)
2025-04-25 15:02:21,567 INFO  - Received message from veh_6 (at simulation time 174.005,500,000 s)
2025-04-25 15:02:21,567 INFO  - Processing DEN message (at simulation time 174.005,500,000 s)
2025-04-25 15:02:21,567 INFO  - Route change already tried once. (at simulation time 174.005,500,000 s)
2025-04-25 15:02:21,567 INFO  - Received message from veh_16 (at simulation time 174.008,000,000 s)
2025-04-25 15:02:21,567 INFO  - Processing DEN message (at simulation time 174.008,000,000 s)
2025-04-25 15:02:21,567 INFO  - Route change already tried once. (at simulation time 174.008,000,000 s)
2025-04-25 15:02:21,567 INFO  - Received message from veh_1 (at simulation time 174.008,400,000 s)
2025-04-25 15:02:21,567 INFO  - Processing DEN message (at simulation time 174.008,400,000 s)
2025-04-25 15:02:21,567 INFO  - Route change already tried once. (at simulation time 174.008,400,000 s)
2025-04-25 15:02:21,567 INFO  - Received message from veh_11 (at simulation time 174.011,000,000 s)
2025-04-25 15:02:21,567 INFO  - Processing DEN message (at simulation time 174.011,000,000 s)
2025-04-25 15:02:21,567 INFO  - Route change already tried once. (at simulation time 174.011,000,000 s)
2025-04-25 15:02:22,289 INFO  - Received message from veh_46 (at simulation time 242.002,700,000 s)
2025-04-25 15:02:22,289 INFO  - Processing DEN message (at simulation time 242.002,700,000 s)
2025-04-25 15:02:22,289 INFO  - Route change already tried once. (at simulation time 242.002,700,000 s)
2025-04-25 15:02:22,290 INFO  - Received message from veh_56 (at simulation time 242.002,800,000 s)
2025-04-25 15:02:22,290 INFO  - Processing DEN message (at simulation time 242.002,800,000 s)
2025-04-25 15:02:22,290 INFO  - Route change already tried once. (at simulation time 242.002,800,000 s)
2025-04-25 15:02:22,290 INFO  - Received message from veh_1 (at simulation time 242.004,100,000 s)
2025-04-25 15:02:22,290 INFO  - Processing DEN message (at simulation time 242.004,100,000 s)
2025-04-25 15:02:22,290 INFO  - Route change already tried once. (at simulation time 242.004,100,000 s)
2025-04-25 15:02:22,292 INFO  - Received message from veh_16 (at simulation time 242.004,200,000 s)
2025-04-25 15:02:22,292 INFO  - Processing DEN message (at simulation time 242.004,200,000 s)
2025-04-25 15:02:22,292 INFO  - Route change already tried once. (at simulation time 242.004,200,000 s)
2025-04-25 15:02:22,295 INFO  - Received message from veh_11 (at simulation time 242.005,200,000 s)
2025-04-25 15:02:22,295 INFO  - Processing DEN message (at simulation time 242.005,200,000 s)
2025-04-25 15:02:22,295 INFO  - Route change already tried once. (at simulation time 242.005,200,000 s)
2025-04-25 15:02:22,295 INFO  - Received message from veh_6 (at simulation time 242.005,600,000 s)
2025-04-25 15:02:22,295 INFO  - Processing DEN message (at simulation time 242.005,600,000 s)
2025-04-25 15:02:22,295 INFO  - Route change already tried once. (at simulation time 242.005,600,000 s)
2025-04-25 15:02:22,295 INFO  - Received message from veh_51 (at simulation time 242.005,700,000 s)
2025-04-25 15:02:22,295 INFO  - Processing DEN message (at simulation time 242.005,700,000 s)
2025-04-25 15:02:22,295 INFO  - Route change already tried once. (at simulation time 242.005,700,000 s)
2025-04-25 15:02:22,303 INFO  - Received message from veh_56 (at simulation time 243.001,800,000 s)
2025-04-25 15:02:22,303 INFO  - Processing DEN message (at simulation time 243.001,800,000 s)
2025-04-25 15:02:22,303 INFO  - Route change already tried once. (at simulation time 243.001,800,000 s)
2025-04-25 15:02:22,303 INFO  - Received message from veh_11 (at simulation time 243.002,700,000 s)
2025-04-25 15:02:22,303 INFO  - Processing DEN message (at simulation time 243.002,700,000 s)
2025-04-25 15:02:22,303 INFO  - Route change already tried once. (at simulation time 243.002,700,000 s)
2025-04-25 15:02:22,303 INFO  - Received message from veh_16 (at simulation time 243.003,700,000 s)
2025-04-25 15:02:22,303 INFO  - Processing DEN message (at simulation time 243.003,700,000 s)
2025-04-25 15:02:22,303 INFO  - Route change already tried once. (at simulation time 243.003,700,000 s)
2025-04-25 15:02:22,303 INFO  - Received message from veh_46 (at simulation time 243.003,700,000 s)
2025-04-25 15:02:22,303 INFO  - Processing DEN message (at simulation time 243.003,700,000 s)
2025-04-25 15:02:22,303 INFO  - Route change already tried once. (at simulation time 243.003,700,000 s)
2025-04-25 15:02:22,303 INFO  - Received message from veh_51 (at simulation time 243.003,700,000 s)
2025-04-25 15:02:22,303 INFO  - Processing DEN message (at simulation time 243.003,700,000 s)
2025-04-25 15:02:22,303 INFO  - Route change already tried once. (at simulation time 243.003,700,000 s)
2025-04-25 15:02:22,304 INFO  - Received message from veh_1 (at simulation time 243.005,600,000 s)
2025-04-25 15:02:22,304 INFO  - Processing DEN message (at simulation time 243.005,600,000 s)
2025-04-25 15:02:22,304 INFO  - Route change already tried once. (at simulation time 243.005,600,000 s)
2025-04-25 15:02:22,304 INFO  - Received message from veh_6 (at simulation time 243.007,100,000 s)
2025-04-25 15:02:22,304 INFO  - Processing DEN message (at simulation time 243.007,100,000 s)
2025-04-25 15:02:22,304 INFO  - Route change already tried once. (at simulation time 243.007,100,000 s)
2025-04-25 15:02:22,312 INFO  - Received message from veh_51 (at simulation time 244.002,200,000 s)
2025-04-25 15:02:22,312 INFO  - Processing DEN message (at simulation time 244.002,200,000 s)
2025-04-25 15:02:22,312 INFO  - Route change already tried once. (at simulation time 244.002,200,000 s)
2025-04-25 15:02:22,312 INFO  - Received message from veh_11 (at simulation time 244.002,700,000 s)
2025-04-25 15:02:22,312 INFO  - Processing DEN message (at simulation time 244.002,700,000 s)
2025-04-25 15:02:22,312 INFO  - Route change already tried once. (at simulation time 244.002,700,000 s)
2025-04-25 15:02:22,312 INFO  - Received message from veh_56 (at simulation time 244.002,800,000 s)
2025-04-25 15:02:22,312 INFO  - Processing DEN message (at simulation time 244.002,800,000 s)
2025-04-25 15:02:22,312 INFO  - Route change already tried once. (at simulation time 244.002,800,000 s)
2025-04-25 15:02:22,312 INFO  - Received message from veh_46 (at simulation time 244.003,700,000 s)
2025-04-25 15:02:22,312 INFO  - Processing DEN message (at simulation time 244.003,700,000 s)
2025-04-25 15:02:22,313 INFO  - Route change already tried once. (at simulation time 244.003,700,000 s)
2025-04-25 15:02:22,313 INFO  - Received message from veh_16 (at simulation time 244.004,700,000 s)
2025-04-25 15:02:22,313 INFO  - Processing DEN message (at simulation time 244.004,700,000 s)
2025-04-25 15:02:22,313 INFO  - Route change already tried once. (at simulation time 244.004,700,000 s)
2025-04-25 15:02:22,313 INFO  - Received message from veh_1 (at simulation time 244.006,600,000 s)
2025-04-25 15:02:22,313 INFO  - Processing DEN message (at simulation time 244.006,600,000 s)
2025-04-25 15:02:22,313 INFO  - Route change already tried once. (at simulation time 244.006,600,000 s)
2025-04-25 15:02:22,313 INFO  - Received message from veh_6 (at simulation time 244.006,600,000 s)
2025-04-25 15:02:22,313 INFO  - Processing DEN message (at simulation time 244.006,600,000 s)
2025-04-25 15:02:22,313 INFO  - Route change already tried once. (at simulation time 244.006,600,000 s)
2025-04-25 15:02:22,326 INFO  - Received message from veh_16 (at simulation time 245.002,700,000 s)
2025-04-25 15:02:22,326 INFO  - Processing DEN message (at simulation time 245.002,700,000 s)
2025-04-25 15:02:22,326 INFO  - Route change already tried once. (at simulation time 245.002,700,000 s)
2025-04-25 15:02:22,327 INFO  - Received message from veh_56 (at simulation time 245.003,300,000 s)
2025-04-25 15:02:22,327 INFO  - Processing DEN message (at simulation time 245.003,300,000 s)
2025-04-25 15:02:22,327 INFO  - Route change already tried once. (at simulation time 245.003,300,000 s)
2025-04-25 15:02:22,327 INFO  - Received message from veh_51 (at simulation time 245.004,300,000 s)
2025-04-25 15:02:22,327 INFO  - Processing DEN message (at simulation time 245.004,300,000 s)
2025-04-25 15:02:22,327 INFO  - Route change already tried once. (at simulation time 245.004,300,000 s)
2025-04-25 15:02:22,327 INFO  - Received message from veh_46 (at simulation time 245.004,700,000 s)
2025-04-25 15:02:22,327 INFO  - Processing DEN message (at simulation time 245.004,700,000 s)
2025-04-25 15:02:22,327 INFO  - Route change already tried once. (at simulation time 245.004,700,000 s)
2025-04-25 15:02:22,327 INFO  - Received message from veh_6 (at simulation time 245.005,200,000 s)
2025-04-25 15:02:22,327 INFO  - Processing DEN message (at simulation time 245.005,200,000 s)
2025-04-25 15:02:22,327 INFO  - Route change already tried once. (at simulation time 245.005,200,000 s)
2025-04-25 15:02:22,327 INFO  - Received message from veh_11 (at simulation time 245.005,200,000 s)
2025-04-25 15:02:22,327 INFO  - Processing DEN message (at simulation time 245.005,200,000 s)
2025-04-25 15:02:22,327 INFO  - Route change already tried once. (at simulation time 245.005,200,000 s)
2025-04-25 15:02:22,327 INFO  - Received message from veh_1 (at simulation time 245.006,600,000 s)
2025-04-25 15:02:22,327 INFO  - Processing DEN message (at simulation time 245.006,600,000 s)
2025-04-25 15:02:22,327 INFO  - Route change already tried once. (at simulation time 245.006,600,000 s)
2025-04-25 15:02:22,333 INFO  - Received message from veh_11 (at simulation time 246.002,700,000 s)
2025-04-25 15:02:22,333 INFO  - Processing DEN message (at simulation time 246.002,700,000 s)
2025-04-25 15:02:22,333 INFO  - Route change already tried once. (at simulation time 246.002,700,000 s)
2025-04-25 15:02:22,333 INFO  - Received message from veh_56 (at simulation time 246.003,800,000 s)
2025-04-25 15:02:22,333 INFO  - Processing DEN message (at simulation time 246.003,800,000 s)
2025-04-25 15:02:22,333 INFO  - Route change already tried once. (at simulation time 246.003,800,000 s)
2025-04-25 15:02:22,333 INFO  - Received message from veh_51 (at simulation time 246.004,800,000 s)
2025-04-25 15:02:22,333 INFO  - Processing DEN message (at simulation time 246.004,800,000 s)
2025-04-25 15:02:22,333 INFO  - Route change already tried once. (at simulation time 246.004,800,000 s)
2025-04-25 15:02:22,333 INFO  - Received message from veh_1 (at simulation time 246.005,100,000 s)
2025-04-25 15:02:22,333 INFO  - Processing DEN message (at simulation time 246.005,100,000 s)
2025-04-25 15:02:22,333 INFO  - Route change already tried once. (at simulation time 246.005,100,000 s)
2025-04-25 15:02:22,333 INFO  - Received message from veh_16 (at simulation time 246.005,200,000 s)
2025-04-25 15:02:22,333 INFO  - Processing DEN message (at simulation time 246.005,200,000 s)
2025-04-25 15:02:22,333 INFO  - Route change already tried once. (at simulation time 246.005,200,000 s)
2025-04-25 15:02:22,334 INFO  - Received message from veh_6 (at simulation time 246.006,200,000 s)
2025-04-25 15:02:22,334 INFO  - Processing DEN message (at simulation time 246.006,200,000 s)
2025-04-25 15:02:22,334 INFO  - Route change already tried once. (at simulation time 246.006,200,000 s)
2025-04-25 15:02:22,334 INFO  - Received message from veh_46 (at simulation time 246.006,700,000 s)
2025-04-25 15:02:22,334 INFO  - Processing DEN message (at simulation time 246.006,700,000 s)
2025-04-25 15:02:22,334 INFO  - Route change already tried once. (at simulation time 246.006,700,000 s)
2025-04-25 15:02:22,338 INFO  - Received message from veh_51 (at simulation time 247.001,800,000 s)
2025-04-25 15:02:22,338 INFO  - Processing DEN message (at simulation time 247.001,800,000 s)
2025-04-25 15:02:22,338 INFO  - Route change already tried once. (at simulation time 247.001,800,000 s)
2025-04-25 15:02:22,338 INFO  - Received message from veh_56 (at simulation time 247.001,800,000 s)
2025-04-25 15:02:22,338 INFO  - Processing DEN message (at simulation time 247.001,800,000 s)
2025-04-25 15:02:22,338 INFO  - Route change already tried once. (at simulation time 247.001,800,000 s)
2025-04-25 15:02:22,339 INFO  - Received message from veh_46 (at simulation time 247.003,300,000 s)
2025-04-25 15:02:22,339 INFO  - Processing DEN message (at simulation time 247.003,300,000 s)
2025-04-25 15:02:22,339 INFO  - Route change already tried once. (at simulation time 247.003,300,000 s)
2025-04-25 15:02:22,339 INFO  - Received message from veh_1 (at simulation time 247.004,200,000 s)
2025-04-25 15:02:22,339 INFO  - Processing DEN message (at simulation time 247.004,200,000 s)
2025-04-25 15:02:22,339 INFO  - Route change already tried once. (at simulation time 247.004,200,000 s)
2025-04-25 15:02:22,339 INFO  - Received message from veh_6 (at simulation time 247.004,700,000 s)
2025-04-25 15:02:22,339 INFO  - Processing DEN message (at simulation time 247.004,700,000 s)
2025-04-25 15:02:22,339 INFO  - Route change already tried once. (at simulation time 247.004,700,000 s)
2025-04-25 15:02:22,339 INFO  - Received message from veh_11 (at simulation time 247.005,700,000 s)
2025-04-25 15:02:22,339 INFO  - Processing DEN message (at simulation time 247.005,700,000 s)
2025-04-25 15:02:22,339 INFO  - Route change already tried once. (at simulation time 247.005,700,000 s)
2025-04-25 15:02:22,339 INFO  - Received message from veh_16 (at simulation time 247.005,700,000 s)
2025-04-25 15:02:22,339 INFO  - Processing DEN message (at simulation time 247.005,700,000 s)
2025-04-25 15:02:22,339 INFO  - Route change already tried once. (at simulation time 247.005,700,000 s)
2025-04-25 15:02:22,343 INFO  - Received message from veh_46 (at simulation time 248.000,800,000 s)
2025-04-25 15:02:22,343 INFO  - Processing DEN message (at simulation time 248.000,800,000 s)
2025-04-25 15:02:22,343 INFO  - Route change already tried once. (at simulation time 248.000,800,000 s)
2025-04-25 15:02:22,344 INFO  - Received message from veh_16 (at simulation time 248.002,700,000 s)
2025-04-25 15:02:22,344 INFO  - Processing DEN message (at simulation time 248.002,700,000 s)
2025-04-25 15:02:22,344 INFO  - Route change already tried once. (at simulation time 248.002,700,000 s)
2025-04-25 15:02:22,344 INFO  - Received message from veh_51 (at simulation time 248.002,800,000 s)
2025-04-25 15:02:22,344 INFO  - Processing DEN message (at simulation time 248.002,800,000 s)
2025-04-25 15:02:22,344 INFO  - Route change already tried once. (at simulation time 248.002,800,000 s)
2025-04-25 15:02:22,344 INFO  - Received message from veh_56 (at simulation time 248.003,300,000 s)
2025-04-25 15:02:22,344 INFO  - Processing DEN message (at simulation time 248.003,300,000 s)
2025-04-25 15:02:22,344 INFO  - Route change already tried once. (at simulation time 248.003,300,000 s)
2025-04-25 15:02:22,345 INFO  - Received message from veh_1 (at simulation time 248.004,700,000 s)
2025-04-25 15:02:22,345 INFO  - Processing DEN message (at simulation time 248.004,700,000 s)
2025-04-25 15:02:22,345 INFO  - Route change already tried once. (at simulation time 248.004,700,000 s)
2025-04-25 15:02:22,345 INFO  - Received message from veh_6 (at simulation time 248.005,200,000 s)
2025-04-25 15:02:22,345 INFO  - Processing DEN message (at simulation time 248.005,200,000 s)
2025-04-25 15:02:22,345 INFO  - Route change already tried once. (at simulation time 248.005,200,000 s)
2025-04-25 15:02:22,345 INFO  - Received message from veh_11 (at simulation time 248.006,200,000 s)
2025-04-25 15:02:22,345 INFO  - Processing DEN message (at simulation time 248.006,200,000 s)
2025-04-25 15:02:22,345 INFO  - Route change already tried once. (at simulation time 248.006,200,000 s)
2025-04-25 15:02:22,349 INFO  - Received message from veh_46 (at simulation time 249.002,300,000 s)
2025-04-25 15:02:22,349 INFO  - Processing DEN message (at simulation time 249.002,300,000 s)
2025-04-25 15:02:22,349 INFO  - Route change already tried once. (at simulation time 249.002,300,000 s)
2025-04-25 15:02:22,349 INFO  - Received message from veh_56 (at simulation time 249.002,800,000 s)
2025-04-25 15:02:22,349 INFO  - Processing DEN message (at simulation time 249.002,800,000 s)
2025-04-25 15:02:22,349 INFO  - Route change already tried once. (at simulation time 249.002,800,000 s)
2025-04-25 15:02:22,349 INFO  - Received message from veh_1 (at simulation time 249.003,200,000 s)
2025-04-25 15:02:22,349 INFO  - Processing DEN message (at simulation time 249.003,200,000 s)
2025-04-25 15:02:22,349 INFO  - Route change already tried once. (at simulation time 249.003,200,000 s)
2025-04-25 15:02:22,349 INFO  - Received message from veh_51 (at simulation time 249.003,300,000 s)
2025-04-25 15:02:22,349 INFO  - Processing DEN message (at simulation time 249.003,300,000 s)
2025-04-25 15:02:22,349 INFO  - Route change already tried once. (at simulation time 249.003,300,000 s)
2025-04-25 15:02:22,350 INFO  - Received message from veh_6 (at simulation time 249.004,200,000 s)
2025-04-25 15:02:22,350 INFO  - Processing DEN message (at simulation time 249.004,200,000 s)
2025-04-25 15:02:22,350 INFO  - Route change already tried once. (at simulation time 249.004,200,000 s)
2025-04-25 15:02:22,350 INFO  - Received message from veh_11 (at simulation time 249.004,200,000 s)
2025-04-25 15:02:22,350 INFO  - Processing DEN message (at simulation time 249.004,200,000 s)
2025-04-25 15:02:22,350 INFO  - Route change already tried once. (at simulation time 249.004,200,000 s)
2025-04-25 15:02:22,350 INFO  - Received message from veh_16 (at simulation time 249.004,700,000 s)
2025-04-25 15:02:22,350 INFO  - Processing DEN message (at simulation time 249.004,700,000 s)
2025-04-25 15:02:22,350 INFO  - Route change already tried once. (at simulation time 249.004,700,000 s)
2025-04-25 15:02:22,366 INFO  - Received message from veh_56 (at simulation time 250.001,300,000 s)
2025-04-25 15:02:22,366 INFO  - Processing DEN message (at simulation time 250.001,300,000 s)
2025-04-25 15:02:22,366 INFO  - Route change already tried once. (at simulation time 250.001,300,000 s)
2025-04-25 15:02:22,367 INFO  - Received message from veh_16 (at simulation time 250.003,200,000 s)
2025-04-25 15:02:22,367 INFO  - Processing DEN message (at simulation time 250.003,200,000 s)
2025-04-25 15:02:22,367 INFO  - Route change already tried once. (at simulation time 250.003,200,000 s)
2025-04-25 15:02:22,367 INFO  - Received message from veh_46 (at simulation time 250.004,300,000 s)
2025-04-25 15:02:22,367 INFO  - Processing DEN message (at simulation time 250.004,300,000 s)
2025-04-25 15:02:22,367 INFO  - Route change already tried once. (at simulation time 250.004,300,000 s)
2025-04-25 15:02:22,367 INFO  - Received message from veh_51 (at simulation time 250.004,300,000 s)
2025-04-25 15:02:22,367 INFO  - Processing DEN message (at simulation time 250.004,300,000 s)
2025-04-25 15:02:22,367 INFO  - Route change already tried once. (at simulation time 250.004,300,000 s)
2025-04-25 15:02:22,367 INFO  - Received message from veh_6 (at simulation time 250.004,700,000 s)
2025-04-25 15:02:22,367 INFO  - Processing DEN message (at simulation time 250.004,700,000 s)
2025-04-25 15:02:22,367 INFO  - Route change already tried once. (at simulation time 250.004,700,000 s)
2025-04-25 15:02:22,367 INFO  - Received message from veh_11 (at simulation time 250.004,700,000 s)
2025-04-25 15:02:22,367 INFO  - Processing DEN message (at simulation time 250.004,700,000 s)
2025-04-25 15:02:22,367 INFO  - Route change already tried once. (at simulation time 250.004,700,000 s)
2025-04-25 15:02:22,368 INFO  - Received message from veh_1 (at simulation time 250.005,700,000 s)
2025-04-25 15:02:22,368 INFO  - Processing DEN message (at simulation time 250.005,700,000 s)
2025-04-25 15:02:22,368 INFO  - Route change already tried once. (at simulation time 250.005,700,000 s)
2025-04-25 15:02:22,372 INFO  - Received message from veh_56 (at simulation time 251.001,300,000 s)
2025-04-25 15:02:22,372 INFO  - Processing DEN message (at simulation time 251.001,300,000 s)
2025-04-25 15:02:22,372 INFO  - Route change already tried once. (at simulation time 251.001,300,000 s)
2025-04-25 15:02:22,373 INFO  - Received message from veh_6 (at simulation time 251.003,200,000 s)
2025-04-25 15:02:22,373 INFO  - Processing DEN message (at simulation time 251.003,200,000 s)
2025-04-25 15:02:22,373 INFO  - Route change already tried once. (at simulation time 251.003,200,000 s)
2025-04-25 15:02:22,373 INFO  - Received message from veh_16 (at simulation time 251.003,200,000 s)
2025-04-25 15:02:22,373 INFO  - Processing DEN message (at simulation time 251.003,200,000 s)
2025-04-25 15:02:22,373 INFO  - Route change already tried once. (at simulation time 251.003,200,000 s)
2025-04-25 15:02:22,373 INFO  - Received message from veh_46 (at simulation time 251.003,300,000 s)
2025-04-25 15:02:22,373 INFO  - Processing DEN message (at simulation time 251.003,300,000 s)
2025-04-25 15:02:22,373 INFO  - Route change already tried once. (at simulation time 251.003,300,000 s)
2025-04-25 15:02:22,373 INFO  - Received message from veh_51 (at simulation time 251.003,300,000 s)
2025-04-25 15:02:22,373 INFO  - Processing DEN message (at simulation time 251.003,300,000 s)
2025-04-25 15:02:22,373 INFO  - Route change already tried once. (at simulation time 251.003,300,000 s)
2025-04-25 15:02:22,373 INFO  - Received message from veh_1 (at simulation time 251.003,700,000 s)
2025-04-25 15:02:22,373 INFO  - Processing DEN message (at simulation time 251.003,700,000 s)
2025-04-25 15:02:22,373 INFO  - Route change already tried once. (at simulation time 251.003,700,000 s)
2025-04-25 15:02:22,373 INFO  - Received message from veh_11 (at simulation time 251.003,700,000 s)
2025-04-25 15:02:22,373 INFO  - Processing DEN message (at simulation time 251.003,700,000 s)
2025-04-25 15:02:22,373 INFO  - Route change already tried once. (at simulation time 251.003,700,000 s)
2025-04-25 15:02:22,380 INFO  - Received message from veh_11 (at simulation time 252.003,100,000 s)
2025-04-25 15:02:22,380 INFO  - Processing DEN message (at simulation time 252.003,100,000 s)
2025-04-25 15:02:22,380 INFO  - Route change already tried once. (at simulation time 252.003,100,000 s)
2025-04-25 15:02:22,380 INFO  - Received message from veh_56 (at simulation time 252.003,200,000 s)
2025-04-25 15:02:22,380 INFO  - Processing DEN message (at simulation time 252.003,200,000 s)
2025-04-25 15:02:22,380 INFO  - Route change already tried once. (at simulation time 252.003,200,000 s)
2025-04-25 15:02:22,380 INFO  - Received message from veh_51 (at simulation time 252.003,700,000 s)
2025-04-25 15:02:22,380 INFO  - Processing DEN message (at simulation time 252.003,700,000 s)
2025-04-25 15:02:22,380 INFO  - Route change already tried once. (at simulation time 252.003,700,000 s)
2025-04-25 15:02:22,380 INFO  - Received message from veh_46 (at simulation time 252.004,200,000 s)
2025-04-25 15:02:22,380 INFO  - Processing DEN message (at simulation time 252.004,200,000 s)
2025-04-25 15:02:22,380 INFO  - Route change already tried once. (at simulation time 252.004,200,000 s)
2025-04-25 15:02:22,380 INFO  - Received message from veh_1 (at simulation time 252.004,600,000 s)
2025-04-25 15:02:22,380 INFO  - Processing DEN message (at simulation time 252.004,600,000 s)
2025-04-25 15:02:22,380 INFO  - Route change already tried once. (at simulation time 252.004,600,000 s)
2025-04-25 15:02:22,381 INFO  - Received message from veh_6 (at simulation time 252.005,600,000 s)
2025-04-25 15:02:22,381 INFO  - Processing DEN message (at simulation time 252.005,600,000 s)
2025-04-25 15:02:22,381 INFO  - Route change already tried once. (at simulation time 252.005,600,000 s)
2025-04-25 15:02:22,381 INFO  - Received message from veh_16 (at simulation time 252.006,100,000 s)
2025-04-25 15:02:22,381 INFO  - Processing DEN message (at simulation time 252.006,100,000 s)
2025-04-25 15:02:22,381 INFO  - Route change already tried once. (at simulation time 252.006,100,000 s)
2025-04-25 15:02:22,386 INFO  - Received message from veh_51 (at simulation time 253.004,200,000 s)
2025-04-25 15:02:22,386 INFO  - Processing DEN message (at simulation time 253.004,200,000 s)
2025-04-25 15:02:22,386 INFO  - Route change already tried once. (at simulation time 253.004,200,000 s)
2025-04-25 15:02:22,386 INFO  - Received message from veh_56 (at simulation time 253.004,200,000 s)
2025-04-25 15:02:22,386 INFO  - Processing DEN message (at simulation time 253.004,200,000 s)
2025-04-25 15:02:22,386 INFO  - Route change already tried once. (at simulation time 253.004,200,000 s)
2025-04-25 15:02:22,386 INFO  - Received message from veh_46 (at simulation time 253.004,700,000 s)
2025-04-25 15:02:22,386 INFO  - Processing DEN message (at simulation time 253.004,700,000 s)
2025-04-25 15:02:22,386 INFO  - Route change already tried once. (at simulation time 253.004,700,000 s)
2025-04-25 15:02:22,386 INFO  - Received message from veh_16 (at simulation time 253.005,100,000 s)
2025-04-25 15:02:22,386 INFO  - Processing DEN message (at simulation time 253.005,100,000 s)
2025-04-25 15:02:22,386 INFO  - Route change already tried once. (at simulation time 253.005,100,000 s)
2025-04-25 15:02:22,387 INFO  - Received message from veh_1 (at simulation time 253.006,100,000 s)
2025-04-25 15:02:22,387 INFO  - Processing DEN message (at simulation time 253.006,100,000 s)
2025-04-25 15:02:22,387 INFO  - Route change already tried once. (at simulation time 253.006,100,000 s)
2025-04-25 15:02:22,387 INFO  - Received message from veh_11 (at simulation time 253.006,100,000 s)
2025-04-25 15:02:22,387 INFO  - Processing DEN message (at simulation time 253.006,100,000 s)
2025-04-25 15:02:22,387 INFO  - Route change already tried once. (at simulation time 253.006,100,000 s)
2025-04-25 15:02:22,387 INFO  - Received message from veh_6 (at simulation time 253.007,100,000 s)
2025-04-25 15:02:22,387 INFO  - Processing DEN message (at simulation time 253.007,100,000 s)
2025-04-25 15:02:22,387 INFO  - Route change already tried once. (at simulation time 253.007,100,000 s)
2025-04-25 15:02:22,392 INFO  - Received message from veh_56 (at simulation time 254.001,800,000 s)
2025-04-25 15:02:22,392 INFO  - Processing DEN message (at simulation time 254.001,800,000 s)
2025-04-25 15:02:22,392 INFO  - Route change already tried once. (at simulation time 254.001,800,000 s)
2025-04-25 15:02:22,392 INFO  - Received message from veh_51 (at simulation time 254.002,200,000 s)
2025-04-25 15:02:22,392 INFO  - Processing DEN message (at simulation time 254.002,200,000 s)
2025-04-25 15:02:22,392 INFO  - Route change already tried once. (at simulation time 254.002,200,000 s)
2025-04-25 15:02:22,393 INFO  - Received message from veh_11 (at simulation time 254.003,700,000 s)
2025-04-25 15:02:22,393 INFO  - Processing DEN message (at simulation time 254.003,700,000 s)
2025-04-25 15:02:22,393 INFO  - Route change already tried once. (at simulation time 254.003,700,000 s)
2025-04-25 15:02:22,393 INFO  - Received message from veh_16 (at simulation time 254.004,200,000 s)
2025-04-25 15:02:22,393 INFO  - Processing DEN message (at simulation time 254.004,200,000 s)
2025-04-25 15:02:22,393 INFO  - Route change already tried once. (at simulation time 254.004,200,000 s)
2025-04-25 15:02:22,393 INFO  - Received message from veh_86 (at simulation time 254.004,300,000 s)
2025-04-25 15:02:22,393 INFO  - Processing DEN message (at simulation time 254.004,300,000 s)
2025-04-25 15:02:22,393 INFO  - Route change already tried once. (at simulation time 254.004,300,000 s)
2025-04-25 15:02:22,393 INFO  - Received message from veh_46 (at simulation time 254.005,200,000 s)
2025-04-25 15:02:22,393 INFO  - Processing DEN message (at simulation time 254.005,200,000 s)
2025-04-25 15:02:22,393 INFO  - Route change already tried once. (at simulation time 254.005,200,000 s)
2025-04-25 15:02:22,394 INFO  - Received message from veh_1 (at simulation time 254.007,100,000 s)
2025-04-25 15:02:22,394 INFO  - Processing DEN message (at simulation time 254.007,100,000 s)
2025-04-25 15:02:22,394 INFO  - Route change already tried once. (at simulation time 254.007,100,000 s)
2025-04-25 15:02:22,394 INFO  - Received message from veh_6 (at simulation time 254.007,600,000 s)
2025-04-25 15:02:22,394 INFO  - Processing DEN message (at simulation time 254.007,600,000 s)
2025-04-25 15:02:22,394 INFO  - Route change already tried once. (at simulation time 254.007,600,000 s)
2025-04-25 15:02:22,409 INFO  - Received message from veh_56 (at simulation time 255.001,300,000 s)
2025-04-25 15:02:22,409 INFO  - Processing DEN message (at simulation time 255.001,300,000 s)
2025-04-25 15:02:22,409 INFO  - Route change already tried once. (at simulation time 255.001,300,000 s)
2025-04-25 15:02:22,410 INFO  - Received message from veh_86 (at simulation time 255.002,800,000 s)
2025-04-25 15:02:22,410 INFO  - Processing DEN message (at simulation time 255.002,800,000 s)
2025-04-25 15:02:22,410 INFO  - Route change already tried once. (at simulation time 255.002,800,000 s)
2025-04-25 15:02:22,410 INFO  - Received message from veh_51 (at simulation time 255.003,200,000 s)
2025-04-25 15:02:22,410 INFO  - Processing DEN message (at simulation time 255.003,200,000 s)
2025-04-25 15:02:22,410 INFO  - Route change already tried once. (at simulation time 255.003,200,000 s)
2025-04-25 15:02:22,410 INFO  - Received message from veh_1 (at simulation time 255.004,100,000 s)
2025-04-25 15:02:22,410 INFO  - Processing DEN message (at simulation time 255.004,100,000 s)
2025-04-25 15:02:22,410 INFO  - Route change already tried once. (at simulation time 255.004,100,000 s)
2025-04-25 15:02:22,410 INFO  - Received message from veh_11 (at simulation time 255.004,200,000 s)
2025-04-25 15:02:22,410 INFO  - Processing DEN message (at simulation time 255.004,200,000 s)
2025-04-25 15:02:22,410 INFO  - Route change already tried once. (at simulation time 255.004,200,000 s)
2025-04-25 15:02:22,410 INFO  - Received message from veh_16 (at simulation time 255.004,700,000 s)
2025-04-25 15:02:22,410 INFO  - Processing DEN message (at simulation time 255.004,700,000 s)
2025-04-25 15:02:22,410 INFO  - Route change already tried once. (at simulation time 255.004,700,000 s)
2025-04-25 15:02:22,410 INFO  - Received message from veh_46 (at simulation time 255.004,700,000 s)
2025-04-25 15:02:22,410 INFO  - Processing DEN message (at simulation time 255.004,700,000 s)
2025-04-25 15:02:22,410 INFO  - Route change already tried once. (at simulation time 255.004,700,000 s)
2025-04-25 15:02:22,411 INFO  - Received message from veh_6 (at simulation time 255.007,100,000 s)
2025-04-25 15:02:22,411 INFO  - Processing DEN message (at simulation time 255.007,100,000 s)
2025-04-25 15:02:22,411 INFO  - Route change already tried once. (at simulation time 255.007,100,000 s)
2025-04-25 15:02:22,416 INFO  - Received message from veh_56 (at simulation time 256.001,800,000 s)
2025-04-25 15:02:22,416 INFO  - Processing DEN message (at simulation time 256.001,800,000 s)
2025-04-25 15:02:22,416 INFO  - Route change already tried once. (at simulation time 256.001,800,000 s)
2025-04-25 15:02:22,417 INFO  - Received message from veh_51 (at simulation time 256.002,700,000 s)
2025-04-25 15:02:22,417 INFO  - Processing DEN message (at simulation time 256.002,700,000 s)
2025-04-25 15:02:22,417 INFO  - Route change already tried once. (at simulation time 256.002,700,000 s)
2025-04-25 15:02:22,417 INFO  - Received message from veh_86 (at simulation time 256.002,800,000 s)
2025-04-25 15:02:22,417 INFO  - Processing DEN message (at simulation time 256.002,800,000 s)
2025-04-25 15:02:22,417 INFO  - Route change already tried once. (at simulation time 256.002,800,000 s)
2025-04-25 15:02:22,417 INFO  - Received message from veh_46 (at simulation time 256.004,200,000 s)
2025-04-25 15:02:22,417 INFO  - Processing DEN message (at simulation time 256.004,200,000 s)
2025-04-25 15:02:22,417 INFO  - Route change already tried once. (at simulation time 256.004,200,000 s)
2025-04-25 15:02:22,417 INFO  - Received message from veh_11 (at simulation time 256.004,700,000 s)
2025-04-25 15:02:22,417 INFO  - Processing DEN message (at simulation time 256.004,700,000 s)
2025-04-25 15:02:22,417 INFO  - Route change already tried once. (at simulation time 256.004,700,000 s)
2025-04-25 15:02:22,417 INFO  - Received message from veh_1 (at simulation time 256.005,100,000 s)
2025-04-25 15:02:22,417 INFO  - Processing DEN message (at simulation time 256.005,100,000 s)
2025-04-25 15:02:22,417 INFO  - Route change already tried once. (at simulation time 256.005,100,000 s)
2025-04-25 15:02:22,417 INFO  - Received message from veh_16 (at simulation time 256.005,200,000 s)
2025-04-25 15:02:22,417 INFO  - Processing DEN message (at simulation time 256.005,200,000 s)
2025-04-25 15:02:22,417 INFO  - Route change already tried once. (at simulation time 256.005,200,000 s)
2025-04-25 15:02:22,418 INFO  - Received message from veh_6 (at simulation time 256.006,600,000 s)
2025-04-25 15:02:22,418 INFO  - Processing DEN message (at simulation time 256.006,600,000 s)
2025-04-25 15:02:22,418 INFO  - Route change already tried once. (at simulation time 256.006,600,000 s)
2025-04-25 15:02:22,425 INFO  - Received message from veh_6 (at simulation time 257.002,700,000 s)
2025-04-25 15:02:22,425 INFO  - Processing DEN message (at simulation time 257.002,700,000 s)
2025-04-25 15:02:22,425 INFO  - Route change already tried once. (at simulation time 257.002,700,000 s)
2025-04-25 15:02:22,425 INFO  - Received message from veh_11 (at simulation time 257.002,700,000 s)
2025-04-25 15:02:22,425 INFO  - Processing DEN message (at simulation time 257.002,700,000 s)
2025-04-25 15:02:22,425 INFO  - Route change already tried once. (at simulation time 257.002,700,000 s)
2025-04-25 15:02:22,425 INFO  - Received message from veh_51 (at simulation time 257.002,800,000 s)
2025-04-25 15:02:22,425 INFO  - Processing DEN message (at simulation time 257.002,800,000 s)
2025-04-25 15:02:22,425 INFO  - Route change already tried once. (at simulation time 257.002,800,000 s)
2025-04-25 15:02:22,425 INFO  - Received message from veh_56 (at simulation time 257.003,300,000 s)
2025-04-25 15:02:22,425 INFO  - Processing DEN message (at simulation time 257.003,300,000 s)
2025-04-25 15:02:22,425 INFO  - Route change already tried once. (at simulation time 257.003,300,000 s)
2025-04-25 15:02:22,425 INFO  - Received message from veh_16 (at simulation time 257.004,200,000 s)
2025-04-25 15:02:22,425 INFO  - Processing DEN message (at simulation time 257.004,200,000 s)
2025-04-25 15:02:22,425 INFO  - Route change already tried once. (at simulation time 257.004,200,000 s)
2025-04-25 15:02:22,425 INFO  - Received message from veh_46 (at simulation time 257.004,200,000 s)
2025-04-25 15:02:22,425 INFO  - Processing DEN message (at simulation time 257.004,200,000 s)
2025-04-25 15:02:22,425 INFO  - Route change already tried once. (at simulation time 257.004,200,000 s)
2025-04-25 15:02:22,426 INFO  - Received message from veh_86 (at simulation time 257.004,800,000 s)
2025-04-25 15:02:22,426 INFO  - Processing DEN message (at simulation time 257.004,800,000 s)
2025-04-25 15:02:22,426 INFO  - Route change already tried once. (at simulation time 257.004,800,000 s)
2025-04-25 15:02:22,427 INFO  - Received message from veh_1 (at simulation time 257.007,600,000 s)
2025-04-25 15:02:22,427 INFO  - Processing DEN message (at simulation time 257.007,600,000 s)
2025-04-25 15:02:22,427 INFO  - Route change already tried once. (at simulation time 257.007,600,000 s)
2025-04-25 15:02:22,433 INFO  - Received message from veh_51 (at simulation time 258.002,800,000 s)
2025-04-25 15:02:22,433 INFO  - Processing DEN message (at simulation time 258.002,800,000 s)
2025-04-25 15:02:22,433 INFO  - Route change already tried once. (at simulation time 258.002,800,000 s)
2025-04-25 15:02:22,433 INFO  - Received message from veh_56 (at simulation time 258.003,300,000 s)
2025-04-25 15:02:22,433 INFO  - Processing DEN message (at simulation time 258.003,300,000 s)
2025-04-25 15:02:22,433 INFO  - Route change already tried once. (at simulation time 258.003,300,000 s)
2025-04-25 15:02:22,433 INFO  - Received message from veh_86 (at simulation time 258.003,300,000 s)
2025-04-25 15:02:22,433 INFO  - Processing DEN message (at simulation time 258.003,300,000 s)
2025-04-25 15:02:22,433 INFO  - Route change already tried once. (at simulation time 258.003,300,000 s)
2025-04-25 15:02:22,433 INFO  - Received message from veh_11 (at simulation time 258.003,700,000 s)
2025-04-25 15:02:22,433 INFO  - Processing DEN message (at simulation time 258.003,700,000 s)
2025-04-25 15:02:22,433 INFO  - Route change already tried once. (at simulation time 258.003,700,000 s)
2025-04-25 15:02:22,433 INFO  - Received message from veh_16 (at simulation time 258.003,700,000 s)
2025-04-25 15:02:22,433 INFO  - Processing DEN message (at simulation time 258.003,700,000 s)
2025-04-25 15:02:22,433 INFO  - Route change already tried once. (at simulation time 258.003,700,000 s)
2025-04-25 15:02:22,434 INFO  - Received message from veh_6 (at simulation time 258.004,700,000 s)
2025-04-25 15:02:22,434 INFO  - Processing DEN message (at simulation time 258.004,700,000 s)
2025-04-25 15:02:22,434 INFO  - Route change already tried once. (at simulation time 258.004,700,000 s)
2025-04-25 15:02:22,434 INFO  - Received message from veh_1 (at simulation time 258.005,100,000 s)
2025-04-25 15:02:22,434 INFO  - Processing DEN message (at simulation time 258.005,100,000 s)
2025-04-25 15:02:22,434 INFO  - Route change already tried once. (at simulation time 258.005,100,000 s)
2025-04-25 15:02:22,434 INFO  - Received message from veh_46 (at simulation time 258.005,200,000 s)
2025-04-25 15:02:22,434 INFO  - Processing DEN message (at simulation time 258.005,200,000 s)
2025-04-25 15:02:22,434 INFO  - Route change already tried once. (at simulation time 258.005,200,000 s)
2025-04-25 15:02:22,484 INFO  - Received message from veh_86 (at simulation time 259.001,300,000 s)
2025-04-25 15:02:22,484 INFO  - Processing DEN message (at simulation time 259.001,300,000 s)
2025-04-25 15:02:22,484 INFO  - Route change already tried once. (at simulation time 259.001,300,000 s)
2025-04-25 15:02:22,484 INFO  - Received message from veh_1 (at simulation time 259.002,600,000 s)
2025-04-25 15:02:22,484 INFO  - Processing DEN message (at simulation time 259.002,600,000 s)
2025-04-25 15:02:22,484 INFO  - Route change already tried once. (at simulation time 259.002,600,000 s)
2025-04-25 15:02:22,484 INFO  - Received message from veh_51 (at simulation time 259.003,300,000 s)
2025-04-25 15:02:22,484 INFO  - Processing DEN message (at simulation time 259.003,300,000 s)
2025-04-25 15:02:22,484 INFO  - Route change already tried once. (at simulation time 259.003,300,000 s)
2025-04-25 15:02:22,484 INFO  - Received message from veh_6 (at simulation time 259.003,700,000 s)
2025-04-25 15:02:22,484 INFO  - Processing DEN message (at simulation time 259.003,700,000 s)
2025-04-25 15:02:22,484 INFO  - Route change already tried once. (at simulation time 259.003,700,000 s)
2025-04-25 15:02:22,485 INFO  - Received message from veh_46 (at simulation time 259.004,200,000 s)
2025-04-25 15:02:22,485 INFO  - Processing DEN message (at simulation time 259.004,200,000 s)
2025-04-25 15:02:22,485 INFO  - Route change already tried once. (at simulation time 259.004,200,000 s)
2025-04-25 15:02:22,485 INFO  - Received message from veh_56 (at simulation time 259.004,800,000 s)
2025-04-25 15:02:22,485 INFO  - Processing DEN message (at simulation time 259.004,800,000 s)
2025-04-25 15:02:22,485 INFO  - Route change already tried once. (at simulation time 259.004,800,000 s)
2025-04-25 15:02:22,485 INFO  - Received message from veh_16 (at simulation time 259.005,200,000 s)
2025-04-25 15:02:22,485 INFO  - Processing DEN message (at simulation time 259.005,200,000 s)
2025-04-25 15:02:22,485 INFO  - Route change already tried once. (at simulation time 259.005,200,000 s)
2025-04-25 15:02:22,485 INFO  - Received message from veh_11 (at simulation time 259.005,700,000 s)
2025-04-25 15:02:22,485 INFO  - Processing DEN message (at simulation time 259.005,700,000 s)
2025-04-25 15:02:22,485 INFO  - Route change already tried once. (at simulation time 259.005,700,000 s)
2025-04-25 15:02:22,499 INFO  - Received message from veh_1 (at simulation time 260.001,700,000 s)
2025-04-25 15:02:22,499 INFO  - Processing DEN message (at simulation time 260.001,700,000 s)
2025-04-25 15:02:22,499 INFO  - Route change already tried once. (at simulation time 260.001,700,000 s)
2025-04-25 15:02:22,500 INFO  - Received message from veh_56 (at simulation time 260.001,800,000 s)
2025-04-25 15:02:22,500 INFO  - Processing DEN message (at simulation time 260.001,800,000 s)
2025-04-25 15:02:22,500 INFO  - Route change already tried once. (at simulation time 260.001,800,000 s)
2025-04-25 15:02:22,500 INFO  - Received message from veh_51 (at simulation time 260.002,300,000 s)
2025-04-25 15:02:22,500 INFO  - Processing DEN message (at simulation time 260.002,300,000 s)
2025-04-25 15:02:22,500 INFO  - Route change already tried once. (at simulation time 260.002,300,000 s)
2025-04-25 15:02:22,500 INFO  - Received message from veh_11 (at simulation time 260.002,700,000 s)
2025-04-25 15:02:22,500 INFO  - Processing DEN message (at simulation time 260.002,700,000 s)
2025-04-25 15:02:22,500 INFO  - Route change already tried once. (at simulation time 260.002,700,000 s)
2025-04-25 15:02:22,500 INFO  - Received message from veh_46 (at simulation time 260.003,300,000 s)
2025-04-25 15:02:22,500 INFO  - Processing DEN message (at simulation time 260.003,300,000 s)
2025-04-25 15:02:22,500 INFO  - Route change already tried once. (at simulation time 260.003,300,000 s)
2025-04-25 15:02:22,500 INFO  - Received message from veh_86 (at simulation time 260.003,800,000 s)
2025-04-25 15:02:22,500 INFO  - Processing DEN message (at simulation time 260.003,800,000 s)
2025-04-25 15:02:22,500 INFO  - Route change already tried once. (at simulation time 260.003,800,000 s)
2025-04-25 15:02:22,500 INFO  - Received message from veh_6 (at simulation time 260.004,200,000 s)
2025-04-25 15:02:22,500 INFO  - Processing DEN message (at simulation time 260.004,200,000 s)
2025-04-25 15:02:22,500 INFO  - Route change already tried once. (at simulation time 260.004,200,000 s)
2025-04-25 15:02:22,501 INFO  - Received message from veh_16 (at simulation time 260.004,700,000 s)
2025-04-25 15:02:22,501 INFO  - Processing DEN message (at simulation time 260.004,700,000 s)
2025-04-25 15:02:22,501 INFO  - Route change already tried once. (at simulation time 260.004,700,000 s)
2025-04-25 15:02:22,507 INFO  - Received message from veh_56 (at simulation time 261.002,300,000 s)
2025-04-25 15:02:22,507 INFO  - Processing DEN message (at simulation time 261.002,300,000 s)
2025-04-25 15:02:22,507 INFO  - Route change already tried once. (at simulation time 261.002,300,000 s)
2025-04-25 15:02:22,507 INFO  - Received message from veh_16 (at simulation time 261.002,700,000 s)
2025-04-25 15:02:22,507 INFO  - Processing DEN message (at simulation time 261.002,700,000 s)
2025-04-25 15:02:22,507 INFO  - Route change already tried once. (at simulation time 261.002,700,000 s)
2025-04-25 15:02:22,507 INFO  - Received message from veh_51 (at simulation time 261.002,800,000 s)
2025-04-25 15:02:22,507 INFO  - Processing DEN message (at simulation time 261.002,800,000 s)
2025-04-25 15:02:22,507 INFO  - Route change already tried once. (at simulation time 261.002,800,000 s)
2025-04-25 15:02:22,508 INFO  - Received message from veh_46 (at simulation time 261.004,300,000 s)
2025-04-25 15:02:22,508 INFO  - Processing DEN message (at simulation time 261.004,300,000 s)
2025-04-25 15:02:22,508 INFO  - Route change already tried once. (at simulation time 261.004,300,000 s)
2025-04-25 15:02:22,508 INFO  - Received message from veh_86 (at simulation time 261.004,300,000 s)
2025-04-25 15:02:22,508 INFO  - Processing DEN message (at simulation time 261.004,300,000 s)
2025-04-25 15:02:22,508 INFO  - Route change already tried once. (at simulation time 261.004,300,000 s)
2025-04-25 15:02:22,508 INFO  - Received message from veh_11 (at simulation time 261.004,700,000 s)
2025-04-25 15:02:22,508 INFO  - Processing DEN message (at simulation time 261.004,700,000 s)
2025-04-25 15:02:22,508 INFO  - Route change already tried once. (at simulation time 261.004,700,000 s)
2025-04-25 15:02:22,508 INFO  - Received message from veh_1 (at simulation time 261.005,200,000 s)
2025-04-25 15:02:22,508 INFO  - Processing DEN message (at simulation time 261.005,200,000 s)
2025-04-25 15:02:22,508 INFO  - Route change already tried once. (at simulation time 261.005,200,000 s)
2025-04-25 15:02:22,508 INFO  - Received message from veh_6 (at simulation time 261.005,200,000 s)
2025-04-25 15:02:22,508 INFO  - Processing DEN message (at simulation time 261.005,200,000 s)
2025-04-25 15:02:22,508 INFO  - Route change already tried once. (at simulation time 261.005,200,000 s)
2025-04-25 15:02:22,513 INFO  - Received message from veh_86 (at simulation time 262.001,800,000 s)
2025-04-25 15:02:22,513 INFO  - Processing DEN message (at simulation time 262.001,800,000 s)
2025-04-25 15:02:22,513 INFO  - Route change already tried once. (at simulation time 262.001,800,000 s)
2025-04-25 15:02:22,514 INFO  - Received message from veh_51 (at simulation time 262.002,300,000 s)
2025-04-25 15:02:22,514 INFO  - Processing DEN message (at simulation time 262.002,300,000 s)
2025-04-25 15:02:22,514 INFO  - Route change already tried once. (at simulation time 262.002,300,000 s)
2025-04-25 15:02:22,514 INFO  - Received message from veh_46 (at simulation time 262.002,800,000 s)
2025-04-25 15:02:22,514 INFO  - Processing DEN message (at simulation time 262.002,800,000 s)
2025-04-25 15:02:22,514 INFO  - Route change already tried once. (at simulation time 262.002,800,000 s)
2025-04-25 15:02:22,514 INFO  - Received message from veh_56 (at simulation time 262.002,800,000 s)
2025-04-25 15:02:22,514 INFO  - Processing DEN message (at simulation time 262.002,800,000 s)
2025-04-25 15:02:22,514 INFO  - Route change already tried once. (at simulation time 262.002,800,000 s)
2025-04-25 15:02:22,514 INFO  - Received message from veh_6 (at simulation time 262.003,200,000 s)
2025-04-25 15:02:22,514 INFO  - Processing DEN message (at simulation time 262.003,200,000 s)
2025-04-25 15:02:22,514 INFO  - Route change already tried once. (at simulation time 262.003,200,000 s)
2025-04-25 15:02:22,514 INFO  - Received message from veh_1 (at simulation time 262.003,700,000 s)
2025-04-25 15:02:22,514 INFO  - Processing DEN message (at simulation time 262.003,700,000 s)
2025-04-25 15:02:22,514 INFO  - Route change already tried once. (at simulation time 262.003,700,000 s)
2025-04-25 15:02:22,514 INFO  - Received message from veh_16 (at simulation time 262.004,200,000 s)
2025-04-25 15:02:22,514 INFO  - Processing DEN message (at simulation time 262.004,200,000 s)
2025-04-25 15:02:22,514 INFO  - Route change already tried once. (at simulation time 262.004,200,000 s)
2025-04-25 15:02:22,515 INFO  - Received message from veh_11 (at simulation time 262.004,700,000 s)
2025-04-25 15:02:22,515 INFO  - Processing DEN message (at simulation time 262.004,700,000 s)
2025-04-25 15:02:22,515 INFO  - Route change already tried once. (at simulation time 262.004,700,000 s)
2025-04-25 15:02:22,519 INFO  - Received message from veh_46 (at simulation time 263.001,300,000 s)
2025-04-25 15:02:22,519 INFO  - Processing DEN message (at simulation time 263.001,300,000 s)
2025-04-25 15:02:22,519 INFO  - Route change already tried once. (at simulation time 263.001,300,000 s)
2025-04-25 15:02:22,520 INFO  - Received message from veh_86 (at simulation time 263.002,300,000 s)
2025-04-25 15:02:22,520 INFO  - Processing DEN message (at simulation time 263.002,300,000 s)
2025-04-25 15:02:22,520 INFO  - Route change already tried once. (at simulation time 263.002,300,000 s)
2025-04-25 15:02:22,520 INFO  - Received message from veh_11 (at simulation time 263.002,700,000 s)
2025-04-25 15:02:22,520 INFO  - Processing DEN message (at simulation time 263.002,700,000 s)
2025-04-25 15:02:22,520 INFO  - Route change already tried once. (at simulation time 263.002,700,000 s)
2025-04-25 15:02:22,520 INFO  - Received message from veh_51 (at simulation time 263.002,800,000 s)
2025-04-25 15:02:22,520 INFO  - Processing DEN message (at simulation time 263.002,800,000 s)
2025-04-25 15:02:22,520 INFO  - Route change already tried once. (at simulation time 263.002,800,000 s)
2025-04-25 15:02:22,520 INFO  - Received message from veh_6 (at simulation time 263.003,200,000 s)
2025-04-25 15:02:22,520 INFO  - Processing DEN message (at simulation time 263.003,200,000 s)
2025-04-25 15:02:22,520 INFO  - Route change already tried once. (at simulation time 263.003,200,000 s)
2025-04-25 15:02:22,520 INFO  - Received message from veh_56 (at simulation time 263.003,300,000 s)
2025-04-25 15:02:22,520 INFO  - Processing DEN message (at simulation time 263.003,300,000 s)
2025-04-25 15:02:22,520 INFO  - Route change already tried once. (at simulation time 263.003,300,000 s)
2025-04-25 15:02:22,520 INFO  - Received message from veh_1 (at simulation time 263.004,200,000 s)
2025-04-25 15:02:22,520 INFO  - Processing DEN message (at simulation time 263.004,200,000 s)
2025-04-25 15:02:22,520 INFO  - Route change already tried once. (at simulation time 263.004,200,000 s)
2025-04-25 15:02:22,520 INFO  - Received message from veh_16 (at simulation time 263.004,200,000 s)
2025-04-25 15:02:22,520 INFO  - Processing DEN message (at simulation time 263.004,200,000 s)
2025-04-25 15:02:22,520 INFO  - Route change already tried once. (at simulation time 263.004,200,000 s)
2025-04-25 15:02:22,526 INFO  - Received message from veh_86 (at simulation time 264.002,800,000 s)
2025-04-25 15:02:22,526 INFO  - Processing DEN message (at simulation time 264.002,800,000 s)
2025-04-25 15:02:22,526 INFO  - Route change already tried once. (at simulation time 264.002,800,000 s)
2025-04-25 15:02:22,526 INFO  - Received message from veh_91 (at simulation time 264.002,800,000 s)
2025-04-25 15:02:22,526 INFO  - Processing DEN message (at simulation time 264.002,800,000 s)
2025-04-25 15:02:22,526 INFO  - Route change already tried once. (at simulation time 264.002,800,000 s)
2025-04-25 15:02:22,526 INFO  - Received message from veh_6 (at simulation time 264.003,100,000 s)
2025-04-25 15:02:22,526 INFO  - Processing DEN message (at simulation time 264.003,100,000 s)
2025-04-25 15:02:22,526 INFO  - Route change already tried once. (at simulation time 264.003,100,000 s)
2025-04-25 15:02:22,526 INFO  - Received message from veh_46 (at simulation time 264.003,200,000 s)
2025-04-25 15:02:22,526 INFO  - Processing DEN message (at simulation time 264.003,200,000 s)
2025-04-25 15:02:22,526 INFO  - Route change already tried once. (at simulation time 264.003,200,000 s)
2025-04-25 15:02:22,526 INFO  - Received message from veh_51 (at simulation time 264.003,700,000 s)
2025-04-25 15:02:22,526 INFO  - Processing DEN message (at simulation time 264.003,700,000 s)
2025-04-25 15:02:22,526 INFO  - Route change already tried once. (at simulation time 264.003,700,000 s)
2025-04-25 15:02:22,527 INFO  - Received message from veh_1 (at simulation time 264.006,100,000 s)
2025-04-25 15:02:22,527 INFO  - Processing DEN message (at simulation time 264.006,100,000 s)
2025-04-25 15:02:22,527 INFO  - Route change already tried once. (at simulation time 264.006,100,000 s)
2025-04-25 15:02:22,527 INFO  - Received message from veh_56 (at simulation time 264.006,200,000 s)
2025-04-25 15:02:22,527 INFO  - Processing DEN message (at simulation time 264.006,200,000 s)
2025-04-25 15:02:22,527 INFO  - Route change already tried once. (at simulation time 264.006,200,000 s)
2025-04-25 15:02:22,527 INFO  - Received message from veh_11 (at simulation time 264.006,600,000 s)
2025-04-25 15:02:22,527 INFO  - Processing DEN message (at simulation time 264.006,600,000 s)
2025-04-25 15:02:22,527 INFO  - Route change already tried once. (at simulation time 264.006,600,000 s)
2025-04-25 15:02:22,527 INFO  - Received message from veh_16 (at simulation time 264.008,100,000 s)
2025-04-25 15:02:22,527 INFO  - Processing DEN message (at simulation time 264.008,100,000 s)
2025-04-25 15:02:22,527 INFO  - Route change already tried once. (at simulation time 264.008,100,000 s)
2025-04-25 15:02:22,540 INFO  - Received message from veh_86 (at simulation time 265.002,800,000 s)
2025-04-25 15:02:22,540 INFO  - Processing DEN message (at simulation time 265.002,800,000 s)
2025-04-25 15:02:22,540 INFO  - Route change already tried once. (at simulation time 265.002,800,000 s)
2025-04-25 15:02:22,540 INFO  - Received message from veh_91 (at simulation time 265.002,800,000 s)
2025-04-25 15:02:22,540 INFO  - Processing DEN message (at simulation time 265.002,800,000 s)
2025-04-25 15:02:22,540 INFO  - Route change already tried once. (at simulation time 265.002,800,000 s)
2025-04-25 15:02:22,540 INFO  - Received message from veh_56 (at simulation time 265.003,700,000 s)
2025-04-25 15:02:22,540 INFO  - Processing DEN message (at simulation time 265.003,700,000 s)
2025-04-25 15:02:22,540 INFO  - Route change already tried once. (at simulation time 265.003,700,000 s)
2025-04-25 15:02:22,540 INFO  - Received message from veh_11 (at simulation time 265.004,600,000 s)
2025-04-25 15:02:22,540 INFO  - Processing DEN message (at simulation time 265.004,600,000 s)
2025-04-25 15:02:22,540 INFO  - Route change already tried once. (at simulation time 265.004,600,000 s)
2025-04-25 15:02:22,540 INFO  - Received message from veh_51 (at simulation time 265.004,700,000 s)
2025-04-25 15:02:22,540 INFO  - Processing DEN message (at simulation time 265.004,700,000 s)
2025-04-25 15:02:22,540 INFO  - Route change already tried once. (at simulation time 265.004,700,000 s)
2025-04-25 15:02:22,540 INFO  - Received message from veh_16 (at simulation time 265.005,100,000 s)
2025-04-25 15:02:22,540 INFO  - Processing DEN message (at simulation time 265.005,100,000 s)
2025-04-25 15:02:22,540 INFO  - Route change already tried once. (at simulation time 265.005,100,000 s)
2025-04-25 15:02:22,540 INFO  - Received message from veh_46 (at simulation time 265.005,700,000 s)
2025-04-25 15:02:22,540 INFO  - Processing DEN message (at simulation time 265.005,700,000 s)
2025-04-25 15:02:22,540 INFO  - Route change already tried once. (at simulation time 265.005,700,000 s)
2025-04-25 15:02:22,541 INFO  - Received message from veh_1 (at simulation time 265.007,100,000 s)
2025-04-25 15:02:22,541 INFO  - Processing DEN message (at simulation time 265.007,100,000 s)
2025-04-25 15:02:22,541 INFO  - Route change already tried once. (at simulation time 265.007,100,000 s)
2025-04-25 15:02:22,541 INFO  - Received message from veh_6 (at simulation time 265.007,600,000 s)
2025-04-25 15:02:22,541 INFO  - Processing DEN message (at simulation time 265.007,600,000 s)
2025-04-25 15:02:22,541 INFO  - Route change already tried once. (at simulation time 265.007,600,000 s)
2025-04-25 15:02:22,547 INFO  - Received message from veh_91 (at simulation time 266.001,800,000 s)
2025-04-25 15:02:22,547 INFO  - Processing DEN message (at simulation time 266.001,800,000 s)
2025-04-25 15:02:22,547 INFO  - Route change already tried once. (at simulation time 266.001,800,000 s)
2025-04-25 15:02:22,547 INFO  - Received message from veh_86 (at simulation time 266.003,800,000 s)
2025-04-25 15:02:22,547 INFO  - Processing DEN message (at simulation time 266.003,800,000 s)
2025-04-25 15:02:22,547 INFO  - Route change already tried once. (at simulation time 266.003,800,000 s)
2025-04-25 15:02:22,547 INFO  - Received message from veh_46 (at simulation time 266.004,700,000 s)
2025-04-25 15:02:22,547 INFO  - Processing DEN message (at simulation time 266.004,700,000 s)
2025-04-25 15:02:22,547 INFO  - Route change already tried once. (at simulation time 266.004,700,000 s)
2025-04-25 15:02:22,547 INFO  - Received message from veh_56 (at simulation time 266.004,700,000 s)
2025-04-25 15:02:22,547 INFO  - Processing DEN message (at simulation time 266.004,700,000 s)
2025-04-25 15:02:22,547 INFO  - Route change already tried once. (at simulation time 266.004,700,000 s)
2025-04-25 15:02:22,547 INFO  - Received message from veh_51 (at simulation time 266.005,200,000 s)
2025-04-25 15:02:22,547 INFO  - Processing DEN message (at simulation time 266.005,200,000 s)
2025-04-25 15:02:22,547 INFO  - Route change already tried once. (at simulation time 266.005,200,000 s)
2025-04-25 15:02:22,548 INFO  - Received message from veh_1 (at simulation time 266.006,100,000 s)
2025-04-25 15:02:22,548 INFO  - Processing DEN message (at simulation time 266.006,100,000 s)
2025-04-25 15:02:22,548 INFO  - Route change already tried once. (at simulation time 266.006,100,000 s)
2025-04-25 15:02:22,548 INFO  - Received message from veh_6 (at simulation time 266.006,100,000 s)
2025-04-25 15:02:22,548 INFO  - Processing DEN message (at simulation time 266.006,100,000 s)
2025-04-25 15:02:22,548 INFO  - Route change already tried once. (at simulation time 266.006,100,000 s)
2025-04-25 15:02:22,548 INFO  - Received message from veh_11 (at simulation time 266.006,100,000 s)
2025-04-25 15:02:22,548 INFO  - Processing DEN message (at simulation time 266.006,100,000 s)
2025-04-25 15:02:22,548 INFO  - Route change already tried once. (at simulation time 266.006,100,000 s)
2025-04-25 15:02:22,548 INFO  - Received message from veh_16 (at simulation time 266.006,600,000 s)
2025-04-25 15:02:22,548 INFO  - Processing DEN message (at simulation time 266.006,600,000 s)
2025-04-25 15:02:22,548 INFO  - Route change already tried once. (at simulation time 266.006,600,000 s)
2025-04-25 15:02:22,553 INFO  - Received message from veh_56 (at simulation time 267.001,300,000 s)
2025-04-25 15:02:22,553 INFO  - Processing DEN message (at simulation time 267.001,300,000 s)
2025-04-25 15:02:22,553 INFO  - Route change already tried once. (at simulation time 267.001,300,000 s)
2025-04-25 15:02:22,553 INFO  - Received message from veh_91 (at simulation time 267.001,300,000 s)
2025-04-25 15:02:22,553 INFO  - Processing DEN message (at simulation time 267.001,300,000 s)
2025-04-25 15:02:22,553 INFO  - Route change already tried once. (at simulation time 267.001,300,000 s)
2025-04-25 15:02:22,553 INFO  - Received message from veh_46 (at simulation time 267.002,200,000 s)
2025-04-25 15:02:22,553 INFO  - Processing DEN message (at simulation time 267.002,200,000 s)
2025-04-25 15:02:22,553 INFO  - Route change already tried once. (at simulation time 267.002,200,000 s)
2025-04-25 15:02:22,554 INFO  - Received message from veh_16 (at simulation time 267.003,700,000 s)
2025-04-25 15:02:22,554 INFO  - Processing DEN message (at simulation time 267.003,700,000 s)
2025-04-25 15:02:22,554 INFO  - Route change already tried once. (at simulation time 267.003,700,000 s)
2025-04-25 15:02:22,554 INFO  - Received message from veh_86 (at simulation time 267.003,800,000 s)
2025-04-25 15:02:22,554 INFO  - Processing DEN message (at simulation time 267.003,800,000 s)
2025-04-25 15:02:22,554 INFO  - Route change already tried once. (at simulation time 267.003,800,000 s)
2025-04-25 15:02:22,554 INFO  - Received message from veh_1 (at simulation time 267.005,600,000 s)
2025-04-25 15:02:22,554 INFO  - Processing DEN message (at simulation time 267.005,600,000 s)
2025-04-25 15:02:22,554 INFO  - Route change already tried once. (at simulation time 267.005,600,000 s)
2025-04-25 15:02:22,554 INFO  - Received message from veh_11 (at simulation time 267.005,700,000 s)
2025-04-25 15:02:22,554 INFO  - Processing DEN message (at simulation time 267.005,700,000 s)
2025-04-25 15:02:22,554 INFO  - Route change already tried once. (at simulation time 267.005,700,000 s)
2025-04-25 15:02:22,554 INFO  - Received message from veh_51 (at simulation time 267.006,200,000 s)
2025-04-25 15:02:22,554 INFO  - Processing DEN message (at simulation time 267.006,200,000 s)
2025-04-25 15:02:22,554 INFO  - Route change already tried once. (at simulation time 267.006,200,000 s)
2025-04-25 15:02:22,554 INFO  - Received message from veh_6 (at simulation time 267.007,100,000 s)
2025-04-25 15:02:22,554 INFO  - Processing DEN message (at simulation time 267.007,100,000 s)
2025-04-25 15:02:22,554 INFO  - Route change already tried once. (at simulation time 267.007,100,000 s)
2025-04-25 15:02:22,560 INFO  - Received message from veh_56 (at simulation time 268.001,800,000 s)
2025-04-25 15:02:22,560 INFO  - Processing DEN message (at simulation time 268.001,800,000 s)
2025-04-25 15:02:22,560 INFO  - Route change already tried once. (at simulation time 268.001,800,000 s)
2025-04-25 15:02:22,561 INFO  - Received message from veh_91 (at simulation time 268.002,800,000 s)
2025-04-25 15:02:22,561 INFO  - Processing DEN message (at simulation time 268.002,800,000 s)
2025-04-25 15:02:22,561 INFO  - Route change already tried once. (at simulation time 268.002,800,000 s)
2025-04-25 15:02:22,561 INFO  - Received message from veh_16 (at simulation time 268.003,200,000 s)
2025-04-25 15:02:22,561 INFO  - Processing DEN message (at simulation time 268.003,200,000 s)
2025-04-25 15:02:22,561 INFO  - Route change already tried once. (at simulation time 268.003,200,000 s)
2025-04-25 15:02:22,561 INFO  - Received message from veh_86 (at simulation time 268.003,800,000 s)
2025-04-25 15:02:22,561 INFO  - Processing DEN message (at simulation time 268.003,800,000 s)
2025-04-25 15:02:22,561 INFO  - Route change already tried once. (at simulation time 268.003,800,000 s)
2025-04-25 15:02:22,561 INFO  - Received message from veh_46 (at simulation time 268.004,200,000 s)
2025-04-25 15:02:22,561 INFO  - Processing DEN message (at simulation time 268.004,200,000 s)
2025-04-25 15:02:22,561 INFO  - Route change already tried once. (at simulation time 268.004,200,000 s)
2025-04-25 15:02:22,561 INFO  - Received message from veh_51 (at simulation time 268.004,200,000 s)
2025-04-25 15:02:22,561 INFO  - Processing DEN message (at simulation time 268.004,200,000 s)
2025-04-25 15:02:22,561 INFO  - Route change already tried once. (at simulation time 268.004,200,000 s)
2025-04-25 15:02:22,561 INFO  - Received message from veh_1 (at simulation time 268.005,100,000 s)
2025-04-25 15:02:22,561 INFO  - Processing DEN message (at simulation time 268.005,100,000 s)
2025-04-25 15:02:22,561 INFO  - Route change already tried once. (at simulation time 268.005,100,000 s)
2025-04-25 15:02:22,561 INFO  - Received message from veh_11 (at simulation time 268.005,700,000 s)
2025-04-25 15:02:22,561 INFO  - Processing DEN message (at simulation time 268.005,700,000 s)
2025-04-25 15:02:22,561 INFO  - Route change already tried once. (at simulation time 268.005,700,000 s)
2025-04-25 15:02:22,561 INFO  - Received message from veh_6 (at simulation time 268.006,100,000 s)
2025-04-25 15:02:22,561 INFO  - Processing DEN message (at simulation time 268.006,100,000 s)
2025-04-25 15:02:22,561 INFO  - Route change already tried once. (at simulation time 268.006,100,000 s)
2025-04-25 15:02:22,566 INFO  - Received message from veh_56 (at simulation time 269.001,300,000 s)
2025-04-25 15:02:22,566 INFO  - Processing DEN message (at simulation time 269.001,300,000 s)
2025-04-25 15:02:22,566 INFO  - Route change already tried once. (at simulation time 269.001,300,000 s)
2025-04-25 15:02:22,566 INFO  - Received message from veh_46 (at simulation time 269.001,700,000 s)
2025-04-25 15:02:22,566 INFO  - Processing DEN message (at simulation time 269.001,700,000 s)
2025-04-25 15:02:22,566 INFO  - Route change already tried once. (at simulation time 269.001,700,000 s)
2025-04-25 15:02:22,567 INFO  - Received message from veh_91 (at simulation time 269.002,800,000 s)
2025-04-25 15:02:22,567 INFO  - Processing DEN message (at simulation time 269.002,800,000 s)
2025-04-25 15:02:22,567 INFO  - Route change already tried once. (at simulation time 269.002,800,000 s)
2025-04-25 15:02:22,567 INFO  - Received message from veh_86 (at simulation time 269.003,300,000 s)
2025-04-25 15:02:22,567 INFO  - Processing DEN message (at simulation time 269.003,300,000 s)
2025-04-25 15:02:22,567 INFO  - Route change already tried once. (at simulation time 269.003,300,000 s)
2025-04-25 15:02:22,567 INFO  - Received message from veh_11 (at simulation time 269.003,700,000 s)
2025-04-25 15:02:22,567 INFO  - Processing DEN message (at simulation time 269.003,700,000 s)
2025-04-25 15:02:22,567 INFO  - Route change already tried once. (at simulation time 269.003,700,000 s)
2025-04-25 15:02:22,567 INFO  - Received message from veh_51 (at simulation time 269.003,700,000 s)
2025-04-25 15:02:22,567 INFO  - Processing DEN message (at simulation time 269.003,700,000 s)
2025-04-25 15:02:22,567 INFO  - Route change already tried once. (at simulation time 269.003,700,000 s)
2025-04-25 15:02:22,567 INFO  - Received message from veh_16 (at simulation time 269.004,200,000 s)
2025-04-25 15:02:22,567 INFO  - Processing DEN message (at simulation time 269.004,200,000 s)
2025-04-25 15:02:22,567 INFO  - Route change already tried once. (at simulation time 269.004,200,000 s)
2025-04-25 15:02:22,568 INFO  - Received message from veh_1 (at simulation time 269.007,600,000 s)
2025-04-25 15:02:22,568 INFO  - Processing DEN message (at simulation time 269.007,600,000 s)
2025-04-25 15:02:22,568 INFO  - Route change already tried once. (at simulation time 269.007,600,000 s)
2025-04-25 15:02:22,568 INFO  - Received message from veh_6 (at simulation time 269.007,600,000 s)
2025-04-25 15:02:22,568 INFO  - Processing DEN message (at simulation time 269.007,600,000 s)
2025-04-25 15:02:22,568 INFO  - Route change already tried once. (at simulation time 269.007,600,000 s)
2025-04-25 15:02:22,585 INFO  - Received message from veh_56 (at simulation time 270.002,800,000 s)
2025-04-25 15:02:22,585 INFO  - Processing DEN message (at simulation time 270.002,800,000 s)
2025-04-25 15:02:22,585 INFO  - Route change already tried once. (at simulation time 270.002,800,000 s)
2025-04-25 15:02:22,585 INFO  - Received message from veh_91 (at simulation time 270.002,800,000 s)
2025-04-25 15:02:22,585 INFO  - Processing DEN message (at simulation time 270.002,800,000 s)
2025-04-25 15:02:22,585 INFO  - Route change already tried once. (at simulation time 270.002,800,000 s)
2025-04-25 15:02:22,585 INFO  - Received message from veh_46 (at simulation time 270.003,200,000 s)
2025-04-25 15:02:22,585 INFO  - Processing DEN message (at simulation time 270.003,200,000 s)
2025-04-25 15:02:22,585 INFO  - Route change already tried once. (at simulation time 270.003,200,000 s)
2025-04-25 15:02:22,585 INFO  - Received message from veh_86 (at simulation time 270.003,800,000 s)
2025-04-25 15:02:22,585 INFO  - Processing DEN message (at simulation time 270.003,800,000 s)
2025-04-25 15:02:22,585 INFO  - Route change already tried once. (at simulation time 270.003,800,000 s)
2025-04-25 15:02:22,585 INFO  - Received message from veh_16 (at simulation time 270.004,200,000 s)
2025-04-25 15:02:22,585 INFO  - Processing DEN message (at simulation time 270.004,200,000 s)
2025-04-25 15:02:22,585 INFO  - Route change already tried once. (at simulation time 270.004,200,000 s)
2025-04-25 15:02:22,585 INFO  - Received message from veh_51 (at simulation time 270.004,800,000 s)
2025-04-25 15:02:22,585 INFO  - Processing DEN message (at simulation time 270.004,800,000 s)
2025-04-25 15:02:22,585 INFO  - Route change already tried once. (at simulation time 270.004,800,000 s)
2025-04-25 15:02:22,586 INFO  - Received message from veh_11 (at simulation time 270.005,200,000 s)
2025-04-25 15:02:22,586 INFO  - Processing DEN message (at simulation time 270.005,200,000 s)
2025-04-25 15:02:22,586 INFO  - Route change already tried once. (at simulation time 270.005,200,000 s)
2025-04-25 15:02:22,586 INFO  - Received message from veh_1 (at simulation time 270.005,600,000 s)
2025-04-25 15:02:22,586 INFO  - Processing DEN message (at simulation time 270.005,600,000 s)
2025-04-25 15:02:22,586 INFO  - Route change already tried once. (at simulation time 270.005,600,000 s)
2025-04-25 15:02:22,586 INFO  - Received message from veh_6 (at simulation time 270.007,200,000 s)
2025-04-25 15:02:22,586 INFO  - Processing DEN message (at simulation time 270.007,200,000 s)
2025-04-25 15:02:22,586 INFO  - Route change already tried once. (at simulation time 270.007,200,000 s)
2025-04-25 15:02:22,591 INFO  - Received message from veh_91 (at simulation time 271.003,200,000 s)
2025-04-25 15:02:22,591 INFO  - Processing DEN message (at simulation time 271.003,200,000 s)
2025-04-25 15:02:22,591 INFO  - Route change already tried once. (at simulation time 271.003,200,000 s)
2025-04-25 15:02:22,591 INFO  - Received message from veh_56 (at simulation time 271.004,700,000 s)
2025-04-25 15:02:22,591 INFO  - Processing DEN message (at simulation time 271.004,700,000 s)
2025-04-25 15:02:22,591 INFO  - Route change already tried once. (at simulation time 271.004,700,000 s)
2025-04-25 15:02:22,592 INFO  - Received message from veh_6 (at simulation time 271.005,100,000 s)
2025-04-25 15:02:22,592 INFO  - Processing DEN message (at simulation time 271.005,100,000 s)
2025-04-25 15:02:22,592 INFO  - Route change already tried once. (at simulation time 271.005,100,000 s)
2025-04-25 15:02:22,592 INFO  - Received message from veh_16 (at simulation time 271.005,100,000 s)
2025-04-25 15:02:22,592 INFO  - Processing DEN message (at simulation time 271.005,100,000 s)
2025-04-25 15:02:22,592 INFO  - Route change already tried once. (at simulation time 271.005,100,000 s)
2025-04-25 15:02:22,592 INFO  - Received message from veh_46 (at simulation time 271.006,100,000 s)
2025-04-25 15:02:22,592 INFO  - Processing DEN message (at simulation time 271.006,100,000 s)
2025-04-25 15:02:22,592 INFO  - Route change already tried once. (at simulation time 271.006,100,000 s)
2025-04-25 15:02:22,592 INFO  - Received message from veh_86 (at simulation time 271.006,200,000 s)
2025-04-25 15:02:22,592 INFO  - Processing DEN message (at simulation time 271.006,200,000 s)
2025-04-25 15:02:22,592 INFO  - Route change already tried once. (at simulation time 271.006,200,000 s)
2025-04-25 15:02:22,592 INFO  - Received message from veh_1 (at simulation time 271.006,500,000 s)
2025-04-25 15:02:22,592 INFO  - Processing DEN message (at simulation time 271.006,500,000 s)
2025-04-25 15:02:22,592 INFO  - Route change already tried once. (at simulation time 271.006,500,000 s)
2025-04-25 15:02:22,592 INFO  - Received message from veh_11 (at simulation time 271.006,600,000 s)
2025-04-25 15:02:22,592 INFO  - Processing DEN message (at simulation time 271.006,600,000 s)
2025-04-25 15:02:22,592 INFO  - Route change already tried once. (at simulation time 271.006,600,000 s)
2025-04-25 15:02:22,592 INFO  - Received message from veh_51 (at simulation time 271.006,700,000 s)
2025-04-25 15:02:22,592 INFO  - Processing DEN message (at simulation time 271.006,700,000 s)
2025-04-25 15:02:22,592 INFO  - Route change already tried once. (at simulation time 271.006,700,000 s)
2025-04-25 15:02:22,598 INFO  - Received message from veh_91 (at simulation time 272.003,200,000 s)
2025-04-25 15:02:22,598 INFO  - Processing DEN message (at simulation time 272.003,200,000 s)
2025-04-25 15:02:22,598 INFO  - Route change already tried once. (at simulation time 272.003,200,000 s)
2025-04-25 15:02:22,598 INFO  - Received message from veh_6 (at simulation time 272.004,600,000 s)
2025-04-25 15:02:22,598 INFO  - Processing DEN message (at simulation time 272.004,600,000 s)
2025-04-25 15:02:22,598 INFO  - Route change already tried once. (at simulation time 272.004,600,000 s)
2025-04-25 15:02:22,598 INFO  - Received message from veh_51 (at simulation time 272.005,200,000 s)
2025-04-25 15:02:22,598 INFO  - Processing DEN message (at simulation time 272.005,200,000 s)
2025-04-25 15:02:22,598 INFO  - Route change already tried once. (at simulation time 272.005,200,000 s)
2025-04-25 15:02:22,598 INFO  - Received message from veh_86 (at simulation time 272.005,200,000 s)
2025-04-25 15:02:22,598 INFO  - Processing DEN message (at simulation time 272.005,200,000 s)
2025-04-25 15:02:22,598 INFO  - Route change already tried once. (at simulation time 272.005,200,000 s)
2025-04-25 15:02:22,598 INFO  - Received message from veh_46 (at simulation time 272.005,600,000 s)
2025-04-25 15:02:22,598 INFO  - Processing DEN message (at simulation time 272.005,600,000 s)
2025-04-25 15:02:22,598 INFO  - Route change already tried once. (at simulation time 272.005,600,000 s)
2025-04-25 15:02:22,598 INFO  - Received message from veh_56 (at simulation time 272.005,700,000 s)
2025-04-25 15:02:22,598 INFO  - Processing DEN message (at simulation time 272.005,700,000 s)
2025-04-25 15:02:22,598 INFO  - Route change already tried once. (at simulation time 272.005,700,000 s)
2025-04-25 15:02:22,598 INFO  - Received message from veh_1 (at simulation time 272.006,500,000 s)
2025-04-25 15:02:22,598 INFO  - Processing DEN message (at simulation time 272.006,500,000 s)
2025-04-25 15:02:22,598 INFO  - Route change already tried once. (at simulation time 272.006,500,000 s)
2025-04-25 15:02:22,598 INFO  - Received message from veh_11 (at simulation time 272.007,100,000 s)
2025-04-25 15:02:22,598 INFO  - Processing DEN message (at simulation time 272.007,100,000 s)
2025-04-25 15:02:22,598 INFO  - Route change already tried once. (at simulation time 272.007,100,000 s)
2025-04-25 15:02:22,598 INFO  - Received message from veh_16 (at simulation time 272.007,100,000 s)
2025-04-25 15:02:22,598 INFO  - Processing DEN message (at simulation time 272.007,100,000 s)
2025-04-25 15:02:22,598 INFO  - Route change already tried once. (at simulation time 272.007,100,000 s)
2025-04-25 15:02:22,605 INFO  - Received message from veh_91 (at simulation time 273.001,700,000 s)
2025-04-25 15:02:22,605 INFO  - Processing DEN message (at simulation time 273.001,700,000 s)
2025-04-25 15:02:22,605 INFO  - Route change already tried once. (at simulation time 273.001,700,000 s)
2025-04-25 15:02:22,605 INFO  - Received message from veh_86 (at simulation time 273.002,700,000 s)
2025-04-25 15:02:22,605 INFO  - Processing DEN message (at simulation time 273.002,700,000 s)
2025-04-25 15:02:22,605 INFO  - Route change already tried once. (at simulation time 273.002,700,000 s)
2025-04-25 15:02:22,606 INFO  - Received message from veh_56 (at simulation time 273.004,200,000 s)
2025-04-25 15:02:22,606 INFO  - Processing DEN message (at simulation time 273.004,200,000 s)
2025-04-25 15:02:22,606 INFO  - Route change already tried once. (at simulation time 273.004,200,000 s)
2025-04-25 15:02:22,606 INFO  - Received message from veh_46 (at simulation time 273.004,600,000 s)
2025-04-25 15:02:22,606 INFO  - Processing DEN message (at simulation time 273.004,600,000 s)
2025-04-25 15:02:22,606 INFO  - Route change already tried once. (at simulation time 273.004,600,000 s)
2025-04-25 15:02:22,606 INFO  - Received message from veh_51 (at simulation time 273.005,200,000 s)
2025-04-25 15:02:22,606 INFO  - Processing DEN message (at simulation time 273.005,200,000 s)
2025-04-25 15:02:22,606 INFO  - Route change already tried once. (at simulation time 273.005,200,000 s)
2025-04-25 15:02:22,606 INFO  - Received message from veh_6 (at simulation time 273.005,600,000 s)
2025-04-25 15:02:22,606 INFO  - Processing DEN message (at simulation time 273.005,600,000 s)
2025-04-25 15:02:22,606 INFO  - Route change already tried once. (at simulation time 273.005,600,000 s)
2025-04-25 15:02:22,606 INFO  - Received message from veh_16 (at simulation time 273.005,600,000 s)
2025-04-25 15:02:22,606 INFO  - Processing DEN message (at simulation time 273.005,600,000 s)
2025-04-25 15:02:22,606 INFO  - Route change already tried once. (at simulation time 273.005,600,000 s)
2025-04-25 15:02:22,606 INFO  - Received message from veh_1 (at simulation time 273.006,500,000 s)
2025-04-25 15:02:22,606 INFO  - Processing DEN message (at simulation time 273.006,500,000 s)
2025-04-25 15:02:22,606 INFO  - Route change already tried once. (at simulation time 273.006,500,000 s)
2025-04-25 15:02:22,606 INFO  - Received message from veh_11 (at simulation time 273.006,600,000 s)
2025-04-25 15:02:22,606 INFO  - Processing DEN message (at simulation time 273.006,600,000 s)
2025-04-25 15:02:22,606 INFO  - Route change already tried once. (at simulation time 273.006,600,000 s)
2025-04-25 15:02:24,207 INFO  - Shutdown application (at simulation time 565.000,000,000 s)
