2025-04-25 15:15:00,022 INFO  - Initialize application (at simulation time 32.000,000,000 s)
2025-04-25 15:15:00,023 INFO  - Activated Cell Module (at simulation time 32.000,000,000 s)
2025-04-25 15:15:00,368 INFO  - Sensor ICE event detected (at simulation time 107.000,000,000 s)
2025-04-25 15:15:00,368 INFO  - Sending DENM (at simulation time 107.000,000,000 s)
2025-04-25 15:15:00,375 INFO  - Sensor ICE event detected (at simulation time 108.000,000,000 s)
2025-04-25 15:15:00,375 INFO  - Sending DENM (at simulation time 108.000,000,000 s)
2025-04-25 15:15:00,380 INFO  - Sensor ICE event detected (at simulation time 109.000,000,000 s)
2025-04-25 15:15:00,380 INFO  - Sending DENM (at simulation time 109.000,000,000 s)
2025-04-25 15:15:00,389 INFO  - Sensor ICE event detected (at simulation time 110.000,000,000 s)
2025-04-25 15:15:00,389 INFO  - Sending DENM (at simulation time 110.000,000,000 s)
2025-04-25 15:15:00,392 INFO  - Sensor ICE event detected (at simulation time 111.000,000,000 s)
2025-04-25 15:15:00,392 INFO  - Sending DENM (at simulation time 111.000,000,000 s)
2025-04-25 15:15:00,398 INFO  - Sensor ICE event detected (at simulation time 112.000,000,000 s)
2025-04-25 15:15:00,398 INFO  - Sending DENM (at simulation time 112.000,000,000 s)
2025-04-25 15:15:00,402 INFO  - Sensor ICE event detected (at simulation time 113.000,000,000 s)
2025-04-25 15:15:00,402 INFO  - Sending DENM (at simulation time 113.000,000,000 s)
2025-04-25 15:15:00,407 INFO  - Sensor ICE event detected (at simulation time 114.000,000,000 s)
2025-04-25 15:15:00,407 INFO  - Sending DENM (at simulation time 114.000,000,000 s)
2025-04-25 15:15:00,415 INFO  - Sensor ICE event detected (at simulation time 115.000,000,000 s)
2025-04-25 15:15:00,415 INFO  - Sending DENM (at simulation time 115.000,000,000 s)
2025-04-25 15:15:00,421 INFO  - Sensor ICE event detected (at simulation time 116.000,000,000 s)
2025-04-25 15:15:00,421 INFO  - Sending DENM (at simulation time 116.000,000,000 s)
2025-04-25 15:15:00,425 INFO  - Sensor ICE event detected (at simulation time 117.000,000,000 s)
2025-04-25 15:15:00,425 INFO  - Sending DENM (at simulation time 117.000,000,000 s)
2025-04-25 15:15:00,432 INFO  - Sensor ICE event detected (at simulation time 118.000,000,000 s)
2025-04-25 15:15:00,432 INFO  - Sending DENM (at simulation time 118.000,000,000 s)
2025-04-25 15:15:00,436 INFO  - Sensor ICE event detected (at simulation time 119.000,000,000 s)
2025-04-25 15:15:00,436 INFO  - Sending DENM (at simulation time 119.000,000,000 s)
2025-04-25 15:15:00,445 INFO  - Sensor ICE event detected (at simulation time 120.000,000,000 s)
2025-04-25 15:15:00,445 INFO  - Sending DENM (at simulation time 120.000,000,000 s)
2025-04-25 15:15:00,449 INFO  - Sensor ICE event detected (at simulation time 121.000,000,000 s)
2025-04-25 15:15:00,449 INFO  - Sending DENM (at simulation time 121.000,000,000 s)
2025-04-25 15:15:00,454 INFO  - Sensor ICE event detected (at simulation time 122.000,000,000 s)
2025-04-25 15:15:00,454 INFO  - Sending DENM (at simulation time 122.000,000,000 s)
2025-04-25 15:15:00,458 INFO  - Sensor ICE event detected (at simulation time 123.000,000,000 s)
2025-04-25 15:15:00,458 INFO  - Sending DENM (at simulation time 123.000,000,000 s)
2025-04-25 15:15:00,462 INFO  - Sensor ICE event detected (at simulation time 124.000,000,000 s)
2025-04-25 15:15:00,462 INFO  - Sending DENM (at simulation time 124.000,000,000 s)
2025-04-25 15:15:00,471 INFO  - Sensor ICE event detected (at simulation time 125.000,000,000 s)
2025-04-25 15:15:00,471 INFO  - Sending DENM (at simulation time 125.000,000,000 s)
2025-04-25 15:15:00,476 INFO  - Sensor ICE event detected (at simulation time 126.000,000,000 s)
2025-04-25 15:15:00,476 INFO  - Sending DENM (at simulation time 126.000,000,000 s)
2025-04-25 15:15:00,479 INFO  - Sensor ICE event detected (at simulation time 127.000,000,000 s)
2025-04-25 15:15:00,479 INFO  - Sending DENM (at simulation time 127.000,000,000 s)
2025-04-25 15:15:00,486 INFO  - Sensor ICE event detected (at simulation time 128.000,000,000 s)
2025-04-25 15:15:00,486 INFO  - Sending DENM (at simulation time 128.000,000,000 s)
2025-04-25 15:15:00,492 INFO  - Sensor ICE event detected (at simulation time 129.000,000,000 s)
2025-04-25 15:15:00,492 INFO  - Sending DENM (at simulation time 129.000,000,000 s)
2025-04-25 15:15:00,504 INFO  - Sensor ICE event detected (at simulation time 130.000,000,000 s)
2025-04-25 15:15:00,504 INFO  - Sending DENM (at simulation time 130.000,000,000 s)
2025-04-25 15:15:00,508 INFO  - Sensor ICE event detected (at simulation time 131.000,000,000 s)
2025-04-25 15:15:00,508 INFO  - Sending DENM (at simulation time 131.000,000,000 s)
2025-04-25 15:15:00,513 INFO  - Sensor ICE event detected (at simulation time 132.000,000,000 s)
2025-04-25 15:15:00,513 INFO  - Sending DENM (at simulation time 132.000,000,000 s)
2025-04-25 15:15:00,517 INFO  - Sensor ICE event detected (at simulation time 133.000,000,000 s)
2025-04-25 15:15:00,517 INFO  - Sending DENM (at simulation time 133.000,000,000 s)
2025-04-25 15:15:00,521 INFO  - Sensor ICE event detected (at simulation time 134.000,000,000 s)
2025-04-25 15:15:00,521 INFO  - Sending DENM (at simulation time 134.000,000,000 s)
2025-04-25 15:15:00,528 INFO  - Sensor ICE event detected (at simulation time 135.000,000,000 s)
2025-04-25 15:15:00,528 INFO  - Sending DENM (at simulation time 135.000,000,000 s)
2025-04-25 15:15:00,533 INFO  - Sensor ICE event detected (at simulation time 136.000,000,000 s)
2025-04-25 15:15:00,533 INFO  - Sending DENM (at simulation time 136.000,000,000 s)
2025-04-25 15:15:00,536 INFO  - Sensor ICE event detected (at simulation time 137.000,000,000 s)
2025-04-25 15:15:00,536 INFO  - Sending DENM (at simulation time 137.000,000,000 s)
2025-04-25 15:15:00,541 INFO  - Sensor ICE event detected (at simulation time 138.000,000,000 s)
2025-04-25 15:15:00,541 INFO  - Sending DENM (at simulation time 138.000,000,000 s)
2025-04-25 15:15:00,546 INFO  - Sensor ICE event detected (at simulation time 139.000,000,000 s)
2025-04-25 15:15:00,546 INFO  - Sending DENM (at simulation time 139.000,000,000 s)
2025-04-25 15:15:00,556 INFO  - Sensor ICE event detected (at simulation time 140.000,000,000 s)
2025-04-25 15:15:00,556 INFO  - Sending DENM (at simulation time 140.000,000,000 s)
2025-04-25 15:15:00,559 INFO  - Sensor ICE event detected (at simulation time 141.000,000,000 s)
2025-04-25 15:15:00,559 INFO  - Sending DENM (at simulation time 141.000,000,000 s)
2025-04-25 15:15:00,564 INFO  - Sensor ICE event detected (at simulation time 142.000,000,000 s)
2025-04-25 15:15:00,564 INFO  - Sending DENM (at simulation time 142.000,000,000 s)
2025-04-25 15:15:00,567 INFO  - Sensor ICE event detected (at simulation time 143.000,000,000 s)
2025-04-25 15:15:00,567 INFO  - Sending DENM (at simulation time 143.000,000,000 s)
2025-04-25 15:15:00,571 INFO  - Sensor ICE event detected (at simulation time 144.000,000,000 s)
2025-04-25 15:15:00,571 INFO  - Sending DENM (at simulation time 144.000,000,000 s)
2025-04-25 15:15:00,578 INFO  - Sensor ICE event detected (at simulation time 145.000,000,000 s)
2025-04-25 15:15:00,578 INFO  - Sending DENM (at simulation time 145.000,000,000 s)
2025-04-25 15:15:00,583 INFO  - Sensor ICE event detected (at simulation time 146.000,000,000 s)
2025-04-25 15:15:00,583 INFO  - Sending DENM (at simulation time 146.000,000,000 s)
2025-04-25 15:15:00,586 INFO  - Sensor ICE event detected (at simulation time 147.000,000,000 s)
2025-04-25 15:15:00,587 INFO  - Sending DENM (at simulation time 147.000,000,000 s)
2025-04-25 15:15:00,592 INFO  - Sensor ICE event detected (at simulation time 148.000,000,000 s)
2025-04-25 15:15:00,592 INFO  - Sending DENM (at simulation time 148.000,000,000 s)
2025-04-25 15:15:00,596 INFO  - Sensor ICE event detected (at simulation time 149.000,000,000 s)
2025-04-25 15:15:00,596 INFO  - Sending DENM (at simulation time 149.000,000,000 s)
2025-04-25 15:15:00,605 INFO  - Sensor ICE event detected (at simulation time 150.000,000,000 s)
2025-04-25 15:15:00,605 INFO  - Sending DENM (at simulation time 150.000,000,000 s)
2025-04-25 15:15:00,608 INFO  - Sensor ICE event detected (at simulation time 151.000,000,000 s)
2025-04-25 15:15:00,609 INFO  - Sending DENM (at simulation time 151.000,000,000 s)
2025-04-25 15:15:00,614 INFO  - Sensor ICE event detected (at simulation time 152.000,000,000 s)
2025-04-25 15:15:00,614 INFO  - Sending DENM (at simulation time 152.000,000,000 s)
2025-04-25 15:15:00,618 INFO  - Sensor ICE event detected (at simulation time 153.000,000,000 s)
2025-04-25 15:15:00,618 INFO  - Sending DENM (at simulation time 153.000,000,000 s)
2025-04-25 15:15:00,624 INFO  - Sensor ICE event detected (at simulation time 154.000,000,000 s)
2025-04-25 15:15:00,624 INFO  - Sending DENM (at simulation time 154.000,000,000 s)
2025-04-25 15:15:00,631 INFO  - Sensor ICE event detected (at simulation time 155.000,000,000 s)
2025-04-25 15:15:00,632 INFO  - Sending DENM (at simulation time 155.000,000,000 s)
2025-04-25 15:15:00,636 INFO  - Sensor ICE event detected (at simulation time 156.000,000,000 s)
2025-04-25 15:15:00,637 INFO  - Sending DENM (at simulation time 156.000,000,000 s)
2025-04-25 15:15:00,640 INFO  - Sensor ICE event detected (at simulation time 157.000,000,000 s)
2025-04-25 15:15:00,640 INFO  - Sending DENM (at simulation time 157.000,000,000 s)
2025-04-25 15:15:00,645 INFO  - Sensor ICE event detected (at simulation time 158.000,000,000 s)
2025-04-25 15:15:00,645 INFO  - Sending DENM (at simulation time 158.000,000,000 s)
2025-04-25 15:15:00,650 INFO  - Sensor ICE event detected (at simulation time 159.000,000,000 s)
2025-04-25 15:15:00,650 INFO  - Sending DENM (at simulation time 159.000,000,000 s)
2025-04-25 15:15:00,660 INFO  - Sensor ICE event detected (at simulation time 160.000,000,000 s)
2025-04-25 15:15:00,660 INFO  - Sending DENM (at simulation time 160.000,000,000 s)
2025-04-25 15:15:00,665 INFO  - Sensor ICE event detected (at simulation time 161.000,000,000 s)
2025-04-25 15:15:00,665 INFO  - Sending DENM (at simulation time 161.000,000,000 s)
2025-04-25 15:15:00,671 INFO  - Sensor ICE event detected (at simulation time 162.000,000,000 s)
2025-04-25 15:15:00,671 INFO  - Sending DENM (at simulation time 162.000,000,000 s)
2025-04-25 15:15:00,674 INFO  - Sensor ICE event detected (at simulation time 163.000,000,000 s)
2025-04-25 15:15:00,674 INFO  - Sending DENM (at simulation time 163.000,000,000 s)
2025-04-25 15:15:00,691 INFO  - Sensor ICE event detected (at simulation time 164.000,000,000 s)
2025-04-25 15:15:00,691 INFO  - Sending DENM (at simulation time 164.000,000,000 s)
2025-04-25 15:15:00,703 INFO  - Sensor ICE event detected (at simulation time 165.000,000,000 s)
2025-04-25 15:15:00,703 INFO  - Sending DENM (at simulation time 165.000,000,000 s)
2025-04-25 15:15:00,709 INFO  - Sensor ICE event detected (at simulation time 166.000,000,000 s)
2025-04-25 15:15:00,709 INFO  - Sending DENM (at simulation time 166.000,000,000 s)
2025-04-25 15:15:00,715 INFO  - Sensor ICE event detected (at simulation time 167.000,000,000 s)
2025-04-25 15:15:00,715 INFO  - Sending DENM (at simulation time 167.000,000,000 s)
2025-04-25 15:15:00,723 INFO  - Sensor ICE event detected (at simulation time 168.000,000,000 s)
2025-04-25 15:15:00,723 INFO  - Sending DENM (at simulation time 168.000,000,000 s)
2025-04-25 15:15:00,728 INFO  - Sensor ICE event detected (at simulation time 169.000,000,000 s)
2025-04-25 15:15:00,728 INFO  - Sending DENM (at simulation time 169.000,000,000 s)
2025-04-25 15:15:00,740 INFO  - Sensor ICE event detected (at simulation time 170.000,000,000 s)
2025-04-25 15:15:00,740 INFO  - Sending DENM (at simulation time 170.000,000,000 s)
2025-04-25 15:15:00,748 INFO  - Sensor ICE event detected (at simulation time 171.000,000,000 s)
2025-04-25 15:15:00,748 INFO  - Sending DENM (at simulation time 171.000,000,000 s)
2025-04-25 15:15:00,755 INFO  - Sensor ICE event detected (at simulation time 172.000,000,000 s)
2025-04-25 15:15:00,756 INFO  - Sending DENM (at simulation time 172.000,000,000 s)
2025-04-25 15:15:00,761 INFO  - Sensor ICE event detected (at simulation time 173.000,000,000 s)
2025-04-25 15:15:00,761 INFO  - Sending DENM (at simulation time 173.000,000,000 s)
2025-04-25 15:15:00,768 INFO  - Sensor ICE event detected (at simulation time 174.000,000,000 s)
2025-04-25 15:15:00,768 INFO  - Sending DENM (at simulation time 174.000,000,000 s)
2025-04-25 15:15:00,780 INFO  - Sensor ICE event detected (at simulation time 175.000,000,000 s)
2025-04-25 15:15:00,780 INFO  - Sending DENM (at simulation time 175.000,000,000 s)
2025-04-25 15:15:00,786 INFO  - Sensor ICE event detected (at simulation time 176.000,000,000 s)
2025-04-25 15:15:00,786 INFO  - Sending DENM (at simulation time 176.000,000,000 s)
2025-04-25 15:15:00,790 INFO  - Sensor ICE event detected (at simulation time 177.000,000,000 s)
2025-04-25 15:15:00,790 INFO  - Sending DENM (at simulation time 177.000,000,000 s)
2025-04-25 15:15:00,797 INFO  - Sensor ICE event detected (at simulation time 178.000,000,000 s)
2025-04-25 15:15:00,797 INFO  - Sending DENM (at simulation time 178.000,000,000 s)
2025-04-25 15:15:00,804 INFO  - Sensor ICE event detected (at simulation time 179.000,000,000 s)
2025-04-25 15:15:00,804 INFO  - Sending DENM (at simulation time 179.000,000,000 s)
2025-04-25 15:15:00,818 INFO  - Sensor ICE event detected (at simulation time 180.000,000,000 s)
2025-04-25 15:15:00,818 INFO  - Sending DENM (at simulation time 180.000,000,000 s)
2025-04-25 15:15:00,823 INFO  - Sensor ICE event detected (at simulation time 181.000,000,000 s)
2025-04-25 15:15:00,823 INFO  - Sending DENM (at simulation time 181.000,000,000 s)
2025-04-25 15:15:00,829 INFO  - Sensor ICE event detected (at simulation time 182.000,000,000 s)
2025-04-25 15:15:00,829 INFO  - Sending DENM (at simulation time 182.000,000,000 s)
2025-04-25 15:15:00,834 INFO  - Sensor ICE event detected (at simulation time 183.000,000,000 s)
2025-04-25 15:15:00,834 INFO  - Sending DENM (at simulation time 183.000,000,000 s)
2025-04-25 15:15:00,839 INFO  - Sensor ICE event detected (at simulation time 184.000,000,000 s)
2025-04-25 15:15:00,839 INFO  - Sending DENM (at simulation time 184.000,000,000 s)
2025-04-25 15:15:00,850 INFO  - Sensor ICE event detected (at simulation time 185.000,000,000 s)
2025-04-25 15:15:00,850 INFO  - Sending DENM (at simulation time 185.000,000,000 s)
2025-04-25 15:15:00,856 INFO  - Sensor ICE event detected (at simulation time 186.000,000,000 s)
2025-04-25 15:15:00,856 INFO  - Sending DENM (at simulation time 186.000,000,000 s)
2025-04-25 15:15:00,861 INFO  - Sensor ICE event detected (at simulation time 187.000,000,000 s)
2025-04-25 15:15:00,861 INFO  - Sending DENM (at simulation time 187.000,000,000 s)
2025-04-25 15:15:00,868 INFO  - Sensor ICE event detected (at simulation time 188.000,000,000 s)
2025-04-25 15:15:00,868 INFO  - Sending DENM (at simulation time 188.000,000,000 s)
2025-04-25 15:15:00,873 INFO  - Sensor ICE event detected (at simulation time 189.000,000,000 s)
2025-04-25 15:15:00,873 INFO  - Sending DENM (at simulation time 189.000,000,000 s)
2025-04-25 15:15:00,896 INFO  - Sensor ICE event detected (at simulation time 190.000,000,000 s)
2025-04-25 15:15:00,896 INFO  - Sending DENM (at simulation time 190.000,000,000 s)
2025-04-25 15:15:00,900 INFO  - Sensor ICE event detected (at simulation time 191.000,000,000 s)
2025-04-25 15:15:00,900 INFO  - Sending DENM (at simulation time 191.000,000,000 s)
2025-04-25 15:15:00,907 INFO  - Sensor ICE event detected (at simulation time 192.000,000,000 s)
2025-04-25 15:15:00,907 INFO  - Sending DENM (at simulation time 192.000,000,000 s)
2025-04-25 15:15:00,912 INFO  - Sensor ICE event detected (at simulation time 193.000,000,000 s)
2025-04-25 15:15:00,912 INFO  - Sending DENM (at simulation time 193.000,000,000 s)
2025-04-25 15:15:00,917 INFO  - Sensor ICE event detected (at simulation time 194.000,000,000 s)
2025-04-25 15:15:00,917 INFO  - Sending DENM (at simulation time 194.000,000,000 s)
2025-04-25 15:15:00,938 INFO  - Sensor ICE event detected (at simulation time 195.000,000,000 s)
2025-04-25 15:15:00,938 INFO  - Sending DENM (at simulation time 195.000,000,000 s)
2025-04-25 15:15:00,944 INFO  - Sensor ICE event detected (at simulation time 196.000,000,000 s)
2025-04-25 15:15:00,944 INFO  - Sending DENM (at simulation time 196.000,000,000 s)
2025-04-25 15:15:00,948 INFO  - Sensor ICE event detected (at simulation time 197.000,000,000 s)
2025-04-25 15:15:00,948 INFO  - Sending DENM (at simulation time 197.000,000,000 s)
2025-04-25 15:15:00,954 INFO  - Sensor ICE event detected (at simulation time 198.000,000,000 s)
2025-04-25 15:15:00,954 INFO  - Sending DENM (at simulation time 198.000,000,000 s)
2025-04-25 15:15:00,958 INFO  - Sensor ICE event detected (at simulation time 199.000,000,000 s)
2025-04-25 15:15:00,958 INFO  - Sending DENM (at simulation time 199.000,000,000 s)
2025-04-25 15:15:00,968 INFO  - Sensor ICE event detected (at simulation time 200.000,000,000 s)
2025-04-25 15:15:00,969 INFO  - Sending DENM (at simulation time 200.000,000,000 s)
2025-04-25 15:15:00,972 INFO  - Sensor ICE event detected (at simulation time 201.000,000,000 s)
2025-04-25 15:15:00,972 INFO  - Sending DENM (at simulation time 201.000,000,000 s)
2025-04-25 15:15:00,977 INFO  - Sensor ICE event detected (at simulation time 202.000,000,000 s)
2025-04-25 15:15:00,977 INFO  - Sending DENM (at simulation time 202.000,000,000 s)
2025-04-25 15:15:00,981 INFO  - Sensor ICE event detected (at simulation time 203.000,000,000 s)
2025-04-25 15:15:00,981 INFO  - Sending DENM (at simulation time 203.000,000,000 s)
2025-04-25 15:15:00,986 INFO  - Sensor ICE event detected (at simulation time 204.000,000,000 s)
2025-04-25 15:15:00,986 INFO  - Sending DENM (at simulation time 204.000,000,000 s)
2025-04-25 15:15:00,995 INFO  - Sensor ICE event detected (at simulation time 205.000,000,000 s)
2025-04-25 15:15:00,995 INFO  - Sending DENM (at simulation time 205.000,000,000 s)
2025-04-25 15:15:01,001 INFO  - Sensor ICE event detected (at simulation time 206.000,000,000 s)
2025-04-25 15:15:01,001 INFO  - Sending DENM (at simulation time 206.000,000,000 s)
2025-04-25 15:15:01,005 INFO  - Sensor ICE event detected (at simulation time 207.000,000,000 s)
2025-04-25 15:15:01,005 INFO  - Sending DENM (at simulation time 207.000,000,000 s)
2025-04-25 15:15:01,011 INFO  - Sensor ICE event detected (at simulation time 208.000,000,000 s)
2025-04-25 15:15:01,011 INFO  - Sending DENM (at simulation time 208.000,000,000 s)
2025-04-25 15:15:01,015 INFO  - Sensor ICE event detected (at simulation time 209.000,000,000 s)
2025-04-25 15:15:01,015 INFO  - Sending DENM (at simulation time 209.000,000,000 s)
2025-04-25 15:15:01,026 INFO  - Sensor ICE event detected (at simulation time 210.000,000,000 s)
2025-04-25 15:15:01,026 INFO  - Sending DENM (at simulation time 210.000,000,000 s)
2025-04-25 15:15:01,031 INFO  - Sensor ICE event detected (at simulation time 211.000,000,000 s)
2025-04-25 15:15:01,031 INFO  - Sending DENM (at simulation time 211.000,000,000 s)
2025-04-25 15:15:01,036 INFO  - Sensor ICE event detected (at simulation time 212.000,000,000 s)
2025-04-25 15:15:01,036 INFO  - Sending DENM (at simulation time 212.000,000,000 s)
2025-04-25 15:15:01,042 INFO  - Sensor ICE event detected (at simulation time 213.000,000,000 s)
2025-04-25 15:15:01,042 INFO  - Sending DENM (at simulation time 213.000,000,000 s)
2025-04-25 15:15:01,048 INFO  - Sensor ICE event detected (at simulation time 214.000,000,000 s)
2025-04-25 15:15:01,048 INFO  - Sending DENM (at simulation time 214.000,000,000 s)
2025-04-25 15:15:01,059 INFO  - Sensor ICE event detected (at simulation time 215.000,000,000 s)
2025-04-25 15:15:01,059 INFO  - Sending DENM (at simulation time 215.000,000,000 s)
2025-04-25 15:15:01,065 INFO  - Sensor ICE event detected (at simulation time 216.000,000,000 s)
2025-04-25 15:15:01,065 INFO  - Sending DENM (at simulation time 216.000,000,000 s)
2025-04-25 15:15:01,070 INFO  - Sensor ICE event detected (at simulation time 217.000,000,000 s)
2025-04-25 15:15:01,070 INFO  - Sending DENM (at simulation time 217.000,000,000 s)
2025-04-25 15:15:01,075 INFO  - Sensor ICE event detected (at simulation time 218.000,000,000 s)
2025-04-25 15:15:01,075 INFO  - Sending DENM (at simulation time 218.000,000,000 s)
2025-04-25 15:15:01,079 INFO  - Sensor ICE event detected (at simulation time 219.000,000,000 s)
2025-04-25 15:15:01,079 INFO  - Sending DENM (at simulation time 219.000,000,000 s)
2025-04-25 15:15:01,095 INFO  - Sensor ICE event detected (at simulation time 220.000,000,000 s)
2025-04-25 15:15:01,095 INFO  - Sending DENM (at simulation time 220.000,000,000 s)
2025-04-25 15:15:01,100 INFO  - Sensor ICE event detected (at simulation time 221.000,000,000 s)
2025-04-25 15:15:01,100 INFO  - Sending DENM (at simulation time 221.000,000,000 s)
2025-04-25 15:15:01,105 INFO  - Sensor ICE event detected (at simulation time 222.000,000,000 s)
2025-04-25 15:15:01,105 INFO  - Sending DENM (at simulation time 222.000,000,000 s)
2025-04-25 15:15:01,109 INFO  - Sensor ICE event detected (at simulation time 223.000,000,000 s)
2025-04-25 15:15:01,109 INFO  - Sending DENM (at simulation time 223.000,000,000 s)
2025-04-25 15:15:01,114 INFO  - Sensor ICE event detected (at simulation time 224.000,000,000 s)
2025-04-25 15:15:01,114 INFO  - Sending DENM (at simulation time 224.000,000,000 s)
2025-04-25 15:15:01,123 INFO  - Sensor ICE event detected (at simulation time 225.000,000,000 s)
2025-04-25 15:15:01,123 INFO  - Sending DENM (at simulation time 225.000,000,000 s)
2025-04-25 15:15:01,128 INFO  - Sensor ICE event detected (at simulation time 226.000,000,000 s)
2025-04-25 15:15:01,128 INFO  - Sending DENM (at simulation time 226.000,000,000 s)
2025-04-25 15:15:01,132 INFO  - Sensor ICE event detected (at simulation time 227.000,000,000 s)
2025-04-25 15:15:01,132 INFO  - Sending DENM (at simulation time 227.000,000,000 s)
2025-04-25 15:15:01,139 INFO  - Sensor ICE event detected (at simulation time 228.000,000,000 s)
2025-04-25 15:15:01,139 INFO  - Sending DENM (at simulation time 228.000,000,000 s)
2025-04-25 15:15:01,143 INFO  - Sensor ICE event detected (at simulation time 229.000,000,000 s)
2025-04-25 15:15:01,143 INFO  - Sending DENM (at simulation time 229.000,000,000 s)
2025-04-25 15:15:01,153 INFO  - Sensor ICE event detected (at simulation time 230.000,000,000 s)
2025-04-25 15:15:01,153 INFO  - Sending DENM (at simulation time 230.000,000,000 s)
2025-04-25 15:15:01,158 INFO  - Sensor ICE event detected (at simulation time 231.000,000,000 s)
2025-04-25 15:15:01,158 INFO  - Sending DENM (at simulation time 231.000,000,000 s)
2025-04-25 15:15:01,163 INFO  - Sensor ICE event detected (at simulation time 232.000,000,000 s)
2025-04-25 15:15:01,163 INFO  - Sending DENM (at simulation time 232.000,000,000 s)
2025-04-25 15:15:01,167 INFO  - Sensor ICE event detected (at simulation time 233.000,000,000 s)
2025-04-25 15:15:01,167 INFO  - Sending DENM (at simulation time 233.000,000,000 s)
2025-04-25 15:15:01,173 INFO  - Sensor ICE event detected (at simulation time 234.000,000,000 s)
2025-04-25 15:15:01,173 INFO  - Sending DENM (at simulation time 234.000,000,000 s)
2025-04-25 15:15:01,183 INFO  - Sensor ICE event detected (at simulation time 235.000,000,000 s)
2025-04-25 15:15:01,183 INFO  - Sending DENM (at simulation time 235.000,000,000 s)
2025-04-25 15:15:01,188 INFO  - Sensor ICE event detected (at simulation time 236.000,000,000 s)
2025-04-25 15:15:01,188 INFO  - Sending DENM (at simulation time 236.000,000,000 s)
2025-04-25 15:15:01,192 INFO  - Sensor ICE event detected (at simulation time 237.000,000,000 s)
2025-04-25 15:15:01,192 INFO  - Sending DENM (at simulation time 237.000,000,000 s)
2025-04-25 15:15:01,198 INFO  - Sensor ICE event detected (at simulation time 238.000,000,000 s)
2025-04-25 15:15:01,198 INFO  - Sending DENM (at simulation time 238.000,000,000 s)
2025-04-25 15:15:01,203 INFO  - Sensor ICE event detected (at simulation time 239.000,000,000 s)
2025-04-25 15:15:01,203 INFO  - Sending DENM (at simulation time 239.000,000,000 s)
2025-04-25 15:15:01,214 INFO  - Sensor ICE event detected (at simulation time 240.000,000,000 s)
2025-04-25 15:15:01,214 INFO  - Sending DENM (at simulation time 240.000,000,000 s)
2025-04-25 15:15:01,218 INFO  - Sensor ICE event detected (at simulation time 241.000,000,000 s)
2025-04-25 15:15:01,218 INFO  - Sending DENM (at simulation time 241.000,000,000 s)
2025-04-25 15:15:01,223 INFO  - Sensor ICE event detected (at simulation time 242.000,000,000 s)
2025-04-25 15:15:01,223 INFO  - Sending DENM (at simulation time 242.000,000,000 s)
2025-04-25 15:15:01,239 INFO  - Sensor ICE event detected (at simulation time 243.000,000,000 s)
2025-04-25 15:15:01,239 INFO  - Sending DENM (at simulation time 243.000,000,000 s)
2025-04-25 15:15:01,246 INFO  - Sensor ICE event detected (at simulation time 244.000,000,000 s)
2025-04-25 15:15:01,246 INFO  - Sending DENM (at simulation time 244.000,000,000 s)
2025-04-25 15:15:01,259 INFO  - Sensor ICE event detected (at simulation time 245.000,000,000 s)
2025-04-25 15:15:01,259 INFO  - Sending DENM (at simulation time 245.000,000,000 s)
2025-04-25 15:15:01,264 INFO  - Sensor ICE event detected (at simulation time 246.000,000,000 s)
2025-04-25 15:15:01,264 INFO  - Sending DENM (at simulation time 246.000,000,000 s)
2025-04-25 15:15:01,271 INFO  - Sensor ICE event detected (at simulation time 247.000,000,000 s)
2025-04-25 15:15:01,271 INFO  - Sending DENM (at simulation time 247.000,000,000 s)
2025-04-25 15:15:01,276 INFO  - Sensor ICE event detected (at simulation time 248.000,000,000 s)
2025-04-25 15:15:01,276 INFO  - Sending DENM (at simulation time 248.000,000,000 s)
2025-04-25 15:15:01,283 INFO  - Sensor ICE event detected (at simulation time 249.000,000,000 s)
2025-04-25 15:15:01,283 INFO  - Sending DENM (at simulation time 249.000,000,000 s)
2025-04-25 15:15:01,300 INFO  - Sensor ICE event detected (at simulation time 250.000,000,000 s)
2025-04-25 15:15:01,300 INFO  - Sending DENM (at simulation time 250.000,000,000 s)
2025-04-25 15:15:01,307 INFO  - Sensor ICE event detected (at simulation time 251.000,000,000 s)
2025-04-25 15:15:01,307 INFO  - Sending DENM (at simulation time 251.000,000,000 s)
2025-04-25 15:15:01,313 INFO  - Sensor ICE event detected (at simulation time 252.000,000,000 s)
2025-04-25 15:15:01,313 INFO  - Sending DENM (at simulation time 252.000,000,000 s)
2025-04-25 15:15:01,319 INFO  - Sensor ICE event detected (at simulation time 253.000,000,000 s)
2025-04-25 15:15:01,319 INFO  - Sending DENM (at simulation time 253.000,000,000 s)
2025-04-25 15:15:01,325 INFO  - Sensor ICE event detected (at simulation time 254.000,000,000 s)
2025-04-25 15:15:01,325 INFO  - Sending DENM (at simulation time 254.000,000,000 s)
2025-04-25 15:15:01,341 INFO  - Sensor ICE event detected (at simulation time 255.000,000,000 s)
2025-04-25 15:15:01,341 INFO  - Sending DENM (at simulation time 255.000,000,000 s)
2025-04-25 15:15:01,348 INFO  - Sensor ICE event detected (at simulation time 256.000,000,000 s)
2025-04-25 15:15:01,348 INFO  - Sending DENM (at simulation time 256.000,000,000 s)
2025-04-25 15:15:01,356 INFO  - Sensor ICE event detected (at simulation time 257.000,000,000 s)
2025-04-25 15:15:01,356 INFO  - Sending DENM (at simulation time 257.000,000,000 s)
2025-04-25 15:15:01,363 INFO  - Sensor ICE event detected (at simulation time 258.000,000,000 s)
2025-04-25 15:15:01,363 INFO  - Sending DENM (at simulation time 258.000,000,000 s)
2025-04-25 15:15:01,369 INFO  - Sensor ICE event detected (at simulation time 259.000,000,000 s)
2025-04-25 15:15:01,369 INFO  - Sending DENM (at simulation time 259.000,000,000 s)
2025-04-25 15:15:01,387 INFO  - Sensor ICE event detected (at simulation time 260.000,000,000 s)
2025-04-25 15:15:01,387 INFO  - Sending DENM (at simulation time 260.000,000,000 s)
2025-04-25 15:15:01,395 INFO  - Sensor ICE event detected (at simulation time 261.000,000,000 s)
2025-04-25 15:15:01,395 INFO  - Sending DENM (at simulation time 261.000,000,000 s)
2025-04-25 15:15:01,401 INFO  - Sensor ICE event detected (at simulation time 262.000,000,000 s)
2025-04-25 15:15:01,401 INFO  - Sending DENM (at simulation time 262.000,000,000 s)
2025-04-25 15:15:01,408 INFO  - Sensor ICE event detected (at simulation time 263.000,000,000 s)
2025-04-25 15:15:01,408 INFO  - Sending DENM (at simulation time 263.000,000,000 s)
2025-04-25 15:15:01,416 INFO  - Sensor ICE event detected (at simulation time 264.000,000,000 s)
2025-04-25 15:15:01,416 INFO  - Sending DENM (at simulation time 264.000,000,000 s)
2025-04-25 15:15:01,435 INFO  - Sensor ICE event detected (at simulation time 265.000,000,000 s)
2025-04-25 15:15:01,435 INFO  - Sending DENM (at simulation time 265.000,000,000 s)
2025-04-25 15:15:01,444 INFO  - Sensor ICE event detected (at simulation time 266.000,000,000 s)
2025-04-25 15:15:01,444 INFO  - Sending DENM (at simulation time 266.000,000,000 s)
2025-04-25 15:15:01,455 INFO  - Sensor ICE event detected (at simulation time 267.000,000,000 s)
2025-04-25 15:15:01,455 INFO  - Sending DENM (at simulation time 267.000,000,000 s)
2025-04-25 15:15:01,463 INFO  - Sensor ICE event detected (at simulation time 268.000,000,000 s)
2025-04-25 15:15:01,463 INFO  - Sending DENM (at simulation time 268.000,000,000 s)
2025-04-25 15:15:01,471 INFO  - Sensor ICE event detected (at simulation time 269.000,000,000 s)
2025-04-25 15:15:01,471 INFO  - Sending DENM (at simulation time 269.000,000,000 s)
2025-04-25 15:15:01,488 INFO  - Sensor ICE event detected (at simulation time 270.000,000,000 s)
2025-04-25 15:15:01,488 INFO  - Sending DENM (at simulation time 270.000,000,000 s)
2025-04-25 15:15:01,496 INFO  - Sensor ICE event detected (at simulation time 271.000,000,000 s)
2025-04-25 15:15:01,496 INFO  - Sending DENM (at simulation time 271.000,000,000 s)
2025-04-25 15:15:01,505 INFO  - Sensor ICE event detected (at simulation time 272.000,000,000 s)
2025-04-25 15:15:01,505 INFO  - Sending DENM (at simulation time 272.000,000,000 s)
2025-04-25 15:15:01,514 INFO  - Sensor ICE event detected (at simulation time 273.000,000,000 s)
2025-04-25 15:15:01,514 INFO  - Sending DENM (at simulation time 273.000,000,000 s)
2025-04-25 15:15:01,522 INFO  - Sensor ICE event detected (at simulation time 274.000,000,000 s)
2025-04-25 15:15:01,522 INFO  - Sending DENM (at simulation time 274.000,000,000 s)
2025-04-25 15:15:01,538 INFO  - Sensor ICE event detected (at simulation time 275.000,000,000 s)
2025-04-25 15:15:01,538 INFO  - Sending DENM (at simulation time 275.000,000,000 s)
2025-04-25 15:15:01,543 INFO  - Sensor ICE event detected (at simulation time 276.000,000,000 s)
2025-04-25 15:15:01,543 INFO  - Sending DENM (at simulation time 276.000,000,000 s)
2025-04-25 15:15:01,548 INFO  - Sensor ICE event detected (at simulation time 277.000,000,000 s)
2025-04-25 15:15:01,548 INFO  - Sending DENM (at simulation time 277.000,000,000 s)
2025-04-25 15:15:01,554 INFO  - Sensor ICE event detected (at simulation time 278.000,000,000 s)
2025-04-25 15:15:01,554 INFO  - Sending DENM (at simulation time 278.000,000,000 s)
2025-04-25 15:15:01,559 INFO  - Sensor ICE event detected (at simulation time 279.000,000,000 s)
2025-04-25 15:15:01,559 INFO  - Sending DENM (at simulation time 279.000,000,000 s)
2025-04-25 15:15:01,571 INFO  - Sensor ICE event detected (at simulation time 280.000,000,000 s)
2025-04-25 15:15:01,571 INFO  - Sending DENM (at simulation time 280.000,000,000 s)
2025-04-25 15:15:01,578 INFO  - Sensor ICE event detected (at simulation time 281.000,000,000 s)
2025-04-25 15:15:01,578 INFO  - Sending DENM (at simulation time 281.000,000,000 s)
2025-04-25 15:15:01,583 INFO  - Sensor ICE event detected (at simulation time 282.000,000,000 s)
2025-04-25 15:15:01,583 INFO  - Sending DENM (at simulation time 282.000,000,000 s)
2025-04-25 15:15:01,588 INFO  - Sensor ICE event detected (at simulation time 283.000,000,000 s)
2025-04-25 15:15:01,588 INFO  - Sending DENM (at simulation time 283.000,000,000 s)
2025-04-25 15:15:01,593 INFO  - Sensor ICE event detected (at simulation time 284.000,000,000 s)
2025-04-25 15:15:01,593 INFO  - Sending DENM (at simulation time 284.000,000,000 s)
2025-04-25 15:15:01,606 INFO  - Sensor ICE event detected (at simulation time 285.000,000,000 s)
2025-04-25 15:15:01,606 INFO  - Sending DENM (at simulation time 285.000,000,000 s)
2025-04-25 15:15:01,611 INFO  - Sensor ICE event detected (at simulation time 286.000,000,000 s)
2025-04-25 15:15:01,611 INFO  - Sending DENM (at simulation time 286.000,000,000 s)
2025-04-25 15:15:01,615 INFO  - Sensor ICE event detected (at simulation time 287.000,000,000 s)
2025-04-25 15:15:01,615 INFO  - Sending DENM (at simulation time 287.000,000,000 s)
2025-04-25 15:15:01,622 INFO  - Sensor ICE event detected (at simulation time 288.000,000,000 s)
2025-04-25 15:15:01,622 INFO  - Sending DENM (at simulation time 288.000,000,000 s)
2025-04-25 15:15:01,628 INFO  - Sensor ICE event detected (at simulation time 289.000,000,000 s)
2025-04-25 15:15:01,628 INFO  - Sending DENM (at simulation time 289.000,000,000 s)
2025-04-25 15:15:01,641 INFO  - Sensor ICE event detected (at simulation time 290.000,000,000 s)
2025-04-25 15:15:01,641 INFO  - Sending DENM (at simulation time 290.000,000,000 s)
2025-04-25 15:15:01,646 INFO  - Sensor ICE event detected (at simulation time 291.000,000,000 s)
2025-04-25 15:15:01,646 INFO  - Sending DENM (at simulation time 291.000,000,000 s)
2025-04-25 15:15:01,652 INFO  - Sensor ICE event detected (at simulation time 292.000,000,000 s)
2025-04-25 15:15:01,652 INFO  - Sending DENM (at simulation time 292.000,000,000 s)
2025-04-25 15:15:01,657 INFO  - Sensor ICE event detected (at simulation time 293.000,000,000 s)
2025-04-25 15:15:01,657 INFO  - Sending DENM (at simulation time 293.000,000,000 s)
2025-04-25 15:15:01,663 INFO  - Sensor ICE event detected (at simulation time 294.000,000,000 s)
2025-04-25 15:15:01,663 INFO  - Sending DENM (at simulation time 294.000,000,000 s)
2025-04-25 15:15:01,674 INFO  - Sensor ICE event detected (at simulation time 295.000,000,000 s)
2025-04-25 15:15:01,674 INFO  - Sending DENM (at simulation time 295.000,000,000 s)
2025-04-25 15:15:01,679 INFO  - Sensor ICE event detected (at simulation time 296.000,000,000 s)
2025-04-25 15:15:01,679 INFO  - Sending DENM (at simulation time 296.000,000,000 s)
2025-04-25 15:15:01,683 INFO  - Sensor ICE event detected (at simulation time 297.000,000,000 s)
2025-04-25 15:15:01,683 INFO  - Sending DENM (at simulation time 297.000,000,000 s)
2025-04-25 15:15:01,688 INFO  - Sensor ICE event detected (at simulation time 298.000,000,000 s)
2025-04-25 15:15:01,688 INFO  - Sending DENM (at simulation time 298.000,000,000 s)
2025-04-25 15:15:01,693 INFO  - Sensor ICE event detected (at simulation time 299.000,000,000 s)
2025-04-25 15:15:01,693 INFO  - Sending DENM (at simulation time 299.000,000,000 s)
2025-04-25 15:15:01,704 INFO  - Sensor ICE event detected (at simulation time 300.000,000,000 s)
2025-04-25 15:15:01,704 INFO  - Sending DENM (at simulation time 300.000,000,000 s)
2025-04-25 15:15:01,709 INFO  - Sensor ICE event detected (at simulation time 301.000,000,000 s)
2025-04-25 15:15:01,709 INFO  - Sending DENM (at simulation time 301.000,000,000 s)
2025-04-25 15:15:01,713 INFO  - Sensor ICE event detected (at simulation time 302.000,000,000 s)
2025-04-25 15:15:01,713 INFO  - Sending DENM (at simulation time 302.000,000,000 s)
2025-04-25 15:15:01,718 INFO  - Sensor ICE event detected (at simulation time 303.000,000,000 s)
2025-04-25 15:15:01,718 INFO  - Sending DENM (at simulation time 303.000,000,000 s)
2025-04-25 15:15:01,722 INFO  - Sensor ICE event detected (at simulation time 304.000,000,000 s)
2025-04-25 15:15:01,722 INFO  - Sending DENM (at simulation time 304.000,000,000 s)
2025-04-25 15:15:01,735 INFO  - Sensor ICE event detected (at simulation time 305.000,000,000 s)
2025-04-25 15:15:01,735 INFO  - Sending DENM (at simulation time 305.000,000,000 s)
2025-04-25 15:15:01,740 INFO  - Sensor ICE event detected (at simulation time 306.000,000,000 s)
2025-04-25 15:15:01,740 INFO  - Sending DENM (at simulation time 306.000,000,000 s)
2025-04-25 15:15:01,744 INFO  - Sensor ICE event detected (at simulation time 307.000,000,000 s)
2025-04-25 15:15:01,744 INFO  - Sending DENM (at simulation time 307.000,000,000 s)
2025-04-25 15:15:01,749 INFO  - Sensor ICE event detected (at simulation time 308.000,000,000 s)
2025-04-25 15:15:01,749 INFO  - Sending DENM (at simulation time 308.000,000,000 s)
2025-04-25 15:15:01,753 INFO  - Sensor ICE event detected (at simulation time 309.000,000,000 s)
2025-04-25 15:15:01,753 INFO  - Sending DENM (at simulation time 309.000,000,000 s)
2025-04-25 15:15:01,764 INFO  - Sensor ICE event detected (at simulation time 310.000,000,000 s)
2025-04-25 15:15:01,764 INFO  - Sending DENM (at simulation time 310.000,000,000 s)
2025-04-25 15:15:01,769 INFO  - Sensor ICE event detected (at simulation time 311.000,000,000 s)
2025-04-25 15:15:01,769 INFO  - Sending DENM (at simulation time 311.000,000,000 s)
2025-04-25 15:15:01,773 INFO  - Sensor ICE event detected (at simulation time 312.000,000,000 s)
2025-04-25 15:15:01,773 INFO  - Sending DENM (at simulation time 312.000,000,000 s)
2025-04-25 15:15:01,778 INFO  - Sensor ICE event detected (at simulation time 313.000,000,000 s)
2025-04-25 15:15:01,778 INFO  - Sending DENM (at simulation time 313.000,000,000 s)
2025-04-25 15:15:01,782 INFO  - Sensor ICE event detected (at simulation time 314.000,000,000 s)
2025-04-25 15:15:01,783 INFO  - Sending DENM (at simulation time 314.000,000,000 s)
2025-04-25 15:15:01,794 INFO  - Sensor ICE event detected (at simulation time 315.000,000,000 s)
2025-04-25 15:15:01,794 INFO  - Sending DENM (at simulation time 315.000,000,000 s)
2025-04-25 15:15:01,800 INFO  - Sensor ICE event detected (at simulation time 316.000,000,000 s)
2025-04-25 15:15:01,800 INFO  - Sending DENM (at simulation time 316.000,000,000 s)
2025-04-25 15:15:02,625 INFO  - Shutdown application (at simulation time 466.000,000,000 s)
