2025-04-25 15:02:20,626 INFO  - Initialize application (at simulation time 58.000,000,000 s)
2025-04-25 15:02:20,627 INFO  - Activated AdHoc Module (at simulation time 58.000,000,000 s)
2025-04-25 15:02:20,760 INFO  - Received message from veh_1 (at simulation time 83.004,200,000 s)
2025-04-25 15:02:20,760 INFO  - Processing DEN message (at simulation time 83.004,200,000 s)
2025-04-25 15:02:20,760 INFO  - The event occurred on connection with id=73017982_4077214663_1313885442, which is part of vehicle's route with id=1 (at simulation time 83.004,200,000 s)
2025-04-25 15:02:20,762 INFO  - Sending Change Route Command at position: GeoPoint{lat=52.648388,lon=13.567830,alt=0.00} (at simulation time 83.004,200,000 s)
2025-04-25 15:02:20,776 INFO  - Received message from veh_1 (at simulation time 84.002,200,000 s)
2025-04-25 15:02:20,776 INFO  - Processing DEN message (at simulation time 84.002,200,000 s)
2025-04-25 15:02:20,776 INFO  - Route change already tried once. (at simulation time 84.002,200,000 s)
2025-04-25 15:02:20,788 INFO  - Received message from veh_1 (at simulation time 85.004,700,000 s)
2025-04-25 15:02:20,788 INFO  - Processing DEN message (at simulation time 85.004,700,000 s)
2025-04-25 15:02:20,788 INFO  - Route change already tried once. (at simulation time 85.004,700,000 s)
2025-04-25 15:02:20,792 INFO  - Received message from veh_1 (at simulation time 86.003,700,000 s)
2025-04-25 15:02:20,792 INFO  - Processing DEN message (at simulation time 86.003,700,000 s)
2025-04-25 15:02:20,792 INFO  - Route change already tried once. (at simulation time 86.003,700,000 s)
2025-04-25 15:02:20,795 INFO  - Received message from veh_1 (at simulation time 87.005,200,000 s)
2025-04-25 15:02:20,795 INFO  - Processing DEN message (at simulation time 87.005,200,000 s)
2025-04-25 15:02:20,796 INFO  - Route change already tried once. (at simulation time 87.005,200,000 s)
2025-04-25 15:02:20,802 INFO  - Received message from veh_1 (at simulation time 88.003,700,000 s)
2025-04-25 15:02:20,802 INFO  - Processing DEN message (at simulation time 88.003,700,000 s)
2025-04-25 15:02:20,802 INFO  - Route change already tried once. (at simulation time 88.003,700,000 s)
2025-04-25 15:02:20,809 INFO  - Received message from veh_1 (at simulation time 89.001,700,000 s)
2025-04-25 15:02:20,809 INFO  - Processing DEN message (at simulation time 89.001,700,000 s)
2025-04-25 15:02:20,809 INFO  - Route change already tried once. (at simulation time 89.001,700,000 s)
2025-04-25 15:02:20,829 INFO  - Received message from veh_1 (at simulation time 90.003,200,000 s)
2025-04-25 15:02:20,829 INFO  - Processing DEN message (at simulation time 90.003,200,000 s)
2025-04-25 15:02:20,829 INFO  - Route change already tried once. (at simulation time 90.003,200,000 s)
2025-04-25 15:02:20,861 INFO  - Received message from veh_1 (at simulation time 91.003,700,000 s)
2025-04-25 15:02:20,861 INFO  - Processing DEN message (at simulation time 91.003,700,000 s)
2025-04-25 15:02:20,861 INFO  - Route change already tried once. (at simulation time 91.003,700,000 s)
2025-04-25 15:02:20,867 INFO  - Received message from veh_1 (at simulation time 92.005,200,000 s)
2025-04-25 15:02:20,867 INFO  - Processing DEN message (at simulation time 92.005,200,000 s)
2025-04-25 15:02:20,867 INFO  - Route change already tried once. (at simulation time 92.005,200,000 s)
2025-04-25 15:02:20,873 INFO  - Received message from veh_1 (at simulation time 93.002,200,000 s)
2025-04-25 15:02:20,873 INFO  - Processing DEN message (at simulation time 93.002,200,000 s)
2025-04-25 15:02:20,873 INFO  - Route change already tried once. (at simulation time 93.002,200,000 s)
2025-04-25 15:02:20,873 INFO  - Received message from veh_6 (at simulation time 93.003,800,000 s)
2025-04-25 15:02:20,873 INFO  - Processing DEN message (at simulation time 93.003,800,000 s)
2025-04-25 15:02:20,874 INFO  - Route change already tried once. (at simulation time 93.003,800,000 s)
2025-04-25 15:02:20,878 INFO  - Received message from veh_6 (at simulation time 94.001,700,000 s)
2025-04-25 15:02:20,878 INFO  - Processing DEN message (at simulation time 94.001,700,000 s)
2025-04-25 15:02:20,878 INFO  - Route change already tried once. (at simulation time 94.001,700,000 s)
2025-04-25 15:02:20,879 INFO  - Received message from veh_1 (at simulation time 94.005,600,000 s)
2025-04-25 15:02:20,879 INFO  - Processing DEN message (at simulation time 94.005,600,000 s)
2025-04-25 15:02:20,879 INFO  - Route change already tried once. (at simulation time 94.005,600,000 s)
2025-04-25 15:02:21,432 INFO  - Received message from veh_1 (at simulation time 163.002,700,000 s)
2025-04-25 15:02:21,432 INFO  - Processing DEN message (at simulation time 163.002,700,000 s)
2025-04-25 15:02:21,432 INFO  - Route change already tried once. (at simulation time 163.002,700,000 s)
2025-04-25 15:02:21,435 INFO  - Received message from veh_16 (at simulation time 163.003,800,000 s)
2025-04-25 15:02:21,435 INFO  - Processing DEN message (at simulation time 163.003,800,000 s)
2025-04-25 15:02:21,435 INFO  - Route change already tried once. (at simulation time 163.003,800,000 s)
2025-04-25 15:02:21,438 INFO  - Received message from veh_6 (at simulation time 163.005,200,000 s)
2025-04-25 15:02:21,438 INFO  - Processing DEN message (at simulation time 163.005,200,000 s)
2025-04-25 15:02:21,438 INFO  - Route change already tried once. (at simulation time 163.005,200,000 s)
2025-04-25 15:02:21,438 INFO  - Received message from veh_11 (at simulation time 163.006,200,000 s)
2025-04-25 15:02:21,438 INFO  - Processing DEN message (at simulation time 163.006,200,000 s)
2025-04-25 15:02:21,438 INFO  - Route change already tried once. (at simulation time 163.006,200,000 s)
2025-04-25 15:02:21,482 INFO  - Received message from veh_16 (at simulation time 164.002,300,000 s)
2025-04-25 15:02:21,482 INFO  - Processing DEN message (at simulation time 164.002,300,000 s)
2025-04-25 15:02:21,482 INFO  - Route change already tried once. (at simulation time 164.002,300,000 s)
2025-04-25 15:02:21,483 INFO  - Received message from veh_1 (at simulation time 164.003,700,000 s)
2025-04-25 15:02:21,483 INFO  - Processing DEN message (at simulation time 164.003,700,000 s)
2025-04-25 15:02:21,483 INFO  - Route change already tried once. (at simulation time 164.003,700,000 s)
2025-04-25 15:02:21,483 INFO  - Received message from veh_11 (at simulation time 164.004,700,000 s)
2025-04-25 15:02:21,483 INFO  - Processing DEN message (at simulation time 164.004,700,000 s)
2025-04-25 15:02:21,483 INFO  - Route change already tried once. (at simulation time 164.004,700,000 s)
2025-04-25 15:02:21,483 INFO  - Received message from veh_6 (at simulation time 164.005,200,000 s)
2025-04-25 15:02:21,483 INFO  - Processing DEN message (at simulation time 164.005,200,000 s)
2025-04-25 15:02:21,483 INFO  - Route change already tried once. (at simulation time 164.005,200,000 s)
2025-04-25 15:02:21,495 INFO  - Received message from veh_11 (at simulation time 165.002,200,000 s)
2025-04-25 15:02:21,495 INFO  - Processing DEN message (at simulation time 165.002,200,000 s)
2025-04-25 15:02:21,495 INFO  - Route change already tried once. (at simulation time 165.002,200,000 s)
2025-04-25 15:02:21,495 INFO  - Received message from veh_16 (at simulation time 165.002,300,000 s)
2025-04-25 15:02:21,495 INFO  - Processing DEN message (at simulation time 165.002,300,000 s)
2025-04-25 15:02:21,495 INFO  - Route change already tried once. (at simulation time 165.002,300,000 s)
2025-04-25 15:02:21,496 INFO  - Received message from veh_6 (at simulation time 165.003,700,000 s)
2025-04-25 15:02:21,496 INFO  - Processing DEN message (at simulation time 165.003,700,000 s)
2025-04-25 15:02:21,496 INFO  - Route change already tried once. (at simulation time 165.003,700,000 s)
2025-04-25 15:02:21,496 INFO  - Received message from veh_1 (at simulation time 165.004,700,000 s)
2025-04-25 15:02:21,496 INFO  - Processing DEN message (at simulation time 165.004,700,000 s)
2025-04-25 15:02:21,496 INFO  - Route change already tried once. (at simulation time 165.004,700,000 s)
2025-04-25 15:02:21,501 INFO  - Received message from veh_11 (at simulation time 166.002,300,000 s)
2025-04-25 15:02:21,501 INFO  - Processing DEN message (at simulation time 166.002,300,000 s)
2025-04-25 15:02:21,501 INFO  - Route change already tried once. (at simulation time 166.002,300,000 s)
2025-04-25 15:02:21,501 INFO  - Received message from veh_16 (at simulation time 166.002,300,000 s)
2025-04-25 15:02:21,501 INFO  - Processing DEN message (at simulation time 166.002,300,000 s)
2025-04-25 15:02:21,501 INFO  - Route change already tried once. (at simulation time 166.002,300,000 s)
2025-04-25 15:02:21,502 INFO  - Received message from veh_1 (at simulation time 166.005,200,000 s)
2025-04-25 15:02:21,502 INFO  - Processing DEN message (at simulation time 166.005,200,000 s)
2025-04-25 15:02:21,502 INFO  - Route change already tried once. (at simulation time 166.005,200,000 s)
2025-04-25 15:02:21,502 INFO  - Received message from veh_6 (at simulation time 166.006,200,000 s)
2025-04-25 15:02:21,502 INFO  - Processing DEN message (at simulation time 166.006,200,000 s)
2025-04-25 15:02:21,502 INFO  - Route change already tried once. (at simulation time 166.006,200,000 s)
2025-04-25 15:02:21,506 INFO  - Received message from veh_11 (at simulation time 167.001,800,000 s)
2025-04-25 15:02:21,506 INFO  - Processing DEN message (at simulation time 167.001,800,000 s)
2025-04-25 15:02:21,507 INFO  - Route change already tried once. (at simulation time 167.001,800,000 s)
2025-04-25 15:02:21,507 INFO  - Received message from veh_6 (at simulation time 167.003,200,000 s)
2025-04-25 15:02:21,507 INFO  - Processing DEN message (at simulation time 167.003,200,000 s)
2025-04-25 15:02:21,507 INFO  - Route change already tried once. (at simulation time 167.003,200,000 s)
2025-04-25 15:02:21,507 INFO  - Received message from veh_16 (at simulation time 167.003,300,000 s)
2025-04-25 15:02:21,507 INFO  - Processing DEN message (at simulation time 167.003,300,000 s)
2025-04-25 15:02:21,507 INFO  - Route change already tried once. (at simulation time 167.003,300,000 s)
2025-04-25 15:02:21,507 INFO  - Received message from veh_1 (at simulation time 167.004,200,000 s)
2025-04-25 15:02:21,507 INFO  - Processing DEN message (at simulation time 167.004,200,000 s)
2025-04-25 15:02:21,507 INFO  - Route change already tried once. (at simulation time 167.004,200,000 s)
2025-04-25 15:02:21,514 INFO  - Received message from veh_16 (at simulation time 168.000,800,000 s)
2025-04-25 15:02:21,514 INFO  - Processing DEN message (at simulation time 168.000,800,000 s)
2025-04-25 15:02:21,514 INFO  - Route change already tried once. (at simulation time 168.000,800,000 s)
2025-04-25 15:02:21,514 INFO  - Received message from veh_1 (at simulation time 168.002,200,000 s)
2025-04-25 15:02:21,514 INFO  - Processing DEN message (at simulation time 168.002,200,000 s)
2025-04-25 15:02:21,514 INFO  - Route change already tried once. (at simulation time 168.002,200,000 s)
2025-04-25 15:02:21,514 INFO  - Received message from veh_6 (at simulation time 168.003,200,000 s)
2025-04-25 15:02:21,514 INFO  - Processing DEN message (at simulation time 168.003,200,000 s)
2025-04-25 15:02:21,514 INFO  - Route change already tried once. (at simulation time 168.003,200,000 s)
2025-04-25 15:02:21,514 INFO  - Received message from veh_11 (at simulation time 168.003,300,000 s)
2025-04-25 15:02:21,515 INFO  - Processing DEN message (at simulation time 168.003,300,000 s)
2025-04-25 15:02:21,515 INFO  - Route change already tried once. (at simulation time 168.003,300,000 s)
2025-04-25 15:02:21,521 INFO  - Received message from veh_6 (at simulation time 169.001,800,000 s)
2025-04-25 15:02:21,521 INFO  - Processing DEN message (at simulation time 169.001,800,000 s)
2025-04-25 15:02:21,521 INFO  - Route change already tried once. (at simulation time 169.001,800,000 s)
2025-04-25 15:02:21,522 INFO  - Received message from veh_11 (at simulation time 169.003,800,000 s)
2025-04-25 15:02:21,522 INFO  - Processing DEN message (at simulation time 169.003,800,000 s)
2025-04-25 15:02:21,522 INFO  - Route change already tried once. (at simulation time 169.003,800,000 s)
2025-04-25 15:02:21,522 INFO  - Received message from veh_16 (at simulation time 169.004,300,000 s)
2025-04-25 15:02:21,522 INFO  - Processing DEN message (at simulation time 169.004,300,000 s)
2025-04-25 15:02:21,522 INFO  - Route change already tried once. (at simulation time 169.004,300,000 s)
2025-04-25 15:02:21,523 INFO  - Received message from veh_1 (at simulation time 169.006,700,000 s)
2025-04-25 15:02:21,523 INFO  - Processing DEN message (at simulation time 169.006,700,000 s)
2025-04-25 15:02:21,523 INFO  - Route change already tried once. (at simulation time 169.006,700,000 s)
2025-04-25 15:02:21,540 INFO  - Received message from veh_1 (at simulation time 170.003,600,000 s)
2025-04-25 15:02:21,540 INFO  - Processing DEN message (at simulation time 170.003,600,000 s)
2025-04-25 15:02:21,540 INFO  - Route change already tried once. (at simulation time 170.003,600,000 s)
2025-04-25 15:02:21,540 INFO  - Received message from veh_6 (at simulation time 170.004,200,000 s)
2025-04-25 15:02:21,540 INFO  - Processing DEN message (at simulation time 170.004,200,000 s)
2025-04-25 15:02:21,540 INFO  - Route change already tried once. (at simulation time 170.004,200,000 s)
2025-04-25 15:02:21,540 INFO  - Received message from veh_11 (at simulation time 170.004,200,000 s)
2025-04-25 15:02:21,540 INFO  - Processing DEN message (at simulation time 170.004,200,000 s)
2025-04-25 15:02:21,540 INFO  - Route change already tried once. (at simulation time 170.004,200,000 s)
2025-04-25 15:02:21,540 INFO  - Received message from veh_16 (at simulation time 170.005,200,000 s)
2025-04-25 15:02:21,540 INFO  - Processing DEN message (at simulation time 170.005,200,000 s)
2025-04-25 15:02:21,540 INFO  - Route change already tried once. (at simulation time 170.005,200,000 s)
2025-04-25 15:02:21,545 INFO  - Received message from veh_1 (at simulation time 171.003,600,000 s)
2025-04-25 15:02:21,545 INFO  - Processing DEN message (at simulation time 171.003,600,000 s)
2025-04-25 15:02:21,545 INFO  - Route change already tried once. (at simulation time 171.003,600,000 s)
2025-04-25 15:02:21,545 INFO  - Received message from veh_6 (at simulation time 171.003,700,000 s)
2025-04-25 15:02:21,545 INFO  - Processing DEN message (at simulation time 171.003,700,000 s)
2025-04-25 15:02:21,545 INFO  - Route change already tried once. (at simulation time 171.003,700,000 s)
2025-04-25 15:02:21,545 INFO  - Received message from veh_16 (at simulation time 171.003,700,000 s)
2025-04-25 15:02:21,545 INFO  - Processing DEN message (at simulation time 171.003,700,000 s)
2025-04-25 15:02:21,545 INFO  - Route change already tried once. (at simulation time 171.003,700,000 s)
2025-04-25 15:02:21,546 INFO  - Received message from veh_11 (at simulation time 171.004,200,000 s)
2025-04-25 15:02:21,546 INFO  - Processing DEN message (at simulation time 171.004,200,000 s)
2025-04-25 15:02:21,546 INFO  - Route change already tried once. (at simulation time 171.004,200,000 s)
2025-04-25 15:02:21,554 INFO  - Received message from veh_1 (at simulation time 172.003,600,000 s)
2025-04-25 15:02:21,554 INFO  - Processing DEN message (at simulation time 172.003,600,000 s)
2025-04-25 15:02:21,554 INFO  - Route change already tried once. (at simulation time 172.003,600,000 s)
2025-04-25 15:02:21,554 INFO  - Received message from veh_6 (at simulation time 172.003,700,000 s)
2025-04-25 15:02:21,554 INFO  - Processing DEN message (at simulation time 172.003,700,000 s)
2025-04-25 15:02:21,554 INFO  - Route change already tried once. (at simulation time 172.003,700,000 s)
2025-04-25 15:02:21,554 INFO  - Received message from veh_11 (at simulation time 172.003,700,000 s)
2025-04-25 15:02:21,554 INFO  - Processing DEN message (at simulation time 172.003,700,000 s)
2025-04-25 15:02:21,554 INFO  - Route change already tried once. (at simulation time 172.003,700,000 s)
2025-04-25 15:02:21,554 INFO  - Received message from veh_16 (at simulation time 172.005,200,000 s)
2025-04-25 15:02:21,554 INFO  - Processing DEN message (at simulation time 172.005,200,000 s)
2025-04-25 15:02:21,554 INFO  - Route change already tried once. (at simulation time 172.005,200,000 s)
2025-04-25 15:02:21,560 INFO  - Received message from veh_16 (at simulation time 173.004,600,000 s)
2025-04-25 15:02:21,560 INFO  - Processing DEN message (at simulation time 173.004,600,000 s)
2025-04-25 15:02:21,560 INFO  - Route change already tried once. (at simulation time 173.004,600,000 s)
2025-04-25 15:02:21,560 INFO  - Received message from veh_6 (at simulation time 173.005,600,000 s)
2025-04-25 15:02:21,560 INFO  - Processing DEN message (at simulation time 173.005,600,000 s)
2025-04-25 15:02:21,560 INFO  - Route change already tried once. (at simulation time 173.005,600,000 s)
2025-04-25 15:02:21,560 INFO  - Received message from veh_11 (at simulation time 173.006,100,000 s)
2025-04-25 15:02:21,560 INFO  - Processing DEN message (at simulation time 173.006,100,000 s)
2025-04-25 15:02:21,560 INFO  - Route change already tried once. (at simulation time 173.006,100,000 s)
2025-04-25 15:02:21,560 INFO  - Received message from veh_1 (at simulation time 173.007,500,000 s)
2025-04-25 15:02:21,560 INFO  - Processing DEN message (at simulation time 173.007,500,000 s)
2025-04-25 15:02:21,560 INFO  - Route change already tried once. (at simulation time 173.007,500,000 s)
2025-04-25 15:02:21,566 INFO  - Received message from veh_46 (at simulation time 174.001,700,000 s)
2025-04-25 15:02:21,566 INFO  - Processing DEN message (at simulation time 174.001,700,000 s)
2025-04-25 15:02:21,566 INFO  - Route change already tried once. (at simulation time 174.001,700,000 s)
2025-04-25 15:02:21,567 INFO  - Received message from veh_6 (at simulation time 174.006,600,000 s)
2025-04-25 15:02:21,567 INFO  - Processing DEN message (at simulation time 174.006,600,000 s)
2025-04-25 15:02:21,567 INFO  - Route change already tried once. (at simulation time 174.006,600,000 s)
2025-04-25 15:02:21,567 INFO  - Received message from veh_11 (at simulation time 174.006,600,000 s)
2025-04-25 15:02:21,567 INFO  - Processing DEN message (at simulation time 174.006,600,000 s)
2025-04-25 15:02:21,567 INFO  - Route change already tried once. (at simulation time 174.006,600,000 s)
2025-04-25 15:02:21,567 INFO  - Received message from veh_16 (at simulation time 174.007,100,000 s)
2025-04-25 15:02:21,567 INFO  - Processing DEN message (at simulation time 174.007,100,000 s)
2025-04-25 15:02:21,567 INFO  - Route change already tried once. (at simulation time 174.007,100,000 s)
2025-04-25 15:02:21,567 INFO  - Received message from veh_1 (at simulation time 174.008,000,000 s)
2025-04-25 15:02:21,567 INFO  - Processing DEN message (at simulation time 174.008,000,000 s)
2025-04-25 15:02:21,567 INFO  - Route change already tried once. (at simulation time 174.008,000,000 s)
2025-04-25 15:02:21,578 INFO  - Received message from veh_46 (at simulation time 175.003,700,000 s)
2025-04-25 15:02:21,578 INFO  - Processing DEN message (at simulation time 175.003,700,000 s)
2025-04-25 15:02:21,578 INFO  - Route change already tried once. (at simulation time 175.003,700,000 s)
2025-04-25 15:02:21,578 INFO  - Received message from veh_1 (at simulation time 175.004,100,000 s)
2025-04-25 15:02:21,578 INFO  - Processing DEN message (at simulation time 175.004,100,000 s)
2025-04-25 15:02:21,578 INFO  - Route change already tried once. (at simulation time 175.004,100,000 s)
2025-04-25 15:02:21,578 INFO  - Received message from veh_16 (at simulation time 175.004,700,000 s)
2025-04-25 15:02:21,578 INFO  - Processing DEN message (at simulation time 175.004,700,000 s)
2025-04-25 15:02:21,578 INFO  - Route change already tried once. (at simulation time 175.004,700,000 s)
2025-04-25 15:02:21,578 INFO  - Received message from veh_6 (at simulation time 175.005,100,000 s)
2025-04-25 15:02:21,578 INFO  - Processing DEN message (at simulation time 175.005,100,000 s)
2025-04-25 15:02:21,578 INFO  - Route change already tried once. (at simulation time 175.005,100,000 s)
2025-04-25 15:02:21,578 INFO  - Received message from veh_11 (at simulation time 175.005,100,000 s)
2025-04-25 15:02:21,578 INFO  - Processing DEN message (at simulation time 175.005,100,000 s)
2025-04-25 15:02:21,578 INFO  - Route change already tried once. (at simulation time 175.005,100,000 s)
2025-04-25 15:02:21,584 INFO  - Received message from veh_16 (at simulation time 176.001,700,000 s)
2025-04-25 15:02:21,584 INFO  - Processing DEN message (at simulation time 176.001,700,000 s)
2025-04-25 15:02:21,584 INFO  - Route change already tried once. (at simulation time 176.001,700,000 s)
2025-04-25 15:02:21,585 INFO  - Received message from veh_46 (at simulation time 176.003,700,000 s)
2025-04-25 15:02:21,585 INFO  - Processing DEN message (at simulation time 176.003,700,000 s)
2025-04-25 15:02:21,585 INFO  - Route change already tried once. (at simulation time 176.003,700,000 s)
2025-04-25 15:02:21,585 INFO  - Received message from veh_6 (at simulation time 176.005,100,000 s)
2025-04-25 15:02:21,585 INFO  - Processing DEN message (at simulation time 176.005,100,000 s)
2025-04-25 15:02:21,585 INFO  - Route change already tried once. (at simulation time 176.005,100,000 s)
2025-04-25 15:02:21,585 INFO  - Received message from veh_1 (at simulation time 176.006,100,000 s)
2025-04-25 15:02:21,585 INFO  - Processing DEN message (at simulation time 176.006,100,000 s)
2025-04-25 15:02:21,585 INFO  - Route change already tried once. (at simulation time 176.006,100,000 s)
2025-04-25 15:02:21,585 INFO  - Received message from veh_11 (at simulation time 176.006,600,000 s)
2025-04-25 15:02:21,585 INFO  - Processing DEN message (at simulation time 176.006,600,000 s)
2025-04-25 15:02:21,585 INFO  - Route change already tried once. (at simulation time 176.006,600,000 s)
2025-04-25 15:02:21,590 INFO  - Received message from veh_11 (at simulation time 177.003,600,000 s)
2025-04-25 15:02:21,590 INFO  - Processing DEN message (at simulation time 177.003,600,000 s)
2025-04-25 15:02:21,590 INFO  - Route change already tried once. (at simulation time 177.003,600,000 s)
2025-04-25 15:02:21,591 INFO  - Received message from veh_6 (at simulation time 177.005,100,000 s)
2025-04-25 15:02:21,591 INFO  - Processing DEN message (at simulation time 177.005,100,000 s)
2025-04-25 15:02:21,591 INFO  - Route change already tried once. (at simulation time 177.005,100,000 s)
2025-04-25 15:02:21,591 INFO  - Received message from veh_16 (at simulation time 177.005,200,000 s)
2025-04-25 15:02:21,591 INFO  - Processing DEN message (at simulation time 177.005,200,000 s)
2025-04-25 15:02:21,591 INFO  - Route change already tried once. (at simulation time 177.005,200,000 s)
2025-04-25 15:02:21,591 INFO  - Received message from veh_46 (at simulation time 177.005,700,000 s)
2025-04-25 15:02:21,591 INFO  - Processing DEN message (at simulation time 177.005,700,000 s)
2025-04-25 15:02:21,591 INFO  - Route change already tried once. (at simulation time 177.005,700,000 s)
2025-04-25 15:02:21,591 INFO  - Received message from veh_1 (at simulation time 177.006,100,000 s)
2025-04-25 15:02:21,591 INFO  - Processing DEN message (at simulation time 177.006,100,000 s)
2025-04-25 15:02:21,591 INFO  - Route change already tried once. (at simulation time 177.006,100,000 s)
2025-04-25 15:02:21,598 INFO  - Received message from veh_1 (at simulation time 178.005,100,000 s)
2025-04-25 15:02:21,598 INFO  - Processing DEN message (at simulation time 178.005,100,000 s)
2025-04-25 15:02:21,598 INFO  - Route change already tried once. (at simulation time 178.005,100,000 s)
2025-04-25 15:02:21,598 INFO  - Received message from veh_11 (at simulation time 178.005,100,000 s)
2025-04-25 15:02:21,598 INFO  - Processing DEN message (at simulation time 178.005,100,000 s)
2025-04-25 15:02:21,598 INFO  - Route change already tried once. (at simulation time 178.005,100,000 s)
2025-04-25 15:02:21,598 INFO  - Received message from veh_6 (at simulation time 178.005,600,000 s)
2025-04-25 15:02:21,598 INFO  - Processing DEN message (at simulation time 178.005,600,000 s)
2025-04-25 15:02:21,598 INFO  - Route change already tried once. (at simulation time 178.005,600,000 s)
2025-04-25 15:02:21,599 INFO  - Received message from veh_46 (at simulation time 178.005,700,000 s)
2025-04-25 15:02:21,599 INFO  - Processing DEN message (at simulation time 178.005,700,000 s)
2025-04-25 15:02:21,599 INFO  - Route change already tried once. (at simulation time 178.005,700,000 s)
2025-04-25 15:02:21,599 INFO  - Received message from veh_16 (at simulation time 178.006,200,000 s)
2025-04-25 15:02:21,599 INFO  - Processing DEN message (at simulation time 178.006,200,000 s)
2025-04-25 15:02:21,599 INFO  - Route change already tried once. (at simulation time 178.006,200,000 s)
2025-04-25 15:02:21,603 INFO  - Received message from veh_46 (at simulation time 179.003,700,000 s)
2025-04-25 15:02:21,603 INFO  - Processing DEN message (at simulation time 179.003,700,000 s)
2025-04-25 15:02:21,603 INFO  - Route change already tried once. (at simulation time 179.003,700,000 s)
2025-04-25 15:02:21,603 INFO  - Received message from veh_1 (at simulation time 179.004,600,000 s)
2025-04-25 15:02:21,603 INFO  - Processing DEN message (at simulation time 179.004,600,000 s)
2025-04-25 15:02:21,603 INFO  - Route change already tried once. (at simulation time 179.004,600,000 s)
2025-04-25 15:02:21,604 INFO  - Received message from veh_6 (at simulation time 179.005,100,000 s)
2025-04-25 15:02:21,604 INFO  - Processing DEN message (at simulation time 179.005,100,000 s)
2025-04-25 15:02:21,604 INFO  - Route change already tried once. (at simulation time 179.005,100,000 s)
2025-04-25 15:02:21,604 INFO  - Received message from veh_16 (at simulation time 179.005,200,000 s)
2025-04-25 15:02:21,604 INFO  - Processing DEN message (at simulation time 179.005,200,000 s)
2025-04-25 15:02:21,604 INFO  - Route change already tried once. (at simulation time 179.005,200,000 s)
2025-04-25 15:02:21,604 INFO  - Received message from veh_11 (at simulation time 179.005,700,000 s)
2025-04-25 15:02:21,604 INFO  - Processing DEN message (at simulation time 179.005,700,000 s)
2025-04-25 15:02:21,604 INFO  - Route change already tried once. (at simulation time 179.005,700,000 s)
2025-04-25 15:02:21,615 INFO  - Received message from veh_16 (at simulation time 180.002,200,000 s)
2025-04-25 15:02:21,615 INFO  - Processing DEN message (at simulation time 180.002,200,000 s)
2025-04-25 15:02:21,615 INFO  - Route change already tried once. (at simulation time 180.002,200,000 s)
2025-04-25 15:02:21,615 INFO  - Received message from veh_11 (at simulation time 180.004,200,000 s)
2025-04-25 15:02:21,615 INFO  - Processing DEN message (at simulation time 180.004,200,000 s)
2025-04-25 15:02:21,615 INFO  - Route change already tried once. (at simulation time 180.004,200,000 s)
2025-04-25 15:02:21,615 INFO  - Received message from veh_46 (at simulation time 180.004,200,000 s)
2025-04-25 15:02:21,615 INFO  - Processing DEN message (at simulation time 180.004,200,000 s)
2025-04-25 15:02:21,616 INFO  - Route change already tried once. (at simulation time 180.004,200,000 s)
2025-04-25 15:02:21,616 INFO  - Received message from veh_6 (at simulation time 180.006,100,000 s)
2025-04-25 15:02:21,616 INFO  - Processing DEN message (at simulation time 180.006,100,000 s)
2025-04-25 15:02:21,616 INFO  - Route change already tried once. (at simulation time 180.006,100,000 s)
2025-04-25 15:02:21,616 INFO  - Received message from veh_1 (at simulation time 180.007,600,000 s)
2025-04-25 15:02:21,616 INFO  - Processing DEN message (at simulation time 180.007,600,000 s)
2025-04-25 15:02:21,616 INFO  - Route change already tried once. (at simulation time 180.007,600,000 s)
2025-04-25 15:02:21,621 INFO  - Received message from veh_16 (at simulation time 181.002,700,000 s)
2025-04-25 15:02:21,621 INFO  - Processing DEN message (at simulation time 181.002,700,000 s)
2025-04-25 15:02:21,621 INFO  - Route change already tried once. (at simulation time 181.002,700,000 s)
2025-04-25 15:02:21,621 INFO  - Received message from veh_11 (at simulation time 181.004,200,000 s)
2025-04-25 15:02:21,621 INFO  - Processing DEN message (at simulation time 181.004,200,000 s)
2025-04-25 15:02:21,621 INFO  - Route change already tried once. (at simulation time 181.004,200,000 s)
2025-04-25 15:02:21,621 INFO  - Received message from veh_46 (at simulation time 181.004,200,000 s)
2025-04-25 15:02:21,621 INFO  - Processing DEN message (at simulation time 181.004,200,000 s)
2025-04-25 15:02:21,621 INFO  - Route change already tried once. (at simulation time 181.004,200,000 s)
2025-04-25 15:02:21,621 INFO  - Received message from veh_1 (at simulation time 181.005,600,000 s)
2025-04-25 15:02:21,621 INFO  - Processing DEN message (at simulation time 181.005,600,000 s)
2025-04-25 15:02:21,621 INFO  - Route change already tried once. (at simulation time 181.005,600,000 s)
2025-04-25 15:02:21,621 INFO  - Received message from veh_6 (at simulation time 181.006,600,000 s)
2025-04-25 15:02:21,621 INFO  - Processing DEN message (at simulation time 181.006,600,000 s)
2025-04-25 15:02:21,621 INFO  - Route change already tried once. (at simulation time 181.006,600,000 s)
2025-04-25 15:02:21,627 INFO  - Received message from veh_11 (at simulation time 182.003,200,000 s)
2025-04-25 15:02:21,627 INFO  - Processing DEN message (at simulation time 182.003,200,000 s)
2025-04-25 15:02:21,627 INFO  - Route change already tried once. (at simulation time 182.003,200,000 s)
2025-04-25 15:02:21,627 INFO  - Received message from veh_16 (at simulation time 182.004,200,000 s)
2025-04-25 15:02:21,627 INFO  - Processing DEN message (at simulation time 182.004,200,000 s)
2025-04-25 15:02:21,627 INFO  - Route change already tried once. (at simulation time 182.004,200,000 s)
2025-04-25 15:02:21,627 INFO  - Received message from veh_1 (at simulation time 182.004,600,000 s)
2025-04-25 15:02:21,627 INFO  - Processing DEN message (at simulation time 182.004,600,000 s)
2025-04-25 15:02:21,627 INFO  - Route change already tried once. (at simulation time 182.004,600,000 s)
2025-04-25 15:02:21,627 INFO  - Received message from veh_46 (at simulation time 182.006,200,000 s)
2025-04-25 15:02:21,627 INFO  - Processing DEN message (at simulation time 182.006,200,000 s)
2025-04-25 15:02:21,627 INFO  - Route change already tried once. (at simulation time 182.006,200,000 s)
2025-04-25 15:02:21,627 INFO  - Received message from veh_6 (at simulation time 182.007,600,000 s)
2025-04-25 15:02:21,628 INFO  - Processing DEN message (at simulation time 182.007,600,000 s)
2025-04-25 15:02:21,628 INFO  - Route change already tried once. (at simulation time 182.007,600,000 s)
2025-04-25 15:02:21,632 INFO  - Received message from veh_6 (at simulation time 183.004,600,000 s)
2025-04-25 15:02:21,632 INFO  - Processing DEN message (at simulation time 183.004,600,000 s)
2025-04-25 15:02:21,632 INFO  - Route change already tried once. (at simulation time 183.004,600,000 s)
2025-04-25 15:02:21,632 INFO  - Received message from veh_11 (at simulation time 183.004,700,000 s)
2025-04-25 15:02:21,632 INFO  - Processing DEN message (at simulation time 183.004,700,000 s)
2025-04-25 15:02:21,632 INFO  - Route change already tried once. (at simulation time 183.004,700,000 s)
2025-04-25 15:02:21,632 INFO  - Received message from veh_16 (at simulation time 183.004,700,000 s)
2025-04-25 15:02:21,632 INFO  - Processing DEN message (at simulation time 183.004,700,000 s)
2025-04-25 15:02:21,632 INFO  - Route change already tried once. (at simulation time 183.004,700,000 s)
2025-04-25 15:02:21,633 INFO  - Received message from veh_1 (at simulation time 183.005,100,000 s)
2025-04-25 15:02:21,633 INFO  - Processing DEN message (at simulation time 183.005,100,000 s)
2025-04-25 15:02:21,633 INFO  - Route change already tried once. (at simulation time 183.005,100,000 s)
2025-04-25 15:02:21,633 INFO  - Received message from veh_46 (at simulation time 183.005,200,000 s)
2025-04-25 15:02:21,633 INFO  - Processing DEN message (at simulation time 183.005,200,000 s)
2025-04-25 15:02:21,633 INFO  - Route change already tried once. (at simulation time 183.005,200,000 s)
2025-04-25 15:02:21,703 INFO  - Received message from veh_46 (at simulation time 184.002,700,000 s)
2025-04-25 15:02:21,703 INFO  - Processing DEN message (at simulation time 184.002,700,000 s)
2025-04-25 15:02:21,703 INFO  - Route change already tried once. (at simulation time 184.002,700,000 s)
2025-04-25 15:02:21,703 INFO  - Received message from veh_51 (at simulation time 184.002,700,000 s)
2025-04-25 15:02:21,703 INFO  - Processing DEN message (at simulation time 184.002,700,000 s)
2025-04-25 15:02:21,703 INFO  - Route change already tried once. (at simulation time 184.002,700,000 s)
2025-04-25 15:02:21,704 INFO  - Received message from veh_6 (at simulation time 184.006,100,000 s)
2025-04-25 15:02:21,704 INFO  - Processing DEN message (at simulation time 184.006,100,000 s)
2025-04-25 15:02:21,704 INFO  - Route change already tried once. (at simulation time 184.006,100,000 s)
2025-04-25 15:02:21,704 INFO  - Received message from veh_11 (at simulation time 184.006,100,000 s)
2025-04-25 15:02:21,704 INFO  - Processing DEN message (at simulation time 184.006,100,000 s)
2025-04-25 15:02:21,704 INFO  - Route change already tried once. (at simulation time 184.006,100,000 s)
2025-04-25 15:02:21,704 INFO  - Received message from veh_1 (at simulation time 184.006,500,000 s)
2025-04-25 15:02:21,704 INFO  - Processing DEN message (at simulation time 184.006,500,000 s)
2025-04-25 15:02:21,704 INFO  - Route change already tried once. (at simulation time 184.006,500,000 s)
2025-04-25 15:02:21,704 INFO  - Received message from veh_16 (at simulation time 184.006,600,000 s)
2025-04-25 15:02:21,704 INFO  - Processing DEN message (at simulation time 184.006,600,000 s)
2025-04-25 15:02:21,704 INFO  - Route change already tried once. (at simulation time 184.006,600,000 s)
2025-04-25 15:02:21,715 INFO  - Received message from veh_46 (at simulation time 185.003,200,000 s)
2025-04-25 15:02:21,715 INFO  - Processing DEN message (at simulation time 185.003,200,000 s)
2025-04-25 15:02:21,715 INFO  - Route change already tried once. (at simulation time 185.003,200,000 s)
2025-04-25 15:02:21,716 INFO  - Received message from veh_51 (at simulation time 185.003,700,000 s)
2025-04-25 15:02:21,716 INFO  - Processing DEN message (at simulation time 185.003,700,000 s)
2025-04-25 15:02:21,716 INFO  - Route change already tried once. (at simulation time 185.003,700,000 s)
2025-04-25 15:02:21,716 INFO  - Received message from veh_1 (at simulation time 185.004,000,000 s)
2025-04-25 15:02:21,716 INFO  - Processing DEN message (at simulation time 185.004,000,000 s)
2025-04-25 15:02:21,716 INFO  - Route change already tried once. (at simulation time 185.004,000,000 s)
2025-04-25 15:02:21,716 INFO  - Received message from veh_6 (at simulation time 185.004,100,000 s)
2025-04-25 15:02:21,716 INFO  - Processing DEN message (at simulation time 185.004,100,000 s)
2025-04-25 15:02:21,716 INFO  - Route change already tried once. (at simulation time 185.004,100,000 s)
2025-04-25 15:02:21,716 INFO  - Received message from veh_16 (at simulation time 185.005,600,000 s)
2025-04-25 15:02:21,716 INFO  - Processing DEN message (at simulation time 185.005,600,000 s)
2025-04-25 15:02:21,716 INFO  - Route change already tried once. (at simulation time 185.005,600,000 s)
2025-04-25 15:02:21,716 INFO  - Received message from veh_11 (at simulation time 185.006,100,000 s)
2025-04-25 15:02:21,716 INFO  - Processing DEN message (at simulation time 185.006,100,000 s)
2025-04-25 15:02:21,716 INFO  - Route change already tried once. (at simulation time 185.006,100,000 s)
2025-04-25 15:02:21,723 INFO  - Received message from veh_51 (at simulation time 186.003,700,000 s)
2025-04-25 15:02:21,723 INFO  - Processing DEN message (at simulation time 186.003,700,000 s)
2025-04-25 15:02:21,723 INFO  - Route change already tried once. (at simulation time 186.003,700,000 s)
2025-04-25 15:02:21,723 INFO  - Received message from veh_11 (at simulation time 186.004,100,000 s)
2025-04-25 15:02:21,724 INFO  - Processing DEN message (at simulation time 186.004,100,000 s)
2025-04-25 15:02:21,724 INFO  - Route change already tried once. (at simulation time 186.004,100,000 s)
2025-04-25 15:02:21,724 INFO  - Received message from veh_46 (at simulation time 186.004,700,000 s)
2025-04-25 15:02:21,724 INFO  - Processing DEN message (at simulation time 186.004,700,000 s)
2025-04-25 15:02:21,724 INFO  - Route change already tried once. (at simulation time 186.004,700,000 s)
2025-04-25 15:02:21,724 INFO  - Received message from veh_16 (at simulation time 186.005,600,000 s)
2025-04-25 15:02:21,724 INFO  - Processing DEN message (at simulation time 186.005,600,000 s)
2025-04-25 15:02:21,724 INFO  - Route change already tried once. (at simulation time 186.005,600,000 s)
2025-04-25 15:02:21,724 INFO  - Received message from veh_6 (at simulation time 186.006,600,000 s)
2025-04-25 15:02:21,724 INFO  - Processing DEN message (at simulation time 186.006,600,000 s)
2025-04-25 15:02:21,724 INFO  - Route change already tried once. (at simulation time 186.006,600,000 s)
2025-04-25 15:02:21,724 INFO  - Received message from veh_1 (at simulation time 186.007,500,000 s)
2025-04-25 15:02:21,724 INFO  - Processing DEN message (at simulation time 186.007,500,000 s)
2025-04-25 15:02:21,724 INFO  - Route change already tried once. (at simulation time 186.007,500,000 s)
2025-04-25 15:02:21,729 INFO  - Received message from veh_51 (at simulation time 187.002,700,000 s)
2025-04-25 15:02:21,729 INFO  - Processing DEN message (at simulation time 187.002,700,000 s)
2025-04-25 15:02:21,729 INFO  - Route change already tried once. (at simulation time 187.002,700,000 s)
2025-04-25 15:02:21,729 INFO  - Received message from veh_6 (at simulation time 187.003,600,000 s)
2025-04-25 15:02:21,729 INFO  - Processing DEN message (at simulation time 187.003,600,000 s)
2025-04-25 15:02:21,729 INFO  - Route change already tried once. (at simulation time 187.003,600,000 s)
2025-04-25 15:02:21,729 INFO  - Received message from veh_46 (at simulation time 187.005,200,000 s)
2025-04-25 15:02:21,729 INFO  - Processing DEN message (at simulation time 187.005,200,000 s)
2025-04-25 15:02:21,729 INFO  - Route change already tried once. (at simulation time 187.005,200,000 s)
2025-04-25 15:02:21,729 INFO  - Received message from veh_11 (at simulation time 187.005,600,000 s)
2025-04-25 15:02:21,729 INFO  - Processing DEN message (at simulation time 187.005,600,000 s)
2025-04-25 15:02:21,729 INFO  - Route change already tried once. (at simulation time 187.005,600,000 s)
2025-04-25 15:02:21,729 INFO  - Received message from veh_16 (at simulation time 187.005,600,000 s)
2025-04-25 15:02:21,729 INFO  - Processing DEN message (at simulation time 187.005,600,000 s)
2025-04-25 15:02:21,729 INFO  - Route change already tried once. (at simulation time 187.005,600,000 s)
2025-04-25 15:02:21,729 INFO  - Received message from veh_1 (at simulation time 187.006,500,000 s)
2025-04-25 15:02:21,729 INFO  - Processing DEN message (at simulation time 187.006,500,000 s)
2025-04-25 15:02:21,729 INFO  - Route change already tried once. (at simulation time 187.006,500,000 s)
2025-04-25 15:02:21,737 INFO  - Received message from veh_11 (at simulation time 188.004,100,000 s)
2025-04-25 15:02:21,737 INFO  - Processing DEN message (at simulation time 188.004,100,000 s)
2025-04-25 15:02:21,737 INFO  - Route change already tried once. (at simulation time 188.004,100,000 s)
2025-04-25 15:02:21,737 INFO  - Received message from veh_6 (at simulation time 188.005,100,000 s)
2025-04-25 15:02:21,737 INFO  - Processing DEN message (at simulation time 188.005,100,000 s)
2025-04-25 15:02:21,737 INFO  - Route change already tried once. (at simulation time 188.005,100,000 s)
2025-04-25 15:02:21,737 INFO  - Received message from veh_16 (at simulation time 188.005,700,000 s)
2025-04-25 15:02:21,737 INFO  - Processing DEN message (at simulation time 188.005,700,000 s)
2025-04-25 15:02:21,737 INFO  - Route change already tried once. (at simulation time 188.005,700,000 s)
2025-04-25 15:02:21,737 INFO  - Received message from veh_46 (at simulation time 188.005,700,000 s)
2025-04-25 15:02:21,737 INFO  - Processing DEN message (at simulation time 188.005,700,000 s)
2025-04-25 15:02:21,737 INFO  - Route change already tried once. (at simulation time 188.005,700,000 s)
2025-04-25 15:02:21,737 INFO  - Received message from veh_51 (at simulation time 188.006,200,000 s)
2025-04-25 15:02:21,737 INFO  - Processing DEN message (at simulation time 188.006,200,000 s)
2025-04-25 15:02:21,737 INFO  - Route change already tried once. (at simulation time 188.006,200,000 s)
2025-04-25 15:02:21,737 INFO  - Received message from veh_1 (at simulation time 188.006,600,000 s)
2025-04-25 15:02:21,737 INFO  - Processing DEN message (at simulation time 188.006,600,000 s)
2025-04-25 15:02:21,737 INFO  - Route change already tried once. (at simulation time 188.006,600,000 s)
2025-04-25 15:02:21,743 INFO  - Received message from veh_11 (at simulation time 189.003,100,000 s)
2025-04-25 15:02:21,743 INFO  - Processing DEN message (at simulation time 189.003,100,000 s)
2025-04-25 15:02:21,743 INFO  - Route change already tried once. (at simulation time 189.003,100,000 s)
2025-04-25 15:02:21,743 INFO  - Received message from veh_16 (at simulation time 189.003,200,000 s)
2025-04-25 15:02:21,743 INFO  - Processing DEN message (at simulation time 189.003,200,000 s)
2025-04-25 15:02:21,743 INFO  - Route change already tried once. (at simulation time 189.003,200,000 s)
2025-04-25 15:02:21,743 INFO  - Received message from veh_46 (at simulation time 189.003,200,000 s)
2025-04-25 15:02:21,743 INFO  - Processing DEN message (at simulation time 189.003,200,000 s)
2025-04-25 15:02:21,743 INFO  - Route change already tried once. (at simulation time 189.003,200,000 s)
2025-04-25 15:02:21,743 INFO  - Received message from veh_1 (at simulation time 189.004,600,000 s)
2025-04-25 15:02:21,743 INFO  - Processing DEN message (at simulation time 189.004,600,000 s)
2025-04-25 15:02:21,743 INFO  - Route change already tried once. (at simulation time 189.004,600,000 s)
2025-04-25 15:02:21,743 INFO  - Received message from veh_51 (at simulation time 189.006,700,000 s)
2025-04-25 15:02:21,743 INFO  - Processing DEN message (at simulation time 189.006,700,000 s)
2025-04-25 15:02:21,743 INFO  - Route change already tried once. (at simulation time 189.006,700,000 s)
2025-04-25 15:02:21,743 INFO  - Received message from veh_6 (at simulation time 189.007,100,000 s)
2025-04-25 15:02:21,743 INFO  - Processing DEN message (at simulation time 189.007,100,000 s)
2025-04-25 15:02:21,743 INFO  - Route change already tried once. (at simulation time 189.007,100,000 s)
2025-04-25 15:02:22,373 INFO  - Received message from veh_56 (at simulation time 251.004,500,000 s)
2025-04-25 15:02:22,373 INFO  - Processing DEN message (at simulation time 251.004,500,000 s)
2025-04-25 15:02:22,373 INFO  - Route change already tried once. (at simulation time 251.004,500,000 s)
2025-04-25 15:02:22,374 INFO  - Received message from veh_16 (at simulation time 251.006,900,000 s)
2025-04-25 15:02:22,374 INFO  - Processing DEN message (at simulation time 251.006,900,000 s)
2025-04-25 15:02:22,374 INFO  - Route change already tried once. (at simulation time 251.006,900,000 s)
2025-04-25 15:02:22,374 INFO  - Received message from veh_51 (at simulation time 251.007,500,000 s)
2025-04-25 15:02:22,374 INFO  - Processing DEN message (at simulation time 251.007,500,000 s)
2025-04-25 15:02:22,374 INFO  - Route change already tried once. (at simulation time 251.007,500,000 s)
2025-04-25 15:02:22,374 INFO  - Received message from veh_1 (at simulation time 251.007,900,000 s)
2025-04-25 15:02:22,374 INFO  - Processing DEN message (at simulation time 251.007,900,000 s)
2025-04-25 15:02:22,374 INFO  - Route change already tried once. (at simulation time 251.007,900,000 s)
2025-04-25 15:02:22,374 INFO  - Received message from veh_46 (at simulation time 251.008,500,000 s)
2025-04-25 15:02:22,374 INFO  - Processing DEN message (at simulation time 251.008,500,000 s)
2025-04-25 15:02:22,374 INFO  - Route change already tried once. (at simulation time 251.008,500,000 s)
2025-04-25 15:02:22,375 INFO  - Received message from veh_6 (at simulation time 251.009,400,000 s)
2025-04-25 15:02:22,375 INFO  - Processing DEN message (at simulation time 251.009,400,000 s)
2025-04-25 15:02:22,375 INFO  - Route change already tried once. (at simulation time 251.009,400,000 s)
2025-04-25 15:02:22,375 INFO  - Received message from veh_11 (at simulation time 251.009,400,000 s)
2025-04-25 15:02:22,375 INFO  - Processing DEN message (at simulation time 251.009,400,000 s)
2025-04-25 15:02:22,375 INFO  - Route change already tried once. (at simulation time 251.009,400,000 s)
2025-04-25 15:02:22,380 INFO  - Received message from veh_51 (at simulation time 252.005,000,000 s)
2025-04-25 15:02:22,380 INFO  - Processing DEN message (at simulation time 252.005,000,000 s)
2025-04-25 15:02:22,380 INFO  - Route change already tried once. (at simulation time 252.005,000,000 s)
2025-04-25 15:02:22,381 INFO  - Received message from veh_11 (at simulation time 252.005,900,000 s)
2025-04-25 15:02:22,381 INFO  - Processing DEN message (at simulation time 252.005,900,000 s)
2025-04-25 15:02:22,381 INFO  - Route change already tried once. (at simulation time 252.005,900,000 s)
2025-04-25 15:02:22,381 INFO  - Received message from veh_56 (at simulation time 252.006,000,000 s)
2025-04-25 15:02:22,381 INFO  - Processing DEN message (at simulation time 252.006,000,000 s)
2025-04-25 15:02:22,381 INFO  - Route change already tried once. (at simulation time 252.006,000,000 s)
2025-04-25 15:02:22,381 INFO  - Received message from veh_46 (at simulation time 252.007,000,000 s)
2025-04-25 15:02:22,381 INFO  - Processing DEN message (at simulation time 252.007,000,000 s)
2025-04-25 15:02:22,381 INFO  - Route change already tried once. (at simulation time 252.007,000,000 s)
2025-04-25 15:02:22,381 INFO  - Received message from veh_1 (at simulation time 252.007,400,000 s)
2025-04-25 15:02:22,381 INFO  - Processing DEN message (at simulation time 252.007,400,000 s)
2025-04-25 15:02:22,381 INFO  - Route change already tried once. (at simulation time 252.007,400,000 s)
2025-04-25 15:02:22,381 INFO  - Received message from veh_16 (at simulation time 252.007,400,000 s)
2025-04-25 15:02:22,381 INFO  - Processing DEN message (at simulation time 252.007,400,000 s)
2025-04-25 15:02:22,381 INFO  - Route change already tried once. (at simulation time 252.007,400,000 s)
2025-04-25 15:02:22,381 INFO  - Received message from veh_6 (at simulation time 252.009,400,000 s)
2025-04-25 15:02:22,381 INFO  - Processing DEN message (at simulation time 252.009,400,000 s)
2025-04-25 15:02:22,381 INFO  - Route change already tried once. (at simulation time 252.009,400,000 s)
2025-04-25 15:02:22,387 INFO  - Received message from veh_51 (at simulation time 253.006,900,000 s)
2025-04-25 15:02:22,387 INFO  - Processing DEN message (at simulation time 253.006,900,000 s)
2025-04-25 15:02:22,387 INFO  - Route change already tried once. (at simulation time 253.006,900,000 s)
2025-04-25 15:02:22,387 INFO  - Received message from veh_16 (at simulation time 253.007,800,000 s)
2025-04-25 15:02:22,387 INFO  - Processing DEN message (at simulation time 253.007,800,000 s)
2025-04-25 15:02:22,387 INFO  - Route change already tried once. (at simulation time 253.007,800,000 s)
2025-04-25 15:02:22,387 INFO  - Received message from veh_46 (at simulation time 253.008,400,000 s)
2025-04-25 15:02:22,387 INFO  - Processing DEN message (at simulation time 253.008,400,000 s)
2025-04-25 15:02:22,387 INFO  - Route change already tried once. (at simulation time 253.008,400,000 s)
2025-04-25 15:02:22,387 INFO  - Received message from veh_11 (at simulation time 253.009,300,000 s)
2025-04-25 15:02:22,387 INFO  - Processing DEN message (at simulation time 253.009,300,000 s)
2025-04-25 15:02:22,387 INFO  - Route change already tried once. (at simulation time 253.009,300,000 s)
2025-04-25 15:02:22,387 INFO  - Received message from veh_56 (at simulation time 253.009,400,000 s)
2025-04-25 15:02:22,387 INFO  - Processing DEN message (at simulation time 253.009,400,000 s)
2025-04-25 15:02:22,387 INFO  - Route change already tried once. (at simulation time 253.009,400,000 s)
2025-04-25 15:02:22,387 INFO  - Received message from veh_1 (at simulation time 253.009,800,000 s)
2025-04-25 15:02:22,387 INFO  - Processing DEN message (at simulation time 253.009,800,000 s)
2025-04-25 15:02:22,387 INFO  - Route change already tried once. (at simulation time 253.009,800,000 s)
2025-04-25 15:02:22,387 INFO  - Received message from veh_6 (at simulation time 253.009,800,000 s)
2025-04-25 15:02:22,387 INFO  - Processing DEN message (at simulation time 253.009,800,000 s)
2025-04-25 15:02:22,387 INFO  - Route change already tried once. (at simulation time 253.009,800,000 s)
2025-04-25 15:02:22,393 INFO  - Received message from veh_51 (at simulation time 254.005,900,000 s)
2025-04-25 15:02:22,393 INFO  - Processing DEN message (at simulation time 254.005,900,000 s)
2025-04-25 15:02:22,393 INFO  - Route change already tried once. (at simulation time 254.005,900,000 s)
2025-04-25 15:02:22,394 INFO  - Received message from veh_56 (at simulation time 254.007,000,000 s)
2025-04-25 15:02:22,394 INFO  - Processing DEN message (at simulation time 254.007,000,000 s)
2025-04-25 15:02:22,394 INFO  - Route change already tried once. (at simulation time 254.007,000,000 s)
2025-04-25 15:02:22,394 INFO  - Received message from veh_46 (at simulation time 254.007,900,000 s)
2025-04-25 15:02:22,394 INFO  - Processing DEN message (at simulation time 254.007,900,000 s)
2025-04-25 15:02:22,394 INFO  - Route change already tried once. (at simulation time 254.007,900,000 s)
2025-04-25 15:02:22,394 INFO  - Received message from veh_86 (at simulation time 254.008,500,000 s)
2025-04-25 15:02:22,394 INFO  - Processing DEN message (at simulation time 254.008,500,000 s)
2025-04-25 15:02:22,394 INFO  - Route change already tried once. (at simulation time 254.008,500,000 s)
2025-04-25 15:02:22,394 INFO  - Received message from veh_11 (at simulation time 254.009,400,000 s)
2025-04-25 15:02:22,394 INFO  - Processing DEN message (at simulation time 254.009,400,000 s)
2025-04-25 15:02:22,394 INFO  - Route change already tried once. (at simulation time 254.009,400,000 s)
2025-04-25 15:02:22,394 INFO  - Received message from veh_16 (at simulation time 254.009,400,000 s)
2025-04-25 15:02:22,394 INFO  - Processing DEN message (at simulation time 254.009,400,000 s)
2025-04-25 15:02:22,394 INFO  - Route change already tried once. (at simulation time 254.009,400,000 s)
2025-04-25 15:02:22,394 INFO  - Received message from veh_1 (at simulation time 254.011,300,000 s)
2025-04-25 15:02:22,394 INFO  - Processing DEN message (at simulation time 254.011,300,000 s)
2025-04-25 15:02:22,394 INFO  - Route change already tried once. (at simulation time 254.011,300,000 s)
2025-04-25 15:02:22,394 INFO  - Received message from veh_6 (at simulation time 254.013,300,000 s)
2025-04-25 15:02:22,394 INFO  - Processing DEN message (at simulation time 254.013,300,000 s)
2025-04-25 15:02:22,394 INFO  - Route change already tried once. (at simulation time 254.013,300,000 s)
2025-04-25 15:02:22,410 INFO  - Received message from veh_56 (at simulation time 255.006,000,000 s)
2025-04-25 15:02:22,410 INFO  - Processing DEN message (at simulation time 255.006,000,000 s)
2025-04-25 15:02:22,410 INFO  - Route change already tried once. (at simulation time 255.006,000,000 s)
2025-04-25 15:02:22,411 INFO  - Received message from veh_1 (at simulation time 255.007,300,000 s)
2025-04-25 15:02:22,411 INFO  - Processing DEN message (at simulation time 255.007,300,000 s)
2025-04-25 15:02:22,411 INFO  - Route change already tried once. (at simulation time 255.007,300,000 s)
2025-04-25 15:02:22,411 INFO  - Received message from veh_11 (at simulation time 255.007,400,000 s)
2025-04-25 15:02:22,411 INFO  - Processing DEN message (at simulation time 255.007,400,000 s)
2025-04-25 15:02:22,411 INFO  - Route change already tried once. (at simulation time 255.007,400,000 s)
2025-04-25 15:02:22,411 INFO  - Received message from veh_51 (at simulation time 255.007,900,000 s)
2025-04-25 15:02:22,411 INFO  - Processing DEN message (at simulation time 255.007,900,000 s)
2025-04-25 15:02:22,411 INFO  - Route change already tried once. (at simulation time 255.007,900,000 s)
2025-04-25 15:02:22,411 INFO  - Received message from veh_86 (at simulation time 255.008,500,000 s)
2025-04-25 15:02:22,411 INFO  - Processing DEN message (at simulation time 255.008,500,000 s)
2025-04-25 15:02:22,411 INFO  - Route change already tried once. (at simulation time 255.008,500,000 s)
2025-04-25 15:02:22,411 INFO  - Received message from veh_16 (at simulation time 255.009,900,000 s)
2025-04-25 15:02:22,411 INFO  - Processing DEN message (at simulation time 255.009,900,000 s)
2025-04-25 15:02:22,411 INFO  - Route change already tried once. (at simulation time 255.009,900,000 s)
2025-04-25 15:02:22,411 INFO  - Received message from veh_46 (at simulation time 255.011,900,000 s)
2025-04-25 15:02:22,411 INFO  - Processing DEN message (at simulation time 255.011,900,000 s)
2025-04-25 15:02:22,411 INFO  - Route change already tried once. (at simulation time 255.011,900,000 s)
2025-04-25 15:02:22,412 INFO  - Received message from veh_6 (at simulation time 255.013,300,000 s)
2025-04-25 15:02:22,412 INFO  - Processing DEN message (at simulation time 255.013,300,000 s)
2025-04-25 15:02:22,412 INFO  - Route change already tried once. (at simulation time 255.013,300,000 s)
2025-04-25 15:02:22,417 INFO  - Received message from veh_51 (at simulation time 256.002,900,000 s)
2025-04-25 15:02:22,417 INFO  - Processing DEN message (at simulation time 256.002,900,000 s)
2025-04-25 15:02:22,417 INFO  - Route change already tried once. (at simulation time 256.002,900,000 s)
2025-04-25 15:02:22,418 INFO  - Received message from veh_46 (at simulation time 256.005,900,000 s)
2025-04-25 15:02:22,418 INFO  - Processing DEN message (at simulation time 256.005,900,000 s)
2025-04-25 15:02:22,418 INFO  - Route change already tried once. (at simulation time 256.005,900,000 s)
2025-04-25 15:02:22,418 INFO  - Received message from veh_56 (at simulation time 256.006,500,000 s)
2025-04-25 15:02:22,418 INFO  - Processing DEN message (at simulation time 256.006,500,000 s)
2025-04-25 15:02:22,418 INFO  - Route change already tried once. (at simulation time 256.006,500,000 s)
2025-04-25 15:02:22,418 INFO  - Received message from veh_1 (at simulation time 256.008,300,000 s)
2025-04-25 15:02:22,418 INFO  - Processing DEN message (at simulation time 256.008,300,000 s)
2025-04-25 15:02:22,418 INFO  - Route change already tried once. (at simulation time 256.008,300,000 s)
2025-04-25 15:02:22,418 INFO  - Received message from veh_86 (at simulation time 256.008,500,000 s)
2025-04-25 15:02:22,418 INFO  - Processing DEN message (at simulation time 256.008,500,000 s)
2025-04-25 15:02:22,418 INFO  - Route change already tried once. (at simulation time 256.008,500,000 s)
2025-04-25 15:02:22,418 INFO  - Received message from veh_6 (at simulation time 256.009,300,000 s)
2025-04-25 15:02:22,418 INFO  - Processing DEN message (at simulation time 256.009,300,000 s)
2025-04-25 15:02:22,418 INFO  - Route change already tried once. (at simulation time 256.009,300,000 s)
2025-04-25 15:02:22,418 INFO  - Received message from veh_11 (at simulation time 256.009,900,000 s)
2025-04-25 15:02:22,419 INFO  - Processing DEN message (at simulation time 256.009,900,000 s)
2025-04-25 15:02:22,419 INFO  - Route change already tried once. (at simulation time 256.009,900,000 s)
2025-04-25 15:02:22,419 INFO  - Received message from veh_16 (at simulation time 256.010,400,000 s)
2025-04-25 15:02:22,419 INFO  - Processing DEN message (at simulation time 256.010,400,000 s)
2025-04-25 15:02:22,419 INFO  - Route change already tried once. (at simulation time 256.010,400,000 s)
2025-04-25 15:02:22,425 INFO  - Received message from veh_51 (at simulation time 257.004,000,000 s)
2025-04-25 15:02:22,425 INFO  - Processing DEN message (at simulation time 257.004,000,000 s)
2025-04-25 15:02:22,425 INFO  - Route change already tried once. (at simulation time 257.004,000,000 s)
2025-04-25 15:02:22,427 INFO  - Received message from veh_11 (at simulation time 257.006,900,000 s)
2025-04-25 15:02:22,427 INFO  - Processing DEN message (at simulation time 257.006,900,000 s)
2025-04-25 15:02:22,427 INFO  - Route change already tried once. (at simulation time 257.006,900,000 s)
2025-04-25 15:02:22,427 INFO  - Received message from veh_86 (at simulation time 257.007,000,000 s)
2025-04-25 15:02:22,427 INFO  - Processing DEN message (at simulation time 257.007,000,000 s)
2025-04-25 15:02:22,427 INFO  - Route change already tried once. (at simulation time 257.007,000,000 s)
2025-04-25 15:02:22,427 INFO  - Received message from veh_56 (at simulation time 257.007,500,000 s)
2025-04-25 15:02:22,427 INFO  - Processing DEN message (at simulation time 257.007,500,000 s)
2025-04-25 15:02:22,427 INFO  - Route change already tried once. (at simulation time 257.007,500,000 s)
2025-04-25 15:02:22,427 INFO  - Received message from veh_16 (at simulation time 257.007,900,000 s)
2025-04-25 15:02:22,427 INFO  - Processing DEN message (at simulation time 257.007,900,000 s)
2025-04-25 15:02:22,427 INFO  - Route change already tried once. (at simulation time 257.007,900,000 s)
2025-04-25 15:02:22,427 INFO  - Received message from veh_46 (at simulation time 257.007,900,000 s)
2025-04-25 15:02:22,427 INFO  - Processing DEN message (at simulation time 257.007,900,000 s)
2025-04-25 15:02:22,427 INFO  - Route change already tried once. (at simulation time 257.007,900,000 s)
2025-04-25 15:02:22,427 INFO  - Received message from veh_6 (at simulation time 257.009,900,000 s)
2025-04-25 15:02:22,427 INFO  - Processing DEN message (at simulation time 257.009,900,000 s)
2025-04-25 15:02:22,427 INFO  - Route change already tried once. (at simulation time 257.009,900,000 s)
2025-04-25 15:02:22,427 INFO  - Received message from veh_1 (at simulation time 257.011,800,000 s)
2025-04-25 15:02:22,427 INFO  - Processing DEN message (at simulation time 257.011,800,000 s)
2025-04-25 15:02:22,427 INFO  - Route change already tried once. (at simulation time 257.011,800,000 s)
2025-04-25 15:02:22,434 INFO  - Received message from veh_56 (at simulation time 258.006,500,000 s)
2025-04-25 15:02:22,434 INFO  - Processing DEN message (at simulation time 258.006,500,000 s)
2025-04-25 15:02:22,434 INFO  - Route change already tried once. (at simulation time 258.006,500,000 s)
2025-04-25 15:02:22,434 INFO  - Received message from veh_51 (at simulation time 258.008,000,000 s)
2025-04-25 15:02:22,434 INFO  - Processing DEN message (at simulation time 258.008,000,000 s)
2025-04-25 15:02:22,434 INFO  - Route change already tried once. (at simulation time 258.008,000,000 s)
2025-04-25 15:02:22,435 INFO  - Received message from veh_1 (at simulation time 258.008,800,000 s)
2025-04-25 15:02:22,435 INFO  - Processing DEN message (at simulation time 258.008,800,000 s)
2025-04-25 15:02:22,435 INFO  - Route change already tried once. (at simulation time 258.008,800,000 s)
2025-04-25 15:02:22,435 INFO  - Received message from veh_11 (at simulation time 258.008,900,000 s)
2025-04-25 15:02:22,435 INFO  - Processing DEN message (at simulation time 258.008,900,000 s)
2025-04-25 15:02:22,435 INFO  - Route change already tried once. (at simulation time 258.008,900,000 s)
2025-04-25 15:02:22,435 INFO  - Received message from veh_46 (at simulation time 258.009,400,000 s)
2025-04-25 15:02:22,435 INFO  - Processing DEN message (at simulation time 258.009,400,000 s)
2025-04-25 15:02:22,435 INFO  - Route change already tried once. (at simulation time 258.009,400,000 s)
2025-04-25 15:02:22,435 INFO  - Received message from veh_86 (at simulation time 258.009,500,000 s)
2025-04-25 15:02:22,435 INFO  - Processing DEN message (at simulation time 258.009,500,000 s)
2025-04-25 15:02:22,435 INFO  - Route change already tried once. (at simulation time 258.009,500,000 s)
2025-04-25 15:02:22,435 INFO  - Received message from veh_16 (at simulation time 258.009,900,000 s)
2025-04-25 15:02:22,435 INFO  - Processing DEN message (at simulation time 258.009,900,000 s)
2025-04-25 15:02:22,435 INFO  - Route change already tried once. (at simulation time 258.009,900,000 s)
2025-04-25 15:02:22,435 INFO  - Received message from veh_6 (at simulation time 258.011,400,000 s)
2025-04-25 15:02:22,435 INFO  - Processing DEN message (at simulation time 258.011,400,000 s)
2025-04-25 15:02:22,435 INFO  - Route change already tried once. (at simulation time 258.011,400,000 s)
2025-04-25 15:02:22,484 INFO  - Received message from veh_86 (at simulation time 259.004,000,000 s)
2025-04-25 15:02:22,485 INFO  - Processing DEN message (at simulation time 259.004,000,000 s)
2025-04-25 15:02:22,485 INFO  - Route change already tried once. (at simulation time 259.004,000,000 s)
2025-04-25 15:02:22,485 INFO  - Received message from veh_51 (at simulation time 259.005,500,000 s)
2025-04-25 15:02:22,485 INFO  - Processing DEN message (at simulation time 259.005,500,000 s)
2025-04-25 15:02:22,485 INFO  - Route change already tried once. (at simulation time 259.005,500,000 s)
2025-04-25 15:02:22,485 INFO  - Received message from veh_6 (at simulation time 259.006,400,000 s)
2025-04-25 15:02:22,485 INFO  - Processing DEN message (at simulation time 259.006,400,000 s)
2025-04-25 15:02:22,485 INFO  - Route change already tried once. (at simulation time 259.006,400,000 s)
2025-04-25 15:02:22,485 INFO  - Received message from veh_1 (at simulation time 259.006,800,000 s)
2025-04-25 15:02:22,485 INFO  - Processing DEN message (at simulation time 259.006,800,000 s)
2025-04-25 15:02:22,485 INFO  - Route change already tried once. (at simulation time 259.006,800,000 s)
2025-04-25 15:02:22,485 INFO  - Received message from veh_16 (at simulation time 259.007,900,000 s)
2025-04-25 15:02:22,485 INFO  - Processing DEN message (at simulation time 259.007,900,000 s)
2025-04-25 15:02:22,485 INFO  - Route change already tried once. (at simulation time 259.007,900,000 s)
2025-04-25 15:02:22,485 INFO  - Received message from veh_56 (at simulation time 259.008,000,000 s)
2025-04-25 15:02:22,485 INFO  - Processing DEN message (at simulation time 259.008,000,000 s)
2025-04-25 15:02:22,485 INFO  - Route change already tried once. (at simulation time 259.008,000,000 s)
2025-04-25 15:02:22,485 INFO  - Received message from veh_11 (at simulation time 259.008,400,000 s)
2025-04-25 15:02:22,485 INFO  - Processing DEN message (at simulation time 259.008,400,000 s)
2025-04-25 15:02:22,485 INFO  - Route change already tried once. (at simulation time 259.008,400,000 s)
2025-04-25 15:02:22,485 INFO  - Received message from veh_46 (at simulation time 259.008,400,000 s)
2025-04-25 15:02:22,485 INFO  - Processing DEN message (at simulation time 259.008,400,000 s)
2025-04-25 15:02:22,485 INFO  - Route change already tried once. (at simulation time 259.008,400,000 s)
2025-04-25 15:02:22,501 INFO  - Received message from veh_56 (at simulation time 260.005,000,000 s)
2025-04-25 15:02:22,501 INFO  - Processing DEN message (at simulation time 260.005,000,000 s)
2025-04-25 15:02:22,501 INFO  - Route change already tried once. (at simulation time 260.005,000,000 s)
2025-04-25 15:02:22,501 INFO  - Received message from veh_86 (at simulation time 260.006,000,000 s)
2025-04-25 15:02:22,501 INFO  - Processing DEN message (at simulation time 260.006,000,000 s)
2025-04-25 15:02:22,501 INFO  - Route change already tried once. (at simulation time 260.006,000,000 s)
2025-04-25 15:02:22,501 INFO  - Received message from veh_51 (at simulation time 260.007,000,000 s)
2025-04-25 15:02:22,501 INFO  - Processing DEN message (at simulation time 260.007,000,000 s)
2025-04-25 15:02:22,501 INFO  - Route change already tried once. (at simulation time 260.007,000,000 s)
2025-04-25 15:02:22,501 INFO  - Received message from veh_11 (at simulation time 260.007,400,000 s)
2025-04-25 15:02:22,501 INFO  - Processing DEN message (at simulation time 260.007,400,000 s)
2025-04-25 15:02:22,501 INFO  - Route change already tried once. (at simulation time 260.007,400,000 s)
2025-04-25 15:02:22,501 INFO  - Received message from veh_46 (at simulation time 260.007,500,000 s)
2025-04-25 15:02:22,501 INFO  - Processing DEN message (at simulation time 260.007,500,000 s)
2025-04-25 15:02:22,501 INFO  - Route change already tried once. (at simulation time 260.007,500,000 s)
2025-04-25 15:02:22,501 INFO  - Received message from veh_1 (at simulation time 260.007,900,000 s)
2025-04-25 15:02:22,501 INFO  - Processing DEN message (at simulation time 260.007,900,000 s)
2025-04-25 15:02:22,501 INFO  - Route change already tried once. (at simulation time 260.007,900,000 s)
2025-04-25 15:02:22,501 INFO  - Received message from veh_6 (at simulation time 260.008,900,000 s)
2025-04-25 15:02:22,501 INFO  - Processing DEN message (at simulation time 260.008,900,000 s)
2025-04-25 15:02:22,501 INFO  - Route change already tried once. (at simulation time 260.008,900,000 s)
2025-04-25 15:02:22,501 INFO  - Received message from veh_16 (at simulation time 260.010,400,000 s)
2025-04-25 15:02:22,501 INFO  - Processing DEN message (at simulation time 260.010,400,000 s)
2025-04-25 15:02:22,501 INFO  - Route change already tried once. (at simulation time 260.010,400,000 s)
2025-04-25 15:02:22,508 INFO  - Received message from veh_56 (at simulation time 261.006,500,000 s)
2025-04-25 15:02:22,508 INFO  - Processing DEN message (at simulation time 261.006,500,000 s)
2025-04-25 15:02:22,508 INFO  - Route change already tried once. (at simulation time 261.006,500,000 s)
2025-04-25 15:02:22,508 INFO  - Received message from veh_16 (at simulation time 261.006,900,000 s)
2025-04-25 15:02:22,508 INFO  - Processing DEN message (at simulation time 261.006,900,000 s)
2025-04-25 15:02:22,508 INFO  - Route change already tried once. (at simulation time 261.006,900,000 s)
2025-04-25 15:02:22,508 INFO  - Received message from veh_86 (at simulation time 261.007,000,000 s)
2025-04-25 15:02:22,508 INFO  - Processing DEN message (at simulation time 261.007,000,000 s)
2025-04-25 15:02:22,508 INFO  - Route change already tried once. (at simulation time 261.007,000,000 s)
2025-04-25 15:02:22,508 INFO  - Received message from veh_46 (at simulation time 261.008,000,000 s)
2025-04-25 15:02:22,508 INFO  - Processing DEN message (at simulation time 261.008,000,000 s)
2025-04-25 15:02:22,508 INFO  - Route change already tried once. (at simulation time 261.008,000,000 s)
2025-04-25 15:02:22,509 INFO  - Received message from veh_1 (at simulation time 261.008,400,000 s)
2025-04-25 15:02:22,509 INFO  - Processing DEN message (at simulation time 261.008,400,000 s)
2025-04-25 15:02:22,509 INFO  - Route change already tried once. (at simulation time 261.008,400,000 s)
2025-04-25 15:02:22,509 INFO  - Received message from veh_6 (at simulation time 261.008,400,000 s)
2025-04-25 15:02:22,509 INFO  - Processing DEN message (at simulation time 261.008,400,000 s)
2025-04-25 15:02:22,509 INFO  - Route change already tried once. (at simulation time 261.008,400,000 s)
2025-04-25 15:02:22,509 INFO  - Received message from veh_51 (at simulation time 261.009,500,000 s)
2025-04-25 15:02:22,509 INFO  - Processing DEN message (at simulation time 261.009,500,000 s)
2025-04-25 15:02:22,509 INFO  - Route change already tried once. (at simulation time 261.009,500,000 s)
2025-04-25 15:02:22,509 INFO  - Received message from veh_11 (at simulation time 261.009,900,000 s)
2025-04-25 15:02:22,509 INFO  - Processing DEN message (at simulation time 261.009,900,000 s)
2025-04-25 15:02:22,509 INFO  - Route change already tried once. (at simulation time 261.009,900,000 s)
2025-04-25 15:02:22,515 INFO  - Received message from veh_86 (at simulation time 262.005,000,000 s)
2025-04-25 15:02:22,515 INFO  - Processing DEN message (at simulation time 262.005,000,000 s)
2025-04-25 15:02:22,515 INFO  - Route change already tried once. (at simulation time 262.005,000,000 s)
2025-04-25 15:02:22,515 INFO  - Received message from veh_56 (at simulation time 262.007,000,000 s)
2025-04-25 15:02:22,515 INFO  - Processing DEN message (at simulation time 262.007,000,000 s)
2025-04-25 15:02:22,515 INFO  - Route change already tried once. (at simulation time 262.007,000,000 s)
2025-04-25 15:02:22,515 INFO  - Received message from veh_6 (at simulation time 262.007,400,000 s)
2025-04-25 15:02:22,515 INFO  - Processing DEN message (at simulation time 262.007,400,000 s)
2025-04-25 15:02:22,515 INFO  - Route change already tried once. (at simulation time 262.007,400,000 s)
2025-04-25 15:02:22,515 INFO  - Received message from veh_16 (at simulation time 262.007,900,000 s)
2025-04-25 15:02:22,515 INFO  - Processing DEN message (at simulation time 262.007,900,000 s)
2025-04-25 15:02:22,515 INFO  - Route change already tried once. (at simulation time 262.007,900,000 s)
2025-04-25 15:02:22,515 INFO  - Received message from veh_46 (at simulation time 262.008,000,000 s)
2025-04-25 15:02:22,515 INFO  - Processing DEN message (at simulation time 262.008,000,000 s)
2025-04-25 15:02:22,515 INFO  - Route change already tried once. (at simulation time 262.008,000,000 s)
2025-04-25 15:02:22,515 INFO  - Received message from veh_51 (at simulation time 262.008,000,000 s)
2025-04-25 15:02:22,515 INFO  - Processing DEN message (at simulation time 262.008,000,000 s)
2025-04-25 15:02:22,515 INFO  - Route change already tried once. (at simulation time 262.008,000,000 s)
2025-04-25 15:02:22,515 INFO  - Received message from veh_11 (at simulation time 262.009,900,000 s)
2025-04-25 15:02:22,515 INFO  - Processing DEN message (at simulation time 262.009,900,000 s)
2025-04-25 15:02:22,515 INFO  - Route change already tried once. (at simulation time 262.009,900,000 s)
2025-04-25 15:02:22,515 INFO  - Received message from veh_1 (at simulation time 262.010,400,000 s)
2025-04-25 15:02:22,515 INFO  - Processing DEN message (at simulation time 262.010,400,000 s)
2025-04-25 15:02:22,515 INFO  - Route change already tried once. (at simulation time 262.010,400,000 s)
2025-04-25 15:02:22,520 INFO  - Received message from veh_46 (at simulation time 263.004,500,000 s)
2025-04-25 15:02:22,520 INFO  - Processing DEN message (at simulation time 263.004,500,000 s)
2025-04-25 15:02:22,520 INFO  - Route change already tried once. (at simulation time 263.004,500,000 s)
2025-04-25 15:02:22,521 INFO  - Received message from veh_51 (at simulation time 263.005,500,000 s)
2025-04-25 15:02:22,521 INFO  - Processing DEN message (at simulation time 263.005,500,000 s)
2025-04-25 15:02:22,521 INFO  - Route change already tried once. (at simulation time 263.005,500,000 s)
2025-04-25 15:02:22,521 INFO  - Received message from veh_86 (at simulation time 263.005,500,000 s)
2025-04-25 15:02:22,521 INFO  - Processing DEN message (at simulation time 263.005,500,000 s)
2025-04-25 15:02:22,521 INFO  - Route change already tried once. (at simulation time 263.005,500,000 s)
2025-04-25 15:02:22,521 INFO  - Received message from veh_1 (at simulation time 263.006,400,000 s)
2025-04-25 15:02:22,521 INFO  - Processing DEN message (at simulation time 263.006,400,000 s)
2025-04-25 15:02:22,521 INFO  - Route change already tried once. (at simulation time 263.006,400,000 s)
2025-04-25 15:02:22,521 INFO  - Received message from veh_11 (at simulation time 263.007,400,000 s)
2025-04-25 15:02:22,521 INFO  - Processing DEN message (at simulation time 263.007,400,000 s)
2025-04-25 15:02:22,521 INFO  - Route change already tried once. (at simulation time 263.007,400,000 s)
2025-04-25 15:02:22,521 INFO  - Received message from veh_56 (at simulation time 263.009,500,000 s)
2025-04-25 15:02:22,521 INFO  - Processing DEN message (at simulation time 263.009,500,000 s)
2025-04-25 15:02:22,521 INFO  - Route change already tried once. (at simulation time 263.009,500,000 s)
2025-04-25 15:02:22,521 INFO  - Received message from veh_6 (at simulation time 263.009,900,000 s)
2025-04-25 15:02:22,521 INFO  - Processing DEN message (at simulation time 263.009,900,000 s)
2025-04-25 15:02:22,521 INFO  - Route change already tried once. (at simulation time 263.009,900,000 s)
2025-04-25 15:02:22,521 INFO  - Received message from veh_16 (at simulation time 263.009,900,000 s)
2025-04-25 15:02:22,521 INFO  - Processing DEN message (at simulation time 263.009,900,000 s)
2025-04-25 15:02:22,521 INFO  - Route change already tried once. (at simulation time 263.009,900,000 s)
2025-04-25 15:02:22,526 INFO  - Received message from veh_86 (at simulation time 264.005,000,000 s)
2025-04-25 15:02:22,526 INFO  - Processing DEN message (at simulation time 264.005,000,000 s)
2025-04-25 15:02:22,526 INFO  - Route change already tried once. (at simulation time 264.005,000,000 s)
2025-04-25 15:02:22,527 INFO  - Received message from veh_6 (at simulation time 264.005,800,000 s)
2025-04-25 15:02:22,527 INFO  - Processing DEN message (at simulation time 264.005,800,000 s)
2025-04-25 15:02:22,527 INFO  - Route change already tried once. (at simulation time 264.005,800,000 s)
2025-04-25 15:02:22,527 INFO  - Received message from veh_51 (at simulation time 264.006,400,000 s)
2025-04-25 15:02:22,527 INFO  - Processing DEN message (at simulation time 264.006,400,000 s)
2025-04-25 15:02:22,527 INFO  - Route change already tried once. (at simulation time 264.006,400,000 s)
2025-04-25 15:02:22,527 INFO  - Received message from veh_91 (at simulation time 264.006,500,000 s)
2025-04-25 15:02:22,527 INFO  - Processing DEN message (at simulation time 264.006,500,000 s)
2025-04-25 15:02:22,527 INFO  - Route change already tried once. (at simulation time 264.006,500,000 s)
2025-04-25 15:02:22,527 INFO  - Received message from veh_46 (at simulation time 264.006,900,000 s)
2025-04-25 15:02:22,527 INFO  - Processing DEN message (at simulation time 264.006,900,000 s)
2025-04-25 15:02:22,527 INFO  - Route change already tried once. (at simulation time 264.006,900,000 s)
2025-04-25 15:02:22,527 INFO  - Received message from veh_56 (at simulation time 264.010,900,000 s)
2025-04-25 15:02:22,527 INFO  - Processing DEN message (at simulation time 264.010,900,000 s)
2025-04-25 15:02:22,527 INFO  - Route change already tried once. (at simulation time 264.010,900,000 s)
2025-04-25 15:02:22,527 INFO  - Received message from veh_11 (at simulation time 264.011,300,000 s)
2025-04-25 15:02:22,527 INFO  - Processing DEN message (at simulation time 264.011,300,000 s)
2025-04-25 15:02:22,527 INFO  - Route change already tried once. (at simulation time 264.011,300,000 s)
2025-04-25 15:02:22,527 INFO  - Received message from veh_1 (at simulation time 264.011,800,000 s)
2025-04-25 15:02:22,527 INFO  - Processing DEN message (at simulation time 264.011,800,000 s)
2025-04-25 15:02:22,527 INFO  - Route change already tried once. (at simulation time 264.011,800,000 s)
2025-04-25 15:02:22,527 INFO  - Received message from veh_16 (at simulation time 264.011,800,000 s)
2025-04-25 15:02:22,527 INFO  - Processing DEN message (at simulation time 264.011,800,000 s)
2025-04-25 15:02:22,527 INFO  - Route change already tried once. (at simulation time 264.011,800,000 s)
2025-04-25 15:02:22,541 INFO  - Received message from veh_86 (at simulation time 265.006,000,000 s)
2025-04-25 15:02:22,541 INFO  - Processing DEN message (at simulation time 265.006,000,000 s)
2025-04-25 15:02:22,541 INFO  - Route change already tried once. (at simulation time 265.006,000,000 s)
2025-04-25 15:02:22,541 INFO  - Received message from veh_91 (at simulation time 265.008,500,000 s)
2025-04-25 15:02:22,541 INFO  - Processing DEN message (at simulation time 265.008,500,000 s)
2025-04-25 15:02:22,541 INFO  - Route change already tried once. (at simulation time 265.008,500,000 s)
2025-04-25 15:02:22,541 INFO  - Received message from veh_51 (at simulation time 265.009,400,000 s)
2025-04-25 15:02:22,541 INFO  - Processing DEN message (at simulation time 265.009,400,000 s)
2025-04-25 15:02:22,541 INFO  - Route change already tried once. (at simulation time 265.009,400,000 s)
2025-04-25 15:02:22,541 INFO  - Received message from veh_56 (at simulation time 265.009,400,000 s)
2025-04-25 15:02:22,541 INFO  - Processing DEN message (at simulation time 265.009,400,000 s)
2025-04-25 15:02:22,541 INFO  - Route change already tried once. (at simulation time 265.009,400,000 s)
2025-04-25 15:02:22,541 INFO  - Received message from veh_46 (at simulation time 265.010,400,000 s)
2025-04-25 15:02:22,541 INFO  - Processing DEN message (at simulation time 265.010,400,000 s)
2025-04-25 15:02:22,541 INFO  - Route change already tried once. (at simulation time 265.010,400,000 s)
2025-04-25 15:02:22,541 INFO  - Received message from veh_11 (at simulation time 265.010,800,000 s)
2025-04-25 15:02:22,541 INFO  - Processing DEN message (at simulation time 265.010,800,000 s)
2025-04-25 15:02:22,541 INFO  - Route change already tried once. (at simulation time 265.010,800,000 s)
2025-04-25 15:02:22,541 INFO  - Received message from veh_16 (at simulation time 265.010,800,000 s)
2025-04-25 15:02:22,541 INFO  - Processing DEN message (at simulation time 265.010,800,000 s)
2025-04-25 15:02:22,541 INFO  - Route change already tried once. (at simulation time 265.010,800,000 s)
2025-04-25 15:02:22,541 INFO  - Received message from veh_1 (at simulation time 265.011,300,000 s)
2025-04-25 15:02:22,541 INFO  - Processing DEN message (at simulation time 265.011,300,000 s)
2025-04-25 15:02:22,541 INFO  - Route change already tried once. (at simulation time 265.011,300,000 s)
2025-04-25 15:02:22,542 INFO  - Received message from veh_6 (at simulation time 265.012,300,000 s)
2025-04-25 15:02:22,542 INFO  - Processing DEN message (at simulation time 265.012,300,000 s)
2025-04-25 15:02:22,542 INFO  - Route change already tried once. (at simulation time 265.012,300,000 s)
2025-04-25 15:02:23,419 INFO  - Shutdown application (at simulation time 376.000,000,000 s)
