2025-04-25 15:15:00,397 INFO  - Initialize application (at simulation time 112.000,000,000 s)
2025-04-25 15:15:00,398 INFO  - Activated Cell Module (at simulation time 112.000,000,000 s)
2025-04-25 15:15:00,868 INFO  - Sensor ICE event detected (at simulation time 188.000,000,000 s)
2025-04-25 15:15:00,868 INFO  - Sending DENM (at simulation time 188.000,000,000 s)
2025-04-25 15:15:00,874 INFO  - Sensor ICE event detected (at simulation time 189.000,000,000 s)
2025-04-25 15:15:00,874 INFO  - Sending DENM (at simulation time 189.000,000,000 s)
2025-04-25 15:15:00,896 INFO  - Sensor ICE event detected (at simulation time 190.000,000,000 s)
2025-04-25 15:15:00,896 INFO  - Sending DENM (at simulation time 190.000,000,000 s)
2025-04-25 15:15:00,900 INFO  - Sensor ICE event detected (at simulation time 191.000,000,000 s)
2025-04-25 15:15:00,901 INFO  - Sending DENM (at simulation time 191.000,000,000 s)
2025-04-25 15:15:00,907 INFO  - Sensor ICE event detected (at simulation time 192.000,000,000 s)
2025-04-25 15:15:00,907 INFO  - Sending DENM (at simulation time 192.000,000,000 s)
2025-04-25 15:15:00,912 INFO  - Sensor ICE event detected (at simulation time 193.000,000,000 s)
2025-04-25 15:15:00,912 INFO  - Sending DENM (at simulation time 193.000,000,000 s)
2025-04-25 15:15:00,917 INFO  - Sensor ICE event detected (at simulation time 194.000,000,000 s)
2025-04-25 15:15:00,917 INFO  - Sending DENM (at simulation time 194.000,000,000 s)
2025-04-25 15:15:00,938 INFO  - Sensor ICE event detected (at simulation time 195.000,000,000 s)
2025-04-25 15:15:00,938 INFO  - Sending DENM (at simulation time 195.000,000,000 s)
2025-04-25 15:15:00,944 INFO  - Sensor ICE event detected (at simulation time 196.000,000,000 s)
2025-04-25 15:15:00,944 INFO  - Sending DENM (at simulation time 196.000,000,000 s)
2025-04-25 15:15:00,948 INFO  - Sensor ICE event detected (at simulation time 197.000,000,000 s)
2025-04-25 15:15:00,948 INFO  - Sending DENM (at simulation time 197.000,000,000 s)
2025-04-25 15:15:00,954 INFO  - Sensor ICE event detected (at simulation time 198.000,000,000 s)
2025-04-25 15:15:00,954 INFO  - Sending DENM (at simulation time 198.000,000,000 s)
2025-04-25 15:15:00,958 INFO  - Sensor ICE event detected (at simulation time 199.000,000,000 s)
2025-04-25 15:15:00,958 INFO  - Sending DENM (at simulation time 199.000,000,000 s)
2025-04-25 15:15:00,969 INFO  - Sensor ICE event detected (at simulation time 200.000,000,000 s)
2025-04-25 15:15:00,969 INFO  - Sending DENM (at simulation time 200.000,000,000 s)
2025-04-25 15:15:00,972 INFO  - Sensor ICE event detected (at simulation time 201.000,000,000 s)
2025-04-25 15:15:00,972 INFO  - Sending DENM (at simulation time 201.000,000,000 s)
2025-04-25 15:15:00,977 INFO  - Sensor ICE event detected (at simulation time 202.000,000,000 s)
2025-04-25 15:15:00,977 INFO  - Sending DENM (at simulation time 202.000,000,000 s)
2025-04-25 15:15:00,981 INFO  - Sensor ICE event detected (at simulation time 203.000,000,000 s)
2025-04-25 15:15:00,981 INFO  - Sending DENM (at simulation time 203.000,000,000 s)
2025-04-25 15:15:00,986 INFO  - Sensor ICE event detected (at simulation time 204.000,000,000 s)
2025-04-25 15:15:00,986 INFO  - Sending DENM (at simulation time 204.000,000,000 s)
2025-04-25 15:15:00,995 INFO  - Sensor ICE event detected (at simulation time 205.000,000,000 s)
2025-04-25 15:15:00,996 INFO  - Sending DENM (at simulation time 205.000,000,000 s)
2025-04-25 15:15:01,001 INFO  - Sensor ICE event detected (at simulation time 206.000,000,000 s)
2025-04-25 15:15:01,001 INFO  - Sending DENM (at simulation time 206.000,000,000 s)
2025-04-25 15:15:01,005 INFO  - Sensor ICE event detected (at simulation time 207.000,000,000 s)
2025-04-25 15:15:01,005 INFO  - Sending DENM (at simulation time 207.000,000,000 s)
2025-04-25 15:15:01,011 INFO  - Sensor ICE event detected (at simulation time 208.000,000,000 s)
2025-04-25 15:15:01,011 INFO  - Sending DENM (at simulation time 208.000,000,000 s)
2025-04-25 15:15:01,015 INFO  - Sensor ICE event detected (at simulation time 209.000,000,000 s)
2025-04-25 15:15:01,015 INFO  - Sending DENM (at simulation time 209.000,000,000 s)
2025-04-25 15:15:01,026 INFO  - Sensor ICE event detected (at simulation time 210.000,000,000 s)
2025-04-25 15:15:01,026 INFO  - Sending DENM (at simulation time 210.000,000,000 s)
2025-04-25 15:15:01,031 INFO  - Sensor ICE event detected (at simulation time 211.000,000,000 s)
2025-04-25 15:15:01,031 INFO  - Sending DENM (at simulation time 211.000,000,000 s)
2025-04-25 15:15:01,037 INFO  - Sensor ICE event detected (at simulation time 212.000,000,000 s)
2025-04-25 15:15:01,037 INFO  - Sending DENM (at simulation time 212.000,000,000 s)
2025-04-25 15:15:01,042 INFO  - Sensor ICE event detected (at simulation time 213.000,000,000 s)
2025-04-25 15:15:01,042 INFO  - Sending DENM (at simulation time 213.000,000,000 s)
2025-04-25 15:15:01,049 INFO  - Sensor ICE event detected (at simulation time 214.000,000,000 s)
2025-04-25 15:15:01,049 INFO  - Sending DENM (at simulation time 214.000,000,000 s)
2025-04-25 15:15:01,060 INFO  - Sensor ICE event detected (at simulation time 215.000,000,000 s)
2025-04-25 15:15:01,060 INFO  - Sending DENM (at simulation time 215.000,000,000 s)
2025-04-25 15:15:01,065 INFO  - Sensor ICE event detected (at simulation time 216.000,000,000 s)
2025-04-25 15:15:01,065 INFO  - Sending DENM (at simulation time 216.000,000,000 s)
2025-04-25 15:15:01,070 INFO  - Sensor ICE event detected (at simulation time 217.000,000,000 s)
2025-04-25 15:15:01,070 INFO  - Sending DENM (at simulation time 217.000,000,000 s)
2025-04-25 15:15:01,075 INFO  - Sensor ICE event detected (at simulation time 218.000,000,000 s)
2025-04-25 15:15:01,075 INFO  - Sending DENM (at simulation time 218.000,000,000 s)
2025-04-25 15:15:01,080 INFO  - Sensor ICE event detected (at simulation time 219.000,000,000 s)
2025-04-25 15:15:01,080 INFO  - Sending DENM (at simulation time 219.000,000,000 s)
2025-04-25 15:15:01,095 INFO  - Sensor ICE event detected (at simulation time 220.000,000,000 s)
2025-04-25 15:15:01,095 INFO  - Sending DENM (at simulation time 220.000,000,000 s)
2025-04-25 15:15:01,100 INFO  - Sensor ICE event detected (at simulation time 221.000,000,000 s)
2025-04-25 15:15:01,100 INFO  - Sending DENM (at simulation time 221.000,000,000 s)
2025-04-25 15:15:01,105 INFO  - Sensor ICE event detected (at simulation time 222.000,000,000 s)
2025-04-25 15:15:01,105 INFO  - Sending DENM (at simulation time 222.000,000,000 s)
2025-04-25 15:15:01,109 INFO  - Sensor ICE event detected (at simulation time 223.000,000,000 s)
2025-04-25 15:15:01,109 INFO  - Sending DENM (at simulation time 223.000,000,000 s)
2025-04-25 15:15:01,114 INFO  - Sensor ICE event detected (at simulation time 224.000,000,000 s)
2025-04-25 15:15:01,114 INFO  - Sending DENM (at simulation time 224.000,000,000 s)
2025-04-25 15:15:01,123 INFO  - Sensor ICE event detected (at simulation time 225.000,000,000 s)
2025-04-25 15:15:01,123 INFO  - Sending DENM (at simulation time 225.000,000,000 s)
2025-04-25 15:15:01,128 INFO  - Sensor ICE event detected (at simulation time 226.000,000,000 s)
2025-04-25 15:15:01,128 INFO  - Sending DENM (at simulation time 226.000,000,000 s)
2025-04-25 15:15:01,133 INFO  - Sensor ICE event detected (at simulation time 227.000,000,000 s)
2025-04-25 15:15:01,133 INFO  - Sending DENM (at simulation time 227.000,000,000 s)
2025-04-25 15:15:01,139 INFO  - Sensor ICE event detected (at simulation time 228.000,000,000 s)
2025-04-25 15:15:01,139 INFO  - Sending DENM (at simulation time 228.000,000,000 s)
2025-04-25 15:15:01,143 INFO  - Sensor ICE event detected (at simulation time 229.000,000,000 s)
2025-04-25 15:15:01,143 INFO  - Sending DENM (at simulation time 229.000,000,000 s)
2025-04-25 15:15:01,153 INFO  - Sensor ICE event detected (at simulation time 230.000,000,000 s)
2025-04-25 15:15:01,153 INFO  - Sending DENM (at simulation time 230.000,000,000 s)
2025-04-25 15:15:01,158 INFO  - Sensor ICE event detected (at simulation time 231.000,000,000 s)
2025-04-25 15:15:01,158 INFO  - Sending DENM (at simulation time 231.000,000,000 s)
2025-04-25 15:15:01,163 INFO  - Sensor ICE event detected (at simulation time 232.000,000,000 s)
2025-04-25 15:15:01,163 INFO  - Sending DENM (at simulation time 232.000,000,000 s)
2025-04-25 15:15:01,167 INFO  - Sensor ICE event detected (at simulation time 233.000,000,000 s)
2025-04-25 15:15:01,167 INFO  - Sending DENM (at simulation time 233.000,000,000 s)
2025-04-25 15:15:01,173 INFO  - Sensor ICE event detected (at simulation time 234.000,000,000 s)
2025-04-25 15:15:01,173 INFO  - Sending DENM (at simulation time 234.000,000,000 s)
2025-04-25 15:15:01,183 INFO  - Sensor ICE event detected (at simulation time 235.000,000,000 s)
2025-04-25 15:15:01,183 INFO  - Sending DENM (at simulation time 235.000,000,000 s)
2025-04-25 15:15:01,188 INFO  - Sensor ICE event detected (at simulation time 236.000,000,000 s)
2025-04-25 15:15:01,188 INFO  - Sending DENM (at simulation time 236.000,000,000 s)
2025-04-25 15:15:01,192 INFO  - Sensor ICE event detected (at simulation time 237.000,000,000 s)
2025-04-25 15:15:01,192 INFO  - Sending DENM (at simulation time 237.000,000,000 s)
2025-04-25 15:15:01,198 INFO  - Sensor ICE event detected (at simulation time 238.000,000,000 s)
2025-04-25 15:15:01,198 INFO  - Sending DENM (at simulation time 238.000,000,000 s)
2025-04-25 15:15:01,203 INFO  - Sensor ICE event detected (at simulation time 239.000,000,000 s)
2025-04-25 15:15:01,203 INFO  - Sending DENM (at simulation time 239.000,000,000 s)
2025-04-25 15:15:01,214 INFO  - Sensor ICE event detected (at simulation time 240.000,000,000 s)
2025-04-25 15:15:01,214 INFO  - Sending DENM (at simulation time 240.000,000,000 s)
2025-04-25 15:15:01,218 INFO  - Sensor ICE event detected (at simulation time 241.000,000,000 s)
2025-04-25 15:15:01,218 INFO  - Sending DENM (at simulation time 241.000,000,000 s)
2025-04-25 15:15:01,223 INFO  - Sensor ICE event detected (at simulation time 242.000,000,000 s)
2025-04-25 15:15:01,223 INFO  - Sending DENM (at simulation time 242.000,000,000 s)
2025-04-25 15:15:01,239 INFO  - Sensor ICE event detected (at simulation time 243.000,000,000 s)
2025-04-25 15:15:01,239 INFO  - Sending DENM (at simulation time 243.000,000,000 s)
2025-04-25 15:15:01,246 INFO  - Sensor ICE event detected (at simulation time 244.000,000,000 s)
2025-04-25 15:15:01,246 INFO  - Sending DENM (at simulation time 244.000,000,000 s)
2025-04-25 15:15:01,259 INFO  - Sensor ICE event detected (at simulation time 245.000,000,000 s)
2025-04-25 15:15:01,259 INFO  - Sending DENM (at simulation time 245.000,000,000 s)
2025-04-25 15:15:01,265 INFO  - Sensor ICE event detected (at simulation time 246.000,000,000 s)
2025-04-25 15:15:01,265 INFO  - Sending DENM (at simulation time 246.000,000,000 s)
2025-04-25 15:15:01,271 INFO  - Sensor ICE event detected (at simulation time 247.000,000,000 s)
2025-04-25 15:15:01,271 INFO  - Sending DENM (at simulation time 247.000,000,000 s)
2025-04-25 15:15:01,277 INFO  - Sensor ICE event detected (at simulation time 248.000,000,000 s)
2025-04-25 15:15:01,277 INFO  - Sending DENM (at simulation time 248.000,000,000 s)
2025-04-25 15:15:01,283 INFO  - Sensor ICE event detected (at simulation time 249.000,000,000 s)
2025-04-25 15:15:01,283 INFO  - Sending DENM (at simulation time 249.000,000,000 s)
2025-04-25 15:15:01,301 INFO  - Sensor ICE event detected (at simulation time 250.000,000,000 s)
2025-04-25 15:15:01,301 INFO  - Sending DENM (at simulation time 250.000,000,000 s)
2025-04-25 15:15:01,307 INFO  - Sensor ICE event detected (at simulation time 251.000,000,000 s)
2025-04-25 15:15:01,307 INFO  - Sending DENM (at simulation time 251.000,000,000 s)
2025-04-25 15:15:01,313 INFO  - Sensor ICE event detected (at simulation time 252.000,000,000 s)
2025-04-25 15:15:01,313 INFO  - Sending DENM (at simulation time 252.000,000,000 s)
2025-04-25 15:15:01,320 INFO  - Sensor ICE event detected (at simulation time 253.000,000,000 s)
2025-04-25 15:15:01,320 INFO  - Sending DENM (at simulation time 253.000,000,000 s)
2025-04-25 15:15:01,326 INFO  - Sensor ICE event detected (at simulation time 254.000,000,000 s)
2025-04-25 15:15:01,326 INFO  - Sending DENM (at simulation time 254.000,000,000 s)
2025-04-25 15:15:01,341 INFO  - Sensor ICE event detected (at simulation time 255.000,000,000 s)
2025-04-25 15:15:01,341 INFO  - Sending DENM (at simulation time 255.000,000,000 s)
2025-04-25 15:15:01,348 INFO  - Sensor ICE event detected (at simulation time 256.000,000,000 s)
2025-04-25 15:15:01,348 INFO  - Sending DENM (at simulation time 256.000,000,000 s)
2025-04-25 15:15:01,356 INFO  - Sensor ICE event detected (at simulation time 257.000,000,000 s)
2025-04-25 15:15:01,356 INFO  - Sending DENM (at simulation time 257.000,000,000 s)
2025-04-25 15:15:01,363 INFO  - Sensor ICE event detected (at simulation time 258.000,000,000 s)
2025-04-25 15:15:01,363 INFO  - Sending DENM (at simulation time 258.000,000,000 s)
2025-04-25 15:15:01,369 INFO  - Sensor ICE event detected (at simulation time 259.000,000,000 s)
2025-04-25 15:15:01,369 INFO  - Sending DENM (at simulation time 259.000,000,000 s)
2025-04-25 15:15:01,387 INFO  - Sensor ICE event detected (at simulation time 260.000,000,000 s)
2025-04-25 15:15:01,387 INFO  - Sending DENM (at simulation time 260.000,000,000 s)
2025-04-25 15:15:01,395 INFO  - Sensor ICE event detected (at simulation time 261.000,000,000 s)
2025-04-25 15:15:01,395 INFO  - Sending DENM (at simulation time 261.000,000,000 s)
2025-04-25 15:15:01,401 INFO  - Sensor ICE event detected (at simulation time 262.000,000,000 s)
2025-04-25 15:15:01,401 INFO  - Sending DENM (at simulation time 262.000,000,000 s)
2025-04-25 15:15:01,408 INFO  - Sensor ICE event detected (at simulation time 263.000,000,000 s)
2025-04-25 15:15:01,408 INFO  - Sending DENM (at simulation time 263.000,000,000 s)
2025-04-25 15:15:01,417 INFO  - Sensor ICE event detected (at simulation time 264.000,000,000 s)
2025-04-25 15:15:01,417 INFO  - Sending DENM (at simulation time 264.000,000,000 s)
2025-04-25 15:15:01,435 INFO  - Sensor ICE event detected (at simulation time 265.000,000,000 s)
2025-04-25 15:15:01,435 INFO  - Sending DENM (at simulation time 265.000,000,000 s)
2025-04-25 15:15:01,444 INFO  - Sensor ICE event detected (at simulation time 266.000,000,000 s)
2025-04-25 15:15:01,444 INFO  - Sending DENM (at simulation time 266.000,000,000 s)
2025-04-25 15:15:01,455 INFO  - Sensor ICE event detected (at simulation time 267.000,000,000 s)
2025-04-25 15:15:01,455 INFO  - Sending DENM (at simulation time 267.000,000,000 s)
2025-04-25 15:15:01,464 INFO  - Sensor ICE event detected (at simulation time 268.000,000,000 s)
2025-04-25 15:15:01,464 INFO  - Sending DENM (at simulation time 268.000,000,000 s)
2025-04-25 15:15:01,471 INFO  - Sensor ICE event detected (at simulation time 269.000,000,000 s)
2025-04-25 15:15:01,471 INFO  - Sending DENM (at simulation time 269.000,000,000 s)
2025-04-25 15:15:01,488 INFO  - Sensor ICE event detected (at simulation time 270.000,000,000 s)
2025-04-25 15:15:01,488 INFO  - Sending DENM (at simulation time 270.000,000,000 s)
2025-04-25 15:15:01,496 INFO  - Sensor ICE event detected (at simulation time 271.000,000,000 s)
2025-04-25 15:15:01,496 INFO  - Sending DENM (at simulation time 271.000,000,000 s)
2025-04-25 15:15:01,505 INFO  - Sensor ICE event detected (at simulation time 272.000,000,000 s)
2025-04-25 15:15:01,505 INFO  - Sending DENM (at simulation time 272.000,000,000 s)
2025-04-25 15:15:01,514 INFO  - Sensor ICE event detected (at simulation time 273.000,000,000 s)
2025-04-25 15:15:01,514 INFO  - Sending DENM (at simulation time 273.000,000,000 s)
2025-04-25 15:15:01,522 INFO  - Sensor ICE event detected (at simulation time 274.000,000,000 s)
2025-04-25 15:15:01,522 INFO  - Sending DENM (at simulation time 274.000,000,000 s)
2025-04-25 15:15:01,538 INFO  - Sensor ICE event detected (at simulation time 275.000,000,000 s)
2025-04-25 15:15:01,538 INFO  - Sending DENM (at simulation time 275.000,000,000 s)
2025-04-25 15:15:01,543 INFO  - Sensor ICE event detected (at simulation time 276.000,000,000 s)
2025-04-25 15:15:01,543 INFO  - Sending DENM (at simulation time 276.000,000,000 s)
2025-04-25 15:15:01,548 INFO  - Sensor ICE event detected (at simulation time 277.000,000,000 s)
2025-04-25 15:15:01,548 INFO  - Sending DENM (at simulation time 277.000,000,000 s)
2025-04-25 15:15:01,554 INFO  - Sensor ICE event detected (at simulation time 278.000,000,000 s)
2025-04-25 15:15:01,554 INFO  - Sending DENM (at simulation time 278.000,000,000 s)
2025-04-25 15:15:01,559 INFO  - Sensor ICE event detected (at simulation time 279.000,000,000 s)
2025-04-25 15:15:01,559 INFO  - Sending DENM (at simulation time 279.000,000,000 s)
2025-04-25 15:15:01,572 INFO  - Sensor ICE event detected (at simulation time 280.000,000,000 s)
2025-04-25 15:15:01,572 INFO  - Sending DENM (at simulation time 280.000,000,000 s)
2025-04-25 15:15:01,578 INFO  - Sensor ICE event detected (at simulation time 281.000,000,000 s)
2025-04-25 15:15:01,578 INFO  - Sending DENM (at simulation time 281.000,000,000 s)
2025-04-25 15:15:01,583 INFO  - Sensor ICE event detected (at simulation time 282.000,000,000 s)
2025-04-25 15:15:01,583 INFO  - Sending DENM (at simulation time 282.000,000,000 s)
2025-04-25 15:15:01,588 INFO  - Sensor ICE event detected (at simulation time 283.000,000,000 s)
2025-04-25 15:15:01,588 INFO  - Sending DENM (at simulation time 283.000,000,000 s)
2025-04-25 15:15:01,594 INFO  - Sensor ICE event detected (at simulation time 284.000,000,000 s)
2025-04-25 15:15:01,594 INFO  - Sending DENM (at simulation time 284.000,000,000 s)
2025-04-25 15:15:01,606 INFO  - Sensor ICE event detected (at simulation time 285.000,000,000 s)
2025-04-25 15:15:01,606 INFO  - Sending DENM (at simulation time 285.000,000,000 s)
2025-04-25 15:15:01,611 INFO  - Sensor ICE event detected (at simulation time 286.000,000,000 s)
2025-04-25 15:15:01,611 INFO  - Sending DENM (at simulation time 286.000,000,000 s)
2025-04-25 15:15:01,616 INFO  - Sensor ICE event detected (at simulation time 287.000,000,000 s)
2025-04-25 15:15:01,616 INFO  - Sending DENM (at simulation time 287.000,000,000 s)
2025-04-25 15:15:01,622 INFO  - Sensor ICE event detected (at simulation time 288.000,000,000 s)
2025-04-25 15:15:01,622 INFO  - Sending DENM (at simulation time 288.000,000,000 s)
2025-04-25 15:15:01,628 INFO  - Sensor ICE event detected (at simulation time 289.000,000,000 s)
2025-04-25 15:15:01,628 INFO  - Sending DENM (at simulation time 289.000,000,000 s)
2025-04-25 15:15:01,641 INFO  - Sensor ICE event detected (at simulation time 290.000,000,000 s)
2025-04-25 15:15:01,641 INFO  - Sending DENM (at simulation time 290.000,000,000 s)
2025-04-25 15:15:01,646 INFO  - Sensor ICE event detected (at simulation time 291.000,000,000 s)
2025-04-25 15:15:01,646 INFO  - Sending DENM (at simulation time 291.000,000,000 s)
2025-04-25 15:15:01,652 INFO  - Sensor ICE event detected (at simulation time 292.000,000,000 s)
2025-04-25 15:15:01,652 INFO  - Sending DENM (at simulation time 292.000,000,000 s)
2025-04-25 15:15:01,657 INFO  - Sensor ICE event detected (at simulation time 293.000,000,000 s)
2025-04-25 15:15:01,657 INFO  - Sending DENM (at simulation time 293.000,000,000 s)
2025-04-25 15:15:01,663 INFO  - Sensor ICE event detected (at simulation time 294.000,000,000 s)
2025-04-25 15:15:01,663 INFO  - Sending DENM (at simulation time 294.000,000,000 s)
2025-04-25 15:15:01,675 INFO  - Sensor ICE event detected (at simulation time 295.000,000,000 s)
2025-04-25 15:15:01,675 INFO  - Sending DENM (at simulation time 295.000,000,000 s)
2025-04-25 15:15:01,679 INFO  - Sensor ICE event detected (at simulation time 296.000,000,000 s)
2025-04-25 15:15:01,679 INFO  - Sending DENM (at simulation time 296.000,000,000 s)
2025-04-25 15:15:01,684 INFO  - Sensor ICE event detected (at simulation time 297.000,000,000 s)
2025-04-25 15:15:01,684 INFO  - Sending DENM (at simulation time 297.000,000,000 s)
2025-04-25 15:15:01,689 INFO  - Sensor ICE event detected (at simulation time 298.000,000,000 s)
2025-04-25 15:15:01,689 INFO  - Sending DENM (at simulation time 298.000,000,000 s)
2025-04-25 15:15:01,693 INFO  - Sensor ICE event detected (at simulation time 299.000,000,000 s)
2025-04-25 15:15:01,693 INFO  - Sending DENM (at simulation time 299.000,000,000 s)
2025-04-25 15:15:01,704 INFO  - Sensor ICE event detected (at simulation time 300.000,000,000 s)
2025-04-25 15:15:01,704 INFO  - Sending DENM (at simulation time 300.000,000,000 s)
2025-04-25 15:15:01,709 INFO  - Sensor ICE event detected (at simulation time 301.000,000,000 s)
2025-04-25 15:15:01,709 INFO  - Sending DENM (at simulation time 301.000,000,000 s)
2025-04-25 15:15:01,713 INFO  - Sensor ICE event detected (at simulation time 302.000,000,000 s)
2025-04-25 15:15:01,713 INFO  - Sending DENM (at simulation time 302.000,000,000 s)
2025-04-25 15:15:01,718 INFO  - Sensor ICE event detected (at simulation time 303.000,000,000 s)
2025-04-25 15:15:01,718 INFO  - Sending DENM (at simulation time 303.000,000,000 s)
2025-04-25 15:15:01,723 INFO  - Sensor ICE event detected (at simulation time 304.000,000,000 s)
2025-04-25 15:15:01,723 INFO  - Sending DENM (at simulation time 304.000,000,000 s)
2025-04-25 15:15:01,735 INFO  - Sensor ICE event detected (at simulation time 305.000,000,000 s)
2025-04-25 15:15:01,735 INFO  - Sending DENM (at simulation time 305.000,000,000 s)
2025-04-25 15:15:01,740 INFO  - Sensor ICE event detected (at simulation time 306.000,000,000 s)
2025-04-25 15:15:01,740 INFO  - Sending DENM (at simulation time 306.000,000,000 s)
2025-04-25 15:15:01,744 INFO  - Sensor ICE event detected (at simulation time 307.000,000,000 s)
2025-04-25 15:15:01,744 INFO  - Sending DENM (at simulation time 307.000,000,000 s)
2025-04-25 15:15:01,749 INFO  - Sensor ICE event detected (at simulation time 308.000,000,000 s)
2025-04-25 15:15:01,749 INFO  - Sending DENM (at simulation time 308.000,000,000 s)
2025-04-25 15:15:01,753 INFO  - Sensor ICE event detected (at simulation time 309.000,000,000 s)
2025-04-25 15:15:01,753 INFO  - Sending DENM (at simulation time 309.000,000,000 s)
2025-04-25 15:15:01,764 INFO  - Sensor ICE event detected (at simulation time 310.000,000,000 s)
2025-04-25 15:15:01,764 INFO  - Sending DENM (at simulation time 310.000,000,000 s)
2025-04-25 15:15:01,769 INFO  - Sensor ICE event detected (at simulation time 311.000,000,000 s)
2025-04-25 15:15:01,769 INFO  - Sending DENM (at simulation time 311.000,000,000 s)
2025-04-25 15:15:01,773 INFO  - Sensor ICE event detected (at simulation time 312.000,000,000 s)
2025-04-25 15:15:01,773 INFO  - Sending DENM (at simulation time 312.000,000,000 s)
2025-04-25 15:15:01,778 INFO  - Sensor ICE event detected (at simulation time 313.000,000,000 s)
2025-04-25 15:15:01,778 INFO  - Sending DENM (at simulation time 313.000,000,000 s)
2025-04-25 15:15:01,783 INFO  - Sensor ICE event detected (at simulation time 314.000,000,000 s)
2025-04-25 15:15:01,783 INFO  - Sending DENM (at simulation time 314.000,000,000 s)
2025-04-25 15:15:01,794 INFO  - Sensor ICE event detected (at simulation time 315.000,000,000 s)
2025-04-25 15:15:01,794 INFO  - Sending DENM (at simulation time 315.000,000,000 s)
2025-04-25 15:15:01,800 INFO  - Sensor ICE event detected (at simulation time 316.000,000,000 s)
2025-04-25 15:15:01,800 INFO  - Sending DENM (at simulation time 316.000,000,000 s)
2025-04-25 15:15:01,806 INFO  - Sensor ICE event detected (at simulation time 317.000,000,000 s)
2025-04-25 15:15:01,806 INFO  - Sending DENM (at simulation time 317.000,000,000 s)
2025-04-25 15:15:01,811 INFO  - Sensor ICE event detected (at simulation time 318.000,000,000 s)
2025-04-25 15:15:01,811 INFO  - Sending DENM (at simulation time 318.000,000,000 s)
2025-04-25 15:15:01,817 INFO  - Sensor ICE event detected (at simulation time 319.000,000,000 s)
2025-04-25 15:15:01,817 INFO  - Sending DENM (at simulation time 319.000,000,000 s)
2025-04-25 15:15:01,827 INFO  - Sensor ICE event detected (at simulation time 320.000,000,000 s)
2025-04-25 15:15:01,827 INFO  - Sending DENM (at simulation time 320.000,000,000 s)
2025-04-25 15:15:01,832 INFO  - Sensor ICE event detected (at simulation time 321.000,000,000 s)
2025-04-25 15:15:01,832 INFO  - Sending DENM (at simulation time 321.000,000,000 s)
2025-04-25 15:15:01,837 INFO  - Sensor ICE event detected (at simulation time 322.000,000,000 s)
2025-04-25 15:15:01,837 INFO  - Sending DENM (at simulation time 322.000,000,000 s)
2025-04-25 15:15:01,842 INFO  - Sensor ICE event detected (at simulation time 323.000,000,000 s)
2025-04-25 15:15:01,842 INFO  - Sending DENM (at simulation time 323.000,000,000 s)
2025-04-25 15:15:01,848 INFO  - Sensor ICE event detected (at simulation time 324.000,000,000 s)
2025-04-25 15:15:01,848 INFO  - Sending DENM (at simulation time 324.000,000,000 s)
2025-04-25 15:15:01,862 INFO  - Sensor ICE event detected (at simulation time 325.000,000,000 s)
2025-04-25 15:15:01,862 INFO  - Sending DENM (at simulation time 325.000,000,000 s)
2025-04-25 15:15:01,868 INFO  - Sensor ICE event detected (at simulation time 326.000,000,000 s)
2025-04-25 15:15:01,868 INFO  - Sending DENM (at simulation time 326.000,000,000 s)
2025-04-25 15:15:01,874 INFO  - Sensor ICE event detected (at simulation time 327.000,000,000 s)
2025-04-25 15:15:01,874 INFO  - Sending DENM (at simulation time 327.000,000,000 s)
2025-04-25 15:15:01,879 INFO  - Sensor ICE event detected (at simulation time 328.000,000,000 s)
2025-04-25 15:15:01,879 INFO  - Sending DENM (at simulation time 328.000,000,000 s)
2025-04-25 15:15:01,884 INFO  - Sensor ICE event detected (at simulation time 329.000,000,000 s)
2025-04-25 15:15:01,884 INFO  - Sending DENM (at simulation time 329.000,000,000 s)
2025-04-25 15:15:01,895 INFO  - Sensor ICE event detected (at simulation time 330.000,000,000 s)
2025-04-25 15:15:01,895 INFO  - Sending DENM (at simulation time 330.000,000,000 s)
2025-04-25 15:15:01,901 INFO  - Sensor ICE event detected (at simulation time 331.000,000,000 s)
2025-04-25 15:15:01,901 INFO  - Sending DENM (at simulation time 331.000,000,000 s)
2025-04-25 15:15:01,905 INFO  - Sensor ICE event detected (at simulation time 332.000,000,000 s)
2025-04-25 15:15:01,905 INFO  - Sending DENM (at simulation time 332.000,000,000 s)
2025-04-25 15:15:01,911 INFO  - Sensor ICE event detected (at simulation time 333.000,000,000 s)
2025-04-25 15:15:01,911 INFO  - Sending DENM (at simulation time 333.000,000,000 s)
2025-04-25 15:15:01,915 INFO  - Sensor ICE event detected (at simulation time 334.000,000,000 s)
2025-04-25 15:15:01,915 INFO  - Sending DENM (at simulation time 334.000,000,000 s)
2025-04-25 15:15:01,927 INFO  - Sensor ICE event detected (at simulation time 335.000,000,000 s)
2025-04-25 15:15:01,927 INFO  - Sending DENM (at simulation time 335.000,000,000 s)
2025-04-25 15:15:01,933 INFO  - Sensor ICE event detected (at simulation time 336.000,000,000 s)
2025-04-25 15:15:01,933 INFO  - Sending DENM (at simulation time 336.000,000,000 s)
2025-04-25 15:15:01,939 INFO  - Sensor ICE event detected (at simulation time 337.000,000,000 s)
2025-04-25 15:15:01,939 INFO  - Sending DENM (at simulation time 337.000,000,000 s)
2025-04-25 15:15:01,948 INFO  - Sensor ICE event detected (at simulation time 338.000,000,000 s)
2025-04-25 15:15:01,948 INFO  - Sending DENM (at simulation time 338.000,000,000 s)
2025-04-25 15:15:01,953 INFO  - Sensor ICE event detected (at simulation time 339.000,000,000 s)
2025-04-25 15:15:01,953 INFO  - Sending DENM (at simulation time 339.000,000,000 s)
2025-04-25 15:15:01,964 INFO  - Sensor ICE event detected (at simulation time 340.000,000,000 s)
2025-04-25 15:15:01,964 INFO  - Sending DENM (at simulation time 340.000,000,000 s)
2025-04-25 15:15:01,968 INFO  - Sensor ICE event detected (at simulation time 341.000,000,000 s)
2025-04-25 15:15:01,968 INFO  - Sending DENM (at simulation time 341.000,000,000 s)
2025-04-25 15:15:01,972 INFO  - Sensor ICE event detected (at simulation time 342.000,000,000 s)
2025-04-25 15:15:01,972 INFO  - Sending DENM (at simulation time 342.000,000,000 s)
2025-04-25 15:15:01,976 INFO  - Sensor ICE event detected (at simulation time 343.000,000,000 s)
2025-04-25 15:15:01,976 INFO  - Sending DENM (at simulation time 343.000,000,000 s)
2025-04-25 15:15:01,980 INFO  - Sensor ICE event detected (at simulation time 344.000,000,000 s)
2025-04-25 15:15:01,980 INFO  - Sending DENM (at simulation time 344.000,000,000 s)
2025-04-25 15:15:01,991 INFO  - Sensor ICE event detected (at simulation time 345.000,000,000 s)
2025-04-25 15:15:01,991 INFO  - Sending DENM (at simulation time 345.000,000,000 s)
2025-04-25 15:15:01,995 INFO  - Sensor ICE event detected (at simulation time 346.000,000,000 s)
2025-04-25 15:15:01,995 INFO  - Sending DENM (at simulation time 346.000,000,000 s)
2025-04-25 15:15:01,998 INFO  - Sensor ICE event detected (at simulation time 347.000,000,000 s)
2025-04-25 15:15:01,998 INFO  - Sending DENM (at simulation time 347.000,000,000 s)
2025-04-25 15:15:02,004 INFO  - Sensor ICE event detected (at simulation time 348.000,000,000 s)
2025-04-25 15:15:02,004 INFO  - Sending DENM (at simulation time 348.000,000,000 s)
2025-04-25 15:15:02,008 INFO  - Sensor ICE event detected (at simulation time 349.000,000,000 s)
2025-04-25 15:15:02,008 INFO  - Sending DENM (at simulation time 349.000,000,000 s)
2025-04-25 15:15:02,019 INFO  - Sensor ICE event detected (at simulation time 350.000,000,000 s)
2025-04-25 15:15:02,019 INFO  - Sending DENM (at simulation time 350.000,000,000 s)
2025-04-25 15:15:02,024 INFO  - Sensor ICE event detected (at simulation time 351.000,000,000 s)
2025-04-25 15:15:02,024 INFO  - Sending DENM (at simulation time 351.000,000,000 s)
2025-04-25 15:15:02,029 INFO  - Sensor ICE event detected (at simulation time 352.000,000,000 s)
2025-04-25 15:15:02,029 INFO  - Sending DENM (at simulation time 352.000,000,000 s)
2025-04-25 15:15:02,033 INFO  - Sensor ICE event detected (at simulation time 353.000,000,000 s)
2025-04-25 15:15:02,033 INFO  - Sending DENM (at simulation time 353.000,000,000 s)
2025-04-25 15:15:02,039 INFO  - Sensor ICE event detected (at simulation time 354.000,000,000 s)
2025-04-25 15:15:02,039 INFO  - Sending DENM (at simulation time 354.000,000,000 s)
2025-04-25 15:15:02,050 INFO  - Sensor ICE event detected (at simulation time 355.000,000,000 s)
2025-04-25 15:15:02,050 INFO  - Sending DENM (at simulation time 355.000,000,000 s)
2025-04-25 15:15:02,054 INFO  - Sensor ICE event detected (at simulation time 356.000,000,000 s)
2025-04-25 15:15:02,054 INFO  - Sending DENM (at simulation time 356.000,000,000 s)
2025-04-25 15:15:02,059 INFO  - Sensor ICE event detected (at simulation time 357.000,000,000 s)
2025-04-25 15:15:02,059 INFO  - Sending DENM (at simulation time 357.000,000,000 s)
2025-04-25 15:15:02,064 INFO  - Sensor ICE event detected (at simulation time 358.000,000,000 s)
2025-04-25 15:15:02,064 INFO  - Sending DENM (at simulation time 358.000,000,000 s)
2025-04-25 15:15:02,070 INFO  - Sensor ICE event detected (at simulation time 359.000,000,000 s)
2025-04-25 15:15:02,070 INFO  - Sending DENM (at simulation time 359.000,000,000 s)
2025-04-25 15:15:02,080 INFO  - Sensor ICE event detected (at simulation time 360.000,000,000 s)
2025-04-25 15:15:02,080 INFO  - Sending DENM (at simulation time 360.000,000,000 s)
2025-04-25 15:15:02,085 INFO  - Sensor ICE event detected (at simulation time 361.000,000,000 s)
2025-04-25 15:15:02,085 INFO  - Sending DENM (at simulation time 361.000,000,000 s)
2025-04-25 15:15:02,090 INFO  - Sensor ICE event detected (at simulation time 362.000,000,000 s)
2025-04-25 15:15:02,090 INFO  - Sending DENM (at simulation time 362.000,000,000 s)
2025-04-25 15:15:02,095 INFO  - Sensor ICE event detected (at simulation time 363.000,000,000 s)
2025-04-25 15:15:02,095 INFO  - Sending DENM (at simulation time 363.000,000,000 s)
2025-04-25 15:15:02,099 INFO  - Sensor ICE event detected (at simulation time 364.000,000,000 s)
2025-04-25 15:15:02,099 INFO  - Sending DENM (at simulation time 364.000,000,000 s)
2025-04-25 15:15:02,108 INFO  - Sensor ICE event detected (at simulation time 365.000,000,000 s)
2025-04-25 15:15:02,108 INFO  - Sending DENM (at simulation time 365.000,000,000 s)
2025-04-25 15:15:02,113 INFO  - Sensor ICE event detected (at simulation time 366.000,000,000 s)
2025-04-25 15:15:02,113 INFO  - Sending DENM (at simulation time 366.000,000,000 s)
2025-04-25 15:15:02,117 INFO  - Sensor ICE event detected (at simulation time 367.000,000,000 s)
2025-04-25 15:15:02,117 INFO  - Sending DENM (at simulation time 367.000,000,000 s)
2025-04-25 15:15:02,121 INFO  - Sensor ICE event detected (at simulation time 368.000,000,000 s)
2025-04-25 15:15:02,121 INFO  - Sending DENM (at simulation time 368.000,000,000 s)
2025-04-25 15:15:02,125 INFO  - Sensor ICE event detected (at simulation time 369.000,000,000 s)
2025-04-25 15:15:02,125 INFO  - Sending DENM (at simulation time 369.000,000,000 s)
2025-04-25 15:15:02,133 INFO  - Sensor ICE event detected (at simulation time 370.000,000,000 s)
2025-04-25 15:15:02,133 INFO  - Sending DENM (at simulation time 370.000,000,000 s)
2025-04-25 15:15:02,137 INFO  - Sensor ICE event detected (at simulation time 371.000,000,000 s)
2025-04-25 15:15:02,137 INFO  - Sending DENM (at simulation time 371.000,000,000 s)
2025-04-25 15:15:02,141 INFO  - Sensor ICE event detected (at simulation time 372.000,000,000 s)
2025-04-25 15:15:02,141 INFO  - Sending DENM (at simulation time 372.000,000,000 s)
2025-04-25 15:15:02,145 INFO  - Sensor ICE event detected (at simulation time 373.000,000,000 s)
2025-04-25 15:15:02,145 INFO  - Sending DENM (at simulation time 373.000,000,000 s)
2025-04-25 15:15:02,148 INFO  - Sensor ICE event detected (at simulation time 374.000,000,000 s)
2025-04-25 15:15:02,148 INFO  - Sending DENM (at simulation time 374.000,000,000 s)
2025-04-25 15:15:02,163 INFO  - Sensor ICE event detected (at simulation time 375.000,000,000 s)
2025-04-25 15:15:02,163 INFO  - Sending DENM (at simulation time 375.000,000,000 s)
2025-04-25 15:15:02,168 INFO  - Sensor ICE event detected (at simulation time 376.000,000,000 s)
2025-04-25 15:15:02,168 INFO  - Sending DENM (at simulation time 376.000,000,000 s)
2025-04-25 15:15:02,172 INFO  - Sensor ICE event detected (at simulation time 377.000,000,000 s)
2025-04-25 15:15:02,173 INFO  - Sending DENM (at simulation time 377.000,000,000 s)
2025-04-25 15:15:02,177 INFO  - Sensor ICE event detected (at simulation time 378.000,000,000 s)
2025-04-25 15:15:02,177 INFO  - Sending DENM (at simulation time 378.000,000,000 s)
2025-04-25 15:15:02,181 INFO  - Sensor ICE event detected (at simulation time 379.000,000,000 s)
2025-04-25 15:15:02,181 INFO  - Sending DENM (at simulation time 379.000,000,000 s)
2025-04-25 15:15:02,196 INFO  - Sensor ICE event detected (at simulation time 380.000,000,000 s)
2025-04-25 15:15:02,196 INFO  - Sending DENM (at simulation time 380.000,000,000 s)
2025-04-25 15:15:02,202 INFO  - Sensor ICE event detected (at simulation time 381.000,000,000 s)
2025-04-25 15:15:02,202 INFO  - Sending DENM (at simulation time 381.000,000,000 s)
2025-04-25 15:15:02,207 INFO  - Sensor ICE event detected (at simulation time 382.000,000,000 s)
2025-04-25 15:15:02,207 INFO  - Sending DENM (at simulation time 382.000,000,000 s)
2025-04-25 15:15:02,212 INFO  - Sensor ICE event detected (at simulation time 383.000,000,000 s)
2025-04-25 15:15:02,212 INFO  - Sending DENM (at simulation time 383.000,000,000 s)
2025-04-25 15:15:02,217 INFO  - Sensor ICE event detected (at simulation time 384.000,000,000 s)
2025-04-25 15:15:02,217 INFO  - Sending DENM (at simulation time 384.000,000,000 s)
2025-04-25 15:15:02,233 INFO  - Sensor ICE event detected (at simulation time 385.000,000,000 s)
2025-04-25 15:15:02,233 INFO  - Sending DENM (at simulation time 385.000,000,000 s)
2025-04-25 15:15:02,239 INFO  - Sensor ICE event detected (at simulation time 386.000,000,000 s)
2025-04-25 15:15:02,239 INFO  - Sending DENM (at simulation time 386.000,000,000 s)
2025-04-25 15:15:02,244 INFO  - Sensor ICE event detected (at simulation time 387.000,000,000 s)
2025-04-25 15:15:02,244 INFO  - Sending DENM (at simulation time 387.000,000,000 s)
2025-04-25 15:15:02,249 INFO  - Sensor ICE event detected (at simulation time 388.000,000,000 s)
2025-04-25 15:15:02,249 INFO  - Sending DENM (at simulation time 388.000,000,000 s)
2025-04-25 15:15:02,255 INFO  - Sensor ICE event detected (at simulation time 389.000,000,000 s)
2025-04-25 15:15:02,255 INFO  - Sending DENM (at simulation time 389.000,000,000 s)
2025-04-25 15:15:02,269 INFO  - Sensor ICE event detected (at simulation time 390.000,000,000 s)
2025-04-25 15:15:02,269 INFO  - Sending DENM (at simulation time 390.000,000,000 s)
2025-04-25 15:15:02,274 INFO  - Sensor ICE event detected (at simulation time 391.000,000,000 s)
2025-04-25 15:15:02,274 INFO  - Sending DENM (at simulation time 391.000,000,000 s)
2025-04-25 15:15:02,281 INFO  - Sensor ICE event detected (at simulation time 392.000,000,000 s)
2025-04-25 15:15:02,281 INFO  - Sending DENM (at simulation time 392.000,000,000 s)
2025-04-25 15:15:02,285 INFO  - Sensor ICE event detected (at simulation time 393.000,000,000 s)
2025-04-25 15:15:02,285 INFO  - Sending DENM (at simulation time 393.000,000,000 s)
2025-04-25 15:15:02,288 INFO  - Sensor ICE event detected (at simulation time 394.000,000,000 s)
2025-04-25 15:15:02,288 INFO  - Sending DENM (at simulation time 394.000,000,000 s)
2025-04-25 15:15:02,297 INFO  - Sensor ICE event detected (at simulation time 395.000,000,000 s)
2025-04-25 15:15:02,297 INFO  - Sending DENM (at simulation time 395.000,000,000 s)
2025-04-25 15:15:02,300 INFO  - Sensor ICE event detected (at simulation time 396.000,000,000 s)
2025-04-25 15:15:02,300 INFO  - Sending DENM (at simulation time 396.000,000,000 s)
2025-04-25 15:15:02,304 INFO  - Sensor ICE event detected (at simulation time 397.000,000,000 s)
2025-04-25 15:15:02,304 INFO  - Sending DENM (at simulation time 397.000,000,000 s)
2025-04-25 15:15:02,308 INFO  - Sensor ICE event detected (at simulation time 398.000,000,000 s)
2025-04-25 15:15:02,308 INFO  - Sending DENM (at simulation time 398.000,000,000 s)
2025-04-25 15:15:02,312 INFO  - Sensor ICE event detected (at simulation time 399.000,000,000 s)
2025-04-25 15:15:02,312 INFO  - Sending DENM (at simulation time 399.000,000,000 s)
2025-04-25 15:15:02,321 INFO  - Sensor ICE event detected (at simulation time 400.000,000,000 s)
2025-04-25 15:15:02,321 INFO  - Sending DENM (at simulation time 400.000,000,000 s)
2025-04-25 15:15:02,903 INFO  - Shutdown application (at simulation time 556.000,000,000 s)
