2025-04-25 15:14:59,900 INFO  - Initialize WeatherServer application (at simulation time 0.000,000,000 s)
2025-04-25 15:14:59,903 INFO  - Setup weather server server_0 at time 0 (at simulation time 0.000,000,000 s)
2025-04-25 15:14:59,903 INFO  - Activated Cell Module (at simulation time 0.000,000,000 s)
2025-04-25 15:14:59,903 INFO  - No warning present. (at simulation time 0.000,000,000 s)
2025-04-25 15:14:59,907 INFO  - No warning present. (at simulation time 2.000,000,000 s)
2025-04-25 15:14:59,911 INFO  - No warning present. (at simulation time 4.000,000,000 s)
2025-04-25 15:14:59,926 INFO  - No warning present. (at simulation time 6.000,000,000 s)
2025-04-25 15:14:59,936 INFO  - No warning present. (at simulation time 8.000,000,000 s)
2025-04-25 15:14:59,950 INFO  - No warning present. (at simulation time 10.000,000,000 s)
2025-04-25 15:14:59,956 INFO  - No warning present. (at simulation time 12.000,000,000 s)
2025-04-25 15:14:59,960 INFO  - No warning present. (at simulation time 14.000,000,000 s)
2025-04-25 15:14:59,972 INFO  - No warning present. (at simulation time 16.000,000,000 s)
2025-04-25 15:14:59,978 INFO  - No warning present. (at simulation time 18.000,000,000 s)
2025-04-25 15:14:59,989 INFO  - No warning present. (at simulation time 20.000,000,000 s)
2025-04-25 15:14:59,993 INFO  - No warning present. (at simulation time 22.000,000,000 s)
2025-04-25 15:14:59,997 INFO  - No warning present. (at simulation time 24.000,000,000 s)
2025-04-25 15:15:00,004 INFO  - No warning present. (at simulation time 26.000,000,000 s)
2025-04-25 15:15:00,009 INFO  - No warning present. (at simulation time 28.000,000,000 s)
2025-04-25 15:15:00,017 INFO  - No warning present. (at simulation time 30.000,000,000 s)
2025-04-25 15:15:00,024 INFO  - No warning present. (at simulation time 32.000,000,000 s)
2025-04-25 15:15:00,029 INFO  - No warning present. (at simulation time 34.000,000,000 s)
2025-04-25 15:15:00,037 INFO  - No warning present. (at simulation time 36.000,000,000 s)
2025-04-25 15:15:00,043 INFO  - No warning present. (at simulation time 38.000,000,000 s)
2025-04-25 15:15:00,053 INFO  - No warning present. (at simulation time 40.000,000,000 s)
2025-04-25 15:15:00,057 INFO  - No warning present. (at simulation time 42.000,000,000 s)
2025-04-25 15:15:00,062 INFO  - No warning present. (at simulation time 44.000,000,000 s)
2025-04-25 15:15:00,069 INFO  - No warning present. (at simulation time 46.000,000,000 s)
2025-04-25 15:15:00,075 INFO  - No warning present. (at simulation time 48.000,000,000 s)
2025-04-25 15:15:00,087 INFO  - No warning present. (at simulation time 50.000,000,000 s)
2025-04-25 15:15:00,093 INFO  - No warning present. (at simulation time 52.000,000,000 s)
2025-04-25 15:15:00,098 INFO  - No warning present. (at simulation time 54.000,000,000 s)
2025-04-25 15:15:00,110 INFO  - No warning present. (at simulation time 56.000,000,000 s)
2025-04-25 15:15:00,116 INFO  - No warning present. (at simulation time 58.000,000,000 s)
2025-04-25 15:15:00,127 INFO  - No warning present. (at simulation time 60.000,000,000 s)
2025-04-25 15:15:00,132 INFO  - No warning present. (at simulation time 62.000,000,000 s)
2025-04-25 15:15:00,137 INFO  - No warning present. (at simulation time 64.000,000,000 s)
2025-04-25 15:15:00,142 INFO  - No warning present. (at simulation time 66.000,000,000 s)
2025-04-25 15:15:00,147 INFO  - No warning present. (at simulation time 68.000,000,000 s)
2025-04-25 15:15:00,154 INFO  - No warning present. (at simulation time 70.000,000,000 s)
2025-04-25 15:15:00,159 INFO  - No warning present. (at simulation time 72.000,000,000 s)
2025-04-25 15:15:00,164 INFO  - No warning present. (at simulation time 74.000,000,000 s)
2025-04-25 15:15:00,172 INFO  - No warning present. (at simulation time 76.000,000,000 s)
2025-04-25 15:15:00,177 INFO  - No warning present. (at simulation time 78.000,000,000 s)
2025-04-25 15:15:00,185 INFO  - No warning present. (at simulation time 80.000,000,000 s)
2025-04-25 15:15:00,191 INFO  - No warning present. (at simulation time 82.000,000,000 s)
2025-04-25 15:15:00,240 INFO  - No warning present. (at simulation time 84.000,000,000 s)
2025-04-25 15:15:00,255 INFO  - No warning present. (at simulation time 86.000,000,000 s)
2025-04-25 15:15:00,264 INFO  - No warning present. (at simulation time 88.000,000,000 s)
2025-04-25 15:15:00,283 INFO  - No warning present. (at simulation time 90.000,000,000 s)
2025-04-25 15:15:00,291 INFO  - No warning present. (at simulation time 92.000,000,000 s)
2025-04-25 15:15:00,302 INFO  - No warning present. (at simulation time 94.000,000,000 s)
2025-04-25 15:15:00,314 INFO  - No warning present. (at simulation time 96.000,000,000 s)
2025-04-25 15:15:00,323 INFO  - No warning present. (at simulation time 98.000,000,000 s)
2025-04-25 15:15:00,338 INFO  - No warning present. (at simulation time 100.000,000,000 s)
2025-04-25 15:15:00,346 INFO  - No warning present. (at simulation time 102.000,000,000 s)
2025-04-25 15:15:00,354 INFO  - No warning present. (at simulation time 104.000,000,000 s)
2025-04-25 15:15:00,365 INFO  - No warning present. (at simulation time 106.000,000,000 s)
2025-04-25 15:15:00,375 INFO  - No warning present. (at simulation time 108.000,000,000 s)
2025-04-25 15:15:00,389 INFO  - No warning present. (at simulation time 110.000,000,000 s)
2025-04-25 15:15:00,398 INFO  - No warning present. (at simulation time 112.000,000,000 s)
2025-04-25 15:15:00,407 INFO  - No warning present. (at simulation time 114.000,000,000 s)
2025-04-25 15:15:00,421 INFO  - No warning present. (at simulation time 116.000,000,000 s)
2025-04-25 15:15:00,432 INFO  - No warning present. (at simulation time 118.000,000,000 s)
2025-04-25 15:15:00,446 INFO  - No warning present. (at simulation time 120.000,000,000 s)
2025-04-25 15:15:00,454 INFO  - No warning present. (at simulation time 122.000,000,000 s)
2025-04-25 15:15:00,463 INFO  - No warning present. (at simulation time 124.000,000,000 s)
2025-04-25 15:15:00,476 INFO  - No warning present. (at simulation time 126.000,000,000 s)
2025-04-25 15:15:00,487 INFO  - No warning present. (at simulation time 128.000,000,000 s)
2025-04-25 15:15:00,505 INFO  - No warning present. (at simulation time 130.000,000,000 s)
2025-04-25 15:15:00,514 INFO  - No warning present. (at simulation time 132.000,000,000 s)
2025-04-25 15:15:00,522 INFO  - No warning present. (at simulation time 134.000,000,000 s)
2025-04-25 15:15:00,533 INFO  - No warning present. (at simulation time 136.000,000,000 s)
2025-04-25 15:15:00,541 INFO  - No warning present. (at simulation time 138.000,000,000 s)
2025-04-25 15:15:00,556 INFO  - No warning present. (at simulation time 140.000,000,000 s)
2025-04-25 15:15:00,564 INFO  - No warning present. (at simulation time 142.000,000,000 s)
2025-04-25 15:15:00,571 INFO  - No warning present. (at simulation time 144.000,000,000 s)
2025-04-25 15:15:00,583 INFO  - No warning present. (at simulation time 146.000,000,000 s)
2025-04-25 15:15:00,593 INFO  - No warning present. (at simulation time 148.000,000,000 s)
2025-04-25 15:15:00,605 INFO  - No warning present. (at simulation time 150.000,000,000 s)
2025-04-25 15:15:00,614 INFO  - No warning present. (at simulation time 152.000,000,000 s)
2025-04-25 15:15:00,624 INFO  - No warning present. (at simulation time 154.000,000,000 s)
2025-04-25 15:15:00,637 INFO  - No warning present. (at simulation time 156.000,000,000 s)
2025-04-25 15:15:00,646 INFO  - No warning present. (at simulation time 158.000,000,000 s)
2025-04-25 15:15:00,660 INFO  - No warning present. (at simulation time 160.000,000,000 s)
2025-04-25 15:15:00,671 INFO  - No warning present. (at simulation time 162.000,000,000 s)
2025-04-25 15:15:00,692 INFO  - No warning present. (at simulation time 164.000,000,000 s)
2025-04-25 15:15:00,710 INFO  - No warning present. (at simulation time 166.000,000,000 s)
2025-04-25 15:15:00,723 INFO  - No warning present. (at simulation time 168.000,000,000 s)
2025-04-25 15:15:00,741 INFO  - No warning present. (at simulation time 170.000,000,000 s)
2025-04-25 15:15:00,756 INFO  - No warning present. (at simulation time 172.000,000,000 s)
2025-04-25 15:15:00,768 INFO  - No warning present. (at simulation time 174.000,000,000 s)
2025-04-25 15:15:00,786 INFO  - No warning present. (at simulation time 176.000,000,000 s)
2025-04-25 15:15:00,797 INFO  - No warning present. (at simulation time 178.000,000,000 s)
2025-04-25 15:15:00,819 INFO  - No warning present. (at simulation time 180.000,000,000 s)
2025-04-25 15:15:00,829 INFO  - No warning present. (at simulation time 182.000,000,000 s)
2025-04-25 15:15:00,839 INFO  - No warning present. (at simulation time 184.000,000,000 s)
2025-04-25 15:15:00,856 INFO  - No warning present. (at simulation time 186.000,000,000 s)
2025-04-25 15:15:00,868 INFO  - No warning present. (at simulation time 188.000,000,000 s)
2025-04-25 15:15:00,896 INFO  - No warning present. (at simulation time 190.000,000,000 s)
2025-04-25 15:15:00,907 INFO  - No warning present. (at simulation time 192.000,000,000 s)
2025-04-25 15:15:00,918 INFO  - No warning present. (at simulation time 194.000,000,000 s)
2025-04-25 15:15:00,944 INFO  - No warning present. (at simulation time 196.000,000,000 s)
2025-04-25 15:15:00,954 INFO  - No warning present. (at simulation time 198.000,000,000 s)
2025-04-25 15:15:00,969 INFO  - No warning present. (at simulation time 200.000,000,000 s)
2025-04-25 15:15:00,977 INFO  - No warning present. (at simulation time 202.000,000,000 s)
2025-04-25 15:15:00,986 INFO  - No warning present. (at simulation time 204.000,000,000 s)
2025-04-25 15:15:01,001 INFO  - No warning present. (at simulation time 206.000,000,000 s)
2025-04-25 15:15:01,011 INFO  - No warning present. (at simulation time 208.000,000,000 s)
2025-04-25 15:15:01,027 INFO  - No warning present. (at simulation time 210.000,000,000 s)
2025-04-25 15:15:01,037 INFO  - No warning present. (at simulation time 212.000,000,000 s)
2025-04-25 15:15:01,049 INFO  - No warning present. (at simulation time 214.000,000,000 s)
2025-04-25 15:15:01,065 INFO  - No warning present. (at simulation time 216.000,000,000 s)
2025-04-25 15:15:01,075 INFO  - No warning present. (at simulation time 218.000,000,000 s)
2025-04-25 15:15:01,095 INFO  - No warning present. (at simulation time 220.000,000,000 s)
2025-04-25 15:15:01,105 INFO  - No warning present. (at simulation time 222.000,000,000 s)
2025-04-25 15:15:01,114 INFO  - No warning present. (at simulation time 224.000,000,000 s)
2025-04-25 15:15:01,128 INFO  - No warning present. (at simulation time 226.000,000,000 s)
2025-04-25 15:15:01,139 INFO  - No warning present. (at simulation time 228.000,000,000 s)
2025-04-25 15:15:01,153 INFO  - No warning present. (at simulation time 230.000,000,000 s)
2025-04-25 15:15:01,163 INFO  - No warning present. (at simulation time 232.000,000,000 s)
2025-04-25 15:15:01,173 INFO  - No warning present. (at simulation time 234.000,000,000 s)
2025-04-25 15:15:01,188 INFO  - No warning present. (at simulation time 236.000,000,000 s)
2025-04-25 15:15:01,198 INFO  - No warning present. (at simulation time 238.000,000,000 s)
2025-04-25 15:15:01,214 INFO  - No warning present. (at simulation time 240.000,000,000 s)
2025-04-25 15:15:01,223 INFO  - No warning present. (at simulation time 242.000,000,000 s)
2025-04-25 15:15:01,246 INFO  - No warning present. (at simulation time 244.000,000,000 s)
2025-04-25 15:15:01,265 INFO  - No warning present. (at simulation time 246.000,000,000 s)
2025-04-25 15:15:01,277 INFO  - No warning present. (at simulation time 248.000,000,000 s)
2025-04-25 15:15:01,301 INFO  - No warning present. (at simulation time 250.000,000,000 s)
2025-04-25 15:15:01,313 INFO  - No warning present. (at simulation time 252.000,000,000 s)
2025-04-25 15:15:01,326 INFO  - No warning present. (at simulation time 254.000,000,000 s)
2025-04-25 15:15:01,349 INFO  - No warning present. (at simulation time 256.000,000,000 s)
2025-04-25 15:15:01,363 INFO  - No warning present. (at simulation time 258.000,000,000 s)
2025-04-25 15:15:01,388 INFO  - No warning present. (at simulation time 260.000,000,000 s)
2025-04-25 15:15:01,402 INFO  - No warning present. (at simulation time 262.000,000,000 s)
2025-04-25 15:15:01,417 INFO  - No warning present. (at simulation time 264.000,000,000 s)
2025-04-25 15:15:01,445 INFO  - No warning present. (at simulation time 266.000,000,000 s)
2025-04-25 15:15:01,464 INFO  - No warning present. (at simulation time 268.000,000,000 s)
2025-04-25 15:15:01,488 INFO  - No warning present. (at simulation time 270.000,000,000 s)
2025-04-25 15:15:01,505 INFO  - No warning present. (at simulation time 272.000,000,000 s)
2025-04-25 15:15:01,522 INFO  - No warning present. (at simulation time 274.000,000,000 s)
2025-04-25 15:15:01,543 INFO  - No warning present. (at simulation time 276.000,000,000 s)
2025-04-25 15:15:01,554 INFO  - No warning present. (at simulation time 278.000,000,000 s)
2025-04-25 15:15:01,572 INFO  - No warning present. (at simulation time 280.000,000,000 s)
2025-04-25 15:15:01,584 INFO  - No warning present. (at simulation time 282.000,000,000 s)
2025-04-25 15:15:01,594 INFO  - No warning present. (at simulation time 284.000,000,000 s)
2025-04-25 15:15:01,611 INFO  - No warning present. (at simulation time 286.000,000,000 s)
2025-04-25 15:15:01,623 INFO  - No warning present. (at simulation time 288.000,000,000 s)
2025-04-25 15:15:01,641 INFO  - No warning present. (at simulation time 290.000,000,000 s)
2025-04-25 15:15:01,652 INFO  - No warning present. (at simulation time 292.000,000,000 s)
2025-04-25 15:15:01,663 INFO  - No warning present. (at simulation time 294.000,000,000 s)
2025-04-25 15:15:01,679 INFO  - No warning present. (at simulation time 296.000,000,000 s)
2025-04-25 15:15:01,689 INFO  - No warning present. (at simulation time 298.000,000,000 s)
2025-04-25 15:15:01,705 INFO  - No warning present. (at simulation time 300.000,000,000 s)
2025-04-25 15:15:01,714 INFO  - No warning present. (at simulation time 302.000,000,000 s)
2025-04-25 15:15:01,723 INFO  - No warning present. (at simulation time 304.000,000,000 s)
2025-04-25 15:15:01,740 INFO  - No warning present. (at simulation time 306.000,000,000 s)
2025-04-25 15:15:01,749 INFO  - No warning present. (at simulation time 308.000,000,000 s)
2025-04-25 15:15:01,765 INFO  - No warning present. (at simulation time 310.000,000,000 s)
2025-04-25 15:15:01,773 INFO  - No warning present. (at simulation time 312.000,000,000 s)
2025-04-25 15:15:01,783 INFO  - No warning present. (at simulation time 314.000,000,000 s)
2025-04-25 15:15:01,800 INFO  - No warning present. (at simulation time 316.000,000,000 s)
2025-04-25 15:15:01,812 INFO  - No warning present. (at simulation time 318.000,000,000 s)
2025-04-25 15:15:01,828 INFO  - No warning present. (at simulation time 320.000,000,000 s)
2025-04-25 15:15:01,837 INFO  - No warning present. (at simulation time 322.000,000,000 s)
2025-04-25 15:15:01,848 INFO  - No warning present. (at simulation time 324.000,000,000 s)
2025-04-25 15:15:01,868 INFO  - No warning present. (at simulation time 326.000,000,000 s)
2025-04-25 15:15:01,879 INFO  - No warning present. (at simulation time 328.000,000,000 s)
2025-04-25 15:15:01,895 INFO  - No warning present. (at simulation time 330.000,000,000 s)
2025-04-25 15:15:01,906 INFO  - No warning present. (at simulation time 332.000,000,000 s)
2025-04-25 15:15:01,916 INFO  - No warning present. (at simulation time 334.000,000,000 s)
2025-04-25 15:15:01,933 INFO  - No warning present. (at simulation time 336.000,000,000 s)
2025-04-25 15:15:01,948 INFO  - No warning present. (at simulation time 338.000,000,000 s)
2025-04-25 15:15:01,964 INFO  - No warning present. (at simulation time 340.000,000,000 s)
2025-04-25 15:15:01,973 INFO  - No warning present. (at simulation time 342.000,000,000 s)
2025-04-25 15:15:01,980 INFO  - No warning present. (at simulation time 344.000,000,000 s)
2025-04-25 15:15:01,995 INFO  - No warning present. (at simulation time 346.000,000,000 s)
2025-04-25 15:15:02,004 INFO  - No warning present. (at simulation time 348.000,000,000 s)
2025-04-25 15:15:02,020 INFO  - No warning present. (at simulation time 350.000,000,000 s)
2025-04-25 15:15:02,029 INFO  - No warning present. (at simulation time 352.000,000,000 s)
2025-04-25 15:15:02,039 INFO  - No warning present. (at simulation time 354.000,000,000 s)
2025-04-25 15:15:02,055 INFO  - No warning present. (at simulation time 356.000,000,000 s)
2025-04-25 15:15:02,064 INFO  - No warning present. (at simulation time 358.000,000,000 s)
2025-04-25 15:15:02,081 INFO  - No warning present. (at simulation time 360.000,000,000 s)
2025-04-25 15:15:02,090 INFO  - No warning present. (at simulation time 362.000,000,000 s)
2025-04-25 15:15:02,099 INFO  - No warning present. (at simulation time 364.000,000,000 s)
2025-04-25 15:15:02,114 INFO  - No warning present. (at simulation time 366.000,000,000 s)
2025-04-25 15:15:02,121 INFO  - No warning present. (at simulation time 368.000,000,000 s)
2025-04-25 15:15:02,134 INFO  - No warning present. (at simulation time 370.000,000,000 s)
2025-04-25 15:15:02,141 INFO  - No warning present. (at simulation time 372.000,000,000 s)
2025-04-25 15:15:02,148 INFO  - No warning present. (at simulation time 374.000,000,000 s)
2025-04-25 15:15:02,168 INFO  - No warning present. (at simulation time 376.000,000,000 s)
2025-04-25 15:15:02,177 INFO  - No warning present. (at simulation time 378.000,000,000 s)
2025-04-25 15:15:02,197 INFO  - No warning present. (at simulation time 380.000,000,000 s)
2025-04-25 15:15:02,208 INFO  - No warning present. (at simulation time 382.000,000,000 s)
2025-04-25 15:15:02,217 INFO  - No warning present. (at simulation time 384.000,000,000 s)
2025-04-25 15:15:02,239 INFO  - No warning present. (at simulation time 386.000,000,000 s)
2025-04-25 15:15:02,250 INFO  - No warning present. (at simulation time 388.000,000,000 s)
2025-04-25 15:15:02,269 INFO  - No warning present. (at simulation time 390.000,000,000 s)
2025-04-25 15:15:02,281 INFO  - No warning present. (at simulation time 392.000,000,000 s)
2025-04-25 15:15:02,289 INFO  - No warning present. (at simulation time 394.000,000,000 s)
2025-04-25 15:15:02,301 INFO  - No warning present. (at simulation time 396.000,000,000 s)
2025-04-25 15:15:02,309 INFO  - No warning present. (at simulation time 398.000,000,000 s)
2025-04-25 15:15:02,321 INFO  - No warning present. (at simulation time 400.000,000,000 s)
2025-04-25 15:15:02,329 INFO  - No warning present. (at simulation time 402.000,000,000 s)
2025-04-25 15:15:02,335 INFO  - No warning present. (at simulation time 404.000,000,000 s)
2025-04-25 15:15:02,349 INFO  - No warning present. (at simulation time 406.000,000,000 s)
2025-04-25 15:15:02,358 INFO  - No warning present. (at simulation time 408.000,000,000 s)
2025-04-25 15:15:02,373 INFO  - No warning present. (at simulation time 410.000,000,000 s)
2025-04-25 15:15:02,383 INFO  - No warning present. (at simulation time 412.000,000,000 s)
2025-04-25 15:15:02,391 INFO  - No warning present. (at simulation time 414.000,000,000 s)
2025-04-25 15:15:02,410 INFO  - No warning present. (at simulation time 416.000,000,000 s)
2025-04-25 15:15:02,417 INFO  - No warning present. (at simulation time 418.000,000,000 s)
2025-04-25 15:15:02,431 INFO  - No warning present. (at simulation time 420.000,000,000 s)
2025-04-25 15:15:02,440 INFO  - No warning present. (at simulation time 422.000,000,000 s)
2025-04-25 15:15:02,449 INFO  - No warning present. (at simulation time 424.000,000,000 s)
2025-04-25 15:15:02,462 INFO  - No warning present. (at simulation time 426.000,000,000 s)
2025-04-25 15:15:02,469 INFO  - No warning present. (at simulation time 428.000,000,000 s)
2025-04-25 15:15:02,480 INFO  - No warning present. (at simulation time 430.000,000,000 s)
2025-04-25 15:15:02,487 INFO  - No warning present. (at simulation time 432.000,000,000 s)
2025-04-25 15:15:02,493 INFO  - No warning present. (at simulation time 434.000,000,000 s)
2025-04-25 15:15:02,504 INFO  - No warning present. (at simulation time 436.000,000,000 s)
2025-04-25 15:15:02,511 INFO  - No warning present. (at simulation time 438.000,000,000 s)
2025-04-25 15:15:02,523 INFO  - No warning present. (at simulation time 440.000,000,000 s)
2025-04-25 15:15:02,529 INFO  - No warning present. (at simulation time 442.000,000,000 s)
2025-04-25 15:15:02,535 INFO  - No warning present. (at simulation time 444.000,000,000 s)
2025-04-25 15:15:02,546 INFO  - No warning present. (at simulation time 446.000,000,000 s)
2025-04-25 15:15:02,553 INFO  - No warning present. (at simulation time 448.000,000,000 s)
2025-04-25 15:15:02,563 INFO  - No warning present. (at simulation time 450.000,000,000 s)
2025-04-25 15:15:02,569 INFO  - No warning present. (at simulation time 452.000,000,000 s)
2025-04-25 15:15:02,574 INFO  - No warning present. (at simulation time 454.000,000,000 s)
2025-04-25 15:15:02,585 INFO  - No warning present. (at simulation time 456.000,000,000 s)
2025-04-25 15:15:02,590 INFO  - No warning present. (at simulation time 458.000,000,000 s)
2025-04-25 15:15:02,601 INFO  - No warning present. (at simulation time 460.000,000,000 s)
2025-04-25 15:15:02,608 INFO  - No warning present. (at simulation time 462.000,000,000 s)
2025-04-25 15:15:02,613 INFO  - No warning present. (at simulation time 464.000,000,000 s)
2025-04-25 15:15:02,625 INFO  - No warning present. (at simulation time 466.000,000,000 s)
2025-04-25 15:15:02,631 INFO  - No warning present. (at simulation time 468.000,000,000 s)
2025-04-25 15:15:02,639 INFO  - No warning present. (at simulation time 470.000,000,000 s)
2025-04-25 15:15:02,645 INFO  - No warning present. (at simulation time 472.000,000,000 s)
2025-04-25 15:15:02,650 INFO  - No warning present. (at simulation time 474.000,000,000 s)
2025-04-25 15:15:02,658 INFO  - No warning present. (at simulation time 476.000,000,000 s)
2025-04-25 15:15:02,663 INFO  - No warning present. (at simulation time 478.000,000,000 s)
2025-04-25 15:15:02,675 INFO  - No warning present. (at simulation time 480.000,000,000 s)
2025-04-25 15:15:02,681 INFO  - No warning present. (at simulation time 482.000,000,000 s)
2025-04-25 15:15:02,686 INFO  - No warning present. (at simulation time 484.000,000,000 s)
2025-04-25 15:15:02,694 INFO  - No warning present. (at simulation time 486.000,000,000 s)
2025-04-25 15:15:02,699 INFO  - No warning present. (at simulation time 488.000,000,000 s)
2025-04-25 15:15:02,707 INFO  - No warning present. (at simulation time 490.000,000,000 s)
2025-04-25 15:15:02,713 INFO  - No warning present. (at simulation time 492.000,000,000 s)
2025-04-25 15:15:02,718 INFO  - No warning present. (at simulation time 494.000,000,000 s)
2025-04-25 15:15:02,726 INFO  - No warning present. (at simulation time 496.000,000,000 s)
2025-04-25 15:15:02,731 INFO  - No warning present. (at simulation time 498.000,000,000 s)
2025-04-25 15:15:02,739 INFO  - No warning present. (at simulation time 500.000,000,000 s)
2025-04-25 15:15:02,744 INFO  - No warning present. (at simulation time 502.000,000,000 s)
2025-04-25 15:15:02,748 INFO  - No warning present. (at simulation time 504.000,000,000 s)
2025-04-25 15:15:02,756 INFO  - No warning present. (at simulation time 506.000,000,000 s)
2025-04-25 15:15:02,761 INFO  - No warning present. (at simulation time 508.000,000,000 s)
2025-04-25 15:15:02,770 INFO  - No warning present. (at simulation time 510.000,000,000 s)
2025-04-25 15:15:02,775 INFO  - No warning present. (at simulation time 512.000,000,000 s)
2025-04-25 15:15:02,780 INFO  - No warning present. (at simulation time 514.000,000,000 s)
2025-04-25 15:15:02,788 INFO  - No warning present. (at simulation time 516.000,000,000 s)
2025-04-25 15:15:02,793 INFO  - No warning present. (at simulation time 518.000,000,000 s)
2025-04-25 15:15:02,801 INFO  - No warning present. (at simulation time 520.000,000,000 s)
2025-04-25 15:15:02,806 INFO  - No warning present. (at simulation time 522.000,000,000 s)
2025-04-25 15:15:02,811 INFO  - No warning present. (at simulation time 524.000,000,000 s)
2025-04-25 15:15:02,822 INFO  - No warning present. (at simulation time 526.000,000,000 s)
2025-04-25 15:15:02,826 INFO  - No warning present. (at simulation time 528.000,000,000 s)
2025-04-25 15:15:02,833 INFO  - No warning present. (at simulation time 530.000,000,000 s)
2025-04-25 15:15:02,838 INFO  - No warning present. (at simulation time 532.000,000,000 s)
2025-04-25 15:15:02,841 INFO  - No warning present. (at simulation time 534.000,000,000 s)
2025-04-25 15:15:02,849 INFO  - No warning present. (at simulation time 536.000,000,000 s)
2025-04-25 15:15:02,853 INFO  - No warning present. (at simulation time 538.000,000,000 s)
2025-04-25 15:15:02,860 INFO  - No warning present. (at simulation time 540.000,000,000 s)
2025-04-25 15:15:02,864 INFO  - No warning present. (at simulation time 542.000,000,000 s)
2025-04-25 15:15:02,868 INFO  - No warning present. (at simulation time 544.000,000,000 s)
2025-04-25 15:15:02,877 INFO  - No warning present. (at simulation time 546.000,000,000 s)
2025-04-25 15:15:02,881 INFO  - No warning present. (at simulation time 548.000,000,000 s)
2025-04-25 15:15:02,888 INFO  - No warning present. (at simulation time 550.000,000,000 s)
2025-04-25 15:15:02,893 INFO  - No warning present. (at simulation time 552.000,000,000 s)
2025-04-25 15:15:02,896 INFO  - No warning present. (at simulation time 554.000,000,000 s)
2025-04-25 15:15:02,903 INFO  - No warning present. (at simulation time 556.000,000,000 s)
2025-04-25 15:15:02,908 INFO  - No warning present. (at simulation time 558.000,000,000 s)
2025-04-25 15:15:02,915 INFO  - No warning present. (at simulation time 560.000,000,000 s)
2025-04-25 15:15:02,919 INFO  - No warning present. (at simulation time 562.000,000,000 s)
2025-04-25 15:15:02,922 INFO  - No warning present. (at simulation time 564.000,000,000 s)
2025-04-25 15:15:02,930 INFO  - No warning present. (at simulation time 566.000,000,000 s)
2025-04-25 15:15:02,933 INFO  - No warning present. (at simulation time 568.000,000,000 s)
2025-04-25 15:15:02,939 INFO  - No warning present. (at simulation time 570.000,000,000 s)
2025-04-25 15:15:02,941 INFO  - No warning present. (at simulation time 572.000,000,000 s)
2025-04-25 15:15:02,944 INFO  - No warning present. (at simulation time 574.000,000,000 s)
2025-04-25 15:15:02,950 INFO  - No warning present. (at simulation time 576.000,000,000 s)
2025-04-25 15:15:02,953 INFO  - No warning present. (at simulation time 578.000,000,000 s)
2025-04-25 15:15:02,959 INFO  - No warning present. (at simulation time 580.000,000,000 s)
2025-04-25 15:15:02,961 INFO  - No warning present. (at simulation time 582.000,000,000 s)
2025-04-25 15:15:02,964 INFO  - No warning present. (at simulation time 584.000,000,000 s)
2025-04-25 15:15:02,970 INFO  - No warning present. (at simulation time 586.000,000,000 s)
2025-04-25 15:15:02,974 INFO  - No warning present. (at simulation time 588.000,000,000 s)
2025-04-25 15:15:02,979 INFO  - No warning present. (at simulation time 590.000,000,000 s)
2025-04-25 15:15:02,983 INFO  - No warning present. (at simulation time 592.000,000,000 s)
2025-04-25 15:15:02,986 INFO  - No warning present. (at simulation time 594.000,000,000 s)
2025-04-25 15:15:02,991 INFO  - No warning present. (at simulation time 596.000,000,000 s)
2025-04-25 15:15:02,994 INFO  - No warning present. (at simulation time 598.000,000,000 s)
2025-04-25 15:15:02,998 INFO  - No warning present. (at simulation time 600.000,000,000 s)
2025-04-25 15:15:03,001 INFO  - No warning present. (at simulation time 602.000,000,000 s)
2025-04-25 15:15:03,004 INFO  - No warning present. (at simulation time 604.000,000,000 s)
2025-04-25 15:15:03,008 INFO  - No warning present. (at simulation time 606.000,000,000 s)
2025-04-25 15:15:03,011 INFO  - No warning present. (at simulation time 608.000,000,000 s)
2025-04-25 15:15:03,015 INFO  - No warning present. (at simulation time 610.000,000,000 s)
2025-04-25 15:15:03,017 INFO  - No warning present. (at simulation time 612.000,000,000 s)
2025-04-25 15:15:03,020 INFO  - No warning present. (at simulation time 614.000,000,000 s)
2025-04-25 15:15:03,025 INFO  - No warning present. (at simulation time 616.000,000,000 s)
2025-04-25 15:15:03,028 INFO  - No warning present. (at simulation time 618.000,000,000 s)
2025-04-25 15:15:03,033 INFO  - No warning present. (at simulation time 620.000,000,000 s)
2025-04-25 15:15:03,036 INFO  - No warning present. (at simulation time 622.000,000,000 s)
2025-04-25 15:15:03,038 INFO  - No warning present. (at simulation time 624.000,000,000 s)
2025-04-25 15:15:03,041 INFO  - No warning present. (at simulation time 626.000,000,000 s)
2025-04-25 15:15:03,044 INFO  - No warning present. (at simulation time 628.000,000,000 s)
2025-04-25 15:15:03,047 INFO  - No warning present. (at simulation time 630.000,000,000 s)
2025-04-25 15:15:03,049 INFO  - No warning present. (at simulation time 632.000,000,000 s)
2025-04-25 15:15:03,052 INFO  - No warning present. (at simulation time 634.000,000,000 s)
2025-04-25 15:15:03,056 INFO  - No warning present. (at simulation time 636.000,000,000 s)
2025-04-25 15:15:03,058 INFO  - No warning present. (at simulation time 638.000,000,000 s)
2025-04-25 15:15:03,062 INFO  - No warning present. (at simulation time 640.000,000,000 s)
2025-04-25 15:15:03,064 INFO  - No warning present. (at simulation time 642.000,000,000 s)
2025-04-25 15:15:03,067 INFO  - No warning present. (at simulation time 644.000,000,000 s)
2025-04-25 15:15:03,072 INFO  - No warning present. (at simulation time 646.000,000,000 s)
2025-04-25 15:15:03,075 INFO  - No warning present. (at simulation time 648.000,000,000 s)
2025-04-25 15:15:03,079 INFO  - No warning present. (at simulation time 650.000,000,000 s)
2025-04-25 15:15:03,082 INFO  - No warning present. (at simulation time 652.000,000,000 s)
2025-04-25 15:15:03,085 INFO  - No warning present. (at simulation time 654.000,000,000 s)
2025-04-25 15:15:03,088 INFO  - No warning present. (at simulation time 656.000,000,000 s)
2025-04-25 15:15:03,091 INFO  - No warning present. (at simulation time 658.000,000,000 s)
2025-04-25 15:15:03,095 INFO  - No warning present. (at simulation time 660.000,000,000 s)
2025-04-25 15:15:03,098 INFO  - No warning present. (at simulation time 662.000,000,000 s)
2025-04-25 15:15:03,100 INFO  - No warning present. (at simulation time 664.000,000,000 s)
2025-04-25 15:15:03,104 INFO  - No warning present. (at simulation time 666.000,000,000 s)
2025-04-25 15:15:03,105 INFO  - No warning present. (at simulation time 668.000,000,000 s)
2025-04-25 15:15:03,109 INFO  - No warning present. (at simulation time 670.000,000,000 s)
2025-04-25 15:15:03,113 INFO  - No warning present. (at simulation time 672.000,000,000 s)
2025-04-25 15:15:03,117 INFO  - No warning present. (at simulation time 674.000,000,000 s)
2025-04-25 15:15:03,120 INFO  - No warning present. (at simulation time 676.000,000,000 s)
2025-04-25 15:15:03,123 INFO  - No warning present. (at simulation time 678.000,000,000 s)
2025-04-25 15:15:03,127 INFO  - No warning present. (at simulation time 680.000,000,000 s)
2025-04-25 15:15:03,130 INFO  - No warning present. (at simulation time 682.000,000,000 s)
2025-04-25 15:15:03,132 INFO  - No warning present. (at simulation time 684.000,000,000 s)
2025-04-25 15:15:03,135 INFO  - No warning present. (at simulation time 686.000,000,000 s)
2025-04-25 15:15:03,137 INFO  - No warning present. (at simulation time 688.000,000,000 s)
2025-04-25 15:15:03,139 INFO  - No warning present. (at simulation time 690.000,000,000 s)
2025-04-25 15:15:03,141 INFO  - No warning present. (at simulation time 692.000,000,000 s)
2025-04-25 15:15:03,142 INFO  - No warning present. (at simulation time 694.000,000,000 s)
2025-04-25 15:15:03,145 INFO  - No warning present. (at simulation time 696.000,000,000 s)
2025-04-25 15:15:03,146 INFO  - No warning present. (at simulation time 698.000,000,000 s)
2025-04-25 15:15:03,149 INFO  - No warning present. (at simulation time 700.000,000,000 s)
2025-04-25 15:15:03,150 INFO  - No warning present. (at simulation time 702.000,000,000 s)
2025-04-25 15:15:03,152 INFO  - No warning present. (at simulation time 704.000,000,000 s)
2025-04-25 15:15:03,154 INFO  - No warning present. (at simulation time 706.000,000,000 s)
2025-04-25 15:15:03,155 INFO  - No warning present. (at simulation time 708.000,000,000 s)
2025-04-25 15:15:03,157 INFO  - No warning present. (at simulation time 710.000,000,000 s)
2025-04-25 15:15:03,158 INFO  - No warning present. (at simulation time 712.000,000,000 s)
2025-04-25 15:15:03,159 INFO  - No warning present. (at simulation time 714.000,000,000 s)
2025-04-25 15:15:03,160 INFO  - No warning present. (at simulation time 716.000,000,000 s)
2025-04-25 15:15:03,161 INFO  - No warning present. (at simulation time 718.000,000,000 s)
2025-04-25 15:15:03,162 INFO  - No warning present. (at simulation time 720.000,000,000 s)
2025-04-25 15:15:03,163 INFO  - No warning present. (at simulation time 722.000,000,000 s)
2025-04-25 15:15:03,164 INFO  - No warning present. (at simulation time 724.000,000,000 s)
2025-04-25 15:15:03,165 INFO  - No warning present. (at simulation time 726.000,000,000 s)
2025-04-25 15:15:03,166 INFO  - No warning present. (at simulation time 728.000,000,000 s)
2025-04-25 15:15:03,167 INFO  - No warning present. (at simulation time 730.000,000,000 s)
2025-04-25 15:15:03,168 INFO  - No warning present. (at simulation time 732.000,000,000 s)
2025-04-25 15:15:03,168 INFO  - No warning present. (at simulation time 734.000,000,000 s)
2025-04-25 15:15:03,169 INFO  - No warning present. (at simulation time 736.000,000,000 s)
2025-04-25 15:15:03,170 INFO  - No warning present. (at simulation time 738.000,000,000 s)
2025-04-25 15:15:03,171 INFO  - No warning present. (at simulation time 740.000,000,000 s)
2025-04-25 15:15:03,173 INFO  - No warning present. (at simulation time 742.000,000,000 s)
2025-04-25 15:15:03,174 INFO  - No warning present. (at simulation time 744.000,000,000 s)
2025-04-25 15:15:03,175 INFO  - No warning present. (at simulation time 746.000,000,000 s)
2025-04-25 15:15:03,176 INFO  - No warning present. (at simulation time 748.000,000,000 s)
2025-04-25 15:15:03,177 INFO  - No warning present. (at simulation time 750.000,000,000 s)
2025-04-25 15:15:03,178 INFO  - No warning present. (at simulation time 752.000,000,000 s)
2025-04-25 15:15:03,179 INFO  - No warning present. (at simulation time 754.000,000,000 s)
2025-04-25 15:15:03,180 INFO  - No warning present. (at simulation time 756.000,000,000 s)
2025-04-25 15:15:03,181 INFO  - No warning present. (at simulation time 758.000,000,000 s)
2025-04-25 15:15:03,182 INFO  - No warning present. (at simulation time 760.000,000,000 s)
2025-04-25 15:15:03,183 INFO  - No warning present. (at simulation time 762.000,000,000 s)
2025-04-25 15:15:03,184 INFO  - No warning present. (at simulation time 764.000,000,000 s)
2025-04-25 15:15:03,185 INFO  - No warning present. (at simulation time 766.000,000,000 s)
2025-04-25 15:15:03,185 INFO  - No warning present. (at simulation time 768.000,000,000 s)
2025-04-25 15:15:03,186 INFO  - No warning present. (at simulation time 770.000,000,000 s)
2025-04-25 15:15:03,187 INFO  - No warning present. (at simulation time 772.000,000,000 s)
2025-04-25 15:15:03,187 INFO  - No warning present. (at simulation time 774.000,000,000 s)
2025-04-25 15:15:03,188 INFO  - No warning present. (at simulation time 776.000,000,000 s)
2025-04-25 15:15:03,189 INFO  - No warning present. (at simulation time 778.000,000,000 s)
2025-04-25 15:15:03,189 INFO  - No warning present. (at simulation time 780.000,000,000 s)
2025-04-25 15:15:03,190 INFO  - No warning present. (at simulation time 782.000,000,000 s)
2025-04-25 15:15:03,191 INFO  - No warning present. (at simulation time 784.000,000,000 s)
2025-04-25 15:15:03,191 INFO  - No warning present. (at simulation time 786.000,000,000 s)
2025-04-25 15:15:03,192 INFO  - No warning present. (at simulation time 788.000,000,000 s)
2025-04-25 15:15:03,193 INFO  - No warning present. (at simulation time 790.000,000,000 s)
2025-04-25 15:15:03,194 INFO  - No warning present. (at simulation time 792.000,000,000 s)
2025-04-25 15:15:03,194 INFO  - No warning present. (at simulation time 794.000,000,000 s)
2025-04-25 15:15:03,195 INFO  - No warning present. (at simulation time 796.000,000,000 s)
2025-04-25 15:15:03,196 INFO  - No warning present. (at simulation time 798.000,000,000 s)
2025-04-25 15:15:03,197 INFO  - No warning present. (at simulation time 800.000,000,000 s)
2025-04-25 15:15:03,197 INFO  - No warning present. (at simulation time 802.000,000,000 s)
2025-04-25 15:15:03,198 INFO  - No warning present. (at simulation time 804.000,000,000 s)
2025-04-25 15:15:03,199 INFO  - No warning present. (at simulation time 806.000,000,000 s)
2025-04-25 15:15:03,200 INFO  - No warning present. (at simulation time 808.000,000,000 s)
2025-04-25 15:15:03,200 INFO  - No warning present. (at simulation time 810.000,000,000 s)
2025-04-25 15:15:03,201 INFO  - No warning present. (at simulation time 812.000,000,000 s)
2025-04-25 15:15:03,202 INFO  - No warning present. (at simulation time 814.000,000,000 s)
2025-04-25 15:15:03,202 INFO  - No warning present. (at simulation time 816.000,000,000 s)
2025-04-25 15:15:03,203 INFO  - No warning present. (at simulation time 818.000,000,000 s)
2025-04-25 15:15:03,204 INFO  - No warning present. (at simulation time 820.000,000,000 s)
2025-04-25 15:15:03,205 INFO  - No warning present. (at simulation time 822.000,000,000 s)
2025-04-25 15:15:03,205 INFO  - No warning present. (at simulation time 824.000,000,000 s)
2025-04-25 15:15:03,206 INFO  - No warning present. (at simulation time 826.000,000,000 s)
2025-04-25 15:15:03,207 INFO  - No warning present. (at simulation time 828.000,000,000 s)
2025-04-25 15:15:03,207 INFO  - No warning present. (at simulation time 830.000,000,000 s)
2025-04-25 15:15:03,208 INFO  - No warning present. (at simulation time 832.000,000,000 s)
2025-04-25 15:15:03,209 INFO  - No warning present. (at simulation time 834.000,000,000 s)
2025-04-25 15:15:03,210 INFO  - No warning present. (at simulation time 836.000,000,000 s)
2025-04-25 15:15:03,210 INFO  - No warning present. (at simulation time 838.000,000,000 s)
2025-04-25 15:15:03,211 INFO  - No warning present. (at simulation time 840.000,000,000 s)
2025-04-25 15:15:03,212 INFO  - No warning present. (at simulation time 842.000,000,000 s)
2025-04-25 15:15:03,212 INFO  - No warning present. (at simulation time 844.000,000,000 s)
2025-04-25 15:15:03,213 INFO  - No warning present. (at simulation time 846.000,000,000 s)
2025-04-25 15:15:03,214 INFO  - No warning present. (at simulation time 848.000,000,000 s)
2025-04-25 15:15:03,214 INFO  - No warning present. (at simulation time 850.000,000,000 s)
2025-04-25 15:15:03,215 INFO  - No warning present. (at simulation time 852.000,000,000 s)
2025-04-25 15:15:03,216 INFO  - No warning present. (at simulation time 854.000,000,000 s)
2025-04-25 15:15:03,217 INFO  - No warning present. (at simulation time 856.000,000,000 s)
2025-04-25 15:15:03,217 INFO  - No warning present. (at simulation time 858.000,000,000 s)
2025-04-25 15:15:03,218 INFO  - No warning present. (at simulation time 860.000,000,000 s)
2025-04-25 15:15:03,219 INFO  - No warning present. (at simulation time 862.000,000,000 s)
2025-04-25 15:15:03,220 INFO  - No warning present. (at simulation time 864.000,000,000 s)
2025-04-25 15:15:03,221 INFO  - No warning present. (at simulation time 866.000,000,000 s)
2025-04-25 15:15:03,221 INFO  - No warning present. (at simulation time 868.000,000,000 s)
2025-04-25 15:15:03,222 INFO  - No warning present. (at simulation time 870.000,000,000 s)
2025-04-25 15:15:03,223 INFO  - No warning present. (at simulation time 872.000,000,000 s)
2025-04-25 15:15:03,224 INFO  - No warning present. (at simulation time 874.000,000,000 s)
2025-04-25 15:15:03,224 INFO  - No warning present. (at simulation time 876.000,000,000 s)
2025-04-25 15:15:03,225 INFO  - No warning present. (at simulation time 878.000,000,000 s)
2025-04-25 15:15:03,226 INFO  - No warning present. (at simulation time 880.000,000,000 s)
2025-04-25 15:15:03,226 INFO  - No warning present. (at simulation time 882.000,000,000 s)
2025-04-25 15:15:03,227 INFO  - No warning present. (at simulation time 884.000,000,000 s)
2025-04-25 15:15:03,228 INFO  - No warning present. (at simulation time 886.000,000,000 s)
2025-04-25 15:15:03,229 INFO  - No warning present. (at simulation time 888.000,000,000 s)
2025-04-25 15:15:03,229 INFO  - No warning present. (at simulation time 890.000,000,000 s)
2025-04-25 15:15:03,230 INFO  - No warning present. (at simulation time 892.000,000,000 s)
2025-04-25 15:15:03,231 INFO  - No warning present. (at simulation time 894.000,000,000 s)
2025-04-25 15:15:03,232 INFO  - No warning present. (at simulation time 896.000,000,000 s)
2025-04-25 15:15:03,232 INFO  - No warning present. (at simulation time 898.000,000,000 s)
2025-04-25 15:15:03,233 INFO  - No warning present. (at simulation time 900.000,000,000 s)
2025-04-25 15:15:03,234 INFO  - No warning present. (at simulation time 902.000,000,000 s)
2025-04-25 15:15:03,234 INFO  - No warning present. (at simulation time 904.000,000,000 s)
2025-04-25 15:15:03,235 INFO  - No warning present. (at simulation time 906.000,000,000 s)
2025-04-25 15:15:03,236 INFO  - No warning present. (at simulation time 908.000,000,000 s)
2025-04-25 15:15:03,236 INFO  - No warning present. (at simulation time 910.000,000,000 s)
2025-04-25 15:15:03,237 INFO  - No warning present. (at simulation time 912.000,000,000 s)
2025-04-25 15:15:03,238 INFO  - No warning present. (at simulation time 914.000,000,000 s)
2025-04-25 15:15:03,239 INFO  - No warning present. (at simulation time 916.000,000,000 s)
2025-04-25 15:15:03,239 INFO  - No warning present. (at simulation time 918.000,000,000 s)
2025-04-25 15:15:03,240 INFO  - No warning present. (at simulation time 920.000,000,000 s)
2025-04-25 15:15:03,241 INFO  - No warning present. (at simulation time 922.000,000,000 s)
2025-04-25 15:15:03,242 INFO  - No warning present. (at simulation time 924.000,000,000 s)
2025-04-25 15:15:03,243 INFO  - No warning present. (at simulation time 926.000,000,000 s)
2025-04-25 15:15:03,243 INFO  - No warning present. (at simulation time 928.000,000,000 s)
2025-04-25 15:15:03,244 INFO  - No warning present. (at simulation time 930.000,000,000 s)
2025-04-25 15:15:03,245 INFO  - No warning present. (at simulation time 932.000,000,000 s)
2025-04-25 15:15:03,246 INFO  - No warning present. (at simulation time 934.000,000,000 s)
2025-04-25 15:15:03,246 INFO  - No warning present. (at simulation time 936.000,000,000 s)
2025-04-25 15:15:03,247 INFO  - No warning present. (at simulation time 938.000,000,000 s)
2025-04-25 15:15:03,248 INFO  - No warning present. (at simulation time 940.000,000,000 s)
2025-04-25 15:15:03,248 INFO  - No warning present. (at simulation time 942.000,000,000 s)
2025-04-25 15:15:03,249 INFO  - No warning present. (at simulation time 944.000,000,000 s)
2025-04-25 15:15:03,250 INFO  - No warning present. (at simulation time 946.000,000,000 s)
2025-04-25 15:15:03,251 INFO  - No warning present. (at simulation time 948.000,000,000 s)
2025-04-25 15:15:03,251 INFO  - No warning present. (at simulation time 950.000,000,000 s)
2025-04-25 15:15:03,252 INFO  - No warning present. (at simulation time 952.000,000,000 s)
2025-04-25 15:15:03,253 INFO  - No warning present. (at simulation time 954.000,000,000 s)
2025-04-25 15:15:03,253 INFO  - No warning present. (at simulation time 956.000,000,000 s)
2025-04-25 15:15:03,254 INFO  - No warning present. (at simulation time 958.000,000,000 s)
2025-04-25 15:15:03,255 INFO  - No warning present. (at simulation time 960.000,000,000 s)
2025-04-25 15:15:03,255 INFO  - No warning present. (at simulation time 962.000,000,000 s)
2025-04-25 15:15:03,256 INFO  - No warning present. (at simulation time 964.000,000,000 s)
2025-04-25 15:15:03,257 INFO  - No warning present. (at simulation time 966.000,000,000 s)
2025-04-25 15:15:03,257 INFO  - No warning present. (at simulation time 968.000,000,000 s)
2025-04-25 15:15:03,258 INFO  - No warning present. (at simulation time 970.000,000,000 s)
2025-04-25 15:15:03,259 INFO  - No warning present. (at simulation time 972.000,000,000 s)
2025-04-25 15:15:03,259 INFO  - No warning present. (at simulation time 974.000,000,000 s)
2025-04-25 15:15:03,260 INFO  - No warning present. (at simulation time 976.000,000,000 s)
2025-04-25 15:15:03,261 INFO  - No warning present. (at simulation time 978.000,000,000 s)
2025-04-25 15:15:03,262 INFO  - No warning present. (at simulation time 980.000,000,000 s)
2025-04-25 15:15:03,262 INFO  - No warning present. (at simulation time 982.000,000,000 s)
2025-04-25 15:15:03,263 INFO  - No warning present. (at simulation time 984.000,000,000 s)
2025-04-25 15:15:03,264 INFO  - No warning present. (at simulation time 986.000,000,000 s)
2025-04-25 15:15:03,264 INFO  - No warning present. (at simulation time 988.000,000,000 s)
2025-04-25 15:15:03,265 INFO  - No warning present. (at simulation time 990.000,000,000 s)
2025-04-25 15:15:03,266 INFO  - No warning present. (at simulation time 992.000,000,000 s)
2025-04-25 15:15:03,267 INFO  - No warning present. (at simulation time 994.000,000,000 s)
2025-04-25 15:15:03,267 INFO  - No warning present. (at simulation time 996.000,000,000 s)
2025-04-25 15:15:03,268 INFO  - No warning present. (at simulation time 998.000,000,000 s)
2025-04-25 15:15:03,269 INFO  - No warning present. (at simulation time 1000.000,000,000 s)
2025-04-25 15:15:03,269 INFO  - Shutdown server. (at simulation time 1000.000,000,000 s)
