2025-04-25 15:02:21,550 INFO  - Initialize application (at simulation time 172.000,000,000 s)
2025-04-25 15:02:21,551 INFO  - Activated Cell Module (at simulation time 172.000,000,000 s)
2025-04-25 15:02:22,343 INFO  - Sensor ICE event detected (at simulation time 248.000,000,000 s)
2025-04-25 15:02:22,343 INFO  - Sending DENM (at simulation time 248.000,000,000 s)
2025-04-25 15:02:22,348 INFO  - Sensor ICE event detected (at simulation time 249.000,000,000 s)
2025-04-25 15:02:22,348 INFO  - Sending DENM (at simulation time 249.000,000,000 s)
2025-04-25 15:02:22,365 INFO  - Sensor ICE event detected (at simulation time 250.000,000,000 s)
2025-04-25 15:02:22,365 INFO  - Sending DENM (at simulation time 250.000,000,000 s)
2025-04-25 15:02:22,372 INFO  - Sensor ICE event detected (at simulation time 251.000,000,000 s)
2025-04-25 15:02:22,372 INFO  - Sending DENM (at simulation time 251.000,000,000 s)
2025-04-25 15:02:22,378 INFO  - Sensor ICE event detected (at simulation time 252.000,000,000 s)
2025-04-25 15:02:22,378 INFO  - Sending DENM (at simulation time 252.000,000,000 s)
2025-04-25 15:02:22,385 INFO  - Sensor ICE event detected (at simulation time 253.000,000,000 s)
2025-04-25 15:02:22,385 INFO  - Sending DENM (at simulation time 253.000,000,000 s)
2025-04-25 15:02:22,391 INFO  - Sensor ICE event detected (at simulation time 254.000,000,000 s)
2025-04-25 15:02:22,391 INFO  - Sending DENM (at simulation time 254.000,000,000 s)
2025-04-25 15:02:22,408 INFO  - Sensor ICE event detected (at simulation time 255.000,000,000 s)
2025-04-25 15:02:22,408 INFO  - Sending DENM (at simulation time 255.000,000,000 s)
2025-04-25 15:02:22,415 INFO  - Sensor ICE event detected (at simulation time 256.000,000,000 s)
2025-04-25 15:02:22,415 INFO  - Sending DENM (at simulation time 256.000,000,000 s)
2025-04-25 15:02:22,423 INFO  - Sensor ICE event detected (at simulation time 257.000,000,000 s)
2025-04-25 15:02:22,423 INFO  - Sending DENM (at simulation time 257.000,000,000 s)
2025-04-25 15:02:22,431 INFO  - Sensor ICE event detected (at simulation time 258.000,000,000 s)
2025-04-25 15:02:22,431 INFO  - Sending DENM (at simulation time 258.000,000,000 s)
2025-04-25 15:02:22,483 INFO  - Sensor ICE event detected (at simulation time 259.000,000,000 s)
2025-04-25 15:02:22,483 INFO  - Sending DENM (at simulation time 259.000,000,000 s)
2025-04-25 15:02:22,498 INFO  - Sensor ICE event detected (at simulation time 260.000,000,000 s)
2025-04-25 15:02:22,498 INFO  - Sending DENM (at simulation time 260.000,000,000 s)
2025-04-25 15:02:22,506 INFO  - Sensor ICE event detected (at simulation time 261.000,000,000 s)
2025-04-25 15:02:22,506 INFO  - Sending DENM (at simulation time 261.000,000,000 s)
2025-04-25 15:02:22,512 INFO  - Sensor ICE event detected (at simulation time 262.000,000,000 s)
2025-04-25 15:02:22,512 INFO  - Sending DENM (at simulation time 262.000,000,000 s)
2025-04-25 15:02:22,519 INFO  - Sensor ICE event detected (at simulation time 263.000,000,000 s)
2025-04-25 15:02:22,519 INFO  - Sending DENM (at simulation time 263.000,000,000 s)
2025-04-25 15:02:22,524 INFO  - Sensor ICE event detected (at simulation time 264.000,000,000 s)
2025-04-25 15:02:22,524 INFO  - Sending DENM (at simulation time 264.000,000,000 s)
2025-04-25 15:02:22,538 INFO  - Sensor ICE event detected (at simulation time 265.000,000,000 s)
2025-04-25 15:02:22,538 INFO  - Sending DENM (at simulation time 265.000,000,000 s)
2025-04-25 15:02:22,545 INFO  - Sensor ICE event detected (at simulation time 266.000,000,000 s)
2025-04-25 15:02:22,545 INFO  - Sending DENM (at simulation time 266.000,000,000 s)
2025-04-25 15:02:22,552 INFO  - Sensor ICE event detected (at simulation time 267.000,000,000 s)
2025-04-25 15:02:22,552 INFO  - Sending DENM (at simulation time 267.000,000,000 s)
2025-04-25 15:02:22,559 INFO  - Sensor ICE event detected (at simulation time 268.000,000,000 s)
2025-04-25 15:02:22,559 INFO  - Sending DENM (at simulation time 268.000,000,000 s)
2025-04-25 15:02:22,565 INFO  - Sensor ICE event detected (at simulation time 269.000,000,000 s)
2025-04-25 15:02:22,565 INFO  - Sending DENM (at simulation time 269.000,000,000 s)
2025-04-25 15:02:22,583 INFO  - Sensor ICE event detected (at simulation time 270.000,000,000 s)
2025-04-25 15:02:22,583 INFO  - Sending DENM (at simulation time 270.000,000,000 s)
2025-04-25 15:02:22,590 INFO  - Sensor ICE event detected (at simulation time 271.000,000,000 s)
2025-04-25 15:02:22,590 INFO  - Sending DENM (at simulation time 271.000,000,000 s)
2025-04-25 15:02:22,596 INFO  - Sensor ICE event detected (at simulation time 272.000,000,000 s)
2025-04-25 15:02:22,596 INFO  - Sending DENM (at simulation time 272.000,000,000 s)
2025-04-25 15:02:22,604 INFO  - Sensor ICE event detected (at simulation time 273.000,000,000 s)
2025-04-25 15:02:22,604 INFO  - Sending DENM (at simulation time 273.000,000,000 s)
2025-04-25 15:02:22,610 INFO  - Sensor ICE event detected (at simulation time 274.000,000,000 s)
2025-04-25 15:02:22,610 INFO  - Sending DENM (at simulation time 274.000,000,000 s)
2025-04-25 15:02:22,623 INFO  - Sensor ICE event detected (at simulation time 275.000,000,000 s)
2025-04-25 15:02:22,623 INFO  - Sending DENM (at simulation time 275.000,000,000 s)
2025-04-25 15:02:22,628 INFO  - Sensor ICE event detected (at simulation time 276.000,000,000 s)
2025-04-25 15:02:22,628 INFO  - Sending DENM (at simulation time 276.000,000,000 s)
2025-04-25 15:02:22,633 INFO  - Sensor ICE event detected (at simulation time 277.000,000,000 s)
2025-04-25 15:02:22,633 INFO  - Sending DENM (at simulation time 277.000,000,000 s)
2025-04-25 15:02:22,698 INFO  - Sensor ICE event detected (at simulation time 278.000,000,000 s)
2025-04-25 15:02:22,698 INFO  - Sending DENM (at simulation time 278.000,000,000 s)
2025-04-25 15:02:22,703 INFO  - Sensor ICE event detected (at simulation time 279.000,000,000 s)
2025-04-25 15:02:22,703 INFO  - Sending DENM (at simulation time 279.000,000,000 s)
2025-04-25 15:02:22,715 INFO  - Sensor ICE event detected (at simulation time 280.000,000,000 s)
2025-04-25 15:02:22,715 INFO  - Sending DENM (at simulation time 280.000,000,000 s)
2025-04-25 15:02:22,721 INFO  - Sensor ICE event detected (at simulation time 281.000,000,000 s)
2025-04-25 15:02:22,721 INFO  - Sending DENM (at simulation time 281.000,000,000 s)
2025-04-25 15:02:22,726 INFO  - Sensor ICE event detected (at simulation time 282.000,000,000 s)
2025-04-25 15:02:22,726 INFO  - Sending DENM (at simulation time 282.000,000,000 s)
2025-04-25 15:02:22,731 INFO  - Sensor ICE event detected (at simulation time 283.000,000,000 s)
2025-04-25 15:02:22,731 INFO  - Sending DENM (at simulation time 283.000,000,000 s)
2025-04-25 15:02:22,736 INFO  - Sensor ICE event detected (at simulation time 284.000,000,000 s)
2025-04-25 15:02:22,736 INFO  - Sending DENM (at simulation time 284.000,000,000 s)
2025-04-25 15:02:22,748 INFO  - Sensor ICE event detected (at simulation time 285.000,000,000 s)
2025-04-25 15:02:22,748 INFO  - Sending DENM (at simulation time 285.000,000,000 s)
2025-04-25 15:02:22,753 INFO  - Sensor ICE event detected (at simulation time 286.000,000,000 s)
2025-04-25 15:02:22,753 INFO  - Sending DENM (at simulation time 286.000,000,000 s)
2025-04-25 15:02:22,758 INFO  - Sensor ICE event detected (at simulation time 287.000,000,000 s)
2025-04-25 15:02:22,758 INFO  - Sending DENM (at simulation time 287.000,000,000 s)
2025-04-25 15:02:22,763 INFO  - Sensor ICE event detected (at simulation time 288.000,000,000 s)
2025-04-25 15:02:22,763 INFO  - Sending DENM (at simulation time 288.000,000,000 s)
2025-04-25 15:02:22,767 INFO  - Sensor ICE event detected (at simulation time 289.000,000,000 s)
2025-04-25 15:02:22,767 INFO  - Sending DENM (at simulation time 289.000,000,000 s)
2025-04-25 15:02:22,779 INFO  - Sensor ICE event detected (at simulation time 290.000,000,000 s)
2025-04-25 15:02:22,779 INFO  - Sending DENM (at simulation time 290.000,000,000 s)
2025-04-25 15:02:22,790 INFO  - Sensor ICE event detected (at simulation time 291.000,000,000 s)
2025-04-25 15:02:22,790 INFO  - Sending DENM (at simulation time 291.000,000,000 s)
2025-04-25 15:02:22,795 INFO  - Sensor ICE event detected (at simulation time 292.000,000,000 s)
2025-04-25 15:02:22,795 INFO  - Sending DENM (at simulation time 292.000,000,000 s)
2025-04-25 15:02:22,800 INFO  - Sensor ICE event detected (at simulation time 293.000,000,000 s)
2025-04-25 15:02:22,800 INFO  - Sending DENM (at simulation time 293.000,000,000 s)
2025-04-25 15:02:22,805 INFO  - Sensor ICE event detected (at simulation time 294.000,000,000 s)
2025-04-25 15:02:22,805 INFO  - Sending DENM (at simulation time 294.000,000,000 s)
2025-04-25 15:02:22,821 INFO  - Sensor ICE event detected (at simulation time 295.000,000,000 s)
2025-04-25 15:02:22,821 INFO  - Sending DENM (at simulation time 295.000,000,000 s)
2025-04-25 15:02:22,826 INFO  - Sensor ICE event detected (at simulation time 296.000,000,000 s)
2025-04-25 15:02:22,826 INFO  - Sending DENM (at simulation time 296.000,000,000 s)
2025-04-25 15:02:22,831 INFO  - Sensor ICE event detected (at simulation time 297.000,000,000 s)
2025-04-25 15:02:22,831 INFO  - Sending DENM (at simulation time 297.000,000,000 s)
2025-04-25 15:02:22,898 INFO  - Sensor ICE event detected (at simulation time 298.000,000,000 s)
2025-04-25 15:02:22,898 INFO  - Sending DENM (at simulation time 298.000,000,000 s)
2025-04-25 15:02:22,905 INFO  - Sensor ICE event detected (at simulation time 299.000,000,000 s)
2025-04-25 15:02:22,905 INFO  - Sending DENM (at simulation time 299.000,000,000 s)
2025-04-25 15:02:22,917 INFO  - Sensor ICE event detected (at simulation time 300.000,000,000 s)
2025-04-25 15:02:22,917 INFO  - Sending DENM (at simulation time 300.000,000,000 s)
2025-04-25 15:02:22,922 INFO  - Sensor ICE event detected (at simulation time 301.000,000,000 s)
2025-04-25 15:02:22,922 INFO  - Sending DENM (at simulation time 301.000,000,000 s)
2025-04-25 15:02:22,927 INFO  - Sensor ICE event detected (at simulation time 302.000,000,000 s)
2025-04-25 15:02:22,927 INFO  - Sending DENM (at simulation time 302.000,000,000 s)
2025-04-25 15:02:22,931 INFO  - Sensor ICE event detected (at simulation time 303.000,000,000 s)
2025-04-25 15:02:22,931 INFO  - Sending DENM (at simulation time 303.000,000,000 s)
2025-04-25 15:02:22,936 INFO  - Sensor ICE event detected (at simulation time 304.000,000,000 s)
2025-04-25 15:02:22,936 INFO  - Sending DENM (at simulation time 304.000,000,000 s)
2025-04-25 15:02:22,947 INFO  - Sensor ICE event detected (at simulation time 305.000,000,000 s)
2025-04-25 15:02:22,947 INFO  - Sending DENM (at simulation time 305.000,000,000 s)
2025-04-25 15:02:22,951 INFO  - Sensor ICE event detected (at simulation time 306.000,000,000 s)
2025-04-25 15:02:22,951 INFO  - Sending DENM (at simulation time 306.000,000,000 s)
2025-04-25 15:02:22,957 INFO  - Sensor ICE event detected (at simulation time 307.000,000,000 s)
2025-04-25 15:02:22,957 INFO  - Sending DENM (at simulation time 307.000,000,000 s)
2025-04-25 15:02:22,961 INFO  - Sensor ICE event detected (at simulation time 308.000,000,000 s)
2025-04-25 15:02:22,961 INFO  - Sending DENM (at simulation time 308.000,000,000 s)
2025-04-25 15:02:22,966 INFO  - Sensor ICE event detected (at simulation time 309.000,000,000 s)
2025-04-25 15:02:22,966 INFO  - Sending DENM (at simulation time 309.000,000,000 s)
2025-04-25 15:02:22,976 INFO  - Sensor ICE event detected (at simulation time 310.000,000,000 s)
2025-04-25 15:02:22,976 INFO  - Sending DENM (at simulation time 310.000,000,000 s)
2025-04-25 15:02:22,981 INFO  - Sensor ICE event detected (at simulation time 311.000,000,000 s)
2025-04-25 15:02:22,981 INFO  - Sending DENM (at simulation time 311.000,000,000 s)
2025-04-25 15:02:22,985 INFO  - Sensor ICE event detected (at simulation time 312.000,000,000 s)
2025-04-25 15:02:22,985 INFO  - Sending DENM (at simulation time 312.000,000,000 s)
2025-04-25 15:02:22,989 INFO  - Sensor ICE event detected (at simulation time 313.000,000,000 s)
2025-04-25 15:02:22,989 INFO  - Sending DENM (at simulation time 313.000,000,000 s)
2025-04-25 15:02:22,997 INFO  - Sensor ICE event detected (at simulation time 314.000,000,000 s)
2025-04-25 15:02:22,997 INFO  - Sending DENM (at simulation time 314.000,000,000 s)
2025-04-25 15:02:23,007 INFO  - Sensor ICE event detected (at simulation time 315.000,000,000 s)
2025-04-25 15:02:23,007 INFO  - Sending DENM (at simulation time 315.000,000,000 s)
2025-04-25 15:02:23,011 INFO  - Sensor ICE event detected (at simulation time 316.000,000,000 s)
2025-04-25 15:02:23,011 INFO  - Sending DENM (at simulation time 316.000,000,000 s)
2025-04-25 15:02:23,016 INFO  - Sensor ICE event detected (at simulation time 317.000,000,000 s)
2025-04-25 15:02:23,016 INFO  - Sending DENM (at simulation time 317.000,000,000 s)
2025-04-25 15:02:23,020 INFO  - Sensor ICE event detected (at simulation time 318.000,000,000 s)
2025-04-25 15:02:23,020 INFO  - Sending DENM (at simulation time 318.000,000,000 s)
2025-04-25 15:02:23,025 INFO  - Sensor ICE event detected (at simulation time 319.000,000,000 s)
2025-04-25 15:02:23,025 INFO  - Sending DENM (at simulation time 319.000,000,000 s)
2025-04-25 15:02:23,034 INFO  - Sensor ICE event detected (at simulation time 320.000,000,000 s)
2025-04-25 15:02:23,034 INFO  - Sending DENM (at simulation time 320.000,000,000 s)
2025-04-25 15:02:23,091 INFO  - Sensor ICE event detected (at simulation time 321.000,000,000 s)
2025-04-25 15:02:23,091 INFO  - Sending DENM (at simulation time 321.000,000,000 s)
2025-04-25 15:02:23,096 INFO  - Sensor ICE event detected (at simulation time 322.000,000,000 s)
2025-04-25 15:02:23,096 INFO  - Sending DENM (at simulation time 322.000,000,000 s)
2025-04-25 15:02:23,100 INFO  - Sensor ICE event detected (at simulation time 323.000,000,000 s)
2025-04-25 15:02:23,100 INFO  - Sending DENM (at simulation time 323.000,000,000 s)
2025-04-25 15:02:23,104 INFO  - Sensor ICE event detected (at simulation time 324.000,000,000 s)
2025-04-25 15:02:23,104 INFO  - Sending DENM (at simulation time 324.000,000,000 s)
2025-04-25 15:02:23,114 INFO  - Sensor ICE event detected (at simulation time 325.000,000,000 s)
2025-04-25 15:02:23,114 INFO  - Sending DENM (at simulation time 325.000,000,000 s)
2025-04-25 15:02:23,118 INFO  - Sensor ICE event detected (at simulation time 326.000,000,000 s)
2025-04-25 15:02:23,118 INFO  - Sending DENM (at simulation time 326.000,000,000 s)
2025-04-25 15:02:23,122 INFO  - Sensor ICE event detected (at simulation time 327.000,000,000 s)
2025-04-25 15:02:23,122 INFO  - Sending DENM (at simulation time 327.000,000,000 s)
2025-04-25 15:02:23,127 INFO  - Sensor ICE event detected (at simulation time 328.000,000,000 s)
2025-04-25 15:02:23,127 INFO  - Sending DENM (at simulation time 328.000,000,000 s)
2025-04-25 15:02:23,131 INFO  - Sensor ICE event detected (at simulation time 329.000,000,000 s)
2025-04-25 15:02:23,131 INFO  - Sending DENM (at simulation time 329.000,000,000 s)
2025-04-25 15:02:23,142 INFO  - Sensor ICE event detected (at simulation time 330.000,000,000 s)
2025-04-25 15:02:23,142 INFO  - Sending DENM (at simulation time 330.000,000,000 s)
2025-04-25 15:02:23,146 INFO  - Sensor ICE event detected (at simulation time 331.000,000,000 s)
2025-04-25 15:02:23,146 INFO  - Sending DENM (at simulation time 331.000,000,000 s)
2025-04-25 15:02:23,149 INFO  - Sensor ICE event detected (at simulation time 332.000,000,000 s)
2025-04-25 15:02:23,149 INFO  - Sending DENM (at simulation time 332.000,000,000 s)
2025-04-25 15:02:23,153 INFO  - Sensor ICE event detected (at simulation time 333.000,000,000 s)
2025-04-25 15:02:23,153 INFO  - Sending DENM (at simulation time 333.000,000,000 s)
2025-04-25 15:02:23,157 INFO  - Sensor ICE event detected (at simulation time 334.000,000,000 s)
2025-04-25 15:02:23,157 INFO  - Sending DENM (at simulation time 334.000,000,000 s)
2025-04-25 15:02:23,170 INFO  - Sensor ICE event detected (at simulation time 335.000,000,000 s)
2025-04-25 15:02:23,170 INFO  - Sending DENM (at simulation time 335.000,000,000 s)
2025-04-25 15:02:23,175 INFO  - Sensor ICE event detected (at simulation time 336.000,000,000 s)
2025-04-25 15:02:23,175 INFO  - Sending DENM (at simulation time 336.000,000,000 s)
2025-04-25 15:02:23,179 INFO  - Sensor ICE event detected (at simulation time 337.000,000,000 s)
2025-04-25 15:02:23,179 INFO  - Sending DENM (at simulation time 337.000,000,000 s)
2025-04-25 15:02:23,184 INFO  - Sensor ICE event detected (at simulation time 338.000,000,000 s)
2025-04-25 15:02:23,184 INFO  - Sending DENM (at simulation time 338.000,000,000 s)
2025-04-25 15:02:23,188 INFO  - Sensor ICE event detected (at simulation time 339.000,000,000 s)
2025-04-25 15:02:23,188 INFO  - Sending DENM (at simulation time 339.000,000,000 s)
2025-04-25 15:02:23,200 INFO  - Sensor ICE event detected (at simulation time 340.000,000,000 s)
2025-04-25 15:02:23,200 INFO  - Sending DENM (at simulation time 340.000,000,000 s)
2025-04-25 15:02:23,204 INFO  - Sensor ICE event detected (at simulation time 341.000,000,000 s)
2025-04-25 15:02:23,204 INFO  - Sending DENM (at simulation time 341.000,000,000 s)
2025-04-25 15:02:23,208 INFO  - Sensor ICE event detected (at simulation time 342.000,000,000 s)
2025-04-25 15:02:23,208 INFO  - Sending DENM (at simulation time 342.000,000,000 s)
2025-04-25 15:02:23,212 INFO  - Sensor ICE event detected (at simulation time 343.000,000,000 s)
2025-04-25 15:02:23,212 INFO  - Sending DENM (at simulation time 343.000,000,000 s)
2025-04-25 15:02:23,215 INFO  - Sensor ICE event detected (at simulation time 344.000,000,000 s)
2025-04-25 15:02:23,215 INFO  - Sending DENM (at simulation time 344.000,000,000 s)
2025-04-25 15:02:23,227 INFO  - Sensor ICE event detected (at simulation time 345.000,000,000 s)
2025-04-25 15:02:23,227 INFO  - Sending DENM (at simulation time 345.000,000,000 s)
2025-04-25 15:02:23,231 INFO  - Sensor ICE event detected (at simulation time 346.000,000,000 s)
2025-04-25 15:02:23,231 INFO  - Sending DENM (at simulation time 346.000,000,000 s)
2025-04-25 15:02:23,288 INFO  - Sensor ICE event detected (at simulation time 347.000,000,000 s)
2025-04-25 15:02:23,288 INFO  - Sending DENM (at simulation time 347.000,000,000 s)
2025-04-25 15:02:23,292 INFO  - Sensor ICE event detected (at simulation time 348.000,000,000 s)
2025-04-25 15:02:23,292 INFO  - Sending DENM (at simulation time 348.000,000,000 s)
2025-04-25 15:02:23,295 INFO  - Sensor ICE event detected (at simulation time 349.000,000,000 s)
2025-04-25 15:02:23,295 INFO  - Sending DENM (at simulation time 349.000,000,000 s)
2025-04-25 15:02:23,304 INFO  - Sensor ICE event detected (at simulation time 350.000,000,000 s)
2025-04-25 15:02:23,304 INFO  - Sending DENM (at simulation time 350.000,000,000 s)
2025-04-25 15:02:23,307 INFO  - Sensor ICE event detected (at simulation time 351.000,000,000 s)
2025-04-25 15:02:23,307 INFO  - Sending DENM (at simulation time 351.000,000,000 s)
2025-04-25 15:02:23,310 INFO  - Sensor ICE event detected (at simulation time 352.000,000,000 s)
2025-04-25 15:02:23,310 INFO  - Sending DENM (at simulation time 352.000,000,000 s)
2025-04-25 15:02:23,314 INFO  - Sensor ICE event detected (at simulation time 353.000,000,000 s)
2025-04-25 15:02:23,314 INFO  - Sending DENM (at simulation time 353.000,000,000 s)
2025-04-25 15:02:23,317 INFO  - Sensor ICE event detected (at simulation time 354.000,000,000 s)
2025-04-25 15:02:23,317 INFO  - Sending DENM (at simulation time 354.000,000,000 s)
2025-04-25 15:02:23,325 INFO  - Sensor ICE event detected (at simulation time 355.000,000,000 s)
2025-04-25 15:02:23,325 INFO  - Sending DENM (at simulation time 355.000,000,000 s)
2025-04-25 15:02:23,329 INFO  - Sensor ICE event detected (at simulation time 356.000,000,000 s)
2025-04-25 15:02:23,329 INFO  - Sending DENM (at simulation time 356.000,000,000 s)
2025-04-25 15:02:23,333 INFO  - Sensor ICE event detected (at simulation time 357.000,000,000 s)
2025-04-25 15:02:23,333 INFO  - Sending DENM (at simulation time 357.000,000,000 s)
2025-04-25 15:02:23,336 INFO  - Sensor ICE event detected (at simulation time 358.000,000,000 s)
2025-04-25 15:02:23,336 INFO  - Sending DENM (at simulation time 358.000,000,000 s)
2025-04-25 15:02:23,339 INFO  - Sensor ICE event detected (at simulation time 359.000,000,000 s)
2025-04-25 15:02:23,339 INFO  - Sending DENM (at simulation time 359.000,000,000 s)
2025-04-25 15:02:23,348 INFO  - Sensor ICE event detected (at simulation time 360.000,000,000 s)
2025-04-25 15:02:23,348 INFO  - Sending DENM (at simulation time 360.000,000,000 s)
2025-04-25 15:02:23,351 INFO  - Sensor ICE event detected (at simulation time 361.000,000,000 s)
2025-04-25 15:02:23,351 INFO  - Sending DENM (at simulation time 361.000,000,000 s)
2025-04-25 15:02:23,354 INFO  - Sensor ICE event detected (at simulation time 362.000,000,000 s)
2025-04-25 15:02:23,354 INFO  - Sending DENM (at simulation time 362.000,000,000 s)
2025-04-25 15:02:23,357 INFO  - Sensor ICE event detected (at simulation time 363.000,000,000 s)
2025-04-25 15:02:23,357 INFO  - Sending DENM (at simulation time 363.000,000,000 s)
2025-04-25 15:02:23,361 INFO  - Sensor ICE event detected (at simulation time 364.000,000,000 s)
2025-04-25 15:02:23,361 INFO  - Sending DENM (at simulation time 364.000,000,000 s)
2025-04-25 15:02:23,369 INFO  - Sensor ICE event detected (at simulation time 365.000,000,000 s)
2025-04-25 15:02:23,369 INFO  - Sending DENM (at simulation time 365.000,000,000 s)
2025-04-25 15:02:23,373 INFO  - Sensor ICE event detected (at simulation time 366.000,000,000 s)
2025-04-25 15:02:23,373 INFO  - Sending DENM (at simulation time 366.000,000,000 s)
2025-04-25 15:02:23,376 INFO  - Sensor ICE event detected (at simulation time 367.000,000,000 s)
2025-04-25 15:02:23,376 INFO  - Sending DENM (at simulation time 367.000,000,000 s)
2025-04-25 15:02:23,380 INFO  - Sensor ICE event detected (at simulation time 368.000,000,000 s)
2025-04-25 15:02:23,380 INFO  - Sending DENM (at simulation time 368.000,000,000 s)
2025-04-25 15:02:23,383 INFO  - Sensor ICE event detected (at simulation time 369.000,000,000 s)
2025-04-25 15:02:23,383 INFO  - Sending DENM (at simulation time 369.000,000,000 s)
2025-04-25 15:02:23,395 INFO  - Sensor ICE event detected (at simulation time 370.000,000,000 s)
2025-04-25 15:02:23,395 INFO  - Sending DENM (at simulation time 370.000,000,000 s)
2025-04-25 15:02:23,398 INFO  - Sensor ICE event detected (at simulation time 371.000,000,000 s)
2025-04-25 15:02:23,398 INFO  - Sending DENM (at simulation time 371.000,000,000 s)
2025-04-25 15:02:23,402 INFO  - Sensor ICE event detected (at simulation time 372.000,000,000 s)
2025-04-25 15:02:23,402 INFO  - Sending DENM (at simulation time 372.000,000,000 s)
2025-04-25 15:02:23,405 INFO  - Sensor ICE event detected (at simulation time 373.000,000,000 s)
2025-04-25 15:02:23,405 INFO  - Sending DENM (at simulation time 373.000,000,000 s)
2025-04-25 15:02:23,408 INFO  - Sensor ICE event detected (at simulation time 374.000,000,000 s)
2025-04-25 15:02:23,409 INFO  - Sending DENM (at simulation time 374.000,000,000 s)
2025-04-25 15:02:23,416 INFO  - Sensor ICE event detected (at simulation time 375.000,000,000 s)
2025-04-25 15:02:23,416 INFO  - Sending DENM (at simulation time 375.000,000,000 s)
2025-04-25 15:02:23,419 INFO  - Sensor ICE event detected (at simulation time 376.000,000,000 s)
2025-04-25 15:02:23,419 INFO  - Sending DENM (at simulation time 376.000,000,000 s)
2025-04-25 15:02:23,423 INFO  - Sensor ICE event detected (at simulation time 377.000,000,000 s)
2025-04-25 15:02:23,423 INFO  - Sending DENM (at simulation time 377.000,000,000 s)
2025-04-25 15:02:23,426 INFO  - Sensor ICE event detected (at simulation time 378.000,000,000 s)
2025-04-25 15:02:23,426 INFO  - Sending DENM (at simulation time 378.000,000,000 s)
2025-04-25 15:02:23,429 INFO  - Sensor ICE event detected (at simulation time 379.000,000,000 s)
2025-04-25 15:02:23,429 INFO  - Sending DENM (at simulation time 379.000,000,000 s)
2025-04-25 15:02:23,437 INFO  - Sensor ICE event detected (at simulation time 380.000,000,000 s)
2025-04-25 15:02:23,437 INFO  - Sending DENM (at simulation time 380.000,000,000 s)
2025-04-25 15:02:23,499 INFO  - Sensor ICE event detected (at simulation time 381.000,000,000 s)
2025-04-25 15:02:23,499 INFO  - Sending DENM (at simulation time 381.000,000,000 s)
2025-04-25 15:02:23,503 INFO  - Sensor ICE event detected (at simulation time 382.000,000,000 s)
2025-04-25 15:02:23,503 INFO  - Sending DENM (at simulation time 382.000,000,000 s)
2025-04-25 15:02:23,508 INFO  - Sensor ICE event detected (at simulation time 383.000,000,000 s)
2025-04-25 15:02:23,508 INFO  - Sending DENM (at simulation time 383.000,000,000 s)
2025-04-25 15:02:23,511 INFO  - Sensor ICE event detected (at simulation time 384.000,000,000 s)
2025-04-25 15:02:23,511 INFO  - Sending DENM (at simulation time 384.000,000,000 s)
2025-04-25 15:02:23,519 INFO  - Sensor ICE event detected (at simulation time 385.000,000,000 s)
2025-04-25 15:02:23,519 INFO  - Sending DENM (at simulation time 385.000,000,000 s)
2025-04-25 15:02:23,522 INFO  - Sensor ICE event detected (at simulation time 386.000,000,000 s)
2025-04-25 15:02:23,522 INFO  - Sending DENM (at simulation time 386.000,000,000 s)
2025-04-25 15:02:23,525 INFO  - Sensor ICE event detected (at simulation time 387.000,000,000 s)
2025-04-25 15:02:23,525 INFO  - Sending DENM (at simulation time 387.000,000,000 s)
2025-04-25 15:02:23,529 INFO  - Sensor ICE event detected (at simulation time 388.000,000,000 s)
2025-04-25 15:02:23,529 INFO  - Sending DENM (at simulation time 388.000,000,000 s)
2025-04-25 15:02:23,532 INFO  - Sensor ICE event detected (at simulation time 389.000,000,000 s)
2025-04-25 15:02:23,532 INFO  - Sending DENM (at simulation time 389.000,000,000 s)
2025-04-25 15:02:23,540 INFO  - Sensor ICE event detected (at simulation time 390.000,000,000 s)
2025-04-25 15:02:23,540 INFO  - Sending DENM (at simulation time 390.000,000,000 s)
2025-04-25 15:02:23,544 INFO  - Sensor ICE event detected (at simulation time 391.000,000,000 s)
2025-04-25 15:02:23,544 INFO  - Sending DENM (at simulation time 391.000,000,000 s)
2025-04-25 15:02:23,547 INFO  - Sensor ICE event detected (at simulation time 392.000,000,000 s)
2025-04-25 15:02:23,547 INFO  - Sending DENM (at simulation time 392.000,000,000 s)
2025-04-25 15:02:23,550 INFO  - Sensor ICE event detected (at simulation time 393.000,000,000 s)
2025-04-25 15:02:23,550 INFO  - Sending DENM (at simulation time 393.000,000,000 s)
2025-04-25 15:02:23,553 INFO  - Sensor ICE event detected (at simulation time 394.000,000,000 s)
2025-04-25 15:02:23,553 INFO  - Sending DENM (at simulation time 394.000,000,000 s)
2025-04-25 15:02:23,561 INFO  - Sensor ICE event detected (at simulation time 395.000,000,000 s)
2025-04-25 15:02:23,561 INFO  - Sending DENM (at simulation time 395.000,000,000 s)
2025-04-25 15:02:23,564 INFO  - Sensor ICE event detected (at simulation time 396.000,000,000 s)
2025-04-25 15:02:23,564 INFO  - Sending DENM (at simulation time 396.000,000,000 s)
2025-04-25 15:02:23,568 INFO  - Sensor ICE event detected (at simulation time 397.000,000,000 s)
2025-04-25 15:02:23,568 INFO  - Sending DENM (at simulation time 397.000,000,000 s)
2025-04-25 15:02:23,571 INFO  - Sensor ICE event detected (at simulation time 398.000,000,000 s)
2025-04-25 15:02:23,571 INFO  - Sending DENM (at simulation time 398.000,000,000 s)
2025-04-25 15:02:23,574 INFO  - Sensor ICE event detected (at simulation time 399.000,000,000 s)
2025-04-25 15:02:23,574 INFO  - Sending DENM (at simulation time 399.000,000,000 s)
2025-04-25 15:02:23,582 INFO  - Sensor ICE event detected (at simulation time 400.000,000,000 s)
2025-04-25 15:02:23,582 INFO  - Sending DENM (at simulation time 400.000,000,000 s)
2025-04-25 15:02:23,585 INFO  - Sensor ICE event detected (at simulation time 401.000,000,000 s)
2025-04-25 15:02:23,585 INFO  - Sending DENM (at simulation time 401.000,000,000 s)
2025-04-25 15:02:23,588 INFO  - Sensor ICE event detected (at simulation time 402.000,000,000 s)
2025-04-25 15:02:23,588 INFO  - Sending DENM (at simulation time 402.000,000,000 s)
2025-04-25 15:02:23,591 INFO  - Sensor ICE event detected (at simulation time 403.000,000,000 s)
2025-04-25 15:02:23,591 INFO  - Sending DENM (at simulation time 403.000,000,000 s)
2025-04-25 15:02:23,594 INFO  - Sensor ICE event detected (at simulation time 404.000,000,000 s)
2025-04-25 15:02:23,594 INFO  - Sending DENM (at simulation time 404.000,000,000 s)
2025-04-25 15:02:23,605 INFO  - Sensor ICE event detected (at simulation time 405.000,000,000 s)
2025-04-25 15:02:23,605 INFO  - Sending DENM (at simulation time 405.000,000,000 s)
2025-04-25 15:02:23,609 INFO  - Sensor ICE event detected (at simulation time 406.000,000,000 s)
2025-04-25 15:02:23,609 INFO  - Sending DENM (at simulation time 406.000,000,000 s)
2025-04-25 15:02:23,612 INFO  - Sensor ICE event detected (at simulation time 407.000,000,000 s)
2025-04-25 15:02:23,612 INFO  - Sending DENM (at simulation time 407.000,000,000 s)
2025-04-25 15:02:23,615 INFO  - Sensor ICE event detected (at simulation time 408.000,000,000 s)
2025-04-25 15:02:23,615 INFO  - Sending DENM (at simulation time 408.000,000,000 s)
2025-04-25 15:02:23,619 INFO  - Sensor ICE event detected (at simulation time 409.000,000,000 s)
2025-04-25 15:02:23,619 INFO  - Sending DENM (at simulation time 409.000,000,000 s)
2025-04-25 15:02:23,626 INFO  - Sensor ICE event detected (at simulation time 410.000,000,000 s)
2025-04-25 15:02:23,626 INFO  - Sending DENM (at simulation time 410.000,000,000 s)
2025-04-25 15:02:23,630 INFO  - Sensor ICE event detected (at simulation time 411.000,000,000 s)
2025-04-25 15:02:23,630 INFO  - Sending DENM (at simulation time 411.000,000,000 s)
2025-04-25 15:02:23,633 INFO  - Sensor ICE event detected (at simulation time 412.000,000,000 s)
2025-04-25 15:02:23,633 INFO  - Sending DENM (at simulation time 412.000,000,000 s)
2025-04-25 15:02:23,677 INFO  - Sensor ICE event detected (at simulation time 413.000,000,000 s)
2025-04-25 15:02:23,677 INFO  - Sending DENM (at simulation time 413.000,000,000 s)
2025-04-25 15:02:23,683 INFO  - Sensor ICE event detected (at simulation time 414.000,000,000 s)
2025-04-25 15:02:23,683 INFO  - Sending DENM (at simulation time 414.000,000,000 s)
2025-04-25 15:02:23,692 INFO  - Sensor ICE event detected (at simulation time 415.000,000,000 s)
2025-04-25 15:02:23,692 INFO  - Sending DENM (at simulation time 415.000,000,000 s)
2025-04-25 15:02:23,695 INFO  - Sensor ICE event detected (at simulation time 416.000,000,000 s)
2025-04-25 15:02:23,695 INFO  - Sending DENM (at simulation time 416.000,000,000 s)
2025-04-25 15:02:23,698 INFO  - Sensor ICE event detected (at simulation time 417.000,000,000 s)
2025-04-25 15:02:23,698 INFO  - Sending DENM (at simulation time 417.000,000,000 s)
2025-04-25 15:02:23,701 INFO  - Sensor ICE event detected (at simulation time 418.000,000,000 s)
2025-04-25 15:02:23,701 INFO  - Sending DENM (at simulation time 418.000,000,000 s)
2025-04-25 15:02:23,704 INFO  - Sensor ICE event detected (at simulation time 419.000,000,000 s)
2025-04-25 15:02:23,704 INFO  - Sending DENM (at simulation time 419.000,000,000 s)
2025-04-25 15:02:23,712 INFO  - Sensor ICE event detected (at simulation time 420.000,000,000 s)
2025-04-25 15:02:23,712 INFO  - Sending DENM (at simulation time 420.000,000,000 s)
2025-04-25 15:02:23,716 INFO  - Sensor ICE event detected (at simulation time 421.000,000,000 s)
2025-04-25 15:02:23,716 INFO  - Sending DENM (at simulation time 421.000,000,000 s)
2025-04-25 15:02:23,719 INFO  - Sensor ICE event detected (at simulation time 422.000,000,000 s)
2025-04-25 15:02:23,719 INFO  - Sending DENM (at simulation time 422.000,000,000 s)
2025-04-25 15:02:23,722 INFO  - Sensor ICE event detected (at simulation time 423.000,000,000 s)
2025-04-25 15:02:23,722 INFO  - Sending DENM (at simulation time 423.000,000,000 s)
2025-04-25 15:02:23,725 INFO  - Sensor ICE event detected (at simulation time 424.000,000,000 s)
2025-04-25 15:02:23,725 INFO  - Sending DENM (at simulation time 424.000,000,000 s)
2025-04-25 15:02:23,734 INFO  - Sensor ICE event detected (at simulation time 425.000,000,000 s)
2025-04-25 15:02:23,734 INFO  - Sending DENM (at simulation time 425.000,000,000 s)
2025-04-25 15:02:23,737 INFO  - Sensor ICE event detected (at simulation time 426.000,000,000 s)
2025-04-25 15:02:23,737 INFO  - Sending DENM (at simulation time 426.000,000,000 s)
2025-04-25 15:02:23,740 INFO  - Sensor ICE event detected (at simulation time 427.000,000,000 s)
2025-04-25 15:02:23,740 INFO  - Sending DENM (at simulation time 427.000,000,000 s)
2025-04-25 15:02:23,743 INFO  - Sensor ICE event detected (at simulation time 428.000,000,000 s)
2025-04-25 15:02:23,743 INFO  - Sending DENM (at simulation time 428.000,000,000 s)
2025-04-25 15:02:23,746 INFO  - Sensor ICE event detected (at simulation time 429.000,000,000 s)
2025-04-25 15:02:23,746 INFO  - Sending DENM (at simulation time 429.000,000,000 s)
2025-04-25 15:02:23,754 INFO  - Sensor ICE event detected (at simulation time 430.000,000,000 s)
2025-04-25 15:02:23,754 INFO  - Sending DENM (at simulation time 430.000,000,000 s)
2025-04-25 15:02:23,756 INFO  - Sensor ICE event detected (at simulation time 431.000,000,000 s)
2025-04-25 15:02:23,756 INFO  - Sending DENM (at simulation time 431.000,000,000 s)
2025-04-25 15:02:23,759 INFO  - Sensor ICE event detected (at simulation time 432.000,000,000 s)
2025-04-25 15:02:23,759 INFO  - Sending DENM (at simulation time 432.000,000,000 s)
2025-04-25 15:02:23,763 INFO  - Sensor ICE event detected (at simulation time 433.000,000,000 s)
2025-04-25 15:02:23,763 INFO  - Sending DENM (at simulation time 433.000,000,000 s)
2025-04-25 15:02:23,767 INFO  - Sensor ICE event detected (at simulation time 434.000,000,000 s)
2025-04-25 15:02:23,767 INFO  - Sending DENM (at simulation time 434.000,000,000 s)
2025-04-25 15:02:23,774 INFO  - Sensor ICE event detected (at simulation time 435.000,000,000 s)
2025-04-25 15:02:23,774 INFO  - Sending DENM (at simulation time 435.000,000,000 s)
2025-04-25 15:02:23,777 INFO  - Sensor ICE event detected (at simulation time 436.000,000,000 s)
2025-04-25 15:02:23,777 INFO  - Sending DENM (at simulation time 436.000,000,000 s)
2025-04-25 15:02:23,780 INFO  - Sensor ICE event detected (at simulation time 437.000,000,000 s)
2025-04-25 15:02:23,780 INFO  - Sending DENM (at simulation time 437.000,000,000 s)
2025-04-25 15:02:23,784 INFO  - Sensor ICE event detected (at simulation time 438.000,000,000 s)
2025-04-25 15:02:23,784 INFO  - Sending DENM (at simulation time 438.000,000,000 s)
2025-04-25 15:02:23,788 INFO  - Sensor ICE event detected (at simulation time 439.000,000,000 s)
2025-04-25 15:02:23,788 INFO  - Sending DENM (at simulation time 439.000,000,000 s)
2025-04-25 15:02:23,794 INFO  - Sensor ICE event detected (at simulation time 440.000,000,000 s)
2025-04-25 15:02:23,794 INFO  - Sending DENM (at simulation time 440.000,000,000 s)
2025-04-25 15:02:23,797 INFO  - Sensor ICE event detected (at simulation time 441.000,000,000 s)
2025-04-25 15:02:23,797 INFO  - Sending DENM (at simulation time 441.000,000,000 s)
2025-04-25 15:02:23,801 INFO  - Sensor ICE event detected (at simulation time 442.000,000,000 s)
2025-04-25 15:02:23,801 INFO  - Sending DENM (at simulation time 442.000,000,000 s)
2025-04-25 15:02:23,805 INFO  - Sensor ICE event detected (at simulation time 443.000,000,000 s)
2025-04-25 15:02:23,805 INFO  - Sending DENM (at simulation time 443.000,000,000 s)
2025-04-25 15:02:23,809 INFO  - Sensor ICE event detected (at simulation time 444.000,000,000 s)
2025-04-25 15:02:23,809 INFO  - Sending DENM (at simulation time 444.000,000,000 s)
2025-04-25 15:02:23,816 INFO  - Sensor ICE event detected (at simulation time 445.000,000,000 s)
2025-04-25 15:02:23,816 INFO  - Sending DENM (at simulation time 445.000,000,000 s)
2025-04-25 15:02:23,819 INFO  - Sensor ICE event detected (at simulation time 446.000,000,000 s)
2025-04-25 15:02:23,819 INFO  - Sending DENM (at simulation time 446.000,000,000 s)
2025-04-25 15:02:23,822 INFO  - Sensor ICE event detected (at simulation time 447.000,000,000 s)
2025-04-25 15:02:23,822 INFO  - Sending DENM (at simulation time 447.000,000,000 s)
2025-04-25 15:02:23,828 INFO  - Sensor ICE event detected (at simulation time 448.000,000,000 s)
2025-04-25 15:02:23,828 INFO  - Sending DENM (at simulation time 448.000,000,000 s)
2025-04-25 15:02:23,831 INFO  - Sensor ICE event detected (at simulation time 449.000,000,000 s)
2025-04-25 15:02:23,831 INFO  - Sending DENM (at simulation time 449.000,000,000 s)
2025-04-25 15:02:23,837 INFO  - Sensor ICE event detected (at simulation time 450.000,000,000 s)
2025-04-25 15:02:23,837 INFO  - Sending DENM (at simulation time 450.000,000,000 s)
2025-04-25 15:02:23,866 INFO  - Sensor ICE event detected (at simulation time 451.000,000,000 s)
2025-04-25 15:02:23,866 INFO  - Sending DENM (at simulation time 451.000,000,000 s)
2025-04-25 15:02:23,870 INFO  - Sensor ICE event detected (at simulation time 452.000,000,000 s)
2025-04-25 15:02:23,870 INFO  - Sending DENM (at simulation time 452.000,000,000 s)
2025-04-25 15:02:23,873 INFO  - Sensor ICE event detected (at simulation time 453.000,000,000 s)
2025-04-25 15:02:23,873 INFO  - Sending DENM (at simulation time 453.000,000,000 s)
2025-04-25 15:02:23,876 INFO  - Sensor ICE event detected (at simulation time 454.000,000,000 s)
2025-04-25 15:02:23,876 INFO  - Sending DENM (at simulation time 454.000,000,000 s)
2025-04-25 15:02:23,883 INFO  - Sensor ICE event detected (at simulation time 455.000,000,000 s)
2025-04-25 15:02:23,883 INFO  - Sending DENM (at simulation time 455.000,000,000 s)
2025-04-25 15:02:23,886 INFO  - Sensor ICE event detected (at simulation time 456.000,000,000 s)
2025-04-25 15:02:23,886 INFO  - Sending DENM (at simulation time 456.000,000,000 s)
2025-04-25 15:02:23,888 INFO  - Sensor ICE event detected (at simulation time 457.000,000,000 s)
2025-04-25 15:02:23,889 INFO  - Sending DENM (at simulation time 457.000,000,000 s)
2025-04-25 15:02:23,891 INFO  - Sensor ICE event detected (at simulation time 458.000,000,000 s)
2025-04-25 15:02:23,891 INFO  - Sending DENM (at simulation time 458.000,000,000 s)
2025-04-25 15:02:23,893 INFO  - Sensor ICE event detected (at simulation time 459.000,000,000 s)
2025-04-25 15:02:23,893 INFO  - Sending DENM (at simulation time 459.000,000,000 s)
2025-04-25 15:02:24,320 INFO  - Shutdown application (at simulation time 632.000,000,000 s)
