2025-04-25 15:02:22,210 INFO  - Initialize application (at simulation time 238.000,000,000 s)
2025-04-25 15:02:22,210 INFO  - Activated AdHoc Module (at simulation time 238.000,000,000 s)
2025-04-25 15:02:22,295 INFO  - Received message from veh_56 (at simulation time 242.006,500,000 s)
2025-04-25 15:02:22,295 INFO  - Processing DEN message (at simulation time 242.006,500,000 s)
2025-04-25 15:02:22,295 INFO  - The event occurred on connection with id=311964536_1313885442_2879911873, which is part of vehicle's route with id=1 (at simulation time 242.006,500,000 s)
2025-04-25 15:02:22,296 INFO  - Sending Change Route Command at position: GeoPoint{lat=52.655043,lon=13.568924,alt=0.00} (at simulation time 242.006,500,000 s)
2025-04-25 15:02:22,297 INFO  - Received message from veh_46 (at simulation time 242.007,400,000 s)
2025-04-25 15:02:22,297 INFO  - Processing DEN message (at simulation time 242.007,400,000 s)
2025-04-25 15:02:22,297 INFO  - Route change already tried once. (at simulation time 242.007,400,000 s)
2025-04-25 15:02:22,297 INFO  - Received message from veh_51 (at simulation time 242.009,400,000 s)
2025-04-25 15:02:22,297 INFO  - Processing DEN message (at simulation time 242.009,400,000 s)
2025-04-25 15:02:22,297 INFO  - Route change already tried once. (at simulation time 242.009,400,000 s)
2025-04-25 15:02:22,304 INFO  - Received message from veh_56 (at simulation time 243.009,000,000 s)
2025-04-25 15:02:22,304 INFO  - Processing DEN message (at simulation time 243.009,000,000 s)
2025-04-25 15:02:22,304 INFO  - Route change already tried once. (at simulation time 243.009,000,000 s)
2025-04-25 15:02:22,304 INFO  - Received message from veh_51 (at simulation time 243.009,400,000 s)
2025-04-25 15:02:22,304 INFO  - Processing DEN message (at simulation time 243.009,400,000 s)
2025-04-25 15:02:22,304 INFO  - Route change already tried once. (at simulation time 243.009,400,000 s)
2025-04-25 15:02:22,304 INFO  - Received message from veh_46 (at simulation time 243.010,400,000 s)
2025-04-25 15:02:22,304 INFO  - Processing DEN message (at simulation time 243.010,400,000 s)
2025-04-25 15:02:22,304 INFO  - Route change already tried once. (at simulation time 243.010,400,000 s)
2025-04-25 15:02:22,313 INFO  - Received message from veh_51 (at simulation time 244.005,900,000 s)
2025-04-25 15:02:22,313 INFO  - Processing DEN message (at simulation time 244.005,900,000 s)
2025-04-25 15:02:22,313 INFO  - Route change already tried once. (at simulation time 244.005,900,000 s)
2025-04-25 15:02:22,313 INFO  - Received message from veh_46 (at simulation time 244.006,400,000 s)
2025-04-25 15:02:22,313 INFO  - Processing DEN message (at simulation time 244.006,400,000 s)
2025-04-25 15:02:22,313 INFO  - Route change already tried once. (at simulation time 244.006,400,000 s)
2025-04-25 15:02:22,313 INFO  - Received message from veh_56 (at simulation time 244.006,500,000 s)
2025-04-25 15:02:22,313 INFO  - Processing DEN message (at simulation time 244.006,500,000 s)
2025-04-25 15:02:22,313 INFO  - Route change already tried once. (at simulation time 244.006,500,000 s)
2025-04-25 15:02:22,328 INFO  - Received message from veh_56 (at simulation time 245.009,000,000 s)
2025-04-25 15:02:22,328 INFO  - Processing DEN message (at simulation time 245.009,000,000 s)
2025-04-25 15:02:22,328 INFO  - Route change already tried once. (at simulation time 245.009,000,000 s)
2025-04-25 15:02:22,328 INFO  - Received message from veh_51 (at simulation time 245.010,000,000 s)
2025-04-25 15:02:22,328 INFO  - Processing DEN message (at simulation time 245.010,000,000 s)
2025-04-25 15:02:22,328 INFO  - Route change already tried once. (at simulation time 245.010,000,000 s)
2025-04-25 15:02:22,328 INFO  - Received message from veh_46 (at simulation time 245.010,900,000 s)
2025-04-25 15:02:22,328 INFO  - Processing DEN message (at simulation time 245.010,900,000 s)
2025-04-25 15:02:22,328 INFO  - Route change already tried once. (at simulation time 245.010,900,000 s)
2025-04-25 15:02:22,334 INFO  - Received message from veh_56 (at simulation time 246.007,000,000 s)
2025-04-25 15:02:22,334 INFO  - Processing DEN message (at simulation time 246.007,000,000 s)
2025-04-25 15:02:22,334 INFO  - Route change already tried once. (at simulation time 246.007,000,000 s)
2025-04-25 15:02:22,334 INFO  - Received message from veh_51 (at simulation time 246.009,000,000 s)
2025-04-25 15:02:22,334 INFO  - Processing DEN message (at simulation time 246.009,000,000 s)
2025-04-25 15:02:22,334 INFO  - Route change already tried once. (at simulation time 246.009,000,000 s)
2025-04-25 15:02:22,334 INFO  - Received message from veh_46 (at simulation time 246.010,900,000 s)
2025-04-25 15:02:22,334 INFO  - Processing DEN message (at simulation time 246.010,900,000 s)
2025-04-25 15:02:22,334 INFO  - Route change already tried once. (at simulation time 246.010,900,000 s)
2025-04-25 15:02:22,339 INFO  - Received message from veh_56 (at simulation time 247.003,000,000 s)
2025-04-25 15:02:22,339 INFO  - Processing DEN message (at simulation time 247.003,000,000 s)
2025-04-25 15:02:22,339 INFO  - Route change already tried once. (at simulation time 247.003,000,000 s)
2025-04-25 15:02:22,339 INFO  - Received message from veh_46 (at simulation time 247.007,000,000 s)
2025-04-25 15:02:22,339 INFO  - Processing DEN message (at simulation time 247.007,000,000 s)
2025-04-25 15:02:22,339 INFO  - Route change already tried once. (at simulation time 247.007,000,000 s)
2025-04-25 15:02:22,339 INFO  - Received message from veh_51 (at simulation time 247.007,000,000 s)
2025-04-25 15:02:22,339 INFO  - Processing DEN message (at simulation time 247.007,000,000 s)
2025-04-25 15:02:22,339 INFO  - Route change already tried once. (at simulation time 247.007,000,000 s)
2025-04-25 15:02:22,345 INFO  - Received message from veh_46 (at simulation time 248.008,000,000 s)
2025-04-25 15:02:22,345 INFO  - Processing DEN message (at simulation time 248.008,000,000 s)
2025-04-25 15:02:22,345 INFO  - Route change already tried once. (at simulation time 248.008,000,000 s)
2025-04-25 15:02:22,345 INFO  - Received message from veh_51 (at simulation time 248.009,000,000 s)
2025-04-25 15:02:22,345 INFO  - Processing DEN message (at simulation time 248.009,000,000 s)
2025-04-25 15:02:22,345 INFO  - Route change already tried once. (at simulation time 248.009,000,000 s)
2025-04-25 15:02:22,345 INFO  - Received message from veh_56 (at simulation time 248.009,500,000 s)
2025-04-25 15:02:22,345 INFO  - Processing DEN message (at simulation time 248.009,500,000 s)
2025-04-25 15:02:22,345 INFO  - Route change already tried once. (at simulation time 248.009,500,000 s)
2025-04-25 15:02:22,350 INFO  - Received message from veh_56 (at simulation time 249.007,000,000 s)
2025-04-25 15:02:22,350 INFO  - Processing DEN message (at simulation time 249.007,000,000 s)
2025-04-25 15:02:22,350 INFO  - Route change already tried once. (at simulation time 249.007,000,000 s)
2025-04-25 15:02:22,350 INFO  - Received message from veh_46 (at simulation time 249.007,500,000 s)
2025-04-25 15:02:22,350 INFO  - Processing DEN message (at simulation time 249.007,500,000 s)
2025-04-25 15:02:22,350 INFO  - Route change already tried once. (at simulation time 249.007,500,000 s)
2025-04-25 15:02:22,350 INFO  - Received message from veh_51 (at simulation time 249.009,500,000 s)
2025-04-25 15:02:22,350 INFO  - Processing DEN message (at simulation time 249.009,500,000 s)
2025-04-25 15:02:22,350 INFO  - Route change already tried once. (at simulation time 249.009,500,000 s)
2025-04-25 15:02:22,368 INFO  - Received message from veh_56 (at simulation time 250.005,500,000 s)
2025-04-25 15:02:22,368 INFO  - Processing DEN message (at simulation time 250.005,500,000 s)
2025-04-25 15:02:22,368 INFO  - Route change already tried once. (at simulation time 250.005,500,000 s)
2025-04-25 15:02:22,368 INFO  - Received message from veh_46 (at simulation time 250.007,000,000 s)
2025-04-25 15:02:22,368 INFO  - Processing DEN message (at simulation time 250.007,000,000 s)
2025-04-25 15:02:22,368 INFO  - Route change already tried once. (at simulation time 250.007,000,000 s)
2025-04-25 15:02:22,368 INFO  - Received message from veh_51 (at simulation time 250.008,000,000 s)
2025-04-25 15:02:22,368 INFO  - Processing DEN message (at simulation time 250.008,000,000 s)
2025-04-25 15:02:22,368 INFO  - Route change already tried once. (at simulation time 250.008,000,000 s)
2025-04-25 15:02:22,374 INFO  - Received message from veh_46 (at simulation time 251.005,500,000 s)
2025-04-25 15:02:22,374 INFO  - Processing DEN message (at simulation time 251.005,500,000 s)
2025-04-25 15:02:22,374 INFO  - Route change already tried once. (at simulation time 251.005,500,000 s)
2025-04-25 15:02:22,374 INFO  - Received message from veh_56 (at simulation time 251.007,500,000 s)
2025-04-25 15:02:22,374 INFO  - Processing DEN message (at simulation time 251.007,500,000 s)
2025-04-25 15:02:22,374 INFO  - Route change already tried once. (at simulation time 251.007,500,000 s)
2025-04-25 15:02:22,374 INFO  - Received message from veh_51 (at simulation time 251.008,000,000 s)
2025-04-25 15:02:22,374 INFO  - Processing DEN message (at simulation time 251.008,000,000 s)
2025-04-25 15:02:22,374 INFO  - Route change already tried once. (at simulation time 251.008,000,000 s)
2025-04-25 15:02:22,381 INFO  - Received message from veh_56 (at simulation time 252.005,500,000 s)
2025-04-25 15:02:22,381 INFO  - Processing DEN message (at simulation time 252.005,500,000 s)
2025-04-25 15:02:22,381 INFO  - Route change already tried once. (at simulation time 252.005,500,000 s)
2025-04-25 15:02:22,381 INFO  - Received message from veh_51 (at simulation time 252.007,000,000 s)
2025-04-25 15:02:22,381 INFO  - Processing DEN message (at simulation time 252.007,000,000 s)
2025-04-25 15:02:22,381 INFO  - Route change already tried once. (at simulation time 252.007,000,000 s)
2025-04-25 15:02:22,381 INFO  - Received message from veh_46 (at simulation time 252.008,500,000 s)
2025-04-25 15:02:22,381 INFO  - Processing DEN message (at simulation time 252.008,500,000 s)
2025-04-25 15:02:22,381 INFO  - Route change already tried once. (at simulation time 252.008,500,000 s)
2025-04-25 15:02:22,387 INFO  - Received message from veh_56 (at simulation time 253.006,000,000 s)
2025-04-25 15:02:22,387 INFO  - Processing DEN message (at simulation time 253.006,000,000 s)
2025-04-25 15:02:22,387 INFO  - Route change already tried once. (at simulation time 253.006,000,000 s)
2025-04-25 15:02:22,387 INFO  - Received message from veh_46 (at simulation time 253.007,000,000 s)
2025-04-25 15:02:22,387 INFO  - Processing DEN message (at simulation time 253.007,000,000 s)
2025-04-25 15:02:22,387 INFO  - Route change already tried once. (at simulation time 253.007,000,000 s)
2025-04-25 15:02:22,387 INFO  - Received message from veh_51 (at simulation time 253.009,500,000 s)
2025-04-25 15:02:22,387 INFO  - Processing DEN message (at simulation time 253.009,500,000 s)
2025-04-25 15:02:22,387 INFO  - Route change already tried once. (at simulation time 253.009,500,000 s)
2025-04-25 15:02:22,392 INFO  - Received message from veh_86 (at simulation time 254.002,100,000 s)
2025-04-25 15:02:22,392 INFO  - Processing DEN message (at simulation time 254.002,100,000 s)
2025-04-25 15:02:22,392 INFO  - Route change already tried once. (at simulation time 254.002,100,000 s)
2025-04-25 15:02:22,393 INFO  - Received message from veh_51 (at simulation time 254.004,500,000 s)
2025-04-25 15:02:22,393 INFO  - Processing DEN message (at simulation time 254.004,500,000 s)
2025-04-25 15:02:22,393 INFO  - Route change already tried once. (at simulation time 254.004,500,000 s)
2025-04-25 15:02:22,393 INFO  - Received message from veh_56 (at simulation time 254.006,000,000 s)
2025-04-25 15:02:22,393 INFO  - Processing DEN message (at simulation time 254.006,000,000 s)
2025-04-25 15:02:22,393 INFO  - Route change already tried once. (at simulation time 254.006,000,000 s)
2025-04-25 15:02:22,394 INFO  - Received message from veh_46 (at simulation time 254.007,000,000 s)
2025-04-25 15:02:22,394 INFO  - Processing DEN message (at simulation time 254.007,000,000 s)
2025-04-25 15:02:22,394 INFO  - Route change already tried once. (at simulation time 254.007,000,000 s)
2025-04-25 15:02:22,410 INFO  - Received message from veh_56 (at simulation time 255.005,000,000 s)
2025-04-25 15:02:22,410 INFO  - Processing DEN message (at simulation time 255.005,000,000 s)
2025-04-25 15:02:22,410 INFO  - Route change already tried once. (at simulation time 255.005,000,000 s)
2025-04-25 15:02:22,411 INFO  - Received message from veh_86 (at simulation time 255.008,500,000 s)
2025-04-25 15:02:22,411 INFO  - Processing DEN message (at simulation time 255.008,500,000 s)
2025-04-25 15:02:22,411 INFO  - Route change already tried once. (at simulation time 255.008,500,000 s)
2025-04-25 15:02:22,411 INFO  - Received message from veh_46 (at simulation time 255.008,900,000 s)
2025-04-25 15:02:22,411 INFO  - Processing DEN message (at simulation time 255.008,900,000 s)
2025-04-25 15:02:22,411 INFO  - Route change already tried once. (at simulation time 255.008,900,000 s)
2025-04-25 15:02:22,411 INFO  - Received message from veh_51 (at simulation time 255.008,900,000 s)
2025-04-25 15:02:22,411 INFO  - Processing DEN message (at simulation time 255.008,900,000 s)
2025-04-25 15:02:22,411 INFO  - Route change already tried once. (at simulation time 255.008,900,000 s)
2025-04-25 15:02:22,417 INFO  - Received message from veh_86 (at simulation time 256.003,100,000 s)
2025-04-25 15:02:22,417 INFO  - Processing DEN message (at simulation time 256.003,100,000 s)
2025-04-25 15:02:22,417 INFO  - Route change already tried once. (at simulation time 256.003,100,000 s)
2025-04-25 15:02:22,418 INFO  - Received message from veh_56 (at simulation time 256.005,600,000 s)
2025-04-25 15:02:22,418 INFO  - Processing DEN message (at simulation time 256.005,600,000 s)
2025-04-25 15:02:22,418 INFO  - Route change already tried once. (at simulation time 256.005,600,000 s)
2025-04-25 15:02:22,418 INFO  - Received message from veh_51 (at simulation time 256.006,000,000 s)
2025-04-25 15:02:22,418 INFO  - Processing DEN message (at simulation time 256.006,000,000 s)
2025-04-25 15:02:22,418 INFO  - Route change already tried once. (at simulation time 256.006,000,000 s)
2025-04-25 15:02:22,418 INFO  - Received message from veh_46 (at simulation time 256.007,000,000 s)
2025-04-25 15:02:22,418 INFO  - Processing DEN message (at simulation time 256.007,000,000 s)
2025-04-25 15:02:22,418 INFO  - Route change already tried once. (at simulation time 256.007,000,000 s)
2025-04-25 15:02:22,426 INFO  - Received message from veh_56 (at simulation time 257.004,600,000 s)
2025-04-25 15:02:22,426 INFO  - Processing DEN message (at simulation time 257.004,600,000 s)
2025-04-25 15:02:22,426 INFO  - Route change already tried once. (at simulation time 257.004,600,000 s)
2025-04-25 15:02:22,426 INFO  - Received message from veh_51 (at simulation time 257.005,100,000 s)
2025-04-25 15:02:22,426 INFO  - Processing DEN message (at simulation time 257.005,100,000 s)
2025-04-25 15:02:22,426 INFO  - Route change already tried once. (at simulation time 257.005,100,000 s)
2025-04-25 15:02:22,426 INFO  - Received message from veh_86 (at simulation time 257.006,100,000 s)
2025-04-25 15:02:22,426 INFO  - Processing DEN message (at simulation time 257.006,100,000 s)
2025-04-25 15:02:22,426 INFO  - Route change already tried once. (at simulation time 257.006,100,000 s)
2025-04-25 15:02:22,426 INFO  - Received message from veh_16 (at simulation time 257.006,500,000 s)
2025-04-25 15:02:22,426 INFO  - Processing DEN message (at simulation time 257.006,500,000 s)
2025-04-25 15:02:22,426 INFO  - Route change already tried once. (at simulation time 257.006,500,000 s)
2025-04-25 15:02:22,427 INFO  - Received message from veh_46 (at simulation time 257.007,500,000 s)
2025-04-25 15:02:22,427 INFO  - Processing DEN message (at simulation time 257.007,500,000 s)
2025-04-25 15:02:22,427 INFO  - Route change already tried once. (at simulation time 257.007,500,000 s)
2025-04-25 15:02:24,339 INFO  - Shutdown application (at simulation time 648.000,000,000 s)
