2025-04-25 15:12:15,034 INFO  SumoAmbassador - sumoConfig.updateInterval: 1000
2025-04-25 15:12:15,034 INFO  SumoAmbassador - sumoConfig.sumoConfigurationFile: tcross.sumocfg
2025-04-25 15:12:15,034 INFO  SumoAmbassador - sumoConfig.sumoConfigurationFile: tcross.sumocfg
2025-04-25 15:12:15,042 INFO  SumoAmbassador - Simulation step size is 1.0 sec.
2025-04-25 15:12:15,548 INFO  SumoVehicleTypesWriter - ./tmp/sumo/mosaic_types.add.xml file successfully written.
2025-04-25 15:12:15,549 INFO  SumoAmbassador - Start Federate local
2025-04-25 15:12:15,549 INFO  SumoAmbassador - Directory: ./tmp/sumo
2025-04-25 15:12:16,557 INFO  SumoAmbassador - Process sumo: Loading net-file from 'tcross-map.net.xml' ... done (1ms).
2025-04-25 15:12:16,557 INFO  SumoAmbassador - Process sumo: Loading additional-files from 'mosaic_types.add.xml' ... done (0ms).
2025-04-25 15:12:16,557 INFO  SumoAmbassador - Process sumo: Loading done.
2025-04-25 15:12:16,557 INFO  SumoAmbassador - Process sumo: Simulation version 1.22.0 started with time: 0.00.
2025-04-25 15:12:16,565 INFO  SumoAmbassador - Current API version of SUMO is 21 (=SUMO 1.22.*)
2025-04-25 15:12:16,631 WARN  TrafficLightGetControlledJunctions - Could not return list of controlled junctions for traffic light. Not implemented in SUMO yet.
2025-04-25 15:12:16,643 INFO  SumoAmbassador - TrafficLightSubscription interaction received at simulation time 0.000,000,000 s: Subscribe to Traffic light group with ID=J1
2025-04-25 15:12:16,649 INFO  SumoAmbassador - Closing SUMO connection
2025-04-25 15:12:16,650 INFO  SumoAmbassador - Process sumo: Step #0.00 (0ms ?*RT. ?UPS, TraCI: 79ms, vehicles TOT 0 ACT 0 BUF 0)                      
2025-04-25 15:12:16,650 INFO  SumoAmbassador - Process sumo: Step #1.00 (0ms ?*RT. ?UPS, TraCI: 14ms, vehicles TOT 0 ACT 0 BUF 0)                      
2025-04-25 15:12:16,650 INFO  SumoAmbassador - Process sumo: Simulation ended at time: 1.00.
2025-04-25 15:12:16,650 INFO  SumoAmbassador - Process sumo: Reason: TraCI requested termination.
2025-04-25 15:12:16,650 INFO  SumoAmbassador - Process sumo: Performance:
2025-04-25 15:12:16,650 INFO  SumoAmbassador - Process sumo:  Duration: 0.09s
2025-04-25 15:12:16,650 INFO  SumoAmbassador - Process sumo:  TraCI-Duration: 0.08s
2025-04-25 15:12:16,650 INFO  SumoAmbassador - Process sumo:  Real time factor: 10.7527
2025-04-25 15:12:16,650 INFO  SumoAmbassador - Process sumo:  UPS: 0.000000
2025-04-25 15:12:16,650 INFO  SumoAmbassador - Process sumo: Vehicles:
2025-04-25 15:12:16,650 INFO  SumoAmbassador - Process sumo:  Inserted: 0
2025-04-25 15:12:16,650 INFO  SumoAmbassador - Process sumo:  Running: 0
2025-04-25 15:12:16,650 INFO  SumoAmbassador - Process sumo:  Waiting: 0
2025-04-25 15:12:16,653 INFO  SumoAmbassador - Finished simulation
