2025-04-25 15:15:01,197 INFO  - Initialize application (at simulation time 238.000,000,000 s)
2025-04-25 15:15:01,197 INFO  - Activated AdHoc Module (at simulation time 238.000,000,000 s)
2025-04-25 15:15:01,234 INFO  - Received message from veh_56 (at simulation time 242.006,500,000 s)
2025-04-25 15:15:01,234 INFO  - Processing DEN message (at simulation time 242.006,500,000 s)
2025-04-25 15:15:01,234 INFO  - The event occurred on connection with id=311964536_1313885442_2879911873, which is part of vehicle's route with id=1 (at simulation time 242.006,500,000 s)
2025-04-25 15:15:01,234 INFO  - Sending Change Route Command at position: GeoPoint{lat=52.655043,lon=13.568924,alt=0.00} (at simulation time 242.006,500,000 s)
2025-04-25 15:15:01,235 INFO  - Received message from veh_46 (at simulation time 242.007,400,000 s)
2025-04-25 15:15:01,235 INFO  - Processing DEN message (at simulation time 242.007,400,000 s)
2025-04-25 15:15:01,235 INFO  - Route change already tried once. (at simulation time 242.007,400,000 s)
2025-04-25 15:15:01,235 INFO  - Received message from veh_51 (at simulation time 242.009,400,000 s)
2025-04-25 15:15:01,235 INFO  - Processing DEN message (at simulation time 242.009,400,000 s)
2025-04-25 15:15:01,235 INFO  - Route change already tried once. (at simulation time 242.009,400,000 s)
2025-04-25 15:15:01,242 INFO  - Received message from veh_56 (at simulation time 243.009,000,000 s)
2025-04-25 15:15:01,242 INFO  - Processing DEN message (at simulation time 243.009,000,000 s)
2025-04-25 15:15:01,242 INFO  - Route change already tried once. (at simulation time 243.009,000,000 s)
2025-04-25 15:15:01,242 INFO  - Received message from veh_51 (at simulation time 243.009,400,000 s)
2025-04-25 15:15:01,242 INFO  - Processing DEN message (at simulation time 243.009,400,000 s)
2025-04-25 15:15:01,242 INFO  - Route change already tried once. (at simulation time 243.009,400,000 s)
2025-04-25 15:15:01,242 INFO  - Received message from veh_46 (at simulation time 243.010,400,000 s)
2025-04-25 15:15:01,242 INFO  - Processing DEN message (at simulation time 243.010,400,000 s)
2025-04-25 15:15:01,242 INFO  - Route change already tried once. (at simulation time 243.010,400,000 s)
2025-04-25 15:15:01,248 INFO  - Received message from veh_51 (at simulation time 244.005,900,000 s)
2025-04-25 15:15:01,248 INFO  - Processing DEN message (at simulation time 244.005,900,000 s)
2025-04-25 15:15:01,248 INFO  - Route change already tried once. (at simulation time 244.005,900,000 s)
2025-04-25 15:15:01,248 INFO  - Received message from veh_46 (at simulation time 244.006,400,000 s)
2025-04-25 15:15:01,248 INFO  - Processing DEN message (at simulation time 244.006,400,000 s)
2025-04-25 15:15:01,248 INFO  - Route change already tried once. (at simulation time 244.006,400,000 s)
2025-04-25 15:15:01,248 INFO  - Received message from veh_56 (at simulation time 244.006,500,000 s)
2025-04-25 15:15:01,248 INFO  - Processing DEN message (at simulation time 244.006,500,000 s)
2025-04-25 15:15:01,248 INFO  - Route change already tried once. (at simulation time 244.006,500,000 s)
2025-04-25 15:15:01,261 INFO  - Received message from veh_56 (at simulation time 245.009,000,000 s)
2025-04-25 15:15:01,261 INFO  - Processing DEN message (at simulation time 245.009,000,000 s)
2025-04-25 15:15:01,261 INFO  - Route change already tried once. (at simulation time 245.009,000,000 s)
2025-04-25 15:15:01,261 INFO  - Received message from veh_51 (at simulation time 245.010,000,000 s)
2025-04-25 15:15:01,261 INFO  - Processing DEN message (at simulation time 245.010,000,000 s)
2025-04-25 15:15:01,261 INFO  - Route change already tried once. (at simulation time 245.010,000,000 s)
2025-04-25 15:15:01,261 INFO  - Received message from veh_46 (at simulation time 245.010,900,000 s)
2025-04-25 15:15:01,262 INFO  - Processing DEN message (at simulation time 245.010,900,000 s)
2025-04-25 15:15:01,262 INFO  - Route change already tried once. (at simulation time 245.010,900,000 s)
2025-04-25 15:15:01,268 INFO  - Received message from veh_56 (at simulation time 246.007,000,000 s)
2025-04-25 15:15:01,268 INFO  - Processing DEN message (at simulation time 246.007,000,000 s)
2025-04-25 15:15:01,268 INFO  - Route change already tried once. (at simulation time 246.007,000,000 s)
2025-04-25 15:15:01,268 INFO  - Received message from veh_51 (at simulation time 246.009,000,000 s)
2025-04-25 15:15:01,268 INFO  - Processing DEN message (at simulation time 246.009,000,000 s)
2025-04-25 15:15:01,268 INFO  - Route change already tried once. (at simulation time 246.009,000,000 s)
2025-04-25 15:15:01,268 INFO  - Received message from veh_46 (at simulation time 246.010,900,000 s)
2025-04-25 15:15:01,268 INFO  - Processing DEN message (at simulation time 246.010,900,000 s)
2025-04-25 15:15:01,268 INFO  - Route change already tried once. (at simulation time 246.010,900,000 s)
2025-04-25 15:15:01,272 INFO  - Received message from veh_56 (at simulation time 247.003,000,000 s)
2025-04-25 15:15:01,272 INFO  - Processing DEN message (at simulation time 247.003,000,000 s)
2025-04-25 15:15:01,272 INFO  - Route change already tried once. (at simulation time 247.003,000,000 s)
2025-04-25 15:15:01,274 INFO  - Received message from veh_46 (at simulation time 247.007,000,000 s)
2025-04-25 15:15:01,274 INFO  - Processing DEN message (at simulation time 247.007,000,000 s)
2025-04-25 15:15:01,274 INFO  - Route change already tried once. (at simulation time 247.007,000,000 s)
2025-04-25 15:15:01,274 INFO  - Received message from veh_51 (at simulation time 247.007,000,000 s)
2025-04-25 15:15:01,274 INFO  - Processing DEN message (at simulation time 247.007,000,000 s)
2025-04-25 15:15:01,274 INFO  - Route change already tried once. (at simulation time 247.007,000,000 s)
2025-04-25 15:15:01,280 INFO  - Received message from veh_46 (at simulation time 248.008,000,000 s)
2025-04-25 15:15:01,280 INFO  - Processing DEN message (at simulation time 248.008,000,000 s)
2025-04-25 15:15:01,280 INFO  - Route change already tried once. (at simulation time 248.008,000,000 s)
2025-04-25 15:15:01,280 INFO  - Received message from veh_51 (at simulation time 248.009,000,000 s)
2025-04-25 15:15:01,280 INFO  - Processing DEN message (at simulation time 248.009,000,000 s)
2025-04-25 15:15:01,280 INFO  - Route change already tried once. (at simulation time 248.009,000,000 s)
2025-04-25 15:15:01,280 INFO  - Received message from veh_56 (at simulation time 248.009,500,000 s)
2025-04-25 15:15:01,280 INFO  - Processing DEN message (at simulation time 248.009,500,000 s)
2025-04-25 15:15:01,280 INFO  - Route change already tried once. (at simulation time 248.009,500,000 s)
2025-04-25 15:15:01,286 INFO  - Received message from veh_56 (at simulation time 249.007,000,000 s)
2025-04-25 15:15:01,286 INFO  - Processing DEN message (at simulation time 249.007,000,000 s)
2025-04-25 15:15:01,286 INFO  - Route change already tried once. (at simulation time 249.007,000,000 s)
2025-04-25 15:15:01,286 INFO  - Received message from veh_46 (at simulation time 249.007,500,000 s)
2025-04-25 15:15:01,286 INFO  - Processing DEN message (at simulation time 249.007,500,000 s)
2025-04-25 15:15:01,286 INFO  - Route change already tried once. (at simulation time 249.007,500,000 s)
2025-04-25 15:15:01,286 INFO  - Received message from veh_51 (at simulation time 249.009,500,000 s)
2025-04-25 15:15:01,286 INFO  - Processing DEN message (at simulation time 249.009,500,000 s)
2025-04-25 15:15:01,286 INFO  - Route change already tried once. (at simulation time 249.009,500,000 s)
2025-04-25 15:15:01,303 INFO  - Received message from veh_56 (at simulation time 250.005,500,000 s)
2025-04-25 15:15:01,303 INFO  - Processing DEN message (at simulation time 250.005,500,000 s)
2025-04-25 15:15:01,303 INFO  - Route change already tried once. (at simulation time 250.005,500,000 s)
2025-04-25 15:15:01,304 INFO  - Received message from veh_46 (at simulation time 250.007,000,000 s)
2025-04-25 15:15:01,304 INFO  - Processing DEN message (at simulation time 250.007,000,000 s)
2025-04-25 15:15:01,304 INFO  - Route change already tried once. (at simulation time 250.007,000,000 s)
2025-04-25 15:15:01,304 INFO  - Received message from veh_51 (at simulation time 250.008,000,000 s)
2025-04-25 15:15:01,304 INFO  - Processing DEN message (at simulation time 250.008,000,000 s)
2025-04-25 15:15:01,304 INFO  - Route change already tried once. (at simulation time 250.008,000,000 s)
2025-04-25 15:15:01,309 INFO  - Received message from veh_46 (at simulation time 251.005,500,000 s)
2025-04-25 15:15:01,309 INFO  - Processing DEN message (at simulation time 251.005,500,000 s)
2025-04-25 15:15:01,309 INFO  - Route change already tried once. (at simulation time 251.005,500,000 s)
2025-04-25 15:15:01,310 INFO  - Received message from veh_56 (at simulation time 251.007,500,000 s)
2025-04-25 15:15:01,310 INFO  - Processing DEN message (at simulation time 251.007,500,000 s)
2025-04-25 15:15:01,310 INFO  - Route change already tried once. (at simulation time 251.007,500,000 s)
2025-04-25 15:15:01,310 INFO  - Received message from veh_51 (at simulation time 251.008,000,000 s)
2025-04-25 15:15:01,310 INFO  - Processing DEN message (at simulation time 251.008,000,000 s)
2025-04-25 15:15:01,310 INFO  - Route change already tried once. (at simulation time 251.008,000,000 s)
2025-04-25 15:15:01,316 INFO  - Received message from veh_56 (at simulation time 252.005,500,000 s)
2025-04-25 15:15:01,316 INFO  - Processing DEN message (at simulation time 252.005,500,000 s)
2025-04-25 15:15:01,316 INFO  - Route change already tried once. (at simulation time 252.005,500,000 s)
2025-04-25 15:15:01,316 INFO  - Received message from veh_51 (at simulation time 252.007,000,000 s)
2025-04-25 15:15:01,316 INFO  - Processing DEN message (at simulation time 252.007,000,000 s)
2025-04-25 15:15:01,316 INFO  - Route change already tried once. (at simulation time 252.007,000,000 s)
2025-04-25 15:15:01,317 INFO  - Received message from veh_46 (at simulation time 252.008,500,000 s)
2025-04-25 15:15:01,317 INFO  - Processing DEN message (at simulation time 252.008,500,000 s)
2025-04-25 15:15:01,317 INFO  - Route change already tried once. (at simulation time 252.008,500,000 s)
2025-04-25 15:15:01,322 INFO  - Received message from veh_56 (at simulation time 253.006,000,000 s)
2025-04-25 15:15:01,322 INFO  - Processing DEN message (at simulation time 253.006,000,000 s)
2025-04-25 15:15:01,322 INFO  - Route change already tried once. (at simulation time 253.006,000,000 s)
2025-04-25 15:15:01,322 INFO  - Received message from veh_46 (at simulation time 253.007,000,000 s)
2025-04-25 15:15:01,322 INFO  - Processing DEN message (at simulation time 253.007,000,000 s)
2025-04-25 15:15:01,322 INFO  - Route change already tried once. (at simulation time 253.007,000,000 s)
2025-04-25 15:15:01,323 INFO  - Received message from veh_51 (at simulation time 253.009,500,000 s)
2025-04-25 15:15:01,323 INFO  - Processing DEN message (at simulation time 253.009,500,000 s)
2025-04-25 15:15:01,323 INFO  - Route change already tried once. (at simulation time 253.009,500,000 s)
2025-04-25 15:15:01,327 INFO  - Received message from veh_86 (at simulation time 254.002,100,000 s)
2025-04-25 15:15:01,327 INFO  - Processing DEN message (at simulation time 254.002,100,000 s)
2025-04-25 15:15:01,327 INFO  - Route change already tried once. (at simulation time 254.002,100,000 s)
2025-04-25 15:15:01,328 INFO  - Received message from veh_51 (at simulation time 254.004,500,000 s)
2025-04-25 15:15:01,328 INFO  - Processing DEN message (at simulation time 254.004,500,000 s)
2025-04-25 15:15:01,328 INFO  - Route change already tried once. (at simulation time 254.004,500,000 s)
2025-04-25 15:15:01,329 INFO  - Received message from veh_56 (at simulation time 254.006,000,000 s)
2025-04-25 15:15:01,329 INFO  - Processing DEN message (at simulation time 254.006,000,000 s)
2025-04-25 15:15:01,329 INFO  - Route change already tried once. (at simulation time 254.006,000,000 s)
2025-04-25 15:15:01,329 INFO  - Received message from veh_46 (at simulation time 254.007,000,000 s)
2025-04-25 15:15:01,329 INFO  - Processing DEN message (at simulation time 254.007,000,000 s)
2025-04-25 15:15:01,329 INFO  - Route change already tried once. (at simulation time 254.007,000,000 s)
2025-04-25 15:15:01,344 INFO  - Received message from veh_56 (at simulation time 255.005,000,000 s)
2025-04-25 15:15:01,344 INFO  - Processing DEN message (at simulation time 255.005,000,000 s)
2025-04-25 15:15:01,344 INFO  - Route change already tried once. (at simulation time 255.005,000,000 s)
2025-04-25 15:15:01,345 INFO  - Received message from veh_86 (at simulation time 255.008,500,000 s)
2025-04-25 15:15:01,345 INFO  - Processing DEN message (at simulation time 255.008,500,000 s)
2025-04-25 15:15:01,345 INFO  - Route change already tried once. (at simulation time 255.008,500,000 s)
2025-04-25 15:15:01,345 INFO  - Received message from veh_46 (at simulation time 255.008,900,000 s)
2025-04-25 15:15:01,345 INFO  - Processing DEN message (at simulation time 255.008,900,000 s)
2025-04-25 15:15:01,345 INFO  - Route change already tried once. (at simulation time 255.008,900,000 s)
2025-04-25 15:15:01,345 INFO  - Received message from veh_51 (at simulation time 255.008,900,000 s)
2025-04-25 15:15:01,345 INFO  - Processing DEN message (at simulation time 255.008,900,000 s)
2025-04-25 15:15:01,345 INFO  - Route change already tried once. (at simulation time 255.008,900,000 s)
2025-04-25 15:15:01,350 INFO  - Received message from veh_86 (at simulation time 256.003,100,000 s)
2025-04-25 15:15:01,350 INFO  - Processing DEN message (at simulation time 256.003,100,000 s)
2025-04-25 15:15:01,350 INFO  - Route change already tried once. (at simulation time 256.003,100,000 s)
2025-04-25 15:15:01,351 INFO  - Received message from veh_56 (at simulation time 256.005,600,000 s)
2025-04-25 15:15:01,351 INFO  - Processing DEN message (at simulation time 256.005,600,000 s)
2025-04-25 15:15:01,351 INFO  - Route change already tried once. (at simulation time 256.005,600,000 s)
2025-04-25 15:15:01,352 INFO  - Received message from veh_51 (at simulation time 256.006,000,000 s)
2025-04-25 15:15:01,352 INFO  - Processing DEN message (at simulation time 256.006,000,000 s)
2025-04-25 15:15:01,352 INFO  - Route change already tried once. (at simulation time 256.006,000,000 s)
2025-04-25 15:15:01,352 INFO  - Received message from veh_46 (at simulation time 256.007,000,000 s)
2025-04-25 15:15:01,352 INFO  - Processing DEN message (at simulation time 256.007,000,000 s)
2025-04-25 15:15:01,352 INFO  - Route change already tried once. (at simulation time 256.007,000,000 s)
2025-04-25 15:15:01,358 INFO  - Received message from veh_56 (at simulation time 257.004,600,000 s)
2025-04-25 15:15:01,358 INFO  - Processing DEN message (at simulation time 257.004,600,000 s)
2025-04-25 15:15:01,358 INFO  - Route change already tried once. (at simulation time 257.004,600,000 s)
2025-04-25 15:15:01,359 INFO  - Received message from veh_51 (at simulation time 257.005,100,000 s)
2025-04-25 15:15:01,359 INFO  - Processing DEN message (at simulation time 257.005,100,000 s)
2025-04-25 15:15:01,359 INFO  - Route change already tried once. (at simulation time 257.005,100,000 s)
2025-04-25 15:15:01,359 INFO  - Received message from veh_86 (at simulation time 257.006,100,000 s)
2025-04-25 15:15:01,359 INFO  - Processing DEN message (at simulation time 257.006,100,000 s)
2025-04-25 15:15:01,359 INFO  - Route change already tried once. (at simulation time 257.006,100,000 s)
2025-04-25 15:15:01,359 INFO  - Received message from veh_16 (at simulation time 257.006,500,000 s)
2025-04-25 15:15:01,359 INFO  - Processing DEN message (at simulation time 257.006,500,000 s)
2025-04-25 15:15:01,359 INFO  - Route change already tried once. (at simulation time 257.006,500,000 s)
2025-04-25 15:15:01,359 INFO  - Received message from veh_46 (at simulation time 257.007,500,000 s)
2025-04-25 15:15:01,359 INFO  - Processing DEN message (at simulation time 257.007,500,000 s)
2025-04-25 15:15:01,359 INFO  - Route change already tried once. (at simulation time 257.007,500,000 s)
2025-04-25 15:15:03,075 INFO  - Shutdown application (at simulation time 648.000,000,000 s)
