2025-04-25 15:02:21,511 INFO  - Initialize application (at simulation time 168.000,000,000 s)
2025-04-25 15:02:21,512 INFO  - Activated AdHoc Module (at simulation time 168.000,000,000 s)
2025-04-25 15:02:21,537 INFO  - Received message from veh_16 (at simulation time 170.003,500,000 s)
2025-04-25 15:02:21,537 INFO  - Processing DEN message (at simulation time 170.003,500,000 s)
2025-04-25 15:02:21,537 INFO  - The event occurred on connection with id=311964536_1313885442_2879911873, which is part of vehicle's route with id=1 (at simulation time 170.003,500,000 s)
2025-04-25 15:02:21,539 INFO  - Sending Change Route Command at position: GeoPoint{lat=52.655683,lon=13.569067,alt=0.00} (at simulation time 170.003,500,000 s)
2025-04-25 15:02:21,546 INFO  - Received message from veh_16 (at simulation time 171.005,500,000 s)
2025-04-25 15:02:21,546 INFO  - Processing DEN message (at simulation time 171.005,500,000 s)
2025-04-25 15:02:21,546 INFO  - Route change already tried once. (at simulation time 171.005,500,000 s)
2025-04-25 15:02:21,554 INFO  - Received message from veh_16 (at simulation time 172.004,000,000 s)
2025-04-25 15:02:21,554 INFO  - Processing DEN message (at simulation time 172.004,000,000 s)
2025-04-25 15:02:21,554 INFO  - Route change already tried once. (at simulation time 172.004,000,000 s)
2025-04-25 15:02:21,560 INFO  - Received message from veh_16 (at simulation time 173.007,000,000 s)
2025-04-25 15:02:21,560 INFO  - Processing DEN message (at simulation time 173.007,000,000 s)
2025-04-25 15:02:21,560 INFO  - Route change already tried once. (at simulation time 173.007,000,000 s)
2025-04-25 15:02:21,560 INFO  - Received message from veh_11 (at simulation time 173.009,000,000 s)
2025-04-25 15:02:21,560 INFO  - Processing DEN message (at simulation time 173.009,000,000 s)
2025-04-25 15:02:21,560 INFO  - Route change already tried once. (at simulation time 173.009,000,000 s)
2025-04-25 15:02:21,567 INFO  - Received message from veh_46 (at simulation time 174.004,600,000 s)
2025-04-25 15:02:21,567 INFO  - Processing DEN message (at simulation time 174.004,600,000 s)
2025-04-25 15:02:21,567 INFO  - Route change already tried once. (at simulation time 174.004,600,000 s)
2025-04-25 15:02:21,567 INFO  - Received message from veh_16 (at simulation time 174.008,500,000 s)
2025-04-25 15:02:21,567 INFO  - Processing DEN message (at simulation time 174.008,500,000 s)
2025-04-25 15:02:21,567 INFO  - Route change already tried once. (at simulation time 174.008,500,000 s)
2025-04-25 15:02:21,567 INFO  - Received message from veh_11 (at simulation time 174.011,500,000 s)
2025-04-25 15:02:21,567 INFO  - Processing DEN message (at simulation time 174.011,500,000 s)
2025-04-25 15:02:21,567 INFO  - Route change already tried once. (at simulation time 174.011,500,000 s)
2025-04-25 15:02:22,284 INFO  - Received message from veh_56 (at simulation time 242.001,300,000 s)
2025-04-25 15:02:22,284 INFO  - Processing DEN message (at simulation time 242.001,300,000 s)
2025-04-25 15:02:22,284 INFO  - Route change already tried once. (at simulation time 242.001,300,000 s)
2025-04-25 15:02:22,292 INFO  - Received message from veh_16 (at simulation time 242.004,200,000 s)
2025-04-25 15:02:22,292 INFO  - Processing DEN message (at simulation time 242.004,200,000 s)
2025-04-25 15:02:22,292 INFO  - Route change already tried once. (at simulation time 242.004,200,000 s)
2025-04-25 15:02:22,292 INFO  - Received message from veh_46 (at simulation time 242.004,200,000 s)
2025-04-25 15:02:22,292 INFO  - Processing DEN message (at simulation time 242.004,200,000 s)
2025-04-25 15:02:22,292 INFO  - Route change already tried once. (at simulation time 242.004,200,000 s)
2025-04-25 15:02:22,292 INFO  - Received message from veh_51 (at simulation time 242.004,200,000 s)
2025-04-25 15:02:22,292 INFO  - Processing DEN message (at simulation time 242.004,200,000 s)
2025-04-25 15:02:22,292 INFO  - Route change already tried once. (at simulation time 242.004,200,000 s)
2025-04-25 15:02:22,295 INFO  - Received message from veh_6 (at simulation time 242.005,100,000 s)
2025-04-25 15:02:22,295 INFO  - Processing DEN message (at simulation time 242.005,100,000 s)
2025-04-25 15:02:22,295 INFO  - Route change already tried once. (at simulation time 242.005,100,000 s)
2025-04-25 15:02:22,295 INFO  - Received message from veh_1 (at simulation time 242.006,100,000 s)
2025-04-25 15:02:22,295 INFO  - Processing DEN message (at simulation time 242.006,100,000 s)
2025-04-25 15:02:22,295 INFO  - Route change already tried once. (at simulation time 242.006,100,000 s)
2025-04-25 15:02:22,295 INFO  - Received message from veh_11 (at simulation time 242.006,200,000 s)
2025-04-25 15:02:22,295 INFO  - Processing DEN message (at simulation time 242.006,200,000 s)
2025-04-25 15:02:22,295 INFO  - Route change already tried once. (at simulation time 242.006,200,000 s)
2025-04-25 15:02:22,303 INFO  - Received message from veh_51 (at simulation time 243.002,700,000 s)
2025-04-25 15:02:22,303 INFO  - Processing DEN message (at simulation time 243.002,700,000 s)
2025-04-25 15:02:22,303 INFO  - Route change already tried once. (at simulation time 243.002,700,000 s)
2025-04-25 15:02:22,303 INFO  - Received message from veh_56 (at simulation time 243.003,300,000 s)
2025-04-25 15:02:22,303 INFO  - Processing DEN message (at simulation time 243.003,300,000 s)
2025-04-25 15:02:22,303 INFO  - Route change already tried once. (at simulation time 243.003,300,000 s)
2025-04-25 15:02:22,303 INFO  - Received message from veh_11 (at simulation time 243.003,700,000 s)
2025-04-25 15:02:22,303 INFO  - Processing DEN message (at simulation time 243.003,700,000 s)
2025-04-25 15:02:22,303 INFO  - Route change already tried once. (at simulation time 243.003,700,000 s)
2025-04-25 15:02:22,303 INFO  - Received message from veh_16 (at simulation time 243.003,700,000 s)
2025-04-25 15:02:22,303 INFO  - Processing DEN message (at simulation time 243.003,700,000 s)
2025-04-25 15:02:22,303 INFO  - Route change already tried once. (at simulation time 243.003,700,000 s)
2025-04-25 15:02:22,303 INFO  - Received message from veh_46 (at simulation time 243.004,200,000 s)
2025-04-25 15:02:22,303 INFO  - Processing DEN message (at simulation time 243.004,200,000 s)
2025-04-25 15:02:22,303 INFO  - Route change already tried once. (at simulation time 243.004,200,000 s)
2025-04-25 15:02:22,304 INFO  - Received message from veh_1 (at simulation time 243.006,100,000 s)
2025-04-25 15:02:22,304 INFO  - Processing DEN message (at simulation time 243.006,100,000 s)
2025-04-25 15:02:22,304 INFO  - Route change already tried once. (at simulation time 243.006,100,000 s)
2025-04-25 15:02:22,304 INFO  - Received message from veh_6 (at simulation time 243.006,100,000 s)
2025-04-25 15:02:22,304 INFO  - Processing DEN message (at simulation time 243.006,100,000 s)
2025-04-25 15:02:22,304 INFO  - Route change already tried once. (at simulation time 243.006,100,000 s)
2025-04-25 15:02:22,312 INFO  - Received message from veh_56 (at simulation time 244.001,800,000 s)
2025-04-25 15:02:22,312 INFO  - Processing DEN message (at simulation time 244.001,800,000 s)
2025-04-25 15:02:22,312 INFO  - Route change already tried once. (at simulation time 244.001,800,000 s)
2025-04-25 15:02:22,312 INFO  - Received message from veh_16 (at simulation time 244.002,700,000 s)
2025-04-25 15:02:22,312 INFO  - Processing DEN message (at simulation time 244.002,700,000 s)
2025-04-25 15:02:22,312 INFO  - Route change already tried once. (at simulation time 244.002,700,000 s)
2025-04-25 15:02:22,312 INFO  - Received message from veh_51 (at simulation time 244.002,700,000 s)
2025-04-25 15:02:22,312 INFO  - Processing DEN message (at simulation time 244.002,700,000 s)
2025-04-25 15:02:22,312 INFO  - Route change already tried once. (at simulation time 244.002,700,000 s)
2025-04-25 15:02:22,312 INFO  - Received message from veh_11 (at simulation time 244.003,700,000 s)
2025-04-25 15:02:22,312 INFO  - Processing DEN message (at simulation time 244.003,700,000 s)
2025-04-25 15:02:22,312 INFO  - Route change already tried once. (at simulation time 244.003,700,000 s)
2025-04-25 15:02:22,312 INFO  - Received message from veh_46 (at simulation time 244.003,700,000 s)
2025-04-25 15:02:22,312 INFO  - Processing DEN message (at simulation time 244.003,700,000 s)
2025-04-25 15:02:22,312 INFO  - Route change already tried once. (at simulation time 244.003,700,000 s)
2025-04-25 15:02:22,313 INFO  - Received message from veh_1 (at simulation time 244.005,600,000 s)
2025-04-25 15:02:22,313 INFO  - Processing DEN message (at simulation time 244.005,600,000 s)
2025-04-25 15:02:22,313 INFO  - Route change already tried once. (at simulation time 244.005,600,000 s)
2025-04-25 15:02:22,313 INFO  - Received message from veh_6 (at simulation time 244.006,600,000 s)
2025-04-25 15:02:22,313 INFO  - Processing DEN message (at simulation time 244.006,600,000 s)
2025-04-25 15:02:22,313 INFO  - Route change already tried once. (at simulation time 244.006,600,000 s)
2025-04-25 15:02:22,327 INFO  - Received message from veh_16 (at simulation time 245.003,700,000 s)
2025-04-25 15:02:22,327 INFO  - Processing DEN message (at simulation time 245.003,700,000 s)
2025-04-25 15:02:22,327 INFO  - Route change already tried once. (at simulation time 245.003,700,000 s)
2025-04-25 15:02:22,327 INFO  - Received message from veh_51 (at simulation time 245.004,300,000 s)
2025-04-25 15:02:22,327 INFO  - Processing DEN message (at simulation time 245.004,300,000 s)
2025-04-25 15:02:22,327 INFO  - Route change already tried once. (at simulation time 245.004,300,000 s)
2025-04-25 15:02:22,327 INFO  - Received message from veh_56 (at simulation time 245.004,800,000 s)
2025-04-25 15:02:22,327 INFO  - Processing DEN message (at simulation time 245.004,800,000 s)
2025-04-25 15:02:22,327 INFO  - Route change already tried once. (at simulation time 245.004,800,000 s)
2025-04-25 15:02:22,327 INFO  - Received message from veh_1 (at simulation time 245.005,100,000 s)
2025-04-25 15:02:22,327 INFO  - Processing DEN message (at simulation time 245.005,100,000 s)
2025-04-25 15:02:22,327 INFO  - Route change already tried once. (at simulation time 245.005,100,000 s)
2025-04-25 15:02:22,327 INFO  - Received message from veh_11 (at simulation time 245.005,200,000 s)
2025-04-25 15:02:22,327 INFO  - Processing DEN message (at simulation time 245.005,200,000 s)
2025-04-25 15:02:22,327 INFO  - Route change already tried once. (at simulation time 245.005,200,000 s)
2025-04-25 15:02:22,327 INFO  - Received message from veh_6 (at simulation time 245.005,700,000 s)
2025-04-25 15:02:22,327 INFO  - Processing DEN message (at simulation time 245.005,700,000 s)
2025-04-25 15:02:22,327 INFO  - Route change already tried once. (at simulation time 245.005,700,000 s)
2025-04-25 15:02:22,327 INFO  - Received message from veh_46 (at simulation time 245.006,700,000 s)
2025-04-25 15:02:22,327 INFO  - Processing DEN message (at simulation time 245.006,700,000 s)
2025-04-25 15:02:22,327 INFO  - Route change already tried once. (at simulation time 245.006,700,000 s)
2025-04-25 15:02:22,332 INFO  - Received message from veh_56 (at simulation time 246.002,300,000 s)
2025-04-25 15:02:22,332 INFO  - Processing DEN message (at simulation time 246.002,300,000 s)
2025-04-25 15:02:22,332 INFO  - Route change already tried once. (at simulation time 246.002,300,000 s)
2025-04-25 15:02:22,333 INFO  - Received message from veh_11 (at simulation time 246.002,700,000 s)
2025-04-25 15:02:22,333 INFO  - Processing DEN message (at simulation time 246.002,700,000 s)
2025-04-25 15:02:22,333 INFO  - Route change already tried once. (at simulation time 246.002,700,000 s)
2025-04-25 15:02:22,333 INFO  - Received message from veh_1 (at simulation time 246.004,100,000 s)
2025-04-25 15:02:22,333 INFO  - Processing DEN message (at simulation time 246.004,100,000 s)
2025-04-25 15:02:22,333 INFO  - Route change already tried once. (at simulation time 246.004,100,000 s)
2025-04-25 15:02:22,333 INFO  - Received message from veh_51 (at simulation time 246.004,300,000 s)
2025-04-25 15:02:22,333 INFO  - Processing DEN message (at simulation time 246.004,300,000 s)
2025-04-25 15:02:22,333 INFO  - Route change already tried once. (at simulation time 246.004,300,000 s)
2025-04-25 15:02:22,333 INFO  - Received message from veh_16 (at simulation time 246.005,700,000 s)
2025-04-25 15:02:22,333 INFO  - Processing DEN message (at simulation time 246.005,700,000 s)
2025-04-25 15:02:22,333 INFO  - Route change already tried once. (at simulation time 246.005,700,000 s)
2025-04-25 15:02:22,333 INFO  - Received message from veh_46 (at simulation time 246.005,700,000 s)
2025-04-25 15:02:22,333 INFO  - Processing DEN message (at simulation time 246.005,700,000 s)
2025-04-25 15:02:22,333 INFO  - Route change already tried once. (at simulation time 246.005,700,000 s)
2025-04-25 15:02:22,334 INFO  - Received message from veh_6 (at simulation time 246.007,200,000 s)
2025-04-25 15:02:22,334 INFO  - Processing DEN message (at simulation time 246.007,200,000 s)
2025-04-25 15:02:22,334 INFO  - Route change already tried once. (at simulation time 246.007,200,000 s)
2025-04-25 15:02:22,339 INFO  - Received message from veh_56 (at simulation time 247.004,200,000 s)
2025-04-25 15:02:22,339 INFO  - Processing DEN message (at simulation time 247.004,200,000 s)
2025-04-25 15:02:22,339 INFO  - Route change already tried once. (at simulation time 247.004,200,000 s)
2025-04-25 15:02:22,339 INFO  - Received message from veh_46 (at simulation time 247.005,700,000 s)
2025-04-25 15:02:22,339 INFO  - Processing DEN message (at simulation time 247.005,700,000 s)
2025-04-25 15:02:22,339 INFO  - Route change already tried once. (at simulation time 247.005,700,000 s)
2025-04-25 15:02:22,339 INFO  - Received message from veh_51 (at simulation time 247.005,700,000 s)
2025-04-25 15:02:22,339 INFO  - Processing DEN message (at simulation time 247.005,700,000 s)
2025-04-25 15:02:22,339 INFO  - Route change already tried once. (at simulation time 247.005,700,000 s)
2025-04-25 15:02:22,339 INFO  - Received message from veh_11 (at simulation time 247.006,100,000 s)
2025-04-25 15:02:22,339 INFO  - Processing DEN message (at simulation time 247.006,100,000 s)
2025-04-25 15:02:22,339 INFO  - Route change already tried once. (at simulation time 247.006,100,000 s)
2025-04-25 15:02:22,339 INFO  - Received message from veh_1 (at simulation time 247.006,600,000 s)
2025-04-25 15:02:22,339 INFO  - Processing DEN message (at simulation time 247.006,600,000 s)
2025-04-25 15:02:22,339 INFO  - Route change already tried once. (at simulation time 247.006,600,000 s)
2025-04-25 15:02:22,340 INFO  - Received message from veh_6 (at simulation time 247.007,100,000 s)
2025-04-25 15:02:22,340 INFO  - Processing DEN message (at simulation time 247.007,100,000 s)
2025-04-25 15:02:22,340 INFO  - Route change already tried once. (at simulation time 247.007,100,000 s)
2025-04-25 15:02:22,340 INFO  - Received message from veh_16 (at simulation time 247.007,100,000 s)
2025-04-25 15:02:22,340 INFO  - Processing DEN message (at simulation time 247.007,100,000 s)
2025-04-25 15:02:22,340 INFO  - Route change already tried once. (at simulation time 247.007,100,000 s)
2025-04-25 15:02:22,344 INFO  - Received message from veh_1 (at simulation time 248.003,100,000 s)
2025-04-25 15:02:22,344 INFO  - Processing DEN message (at simulation time 248.003,100,000 s)
2025-04-25 15:02:22,344 INFO  - Route change already tried once. (at simulation time 248.003,100,000 s)
2025-04-25 15:02:22,344 INFO  - Received message from veh_46 (at simulation time 248.003,200,000 s)
2025-04-25 15:02:22,344 INFO  - Processing DEN message (at simulation time 248.003,200,000 s)
2025-04-25 15:02:22,344 INFO  - Route change already tried once. (at simulation time 248.003,200,000 s)
2025-04-25 15:02:22,345 INFO  - Received message from veh_16 (at simulation time 248.004,600,000 s)
2025-04-25 15:02:22,345 INFO  - Processing DEN message (at simulation time 248.004,600,000 s)
2025-04-25 15:02:22,345 INFO  - Route change already tried once. (at simulation time 248.004,600,000 s)
2025-04-25 15:02:22,345 INFO  - Received message from veh_51 (at simulation time 248.004,700,000 s)
2025-04-25 15:02:22,345 INFO  - Processing DEN message (at simulation time 248.004,700,000 s)
2025-04-25 15:02:22,345 INFO  - Route change already tried once. (at simulation time 248.004,700,000 s)
2025-04-25 15:02:22,345 INFO  - Received message from veh_56 (at simulation time 248.006,700,000 s)
2025-04-25 15:02:22,345 INFO  - Processing DEN message (at simulation time 248.006,700,000 s)
2025-04-25 15:02:22,345 INFO  - Route change already tried once. (at simulation time 248.006,700,000 s)
2025-04-25 15:02:22,345 INFO  - Received message from veh_6 (at simulation time 248.007,100,000 s)
2025-04-25 15:02:22,345 INFO  - Processing DEN message (at simulation time 248.007,100,000 s)
2025-04-25 15:02:22,345 INFO  - Route change already tried once. (at simulation time 248.007,100,000 s)
2025-04-25 15:02:22,345 INFO  - Received message from veh_11 (at simulation time 248.007,100,000 s)
2025-04-25 15:02:22,345 INFO  - Processing DEN message (at simulation time 248.007,100,000 s)
2025-04-25 15:02:22,345 INFO  - Route change already tried once. (at simulation time 248.007,100,000 s)
2025-04-25 15:02:22,349 INFO  - Received message from veh_11 (at simulation time 249.003,600,000 s)
2025-04-25 15:02:22,349 INFO  - Processing DEN message (at simulation time 249.003,600,000 s)
2025-04-25 15:02:22,349 INFO  - Route change already tried once. (at simulation time 249.003,600,000 s)
2025-04-25 15:02:22,350 INFO  - Received message from veh_46 (at simulation time 249.004,200,000 s)
2025-04-25 15:02:22,350 INFO  - Processing DEN message (at simulation time 249.004,200,000 s)
2025-04-25 15:02:22,350 INFO  - Route change already tried once. (at simulation time 249.004,200,000 s)
2025-04-25 15:02:22,350 INFO  - Received message from veh_1 (at simulation time 249.004,600,000 s)
2025-04-25 15:02:22,350 INFO  - Processing DEN message (at simulation time 249.004,600,000 s)
2025-04-25 15:02:22,350 INFO  - Route change already tried once. (at simulation time 249.004,600,000 s)
2025-04-25 15:02:22,350 INFO  - Received message from veh_56 (at simulation time 249.004,700,000 s)
2025-04-25 15:02:22,350 INFO  - Processing DEN message (at simulation time 249.004,700,000 s)
2025-04-25 15:02:22,350 INFO  - Route change already tried once. (at simulation time 249.004,700,000 s)
2025-04-25 15:02:22,350 INFO  - Received message from veh_51 (at simulation time 249.006,200,000 s)
2025-04-25 15:02:22,350 INFO  - Processing DEN message (at simulation time 249.006,200,000 s)
2025-04-25 15:02:22,350 INFO  - Route change already tried once. (at simulation time 249.006,200,000 s)
2025-04-25 15:02:22,350 INFO  - Received message from veh_6 (at simulation time 249.006,600,000 s)
2025-04-25 15:02:22,350 INFO  - Processing DEN message (at simulation time 249.006,600,000 s)
2025-04-25 15:02:22,350 INFO  - Route change already tried once. (at simulation time 249.006,600,000 s)
2025-04-25 15:02:22,350 INFO  - Received message from veh_16 (at simulation time 249.007,100,000 s)
2025-04-25 15:02:22,350 INFO  - Processing DEN message (at simulation time 249.007,100,000 s)
2025-04-25 15:02:22,350 INFO  - Route change already tried once. (at simulation time 249.007,100,000 s)
2025-04-25 15:02:22,367 INFO  - Received message from veh_56 (at simulation time 250.002,700,000 s)
2025-04-25 15:02:22,367 INFO  - Processing DEN message (at simulation time 250.002,700,000 s)
2025-04-25 15:02:22,367 INFO  - Route change already tried once. (at simulation time 250.002,700,000 s)
2025-04-25 15:02:22,367 INFO  - Received message from veh_16 (at simulation time 250.003,600,000 s)
2025-04-25 15:02:22,367 INFO  - Processing DEN message (at simulation time 250.003,600,000 s)
2025-04-25 15:02:22,367 INFO  - Route change already tried once. (at simulation time 250.003,600,000 s)
2025-04-25 15:02:22,367 INFO  - Received message from veh_46 (at simulation time 250.004,700,000 s)
2025-04-25 15:02:22,367 INFO  - Processing DEN message (at simulation time 250.004,700,000 s)
2025-04-25 15:02:22,367 INFO  - Route change already tried once. (at simulation time 250.004,700,000 s)
2025-04-25 15:02:22,368 INFO  - Received message from veh_6 (at simulation time 250.005,600,000 s)
2025-04-25 15:02:22,368 INFO  - Processing DEN message (at simulation time 250.005,600,000 s)
2025-04-25 15:02:22,368 INFO  - Route change already tried once. (at simulation time 250.005,600,000 s)
2025-04-25 15:02:22,368 INFO  - Received message from veh_51 (at simulation time 250.006,200,000 s)
2025-04-25 15:02:22,368 INFO  - Processing DEN message (at simulation time 250.006,200,000 s)
2025-04-25 15:02:22,368 INFO  - Route change already tried once. (at simulation time 250.006,200,000 s)
2025-04-25 15:02:22,368 INFO  - Received message from veh_1 (at simulation time 250.006,600,000 s)
2025-04-25 15:02:22,368 INFO  - Processing DEN message (at simulation time 250.006,600,000 s)
2025-04-25 15:02:22,368 INFO  - Route change already tried once. (at simulation time 250.006,600,000 s)
2025-04-25 15:02:22,368 INFO  - Received message from veh_11 (at simulation time 250.007,100,000 s)
2025-04-25 15:02:22,368 INFO  - Processing DEN message (at simulation time 250.007,100,000 s)
2025-04-25 15:02:22,368 INFO  - Route change already tried once. (at simulation time 250.007,100,000 s)
2025-04-25 15:02:22,373 INFO  - Received message from veh_51 (at simulation time 251.002,700,000 s)
2025-04-25 15:02:22,373 INFO  - Processing DEN message (at simulation time 251.002,700,000 s)
2025-04-25 15:02:22,373 INFO  - Route change already tried once. (at simulation time 251.002,700,000 s)
2025-04-25 15:02:22,373 INFO  - Received message from veh_56 (at simulation time 251.002,700,000 s)
2025-04-25 15:02:22,373 INFO  - Processing DEN message (at simulation time 251.002,700,000 s)
2025-04-25 15:02:22,373 INFO  - Route change already tried once. (at simulation time 251.002,700,000 s)
2025-04-25 15:02:22,373 INFO  - Received message from veh_11 (at simulation time 251.004,600,000 s)
2025-04-25 15:02:22,373 INFO  - Processing DEN message (at simulation time 251.004,600,000 s)
2025-04-25 15:02:22,373 INFO  - Route change already tried once. (at simulation time 251.004,600,000 s)
2025-04-25 15:02:22,374 INFO  - Received message from veh_16 (at simulation time 251.005,100,000 s)
2025-04-25 15:02:22,374 INFO  - Processing DEN message (at simulation time 251.005,100,000 s)
2025-04-25 15:02:22,374 INFO  - Route change already tried once. (at simulation time 251.005,100,000 s)
2025-04-25 15:02:22,374 INFO  - Received message from veh_6 (at simulation time 251.005,600,000 s)
2025-04-25 15:02:22,374 INFO  - Processing DEN message (at simulation time 251.005,600,000 s)
2025-04-25 15:02:22,374 INFO  - Route change already tried once. (at simulation time 251.005,600,000 s)
2025-04-25 15:02:22,374 INFO  - Received message from veh_46 (at simulation time 251.005,700,000 s)
2025-04-25 15:02:22,374 INFO  - Processing DEN message (at simulation time 251.005,700,000 s)
2025-04-25 15:02:22,374 INFO  - Route change already tried once. (at simulation time 251.005,700,000 s)
2025-04-25 15:02:22,374 INFO  - Received message from veh_1 (at simulation time 251.007,100,000 s)
2025-04-25 15:02:22,374 INFO  - Processing DEN message (at simulation time 251.007,100,000 s)
2025-04-25 15:02:22,374 INFO  - Route change already tried once. (at simulation time 251.007,100,000 s)
2025-04-25 15:02:22,380 INFO  - Received message from veh_1 (at simulation time 252.003,600,000 s)
2025-04-25 15:02:22,380 INFO  - Processing DEN message (at simulation time 252.003,600,000 s)
2025-04-25 15:02:22,380 INFO  - Route change already tried once. (at simulation time 252.003,600,000 s)
2025-04-25 15:02:22,380 INFO  - Received message from veh_51 (at simulation time 252.003,700,000 s)
2025-04-25 15:02:22,380 INFO  - Processing DEN message (at simulation time 252.003,700,000 s)
2025-04-25 15:02:22,380 INFO  - Route change already tried once. (at simulation time 252.003,700,000 s)
2025-04-25 15:02:22,380 INFO  - Received message from veh_56 (at simulation time 252.003,700,000 s)
2025-04-25 15:02:22,380 INFO  - Processing DEN message (at simulation time 252.003,700,000 s)
2025-04-25 15:02:22,380 INFO  - Route change already tried once. (at simulation time 252.003,700,000 s)
2025-04-25 15:02:22,380 INFO  - Received message from veh_46 (at simulation time 252.004,200,000 s)
2025-04-25 15:02:22,380 INFO  - Processing DEN message (at simulation time 252.004,200,000 s)
2025-04-25 15:02:22,380 INFO  - Route change already tried once. (at simulation time 252.004,200,000 s)
2025-04-25 15:02:22,380 INFO  - Received message from veh_11 (at simulation time 252.004,600,000 s)
2025-04-25 15:02:22,380 INFO  - Processing DEN message (at simulation time 252.004,600,000 s)
2025-04-25 15:02:22,380 INFO  - Route change already tried once. (at simulation time 252.004,600,000 s)
2025-04-25 15:02:22,381 INFO  - Received message from veh_16 (at simulation time 252.005,600,000 s)
2025-04-25 15:02:22,381 INFO  - Processing DEN message (at simulation time 252.005,600,000 s)
2025-04-25 15:02:22,381 INFO  - Route change already tried once. (at simulation time 252.005,600,000 s)
2025-04-25 15:02:22,381 INFO  - Received message from veh_6 (at simulation time 252.006,600,000 s)
2025-04-25 15:02:22,381 INFO  - Processing DEN message (at simulation time 252.006,600,000 s)
2025-04-25 15:02:22,381 INFO  - Route change already tried once. (at simulation time 252.006,600,000 s)
2025-04-25 15:02:22,386 INFO  - Received message from veh_51 (at simulation time 253.002,700,000 s)
2025-04-25 15:02:22,386 INFO  - Processing DEN message (at simulation time 253.002,700,000 s)
2025-04-25 15:02:22,386 INFO  - Route change already tried once. (at simulation time 253.002,700,000 s)
2025-04-25 15:02:22,386 INFO  - Received message from veh_1 (at simulation time 253.004,100,000 s)
2025-04-25 15:02:22,386 INFO  - Processing DEN message (at simulation time 253.004,100,000 s)
2025-04-25 15:02:22,386 INFO  - Route change already tried once. (at simulation time 253.004,100,000 s)
2025-04-25 15:02:22,386 INFO  - Received message from veh_56 (at simulation time 253.004,200,000 s)
2025-04-25 15:02:22,386 INFO  - Processing DEN message (at simulation time 253.004,200,000 s)
2025-04-25 15:02:22,386 INFO  - Route change already tried once. (at simulation time 253.004,200,000 s)
2025-04-25 15:02:22,386 INFO  - Received message from veh_11 (at simulation time 253.004,600,000 s)
2025-04-25 15:02:22,386 INFO  - Processing DEN message (at simulation time 253.004,600,000 s)
2025-04-25 15:02:22,386 INFO  - Route change already tried once. (at simulation time 253.004,600,000 s)
2025-04-25 15:02:22,386 INFO  - Received message from veh_46 (at simulation time 253.005,700,000 s)
2025-04-25 15:02:22,386 INFO  - Processing DEN message (at simulation time 253.005,700,000 s)
2025-04-25 15:02:22,386 INFO  - Route change already tried once. (at simulation time 253.005,700,000 s)
2025-04-25 15:02:22,387 INFO  - Received message from veh_16 (at simulation time 253.006,100,000 s)
2025-04-25 15:02:22,387 INFO  - Processing DEN message (at simulation time 253.006,100,000 s)
2025-04-25 15:02:22,387 INFO  - Route change already tried once. (at simulation time 253.006,100,000 s)
2025-04-25 15:02:22,387 INFO  - Received message from veh_6 (at simulation time 253.007,100,000 s)
2025-04-25 15:02:22,387 INFO  - Processing DEN message (at simulation time 253.007,100,000 s)
2025-04-25 15:02:22,387 INFO  - Route change already tried once. (at simulation time 253.007,100,000 s)
2025-04-25 15:02:22,392 INFO  - Received message from veh_51 (at simulation time 254.002,200,000 s)
2025-04-25 15:02:22,392 INFO  - Processing DEN message (at simulation time 254.002,200,000 s)
2025-04-25 15:02:22,392 INFO  - Route change already tried once. (at simulation time 254.002,200,000 s)
2025-04-25 15:02:22,392 INFO  - Received message from veh_56 (at simulation time 254.002,800,000 s)
2025-04-25 15:02:22,392 INFO  - Processing DEN message (at simulation time 254.002,800,000 s)
2025-04-25 15:02:22,392 INFO  - Route change already tried once. (at simulation time 254.002,800,000 s)
2025-04-25 15:02:22,393 INFO  - Received message from veh_46 (at simulation time 254.003,700,000 s)
2025-04-25 15:02:22,393 INFO  - Processing DEN message (at simulation time 254.003,700,000 s)
2025-04-25 15:02:22,393 INFO  - Route change already tried once. (at simulation time 254.003,700,000 s)
2025-04-25 15:02:22,393 INFO  - Received message from veh_16 (at simulation time 254.004,200,000 s)
2025-04-25 15:02:22,393 INFO  - Processing DEN message (at simulation time 254.004,200,000 s)
2025-04-25 15:02:22,393 INFO  - Route change already tried once. (at simulation time 254.004,200,000 s)
2025-04-25 15:02:22,393 INFO  - Received message from veh_86 (at simulation time 254.004,300,000 s)
2025-04-25 15:02:22,393 INFO  - Processing DEN message (at simulation time 254.004,300,000 s)
2025-04-25 15:02:22,393 INFO  - Route change already tried once. (at simulation time 254.004,300,000 s)
2025-04-25 15:02:22,393 INFO  - Received message from veh_11 (at simulation time 254.005,700,000 s)
2025-04-25 15:02:22,393 INFO  - Processing DEN message (at simulation time 254.005,700,000 s)
2025-04-25 15:02:22,393 INFO  - Route change already tried once. (at simulation time 254.005,700,000 s)
2025-04-25 15:02:22,393 INFO  - Received message from veh_6 (at simulation time 254.006,100,000 s)
2025-04-25 15:02:22,393 INFO  - Processing DEN message (at simulation time 254.006,100,000 s)
2025-04-25 15:02:22,393 INFO  - Route change already tried once. (at simulation time 254.006,100,000 s)
2025-04-25 15:02:22,394 INFO  - Received message from veh_1 (at simulation time 254.008,100,000 s)
2025-04-25 15:02:22,394 INFO  - Processing DEN message (at simulation time 254.008,100,000 s)
2025-04-25 15:02:22,394 INFO  - Route change already tried once. (at simulation time 254.008,100,000 s)
2025-04-25 15:02:22,409 INFO  - Received message from veh_56 (at simulation time 255.001,300,000 s)
2025-04-25 15:02:22,409 INFO  - Processing DEN message (at simulation time 255.001,300,000 s)
2025-04-25 15:02:22,409 INFO  - Route change already tried once. (at simulation time 255.001,300,000 s)
2025-04-25 15:02:22,410 INFO  - Received message from veh_1 (at simulation time 255.004,100,000 s)
2025-04-25 15:02:22,410 INFO  - Processing DEN message (at simulation time 255.004,100,000 s)
2025-04-25 15:02:22,410 INFO  - Route change already tried once. (at simulation time 255.004,100,000 s)
2025-04-25 15:02:22,410 INFO  - Received message from veh_11 (at simulation time 255.004,200,000 s)
2025-04-25 15:02:22,410 INFO  - Processing DEN message (at simulation time 255.004,200,000 s)
2025-04-25 15:02:22,410 INFO  - Route change already tried once. (at simulation time 255.004,200,000 s)
2025-04-25 15:02:22,410 INFO  - Received message from veh_86 (at simulation time 255.004,300,000 s)
2025-04-25 15:02:22,410 INFO  - Processing DEN message (at simulation time 255.004,300,000 s)
2025-04-25 15:02:22,410 INFO  - Route change already tried once. (at simulation time 255.004,300,000 s)
2025-04-25 15:02:22,410 INFO  - Received message from veh_16 (at simulation time 255.004,700,000 s)
2025-04-25 15:02:22,410 INFO  - Processing DEN message (at simulation time 255.004,700,000 s)
2025-04-25 15:02:22,410 INFO  - Route change already tried once. (at simulation time 255.004,700,000 s)
2025-04-25 15:02:22,410 INFO  - Received message from veh_46 (at simulation time 255.005,200,000 s)
2025-04-25 15:02:22,410 INFO  - Processing DEN message (at simulation time 255.005,200,000 s)
2025-04-25 15:02:22,410 INFO  - Route change already tried once. (at simulation time 255.005,200,000 s)
2025-04-25 15:02:22,410 INFO  - Received message from veh_51 (at simulation time 255.005,200,000 s)
2025-04-25 15:02:22,410 INFO  - Processing DEN message (at simulation time 255.005,200,000 s)
2025-04-25 15:02:22,410 INFO  - Route change already tried once. (at simulation time 255.005,200,000 s)
2025-04-25 15:02:22,411 INFO  - Received message from veh_6 (at simulation time 255.008,100,000 s)
2025-04-25 15:02:22,411 INFO  - Processing DEN message (at simulation time 255.008,100,000 s)
2025-04-25 15:02:22,411 INFO  - Route change already tried once. (at simulation time 255.008,100,000 s)
2025-04-25 15:02:22,416 INFO  - Received message from veh_56 (at simulation time 256.001,300,000 s)
2025-04-25 15:02:22,416 INFO  - Processing DEN message (at simulation time 256.001,300,000 s)
2025-04-25 15:02:22,416 INFO  - Route change already tried once. (at simulation time 256.001,300,000 s)
2025-04-25 15:02:22,416 INFO  - Received message from veh_86 (at simulation time 256.001,800,000 s)
2025-04-25 15:02:22,416 INFO  - Processing DEN message (at simulation time 256.001,800,000 s)
2025-04-25 15:02:22,416 INFO  - Route change already tried once. (at simulation time 256.001,800,000 s)
2025-04-25 15:02:22,417 INFO  - Received message from veh_46 (at simulation time 256.003,700,000 s)
2025-04-25 15:02:22,417 INFO  - Processing DEN message (at simulation time 256.003,700,000 s)
2025-04-25 15:02:22,417 INFO  - Route change already tried once. (at simulation time 256.003,700,000 s)
2025-04-25 15:02:22,417 INFO  - Received message from veh_51 (at simulation time 256.003,700,000 s)
2025-04-25 15:02:22,417 INFO  - Processing DEN message (at simulation time 256.003,700,000 s)
2025-04-25 15:02:22,417 INFO  - Route change already tried once. (at simulation time 256.003,700,000 s)
2025-04-25 15:02:22,417 INFO  - Received message from veh_1 (at simulation time 256.004,600,000 s)
2025-04-25 15:02:22,417 INFO  - Processing DEN message (at simulation time 256.004,600,000 s)
2025-04-25 15:02:22,417 INFO  - Route change already tried once. (at simulation time 256.004,600,000 s)
2025-04-25 15:02:22,417 INFO  - Received message from veh_16 (at simulation time 256.004,700,000 s)
2025-04-25 15:02:22,417 INFO  - Processing DEN message (at simulation time 256.004,700,000 s)
2025-04-25 15:02:22,417 INFO  - Route change already tried once. (at simulation time 256.004,700,000 s)
2025-04-25 15:02:22,417 INFO  - Received message from veh_6 (at simulation time 256.005,100,000 s)
2025-04-25 15:02:22,417 INFO  - Processing DEN message (at simulation time 256.005,100,000 s)
2025-04-25 15:02:22,417 INFO  - Route change already tried once. (at simulation time 256.005,100,000 s)
2025-04-25 15:02:22,418 INFO  - Received message from veh_11 (at simulation time 256.005,700,000 s)
2025-04-25 15:02:22,418 INFO  - Processing DEN message (at simulation time 256.005,700,000 s)
2025-04-25 15:02:22,418 INFO  - Route change already tried once. (at simulation time 256.005,700,000 s)
2025-04-25 15:02:22,424 INFO  - Received message from veh_51 (at simulation time 257.002,300,000 s)
2025-04-25 15:02:22,424 INFO  - Processing DEN message (at simulation time 257.002,300,000 s)
2025-04-25 15:02:22,424 INFO  - Route change already tried once. (at simulation time 257.002,300,000 s)
2025-04-25 15:02:22,424 INFO  - Received message from veh_56 (at simulation time 257.002,300,000 s)
2025-04-25 15:02:22,424 INFO  - Processing DEN message (at simulation time 257.002,300,000 s)
2025-04-25 15:02:22,424 INFO  - Route change already tried once. (at simulation time 257.002,300,000 s)
2025-04-25 15:02:22,425 INFO  - Received message from veh_16 (at simulation time 257.003,200,000 s)
2025-04-25 15:02:22,425 INFO  - Processing DEN message (at simulation time 257.003,200,000 s)
2025-04-25 15:02:22,425 INFO  - Route change already tried once. (at simulation time 257.003,200,000 s)
2025-04-25 15:02:22,425 INFO  - Received message from veh_46 (at simulation time 257.003,200,000 s)
2025-04-25 15:02:22,425 INFO  - Processing DEN message (at simulation time 257.003,200,000 s)
2025-04-25 15:02:22,425 INFO  - Route change already tried once. (at simulation time 257.003,200,000 s)
2025-04-25 15:02:22,425 INFO  - Received message from veh_86 (at simulation time 257.003,300,000 s)
2025-04-25 15:02:22,425 INFO  - Processing DEN message (at simulation time 257.003,300,000 s)
2025-04-25 15:02:22,425 INFO  - Route change already tried once. (at simulation time 257.003,300,000 s)
2025-04-25 15:02:22,425 INFO  - Received message from veh_6 (at simulation time 257.004,200,000 s)
2025-04-25 15:02:22,425 INFO  - Processing DEN message (at simulation time 257.004,200,000 s)
2025-04-25 15:02:22,425 INFO  - Route change already tried once. (at simulation time 257.004,200,000 s)
2025-04-25 15:02:22,425 INFO  - Received message from veh_11 (at simulation time 257.004,200,000 s)
2025-04-25 15:02:22,425 INFO  - Processing DEN message (at simulation time 257.004,200,000 s)
2025-04-25 15:02:22,425 INFO  - Route change already tried once. (at simulation time 257.004,200,000 s)
2025-04-25 15:02:22,426 INFO  - Received message from veh_1 (at simulation time 257.006,100,000 s)
2025-04-25 15:02:22,426 INFO  - Processing DEN message (at simulation time 257.006,100,000 s)
2025-04-25 15:02:22,426 INFO  - Route change already tried once. (at simulation time 257.006,100,000 s)
2025-04-25 15:02:22,433 INFO  - Received message from veh_16 (at simulation time 258.002,200,000 s)
2025-04-25 15:02:22,433 INFO  - Processing DEN message (at simulation time 258.002,200,000 s)
2025-04-25 15:02:22,433 INFO  - Route change already tried once. (at simulation time 258.002,200,000 s)
2025-04-25 15:02:22,433 INFO  - Received message from veh_86 (at simulation time 258.002,300,000 s)
2025-04-25 15:02:22,433 INFO  - Processing DEN message (at simulation time 258.002,300,000 s)
2025-04-25 15:02:22,433 INFO  - Route change already tried once. (at simulation time 258.002,300,000 s)
2025-04-25 15:02:22,433 INFO  - Received message from veh_51 (at simulation time 258.003,300,000 s)
2025-04-25 15:02:22,433 INFO  - Processing DEN message (at simulation time 258.003,300,000 s)
2025-04-25 15:02:22,433 INFO  - Route change already tried once. (at simulation time 258.003,300,000 s)
2025-04-25 15:02:22,433 INFO  - Received message from veh_56 (at simulation time 258.003,800,000 s)
2025-04-25 15:02:22,433 INFO  - Processing DEN message (at simulation time 258.003,800,000 s)
2025-04-25 15:02:22,433 INFO  - Route change already tried once. (at simulation time 258.003,800,000 s)
2025-04-25 15:02:22,434 INFO  - Received message from veh_6 (at simulation time 258.004,700,000 s)
2025-04-25 15:02:22,434 INFO  - Processing DEN message (at simulation time 258.004,700,000 s)
2025-04-25 15:02:22,434 INFO  - Route change already tried once. (at simulation time 258.004,700,000 s)
2025-04-25 15:02:22,434 INFO  - Received message from veh_1 (at simulation time 258.005,100,000 s)
2025-04-25 15:02:22,434 INFO  - Processing DEN message (at simulation time 258.005,100,000 s)
2025-04-25 15:02:22,434 INFO  - Route change already tried once. (at simulation time 258.005,100,000 s)
2025-04-25 15:02:22,434 INFO  - Received message from veh_46 (at simulation time 258.005,200,000 s)
2025-04-25 15:02:22,434 INFO  - Processing DEN message (at simulation time 258.005,200,000 s)
2025-04-25 15:02:22,434 INFO  - Route change already tried once. (at simulation time 258.005,200,000 s)
2025-04-25 15:02:22,434 INFO  - Received message from veh_11 (at simulation time 258.005,700,000 s)
2025-04-25 15:02:22,434 INFO  - Processing DEN message (at simulation time 258.005,700,000 s)
2025-04-25 15:02:22,434 INFO  - Route change already tried once. (at simulation time 258.005,700,000 s)
2025-04-25 15:02:22,484 INFO  - Received message from veh_86 (at simulation time 259.001,300,000 s)
2025-04-25 15:02:22,484 INFO  - Processing DEN message (at simulation time 259.001,300,000 s)
2025-04-25 15:02:22,484 INFO  - Route change already tried once. (at simulation time 259.001,300,000 s)
2025-04-25 15:02:22,484 INFO  - Received message from veh_6 (at simulation time 259.003,200,000 s)
2025-04-25 15:02:22,484 INFO  - Processing DEN message (at simulation time 259.003,200,000 s)
2025-04-25 15:02:22,484 INFO  - Route change already tried once. (at simulation time 259.003,200,000 s)
2025-04-25 15:02:22,484 INFO  - Received message from veh_46 (at simulation time 259.003,200,000 s)
2025-04-25 15:02:22,484 INFO  - Processing DEN message (at simulation time 259.003,200,000 s)
2025-04-25 15:02:22,484 INFO  - Route change already tried once. (at simulation time 259.003,200,000 s)
2025-04-25 15:02:22,484 INFO  - Received message from veh_51 (at simulation time 259.003,300,000 s)
2025-04-25 15:02:22,484 INFO  - Processing DEN message (at simulation time 259.003,300,000 s)
2025-04-25 15:02:22,484 INFO  - Route change already tried once. (at simulation time 259.003,300,000 s)
2025-04-25 15:02:22,484 INFO  - Received message from veh_11 (at simulation time 259.003,700,000 s)
2025-04-25 15:02:22,484 INFO  - Processing DEN message (at simulation time 259.003,700,000 s)
2025-04-25 15:02:22,484 INFO  - Route change already tried once. (at simulation time 259.003,700,000 s)
2025-04-25 15:02:22,485 INFO  - Received message from veh_1 (at simulation time 259.004,100,000 s)
2025-04-25 15:02:22,485 INFO  - Processing DEN message (at simulation time 259.004,100,000 s)
2025-04-25 15:02:22,485 INFO  - Route change already tried once. (at simulation time 259.004,100,000 s)
2025-04-25 15:02:22,485 INFO  - Received message from veh_56 (at simulation time 259.004,300,000 s)
2025-04-25 15:02:22,485 INFO  - Processing DEN message (at simulation time 259.004,300,000 s)
2025-04-25 15:02:22,485 INFO  - Route change already tried once. (at simulation time 259.004,300,000 s)
2025-04-25 15:02:22,485 INFO  - Received message from veh_16 (at simulation time 259.004,700,000 s)
2025-04-25 15:02:22,485 INFO  - Processing DEN message (at simulation time 259.004,700,000 s)
2025-04-25 15:02:22,485 INFO  - Route change already tried once. (at simulation time 259.004,700,000 s)
2025-04-25 15:02:22,500 INFO  - Received message from veh_51 (at simulation time 260.001,800,000 s)
2025-04-25 15:02:22,500 INFO  - Processing DEN message (at simulation time 260.001,800,000 s)
2025-04-25 15:02:22,500 INFO  - Route change already tried once. (at simulation time 260.001,800,000 s)
2025-04-25 15:02:22,500 INFO  - Received message from veh_56 (at simulation time 260.001,800,000 s)
2025-04-25 15:02:22,500 INFO  - Processing DEN message (at simulation time 260.001,800,000 s)
2025-04-25 15:02:22,500 INFO  - Route change already tried once. (at simulation time 260.001,800,000 s)
2025-04-25 15:02:22,500 INFO  - Received message from veh_1 (at simulation time 260.003,200,000 s)
2025-04-25 15:02:22,500 INFO  - Processing DEN message (at simulation time 260.003,200,000 s)
2025-04-25 15:02:22,500 INFO  - Route change already tried once. (at simulation time 260.003,200,000 s)
2025-04-25 15:02:22,500 INFO  - Received message from veh_6 (at simulation time 260.003,200,000 s)
2025-04-25 15:02:22,500 INFO  - Processing DEN message (at simulation time 260.003,200,000 s)
2025-04-25 15:02:22,500 INFO  - Route change already tried once. (at simulation time 260.003,200,000 s)
2025-04-25 15:02:22,500 INFO  - Received message from veh_11 (at simulation time 260.003,200,000 s)
2025-04-25 15:02:22,500 INFO  - Processing DEN message (at simulation time 260.003,200,000 s)
2025-04-25 15:02:22,500 INFO  - Route change already tried once. (at simulation time 260.003,200,000 s)
2025-04-25 15:02:22,500 INFO  - Received message from veh_16 (at simulation time 260.003,200,000 s)
2025-04-25 15:02:22,500 INFO  - Processing DEN message (at simulation time 260.003,200,000 s)
2025-04-25 15:02:22,500 INFO  - Route change already tried once. (at simulation time 260.003,200,000 s)
2025-04-25 15:02:22,500 INFO  - Received message from veh_86 (at simulation time 260.003,300,000 s)
2025-04-25 15:02:22,500 INFO  - Processing DEN message (at simulation time 260.003,300,000 s)
2025-04-25 15:02:22,500 INFO  - Route change already tried once. (at simulation time 260.003,300,000 s)
2025-04-25 15:02:22,501 INFO  - Received message from veh_46 (at simulation time 260.004,300,000 s)
2025-04-25 15:02:22,501 INFO  - Processing DEN message (at simulation time 260.004,300,000 s)
2025-04-25 15:02:22,501 INFO  - Route change already tried once. (at simulation time 260.004,300,000 s)
2025-04-25 15:02:22,507 INFO  - Received message from veh_56 (at simulation time 261.002,300,000 s)
2025-04-25 15:02:22,507 INFO  - Processing DEN message (at simulation time 261.002,300,000 s)
2025-04-25 15:02:22,507 INFO  - Route change already tried once. (at simulation time 261.002,300,000 s)
2025-04-25 15:02:22,507 INFO  - Received message from veh_16 (at simulation time 261.002,700,000 s)
2025-04-25 15:02:22,507 INFO  - Processing DEN message (at simulation time 261.002,700,000 s)
2025-04-25 15:02:22,507 INFO  - Route change already tried once. (at simulation time 261.002,700,000 s)
2025-04-25 15:02:22,507 INFO  - Received message from veh_46 (at simulation time 261.002,800,000 s)
2025-04-25 15:02:22,507 INFO  - Processing DEN message (at simulation time 261.002,800,000 s)
2025-04-25 15:02:22,507 INFO  - Route change already tried once. (at simulation time 261.002,800,000 s)
2025-04-25 15:02:22,507 INFO  - Received message from veh_11 (at simulation time 261.003,700,000 s)
2025-04-25 15:02:22,507 INFO  - Processing DEN message (at simulation time 261.003,700,000 s)
2025-04-25 15:02:22,507 INFO  - Route change already tried once. (at simulation time 261.003,700,000 s)
2025-04-25 15:02:22,508 INFO  - Received message from veh_51 (at simulation time 261.004,300,000 s)
2025-04-25 15:02:22,508 INFO  - Processing DEN message (at simulation time 261.004,300,000 s)
2025-04-25 15:02:22,508 INFO  - Route change already tried once. (at simulation time 261.004,300,000 s)
2025-04-25 15:02:22,508 INFO  - Received message from veh_86 (at simulation time 261.004,300,000 s)
2025-04-25 15:02:22,508 INFO  - Processing DEN message (at simulation time 261.004,300,000 s)
2025-04-25 15:02:22,508 INFO  - Route change already tried once. (at simulation time 261.004,300,000 s)
2025-04-25 15:02:22,508 INFO  - Received message from veh_1 (at simulation time 261.005,700,000 s)
2025-04-25 15:02:22,508 INFO  - Processing DEN message (at simulation time 261.005,700,000 s)
2025-04-25 15:02:22,508 INFO  - Route change already tried once. (at simulation time 261.005,700,000 s)
2025-04-25 15:02:22,508 INFO  - Received message from veh_6 (at simulation time 261.005,700,000 s)
2025-04-25 15:02:22,508 INFO  - Processing DEN message (at simulation time 261.005,700,000 s)
2025-04-25 15:02:22,508 INFO  - Route change already tried once. (at simulation time 261.005,700,000 s)
2025-04-25 15:02:22,513 INFO  - Received message from veh_1 (at simulation time 262.001,700,000 s)
2025-04-25 15:02:22,513 INFO  - Processing DEN message (at simulation time 262.001,700,000 s)
2025-04-25 15:02:22,513 INFO  - Route change already tried once. (at simulation time 262.001,700,000 s)
2025-04-25 15:02:22,513 INFO  - Received message from veh_46 (at simulation time 262.001,800,000 s)
2025-04-25 15:02:22,513 INFO  - Processing DEN message (at simulation time 262.001,800,000 s)
2025-04-25 15:02:22,513 INFO  - Route change already tried once. (at simulation time 262.001,800,000 s)
2025-04-25 15:02:22,514 INFO  - Received message from veh_6 (at simulation time 262.002,200,000 s)
2025-04-25 15:02:22,514 INFO  - Processing DEN message (at simulation time 262.002,200,000 s)
2025-04-25 15:02:22,514 INFO  - Route change already tried once. (at simulation time 262.002,200,000 s)
2025-04-25 15:02:22,514 INFO  - Received message from veh_51 (at simulation time 262.002,800,000 s)
2025-04-25 15:02:22,514 INFO  - Processing DEN message (at simulation time 262.002,800,000 s)
2025-04-25 15:02:22,514 INFO  - Route change already tried once. (at simulation time 262.002,800,000 s)
2025-04-25 15:02:22,514 INFO  - Received message from veh_86 (at simulation time 262.002,800,000 s)
2025-04-25 15:02:22,514 INFO  - Processing DEN message (at simulation time 262.002,800,000 s)
2025-04-25 15:02:22,514 INFO  - Route change already tried once. (at simulation time 262.002,800,000 s)
2025-04-25 15:02:22,514 INFO  - Received message from veh_16 (at simulation time 262.003,200,000 s)
2025-04-25 15:02:22,514 INFO  - Processing DEN message (at simulation time 262.003,200,000 s)
2025-04-25 15:02:22,514 INFO  - Route change already tried once. (at simulation time 262.003,200,000 s)
2025-04-25 15:02:22,514 INFO  - Received message from veh_56 (at simulation time 262.003,300,000 s)
2025-04-25 15:02:22,514 INFO  - Processing DEN message (at simulation time 262.003,300,000 s)
2025-04-25 15:02:22,514 INFO  - Route change already tried once. (at simulation time 262.003,300,000 s)
2025-04-25 15:02:22,515 INFO  - Received message from veh_11 (at simulation time 262.006,700,000 s)
2025-04-25 15:02:22,515 INFO  - Processing DEN message (at simulation time 262.006,700,000 s)
2025-04-25 15:02:22,515 INFO  - Route change already tried once. (at simulation time 262.006,700,000 s)
2025-04-25 15:02:22,520 INFO  - Received message from veh_46 (at simulation time 263.003,200,000 s)
2025-04-25 15:02:22,520 INFO  - Processing DEN message (at simulation time 263.003,200,000 s)
2025-04-25 15:02:22,520 INFO  - Route change already tried once. (at simulation time 263.003,200,000 s)
2025-04-25 15:02:22,520 INFO  - Received message from veh_51 (at simulation time 263.003,200,000 s)
2025-04-25 15:02:22,520 INFO  - Processing DEN message (at simulation time 263.003,200,000 s)
2025-04-25 15:02:22,520 INFO  - Route change already tried once. (at simulation time 263.003,200,000 s)
2025-04-25 15:02:22,520 INFO  - Received message from veh_86 (at simulation time 263.003,300,000 s)
2025-04-25 15:02:22,520 INFO  - Processing DEN message (at simulation time 263.003,300,000 s)
2025-04-25 15:02:22,520 INFO  - Route change already tried once. (at simulation time 263.003,300,000 s)
2025-04-25 15:02:22,520 INFO  - Received message from veh_6 (at simulation time 263.004,100,000 s)
2025-04-25 15:02:22,520 INFO  - Processing DEN message (at simulation time 263.004,100,000 s)
2025-04-25 15:02:22,520 INFO  - Route change already tried once. (at simulation time 263.004,100,000 s)
2025-04-25 15:02:22,520 INFO  - Received message from veh_16 (at simulation time 263.004,100,000 s)
2025-04-25 15:02:22,520 INFO  - Processing DEN message (at simulation time 263.004,100,000 s)
2025-04-25 15:02:22,520 INFO  - Route change already tried once. (at simulation time 263.004,100,000 s)
2025-04-25 15:02:22,520 INFO  - Received message from veh_56 (at simulation time 263.004,700,000 s)
2025-04-25 15:02:22,520 INFO  - Processing DEN message (at simulation time 263.004,700,000 s)
2025-04-25 15:02:22,520 INFO  - Route change already tried once. (at simulation time 263.004,700,000 s)
2025-04-25 15:02:22,521 INFO  - Received message from veh_11 (at simulation time 263.005,100,000 s)
2025-04-25 15:02:22,521 INFO  - Processing DEN message (at simulation time 263.005,100,000 s)
2025-04-25 15:02:22,521 INFO  - Route change already tried once. (at simulation time 263.005,100,000 s)
2025-04-25 15:02:22,521 INFO  - Received message from veh_1 (at simulation time 263.005,600,000 s)
2025-04-25 15:02:22,521 INFO  - Processing DEN message (at simulation time 263.005,600,000 s)
2025-04-25 15:02:22,521 INFO  - Route change already tried once. (at simulation time 263.005,600,000 s)
2025-04-25 15:02:22,525 INFO  - Received message from veh_86 (at simulation time 264.001,800,000 s)
2025-04-25 15:02:22,525 INFO  - Processing DEN message (at simulation time 264.001,800,000 s)
2025-04-25 15:02:22,525 INFO  - Route change already tried once. (at simulation time 264.001,800,000 s)
2025-04-25 15:02:22,526 INFO  - Received message from veh_51 (at simulation time 264.002,700,000 s)
2025-04-25 15:02:22,526 INFO  - Processing DEN message (at simulation time 264.002,700,000 s)
2025-04-25 15:02:22,526 INFO  - Route change already tried once. (at simulation time 264.002,700,000 s)
2025-04-25 15:02:22,526 INFO  - Received message from veh_91 (at simulation time 264.002,800,000 s)
2025-04-25 15:02:22,526 INFO  - Processing DEN message (at simulation time 264.002,800,000 s)
2025-04-25 15:02:22,526 INFO  - Route change already tried once. (at simulation time 264.002,800,000 s)
2025-04-25 15:02:22,526 INFO  - Received message from veh_46 (at simulation time 264.004,700,000 s)
2025-04-25 15:02:22,526 INFO  - Processing DEN message (at simulation time 264.004,700,000 s)
2025-04-25 15:02:22,526 INFO  - Route change already tried once. (at simulation time 264.004,700,000 s)
2025-04-25 15:02:22,526 INFO  - Received message from veh_6 (at simulation time 264.005,100,000 s)
2025-04-25 15:02:22,526 INFO  - Processing DEN message (at simulation time 264.005,100,000 s)
2025-04-25 15:02:22,526 INFO  - Route change already tried once. (at simulation time 264.005,100,000 s)
2025-04-25 15:02:22,526 INFO  - Received message from veh_56 (at simulation time 264.005,200,000 s)
2025-04-25 15:02:22,526 INFO  - Processing DEN message (at simulation time 264.005,200,000 s)
2025-04-25 15:02:22,526 INFO  - Route change already tried once. (at simulation time 264.005,200,000 s)
2025-04-25 15:02:22,526 INFO  - Received message from veh_11 (at simulation time 264.005,600,000 s)
2025-04-25 15:02:22,526 INFO  - Processing DEN message (at simulation time 264.005,600,000 s)
2025-04-25 15:02:22,526 INFO  - Route change already tried once. (at simulation time 264.005,600,000 s)
2025-04-25 15:02:22,527 INFO  - Received message from veh_1 (at simulation time 264.006,600,000 s)
2025-04-25 15:02:22,527 INFO  - Processing DEN message (at simulation time 264.006,600,000 s)
2025-04-25 15:02:22,527 INFO  - Route change already tried once. (at simulation time 264.006,600,000 s)
2025-04-25 15:02:22,527 INFO  - Received message from veh_16 (at simulation time 264.008,100,000 s)
2025-04-25 15:02:22,527 INFO  - Processing DEN message (at simulation time 264.008,100,000 s)
2025-04-25 15:02:22,527 INFO  - Route change already tried once. (at simulation time 264.008,100,000 s)
2025-04-25 15:02:22,540 INFO  - Received message from veh_91 (at simulation time 265.002,800,000 s)
2025-04-25 15:02:22,540 INFO  - Processing DEN message (at simulation time 265.002,800,000 s)
2025-04-25 15:02:22,540 INFO  - Route change already tried once. (at simulation time 265.002,800,000 s)
2025-04-25 15:02:22,540 INFO  - Received message from veh_86 (at simulation time 265.003,300,000 s)
2025-04-25 15:02:22,540 INFO  - Processing DEN message (at simulation time 265.003,300,000 s)
2025-04-25 15:02:22,540 INFO  - Route change already tried once. (at simulation time 265.003,300,000 s)
2025-04-25 15:02:22,540 INFO  - Received message from veh_46 (at simulation time 265.003,700,000 s)
2025-04-25 15:02:22,540 INFO  - Processing DEN message (at simulation time 265.003,700,000 s)
2025-04-25 15:02:22,540 INFO  - Route change already tried once. (at simulation time 265.003,700,000 s)
2025-04-25 15:02:22,540 INFO  - Received message from veh_51 (at simulation time 265.003,700,000 s)
2025-04-25 15:02:22,540 INFO  - Processing DEN message (at simulation time 265.003,700,000 s)
2025-04-25 15:02:22,540 INFO  - Route change already tried once. (at simulation time 265.003,700,000 s)
2025-04-25 15:02:22,540 INFO  - Received message from veh_56 (at simulation time 265.003,700,000 s)
2025-04-25 15:02:22,540 INFO  - Processing DEN message (at simulation time 265.003,700,000 s)
2025-04-25 15:02:22,540 INFO  - Route change already tried once. (at simulation time 265.003,700,000 s)
2025-04-25 15:02:22,540 INFO  - Received message from veh_11 (at simulation time 265.004,600,000 s)
2025-04-25 15:02:22,540 INFO  - Processing DEN message (at simulation time 265.004,600,000 s)
2025-04-25 15:02:22,540 INFO  - Route change already tried once. (at simulation time 265.004,600,000 s)
2025-04-25 15:02:22,540 INFO  - Received message from veh_16 (at simulation time 265.005,100,000 s)
2025-04-25 15:02:22,540 INFO  - Processing DEN message (at simulation time 265.005,100,000 s)
2025-04-25 15:02:22,540 INFO  - Route change already tried once. (at simulation time 265.005,100,000 s)
2025-04-25 15:02:22,541 INFO  - Received message from veh_6 (at simulation time 265.006,100,000 s)
2025-04-25 15:02:22,541 INFO  - Processing DEN message (at simulation time 265.006,100,000 s)
2025-04-25 15:02:22,541 INFO  - Route change already tried once. (at simulation time 265.006,100,000 s)
2025-04-25 15:02:22,541 INFO  - Received message from veh_1 (at simulation time 265.006,600,000 s)
2025-04-25 15:02:22,541 INFO  - Processing DEN message (at simulation time 265.006,600,000 s)
2025-04-25 15:02:22,541 INFO  - Route change already tried once. (at simulation time 265.006,600,000 s)
2025-04-25 15:02:22,547 INFO  - Received message from veh_91 (at simulation time 266.002,800,000 s)
2025-04-25 15:02:22,547 INFO  - Processing DEN message (at simulation time 266.002,800,000 s)
2025-04-25 15:02:22,547 INFO  - Route change already tried once. (at simulation time 266.002,800,000 s)
2025-04-25 15:02:22,547 INFO  - Received message from veh_56 (at simulation time 266.003,200,000 s)
2025-04-25 15:02:22,547 INFO  - Processing DEN message (at simulation time 266.003,200,000 s)
2025-04-25 15:02:22,547 INFO  - Route change already tried once. (at simulation time 266.003,200,000 s)
2025-04-25 15:02:22,547 INFO  - Received message from veh_86 (at simulation time 266.003,800,000 s)
2025-04-25 15:02:22,547 INFO  - Processing DEN message (at simulation time 266.003,800,000 s)
2025-04-25 15:02:22,547 INFO  - Route change already tried once. (at simulation time 266.003,800,000 s)
2025-04-25 15:02:22,547 INFO  - Received message from veh_46 (at simulation time 266.004,700,000 s)
2025-04-25 15:02:22,547 INFO  - Processing DEN message (at simulation time 266.004,700,000 s)
2025-04-25 15:02:22,547 INFO  - Route change already tried once. (at simulation time 266.004,700,000 s)
2025-04-25 15:02:22,547 INFO  - Received message from veh_11 (at simulation time 266.005,100,000 s)
2025-04-25 15:02:22,547 INFO  - Processing DEN message (at simulation time 266.005,100,000 s)
2025-04-25 15:02:22,547 INFO  - Route change already tried once. (at simulation time 266.005,100,000 s)
2025-04-25 15:02:22,547 INFO  - Received message from veh_1 (at simulation time 266.005,600,000 s)
2025-04-25 15:02:22,547 INFO  - Processing DEN message (at simulation time 266.005,600,000 s)
2025-04-25 15:02:22,547 INFO  - Route change already tried once. (at simulation time 266.005,600,000 s)
2025-04-25 15:02:22,547 INFO  - Received message from veh_6 (at simulation time 266.005,600,000 s)
2025-04-25 15:02:22,547 INFO  - Processing DEN message (at simulation time 266.005,600,000 s)
2025-04-25 15:02:22,547 INFO  - Route change already tried once. (at simulation time 266.005,600,000 s)
2025-04-25 15:02:22,548 INFO  - Received message from veh_16 (at simulation time 266.006,600,000 s)
2025-04-25 15:02:22,548 INFO  - Processing DEN message (at simulation time 266.006,600,000 s)
2025-04-25 15:02:22,548 INFO  - Route change already tried once. (at simulation time 266.006,600,000 s)
2025-04-25 15:02:22,548 INFO  - Received message from veh_51 (at simulation time 266.006,700,000 s)
2025-04-25 15:02:22,548 INFO  - Processing DEN message (at simulation time 266.006,700,000 s)
2025-04-25 15:02:22,548 INFO  - Route change already tried once. (at simulation time 266.006,700,000 s)
2025-04-25 15:02:22,552 INFO  - Received message from veh_56 (at simulation time 267.000,800,000 s)
2025-04-25 15:02:22,552 INFO  - Processing DEN message (at simulation time 267.000,800,000 s)
2025-04-25 15:02:22,552 INFO  - Route change already tried once. (at simulation time 267.000,800,000 s)
2025-04-25 15:02:22,553 INFO  - Received message from veh_91 (at simulation time 267.001,300,000 s)
2025-04-25 15:02:22,553 INFO  - Processing DEN message (at simulation time 267.001,300,000 s)
2025-04-25 15:02:22,553 INFO  - Route change already tried once. (at simulation time 267.001,300,000 s)
2025-04-25 15:02:22,553 INFO  - Received message from veh_16 (at simulation time 267.003,200,000 s)
2025-04-25 15:02:22,553 INFO  - Processing DEN message (at simulation time 267.003,200,000 s)
2025-04-25 15:02:22,553 INFO  - Route change already tried once. (at simulation time 267.003,200,000 s)
2025-04-25 15:02:22,553 INFO  - Received message from veh_46 (at simulation time 267.003,200,000 s)
2025-04-25 15:02:22,553 INFO  - Processing DEN message (at simulation time 267.003,200,000 s)
2025-04-25 15:02:22,553 INFO  - Route change already tried once. (at simulation time 267.003,200,000 s)
2025-04-25 15:02:22,554 INFO  - Received message from veh_86 (at simulation time 267.004,300,000 s)
2025-04-25 15:02:22,554 INFO  - Processing DEN message (at simulation time 267.004,300,000 s)
2025-04-25 15:02:22,554 INFO  - Route change already tried once. (at simulation time 267.004,300,000 s)
2025-04-25 15:02:22,554 INFO  - Received message from veh_1 (at simulation time 267.004,600,000 s)
2025-04-25 15:02:22,554 INFO  - Processing DEN message (at simulation time 267.004,600,000 s)
2025-04-25 15:02:22,554 INFO  - Route change already tried once. (at simulation time 267.004,600,000 s)
2025-04-25 15:02:22,554 INFO  - Received message from veh_11 (at simulation time 267.005,700,000 s)
2025-04-25 15:02:22,554 INFO  - Processing DEN message (at simulation time 267.005,700,000 s)
2025-04-25 15:02:22,554 INFO  - Route change already tried once. (at simulation time 267.005,700,000 s)
2025-04-25 15:02:22,554 INFO  - Received message from veh_51 (at simulation time 267.005,700,000 s)
2025-04-25 15:02:22,554 INFO  - Processing DEN message (at simulation time 267.005,700,000 s)
2025-04-25 15:02:22,554 INFO  - Route change already tried once. (at simulation time 267.005,700,000 s)
2025-04-25 15:02:22,554 INFO  - Received message from veh_6 (at simulation time 267.006,600,000 s)
2025-04-25 15:02:22,554 INFO  - Processing DEN message (at simulation time 267.006,600,000 s)
2025-04-25 15:02:22,554 INFO  - Route change already tried once. (at simulation time 267.006,600,000 s)
2025-04-25 15:02:22,560 INFO  - Received message from veh_56 (at simulation time 268.000,800,000 s)
2025-04-25 15:02:22,560 INFO  - Processing DEN message (at simulation time 268.000,800,000 s)
2025-04-25 15:02:22,560 INFO  - Route change already tried once. (at simulation time 268.000,800,000 s)
2025-04-25 15:02:22,561 INFO  - Received message from veh_86 (at simulation time 268.002,800,000 s)
2025-04-25 15:02:22,561 INFO  - Processing DEN message (at simulation time 268.002,800,000 s)
2025-04-25 15:02:22,561 INFO  - Route change already tried once. (at simulation time 268.002,800,000 s)
2025-04-25 15:02:22,561 INFO  - Received message from veh_16 (at simulation time 268.003,700,000 s)
2025-04-25 15:02:22,561 INFO  - Processing DEN message (at simulation time 268.003,700,000 s)
2025-04-25 15:02:22,561 INFO  - Route change already tried once. (at simulation time 268.003,700,000 s)
2025-04-25 15:02:22,561 INFO  - Received message from veh_91 (at simulation time 268.003,800,000 s)
2025-04-25 15:02:22,561 INFO  - Processing DEN message (at simulation time 268.003,800,000 s)
2025-04-25 15:02:22,561 INFO  - Route change already tried once. (at simulation time 268.003,800,000 s)
2025-04-25 15:02:22,561 INFO  - Received message from veh_46 (at simulation time 268.004,200,000 s)
2025-04-25 15:02:22,561 INFO  - Processing DEN message (at simulation time 268.004,200,000 s)
2025-04-25 15:02:22,561 INFO  - Route change already tried once. (at simulation time 268.004,200,000 s)
2025-04-25 15:02:22,561 INFO  - Received message from veh_1 (at simulation time 268.004,600,000 s)
2025-04-25 15:02:22,561 INFO  - Processing DEN message (at simulation time 268.004,600,000 s)
2025-04-25 15:02:22,561 INFO  - Route change already tried once. (at simulation time 268.004,600,000 s)
2025-04-25 15:02:22,561 INFO  - Received message from veh_51 (at simulation time 268.005,200,000 s)
2025-04-25 15:02:22,561 INFO  - Processing DEN message (at simulation time 268.005,200,000 s)
2025-04-25 15:02:22,561 INFO  - Route change already tried once. (at simulation time 268.005,200,000 s)
2025-04-25 15:02:22,561 INFO  - Received message from veh_6 (at simulation time 268.005,600,000 s)
2025-04-25 15:02:22,561 INFO  - Processing DEN message (at simulation time 268.005,600,000 s)
2025-04-25 15:02:22,561 INFO  - Route change already tried once. (at simulation time 268.005,600,000 s)
2025-04-25 15:02:22,561 INFO  - Received message from veh_11 (at simulation time 268.005,700,000 s)
2025-04-25 15:02:22,561 INFO  - Processing DEN message (at simulation time 268.005,700,000 s)
2025-04-25 15:02:22,561 INFO  - Route change already tried once. (at simulation time 268.005,700,000 s)
2025-04-25 15:02:22,566 INFO  - Received message from veh_11 (at simulation time 269.002,200,000 s)
2025-04-25 15:02:22,566 INFO  - Processing DEN message (at simulation time 269.002,200,000 s)
2025-04-25 15:02:22,566 INFO  - Route change already tried once. (at simulation time 269.002,200,000 s)
2025-04-25 15:02:22,566 INFO  - Received message from veh_51 (at simulation time 269.002,200,000 s)
2025-04-25 15:02:22,566 INFO  - Processing DEN message (at simulation time 269.002,200,000 s)
2025-04-25 15:02:22,566 INFO  - Route change already tried once. (at simulation time 269.002,200,000 s)
2025-04-25 15:02:22,566 INFO  - Received message from veh_86 (at simulation time 269.002,300,000 s)
2025-04-25 15:02:22,566 INFO  - Processing DEN message (at simulation time 269.002,300,000 s)
2025-04-25 15:02:22,566 INFO  - Route change already tried once. (at simulation time 269.002,300,000 s)
2025-04-25 15:02:22,567 INFO  - Received message from veh_56 (at simulation time 269.002,800,000 s)
2025-04-25 15:02:22,567 INFO  - Processing DEN message (at simulation time 269.002,800,000 s)
2025-04-25 15:02:22,567 INFO  - Route change already tried once. (at simulation time 269.002,800,000 s)
2025-04-25 15:02:22,567 INFO  - Received message from veh_91 (at simulation time 269.003,300,000 s)
2025-04-25 15:02:22,567 INFO  - Processing DEN message (at simulation time 269.003,300,000 s)
2025-04-25 15:02:22,567 INFO  - Route change already tried once. (at simulation time 269.003,300,000 s)
2025-04-25 15:02:22,567 INFO  - Received message from veh_46 (at simulation time 269.003,700,000 s)
2025-04-25 15:02:22,567 INFO  - Processing DEN message (at simulation time 269.003,700,000 s)
2025-04-25 15:02:22,567 INFO  - Route change already tried once. (at simulation time 269.003,700,000 s)
2025-04-25 15:02:22,567 INFO  - Received message from veh_16 (at simulation time 269.004,200,000 s)
2025-04-25 15:02:22,567 INFO  - Processing DEN message (at simulation time 269.004,200,000 s)
2025-04-25 15:02:22,567 INFO  - Route change already tried once. (at simulation time 269.004,200,000 s)
2025-04-25 15:02:22,568 INFO  - Received message from veh_1 (at simulation time 269.007,600,000 s)
2025-04-25 15:02:22,568 INFO  - Processing DEN message (at simulation time 269.007,600,000 s)
2025-04-25 15:02:22,568 INFO  - Route change already tried once. (at simulation time 269.007,600,000 s)
2025-04-25 15:02:22,568 INFO  - Received message from veh_6 (at simulation time 269.007,600,000 s)
2025-04-25 15:02:22,568 INFO  - Processing DEN message (at simulation time 269.007,600,000 s)
2025-04-25 15:02:22,568 INFO  - Route change already tried once. (at simulation time 269.007,600,000 s)
2025-04-25 15:02:22,584 INFO  - Received message from veh_46 (at simulation time 270.001,200,000 s)
2025-04-25 15:02:22,584 INFO  - Processing DEN message (at simulation time 270.001,200,000 s)
2025-04-25 15:02:22,584 INFO  - Route change already tried once. (at simulation time 270.001,200,000 s)
2025-04-25 15:02:22,584 INFO  - Received message from veh_86 (at simulation time 270.001,800,000 s)
2025-04-25 15:02:22,584 INFO  - Processing DEN message (at simulation time 270.001,800,000 s)
2025-04-25 15:02:22,584 INFO  - Route change already tried once. (at simulation time 270.001,800,000 s)
2025-04-25 15:02:22,584 INFO  - Received message from veh_91 (at simulation time 270.001,800,000 s)
2025-04-25 15:02:22,584 INFO  - Processing DEN message (at simulation time 270.001,800,000 s)
2025-04-25 15:02:22,584 INFO  - Route change already tried once. (at simulation time 270.001,800,000 s)
2025-04-25 15:02:22,585 INFO  - Received message from veh_16 (at simulation time 270.002,700,000 s)
2025-04-25 15:02:22,585 INFO  - Processing DEN message (at simulation time 270.002,700,000 s)
2025-04-25 15:02:22,585 INFO  - Route change already tried once. (at simulation time 270.002,700,000 s)
2025-04-25 15:02:22,585 INFO  - Received message from veh_51 (at simulation time 270.002,800,000 s)
2025-04-25 15:02:22,585 INFO  - Processing DEN message (at simulation time 270.002,800,000 s)
2025-04-25 15:02:22,585 INFO  - Route change already tried once. (at simulation time 270.002,800,000 s)
2025-04-25 15:02:22,585 INFO  - Received message from veh_56 (at simulation time 270.002,800,000 s)
2025-04-25 15:02:22,585 INFO  - Processing DEN message (at simulation time 270.002,800,000 s)
2025-04-25 15:02:22,585 INFO  - Route change already tried once. (at simulation time 270.002,800,000 s)
2025-04-25 15:02:22,585 INFO  - Received message from veh_11 (at simulation time 270.003,700,000 s)
2025-04-25 15:02:22,585 INFO  - Processing DEN message (at simulation time 270.003,700,000 s)
2025-04-25 15:02:22,585 INFO  - Route change already tried once. (at simulation time 270.003,700,000 s)
2025-04-25 15:02:22,585 INFO  - Received message from veh_1 (at simulation time 270.004,100,000 s)
2025-04-25 15:02:22,585 INFO  - Processing DEN message (at simulation time 270.004,100,000 s)
2025-04-25 15:02:22,585 INFO  - Route change already tried once. (at simulation time 270.004,100,000 s)
2025-04-25 15:02:22,586 INFO  - Received message from veh_6 (at simulation time 270.005,700,000 s)
2025-04-25 15:02:22,586 INFO  - Processing DEN message (at simulation time 270.005,700,000 s)
2025-04-25 15:02:22,586 INFO  - Route change already tried once. (at simulation time 270.005,700,000 s)
2025-04-25 15:02:22,591 INFO  - Received message from veh_6 (at simulation time 271.002,700,000 s)
2025-04-25 15:02:22,591 INFO  - Processing DEN message (at simulation time 271.002,700,000 s)
2025-04-25 15:02:22,591 INFO  - Route change already tried once. (at simulation time 271.002,700,000 s)
2025-04-25 15:02:22,591 INFO  - Received message from veh_56 (at simulation time 271.002,800,000 s)
2025-04-25 15:02:22,591 INFO  - Processing DEN message (at simulation time 271.002,800,000 s)
2025-04-25 15:02:22,591 INFO  - Route change already tried once. (at simulation time 271.002,800,000 s)
2025-04-25 15:02:22,591 INFO  - Received message from veh_91 (at simulation time 271.002,800,000 s)
2025-04-25 15:02:22,591 INFO  - Processing DEN message (at simulation time 271.002,800,000 s)
2025-04-25 15:02:22,591 INFO  - Route change already tried once. (at simulation time 271.002,800,000 s)
2025-04-25 15:02:22,591 INFO  - Received message from veh_16 (at simulation time 271.003,700,000 s)
2025-04-25 15:02:22,591 INFO  - Processing DEN message (at simulation time 271.003,700,000 s)
2025-04-25 15:02:22,591 INFO  - Route change already tried once. (at simulation time 271.003,700,000 s)
2025-04-25 15:02:22,591 INFO  - Received message from veh_11 (at simulation time 271.004,200,000 s)
2025-04-25 15:02:22,591 INFO  - Processing DEN message (at simulation time 271.004,200,000 s)
2025-04-25 15:02:22,591 INFO  - Route change already tried once. (at simulation time 271.004,200,000 s)
2025-04-25 15:02:22,591 INFO  - Received message from veh_51 (at simulation time 271.004,300,000 s)
2025-04-25 15:02:22,591 INFO  - Processing DEN message (at simulation time 271.004,300,000 s)
2025-04-25 15:02:22,591 INFO  - Route change already tried once. (at simulation time 271.004,300,000 s)
2025-04-25 15:02:22,592 INFO  - Received message from veh_86 (at simulation time 271.004,800,000 s)
2025-04-25 15:02:22,592 INFO  - Processing DEN message (at simulation time 271.004,800,000 s)
2025-04-25 15:02:22,592 INFO  - Route change already tried once. (at simulation time 271.004,800,000 s)
2025-04-25 15:02:22,592 INFO  - Received message from veh_46 (at simulation time 271.005,200,000 s)
2025-04-25 15:02:22,592 INFO  - Processing DEN message (at simulation time 271.005,200,000 s)
2025-04-25 15:02:22,592 INFO  - Route change already tried once. (at simulation time 271.005,200,000 s)
2025-04-25 15:02:22,592 INFO  - Received message from veh_1 (at simulation time 271.005,600,000 s)
2025-04-25 15:02:22,592 INFO  - Processing DEN message (at simulation time 271.005,600,000 s)
2025-04-25 15:02:22,592 INFO  - Route change already tried once. (at simulation time 271.005,600,000 s)
2025-04-25 15:02:22,598 INFO  - Received message from veh_51 (at simulation time 272.002,800,000 s)
2025-04-25 15:02:22,598 INFO  - Processing DEN message (at simulation time 272.002,800,000 s)
2025-04-25 15:02:22,598 INFO  - Route change already tried once. (at simulation time 272.002,800,000 s)
2025-04-25 15:02:22,598 INFO  - Received message from veh_91 (at simulation time 272.002,800,000 s)
2025-04-25 15:02:22,598 INFO  - Processing DEN message (at simulation time 272.002,800,000 s)
2025-04-25 15:02:22,598 INFO  - Route change already tried once. (at simulation time 272.002,800,000 s)
2025-04-25 15:02:22,598 INFO  - Received message from veh_86 (at simulation time 272.003,300,000 s)
2025-04-25 15:02:22,598 INFO  - Processing DEN message (at simulation time 272.003,300,000 s)
2025-04-25 15:02:22,598 INFO  - Route change already tried once. (at simulation time 272.003,300,000 s)
2025-04-25 15:02:22,598 INFO  - Received message from veh_56 (at simulation time 272.003,800,000 s)
2025-04-25 15:02:22,598 INFO  - Processing DEN message (at simulation time 272.003,800,000 s)
2025-04-25 15:02:22,598 INFO  - Route change already tried once. (at simulation time 272.003,800,000 s)
2025-04-25 15:02:22,598 INFO  - Received message from veh_6 (at simulation time 272.004,200,000 s)
2025-04-25 15:02:22,598 INFO  - Processing DEN message (at simulation time 272.004,200,000 s)
2025-04-25 15:02:22,598 INFO  - Route change already tried once. (at simulation time 272.004,200,000 s)
2025-04-25 15:02:22,598 INFO  - Received message from veh_16 (at simulation time 272.005,200,000 s)
2025-04-25 15:02:22,598 INFO  - Processing DEN message (at simulation time 272.005,200,000 s)
2025-04-25 15:02:22,598 INFO  - Route change already tried once. (at simulation time 272.005,200,000 s)
2025-04-25 15:02:22,598 INFO  - Received message from veh_46 (at simulation time 272.005,200,000 s)
2025-04-25 15:02:22,598 INFO  - Processing DEN message (at simulation time 272.005,200,000 s)
2025-04-25 15:02:22,598 INFO  - Route change already tried once. (at simulation time 272.005,200,000 s)
2025-04-25 15:02:22,598 INFO  - Received message from veh_1 (at simulation time 272.006,100,000 s)
2025-04-25 15:02:22,598 INFO  - Processing DEN message (at simulation time 272.006,100,000 s)
2025-04-25 15:02:22,598 INFO  - Route change already tried once. (at simulation time 272.006,100,000 s)
2025-04-25 15:02:22,598 INFO  - Received message from veh_11 (at simulation time 272.006,200,000 s)
2025-04-25 15:02:22,598 INFO  - Processing DEN message (at simulation time 272.006,200,000 s)
2025-04-25 15:02:22,598 INFO  - Route change already tried once. (at simulation time 272.006,200,000 s)
2025-04-25 15:02:22,605 INFO  - Received message from veh_91 (at simulation time 273.001,300,000 s)
2025-04-25 15:02:22,605 INFO  - Processing DEN message (at simulation time 273.001,300,000 s)
2025-04-25 15:02:22,605 INFO  - Route change already tried once. (at simulation time 273.001,300,000 s)
2025-04-25 15:02:22,605 INFO  - Received message from veh_86 (at simulation time 273.001,800,000 s)
2025-04-25 15:02:22,605 INFO  - Processing DEN message (at simulation time 273.001,800,000 s)
2025-04-25 15:02:22,605 INFO  - Route change already tried once. (at simulation time 273.001,800,000 s)
2025-04-25 15:02:22,605 INFO  - Received message from veh_51 (at simulation time 273.003,300,000 s)
2025-04-25 15:02:22,605 INFO  - Processing DEN message (at simulation time 273.003,300,000 s)
2025-04-25 15:02:22,605 INFO  - Route change already tried once. (at simulation time 273.003,300,000 s)
2025-04-25 15:02:22,605 INFO  - Received message from veh_56 (at simulation time 273.003,300,000 s)
2025-04-25 15:02:22,605 INFO  - Processing DEN message (at simulation time 273.003,300,000 s)
2025-04-25 15:02:22,605 INFO  - Route change already tried once. (at simulation time 273.003,300,000 s)
2025-04-25 15:02:22,606 INFO  - Received message from veh_6 (at simulation time 273.003,700,000 s)
2025-04-25 15:02:22,606 INFO  - Processing DEN message (at simulation time 273.003,700,000 s)
2025-04-25 15:02:22,606 INFO  - Route change already tried once. (at simulation time 273.003,700,000 s)
2025-04-25 15:02:22,606 INFO  - Received message from veh_16 (at simulation time 273.003,700,000 s)
2025-04-25 15:02:22,606 INFO  - Processing DEN message (at simulation time 273.003,700,000 s)
2025-04-25 15:02:22,606 INFO  - Route change already tried once. (at simulation time 273.003,700,000 s)
2025-04-25 15:02:22,606 INFO  - Received message from veh_11 (at simulation time 273.004,200,000 s)
2025-04-25 15:02:22,606 INFO  - Processing DEN message (at simulation time 273.004,200,000 s)
2025-04-25 15:02:22,606 INFO  - Route change already tried once. (at simulation time 273.004,200,000 s)
2025-04-25 15:02:22,606 INFO  - Received message from veh_46 (at simulation time 273.004,200,000 s)
2025-04-25 15:02:22,606 INFO  - Processing DEN message (at simulation time 273.004,200,000 s)
2025-04-25 15:02:22,606 INFO  - Route change already tried once. (at simulation time 273.004,200,000 s)
2025-04-25 15:02:22,606 INFO  - Received message from veh_1 (at simulation time 273.006,100,000 s)
2025-04-25 15:02:22,606 INFO  - Processing DEN message (at simulation time 273.006,100,000 s)
2025-04-25 15:02:22,606 INFO  - Route change already tried once. (at simulation time 273.006,100,000 s)
2025-04-25 15:02:24,211 INFO  - Shutdown application (at simulation time 567.000,000,000 s)
