2025-04-25 15:15:00,591 INFO  - Initialize application (at simulation time 148.000,000,000 s)
2025-04-25 15:15:00,592 INFO  - Activated AdHoc Module (at simulation time 148.000,000,000 s)
2025-04-25 15:15:00,684 INFO  - Received message from veh_1 (at simulation time 163.007,900,000 s)
2025-04-25 15:15:00,684 INFO  - Processing DEN message (at simulation time 163.007,900,000 s)
2025-04-25 15:15:00,684 INFO  - The event occurred on connection with id=284243530_2879911873_1313885463, which is part of vehicle's route with id=1 (at simulation time 163.007,900,000 s)
2025-04-25 15:15:00,685 INFO  - Sending Change Route Command at position: GeoPoint{lat=52.651562,lon=13.568411,alt=0.00} (at simulation time 163.007,900,000 s)
2025-04-25 15:15:00,686 INFO  - Received message from veh_16 (at simulation time 163.009,000,000 s)
2025-04-25 15:15:00,686 INFO  - Processing DEN message (at simulation time 163.009,000,000 s)
2025-04-25 15:15:00,686 INFO  - Route change already tried once. (at simulation time 163.009,000,000 s)
2025-04-25 15:15:00,686 INFO  - Received message from veh_11 (at simulation time 163.009,400,000 s)
2025-04-25 15:15:00,686 INFO  - Processing DEN message (at simulation time 163.009,400,000 s)
2025-04-25 15:15:00,686 INFO  - Route change already tried once. (at simulation time 163.009,400,000 s)
2025-04-25 15:15:00,687 INFO  - Received message from veh_6 (at simulation time 163.009,900,000 s)
2025-04-25 15:15:00,687 INFO  - Processing DEN message (at simulation time 163.009,900,000 s)
2025-04-25 15:15:00,687 INFO  - Route change already tried once. (at simulation time 163.009,900,000 s)
2025-04-25 15:15:00,693 INFO  - Received message from veh_16 (at simulation time 164.004,600,000 s)
2025-04-25 15:15:00,693 INFO  - Processing DEN message (at simulation time 164.004,600,000 s)
2025-04-25 15:15:00,694 INFO  - Route change already tried once. (at simulation time 164.004,600,000 s)
2025-04-25 15:15:00,694 INFO  - Received message from veh_6 (at simulation time 164.007,500,000 s)
2025-04-25 15:15:00,694 INFO  - Processing DEN message (at simulation time 164.007,500,000 s)
2025-04-25 15:15:00,694 INFO  - Route change already tried once. (at simulation time 164.007,500,000 s)
2025-04-25 15:15:00,694 INFO  - Received message from veh_1 (at simulation time 164.008,500,000 s)
2025-04-25 15:15:00,694 INFO  - Processing DEN message (at simulation time 164.008,500,000 s)
2025-04-25 15:15:00,694 INFO  - Route change already tried once. (at simulation time 164.008,500,000 s)
2025-04-25 15:15:00,694 INFO  - Received message from veh_11 (at simulation time 164.008,500,000 s)
2025-04-25 15:15:00,694 INFO  - Processing DEN message (at simulation time 164.008,500,000 s)
2025-04-25 15:15:00,694 INFO  - Route change already tried once. (at simulation time 164.008,500,000 s)
2025-04-25 15:15:00,705 INFO  - Received message from veh_11 (at simulation time 165.005,000,000 s)
2025-04-25 15:15:00,705 INFO  - Processing DEN message (at simulation time 165.005,000,000 s)
2025-04-25 15:15:00,705 INFO  - Route change already tried once. (at simulation time 165.005,000,000 s)
2025-04-25 15:15:00,705 INFO  - Received message from veh_16 (at simulation time 165.005,600,000 s)
2025-04-25 15:15:00,705 INFO  - Processing DEN message (at simulation time 165.005,600,000 s)
2025-04-25 15:15:00,705 INFO  - Route change already tried once. (at simulation time 165.005,600,000 s)
2025-04-25 15:15:00,705 INFO  - Received message from veh_6 (at simulation time 165.006,000,000 s)
2025-04-25 15:15:00,705 INFO  - Processing DEN message (at simulation time 165.006,000,000 s)
2025-04-25 15:15:00,705 INFO  - Route change already tried once. (at simulation time 165.006,000,000 s)
2025-04-25 15:15:00,706 INFO  - Received message from veh_1 (at simulation time 165.008,500,000 s)
2025-04-25 15:15:00,706 INFO  - Processing DEN message (at simulation time 165.008,500,000 s)
2025-04-25 15:15:00,706 INFO  - Route change already tried once. (at simulation time 165.008,500,000 s)
2025-04-25 15:15:00,711 INFO  - Received message from veh_6 (at simulation time 166.007,000,000 s)
2025-04-25 15:15:00,711 INFO  - Processing DEN message (at simulation time 166.007,000,000 s)
2025-04-25 15:15:00,711 INFO  - Route change already tried once. (at simulation time 166.007,000,000 s)
2025-04-25 15:15:00,711 INFO  - Received message from veh_11 (at simulation time 166.007,100,000 s)
2025-04-25 15:15:00,711 INFO  - Processing DEN message (at simulation time 166.007,100,000 s)
2025-04-25 15:15:00,711 INFO  - Route change already tried once. (at simulation time 166.007,100,000 s)
2025-04-25 15:15:00,711 INFO  - Received message from veh_16 (at simulation time 166.007,100,000 s)
2025-04-25 15:15:00,711 INFO  - Processing DEN message (at simulation time 166.007,100,000 s)
2025-04-25 15:15:00,711 INFO  - Route change already tried once. (at simulation time 166.007,100,000 s)
2025-04-25 15:15:00,712 INFO  - Received message from veh_1 (at simulation time 166.009,000,000 s)
2025-04-25 15:15:00,712 INFO  - Processing DEN message (at simulation time 166.009,000,000 s)
2025-04-25 15:15:00,712 INFO  - Route change already tried once. (at simulation time 166.009,000,000 s)
2025-04-25 15:15:00,718 INFO  - Received message from veh_6 (at simulation time 167.005,500,000 s)
2025-04-25 15:15:00,718 INFO  - Processing DEN message (at simulation time 167.005,500,000 s)
2025-04-25 15:15:00,718 INFO  - Route change already tried once. (at simulation time 167.005,500,000 s)
2025-04-25 15:15:00,718 INFO  - Received message from veh_1 (at simulation time 167.006,000,000 s)
2025-04-25 15:15:00,718 INFO  - Processing DEN message (at simulation time 167.006,000,000 s)
2025-04-25 15:15:00,718 INFO  - Route change already tried once. (at simulation time 167.006,000,000 s)
2025-04-25 15:15:00,718 INFO  - Received message from veh_11 (at simulation time 167.006,600,000 s)
2025-04-25 15:15:00,718 INFO  - Processing DEN message (at simulation time 167.006,600,000 s)
2025-04-25 15:15:00,718 INFO  - Route change already tried once. (at simulation time 167.006,600,000 s)
2025-04-25 15:15:00,718 INFO  - Received message from veh_16 (at simulation time 167.006,600,000 s)
2025-04-25 15:15:00,718 INFO  - Processing DEN message (at simulation time 167.006,600,000 s)
2025-04-25 15:15:00,718 INFO  - Route change already tried once. (at simulation time 167.006,600,000 s)
2025-04-25 15:15:00,725 INFO  - Received message from veh_1 (at simulation time 168.007,400,000 s)
2025-04-25 15:15:00,725 INFO  - Processing DEN message (at simulation time 168.007,400,000 s)
2025-04-25 15:15:00,725 INFO  - Route change already tried once. (at simulation time 168.007,400,000 s)
2025-04-25 15:15:00,725 INFO  - Received message from veh_6 (at simulation time 168.007,400,000 s)
2025-04-25 15:15:00,725 INFO  - Processing DEN message (at simulation time 168.007,400,000 s)
2025-04-25 15:15:00,726 INFO  - Route change already tried once. (at simulation time 168.007,400,000 s)
2025-04-25 15:15:00,726 INFO  - Received message from veh_11 (at simulation time 168.007,500,000 s)
2025-04-25 15:15:00,726 INFO  - Processing DEN message (at simulation time 168.007,500,000 s)
2025-04-25 15:15:00,726 INFO  - Route change already tried once. (at simulation time 168.007,500,000 s)
2025-04-25 15:15:00,726 INFO  - Received message from veh_16 (at simulation time 168.007,500,000 s)
2025-04-25 15:15:00,726 INFO  - Processing DEN message (at simulation time 168.007,500,000 s)
2025-04-25 15:15:00,726 INFO  - Route change already tried once. (at simulation time 168.007,500,000 s)
2025-04-25 15:15:00,730 INFO  - Received message from veh_6 (at simulation time 169.004,100,000 s)
2025-04-25 15:15:00,730 INFO  - Processing DEN message (at simulation time 169.004,100,000 s)
2025-04-25 15:15:00,730 INFO  - Route change already tried once. (at simulation time 169.004,100,000 s)
2025-04-25 15:15:00,730 INFO  - Received message from veh_16 (at simulation time 169.004,600,000 s)
2025-04-25 15:15:00,730 INFO  - Processing DEN message (at simulation time 169.004,600,000 s)
2025-04-25 15:15:00,730 INFO  - Route change already tried once. (at simulation time 169.004,600,000 s)
2025-04-25 15:15:00,730 INFO  - Received message from veh_11 (at simulation time 169.005,100,000 s)
2025-04-25 15:15:00,730 INFO  - Processing DEN message (at simulation time 169.005,100,000 s)
2025-04-25 15:15:00,730 INFO  - Route change already tried once. (at simulation time 169.005,100,000 s)
2025-04-25 15:15:00,731 INFO  - Received message from veh_1 (at simulation time 169.008,000,000 s)
2025-04-25 15:15:00,731 INFO  - Processing DEN message (at simulation time 169.008,000,000 s)
2025-04-25 15:15:00,731 INFO  - Route change already tried once. (at simulation time 169.008,000,000 s)
2025-04-25 15:15:00,742 INFO  - Received message from veh_16 (at simulation time 170.002,600,000 s)
2025-04-25 15:15:00,742 INFO  - Processing DEN message (at simulation time 170.002,600,000 s)
2025-04-25 15:15:00,742 INFO  - Route change already tried once. (at simulation time 170.002,600,000 s)
2025-04-25 15:15:00,745 INFO  - Received message from veh_11 (at simulation time 170.004,100,000 s)
2025-04-25 15:15:00,745 INFO  - Processing DEN message (at simulation time 170.004,100,000 s)
2025-04-25 15:15:00,745 INFO  - Route change already tried once. (at simulation time 170.004,100,000 s)
2025-04-25 15:15:00,745 INFO  - Received message from veh_6 (at simulation time 170.006,600,000 s)
2025-04-25 15:15:00,745 INFO  - Processing DEN message (at simulation time 170.006,600,000 s)
2025-04-25 15:15:00,745 INFO  - Route change already tried once. (at simulation time 170.006,600,000 s)
2025-04-25 15:15:00,745 INFO  - Received message from veh_1 (at simulation time 170.007,000,000 s)
2025-04-25 15:15:00,745 INFO  - Processing DEN message (at simulation time 170.007,000,000 s)
2025-04-25 15:15:00,745 INFO  - Route change already tried once. (at simulation time 170.007,000,000 s)
2025-04-25 15:15:00,750 INFO  - Received message from veh_6 (at simulation time 171.003,600,000 s)
2025-04-25 15:15:00,750 INFO  - Processing DEN message (at simulation time 171.003,600,000 s)
2025-04-25 15:15:00,750 INFO  - Route change already tried once. (at simulation time 171.003,600,000 s)
2025-04-25 15:15:00,750 INFO  - Received message from veh_16 (at simulation time 171.004,600,000 s)
2025-04-25 15:15:00,750 INFO  - Processing DEN message (at simulation time 171.004,600,000 s)
2025-04-25 15:15:00,750 INFO  - Route change already tried once. (at simulation time 171.004,600,000 s)
2025-04-25 15:15:00,750 INFO  - Received message from veh_1 (at simulation time 171.007,000,000 s)
2025-04-25 15:15:00,750 INFO  - Processing DEN message (at simulation time 171.007,000,000 s)
2025-04-25 15:15:00,750 INFO  - Route change already tried once. (at simulation time 171.007,000,000 s)
2025-04-25 15:15:00,750 INFO  - Received message from veh_11 (at simulation time 171.007,600,000 s)
2025-04-25 15:15:00,750 INFO  - Processing DEN message (at simulation time 171.007,600,000 s)
2025-04-25 15:15:00,750 INFO  - Route change already tried once. (at simulation time 171.007,600,000 s)
2025-04-25 15:15:00,757 INFO  - Received message from veh_16 (at simulation time 172.003,100,000 s)
2025-04-25 15:15:00,757 INFO  - Processing DEN message (at simulation time 172.003,100,000 s)
2025-04-25 15:15:00,757 INFO  - Route change already tried once. (at simulation time 172.003,100,000 s)
2025-04-25 15:15:00,758 INFO  - Received message from veh_6 (at simulation time 172.005,100,000 s)
2025-04-25 15:15:00,758 INFO  - Processing DEN message (at simulation time 172.005,100,000 s)
2025-04-25 15:15:00,758 INFO  - Route change already tried once. (at simulation time 172.005,100,000 s)
2025-04-25 15:15:00,758 INFO  - Received message from veh_1 (at simulation time 172.006,000,000 s)
2025-04-25 15:15:00,758 INFO  - Processing DEN message (at simulation time 172.006,000,000 s)
2025-04-25 15:15:00,758 INFO  - Route change already tried once. (at simulation time 172.006,000,000 s)
2025-04-25 15:15:00,758 INFO  - Received message from veh_11 (at simulation time 172.006,600,000 s)
2025-04-25 15:15:00,758 INFO  - Processing DEN message (at simulation time 172.006,600,000 s)
2025-04-25 15:15:00,758 INFO  - Route change already tried once. (at simulation time 172.006,600,000 s)
2025-04-25 15:15:00,763 INFO  - Received message from veh_6 (at simulation time 173.004,100,000 s)
2025-04-25 15:15:00,763 INFO  - Processing DEN message (at simulation time 173.004,100,000 s)
2025-04-25 15:15:00,763 INFO  - Route change already tried once. (at simulation time 173.004,100,000 s)
2025-04-25 15:15:00,763 INFO  - Received message from veh_16 (at simulation time 173.006,600,000 s)
2025-04-25 15:15:00,763 INFO  - Processing DEN message (at simulation time 173.006,600,000 s)
2025-04-25 15:15:00,763 INFO  - Route change already tried once. (at simulation time 173.006,600,000 s)
2025-04-25 15:15:00,763 INFO  - Received message from veh_11 (at simulation time 173.007,600,000 s)
2025-04-25 15:15:00,763 INFO  - Processing DEN message (at simulation time 173.007,600,000 s)
2025-04-25 15:15:00,763 INFO  - Route change already tried once. (at simulation time 173.007,600,000 s)
2025-04-25 15:15:00,763 INFO  - Received message from veh_1 (at simulation time 173.008,000,000 s)
2025-04-25 15:15:00,763 INFO  - Processing DEN message (at simulation time 173.008,000,000 s)
2025-04-25 15:15:00,763 INFO  - Route change already tried once. (at simulation time 173.008,000,000 s)
2025-04-25 15:15:00,770 INFO  - Received message from veh_46 (at simulation time 174.003,200,000 s)
2025-04-25 15:15:00,770 INFO  - Processing DEN message (at simulation time 174.003,200,000 s)
2025-04-25 15:15:00,770 INFO  - Route change already tried once. (at simulation time 174.003,200,000 s)
2025-04-25 15:15:00,770 INFO  - Received message from veh_6 (at simulation time 174.003,600,000 s)
2025-04-25 15:15:00,770 INFO  - Processing DEN message (at simulation time 174.003,600,000 s)
2025-04-25 15:15:00,770 INFO  - Route change already tried once. (at simulation time 174.003,600,000 s)
2025-04-25 15:15:00,770 INFO  - Received message from veh_16 (at simulation time 174.006,100,000 s)
2025-04-25 15:15:00,770 INFO  - Processing DEN message (at simulation time 174.006,100,000 s)
2025-04-25 15:15:00,770 INFO  - Route change already tried once. (at simulation time 174.006,100,000 s)
2025-04-25 15:15:00,771 INFO  - Received message from veh_1 (at simulation time 174.007,500,000 s)
2025-04-25 15:15:00,771 INFO  - Processing DEN message (at simulation time 174.007,500,000 s)
2025-04-25 15:15:00,771 INFO  - Route change already tried once. (at simulation time 174.007,500,000 s)
2025-04-25 15:15:00,771 INFO  - Received message from veh_11 (at simulation time 174.009,100,000 s)
2025-04-25 15:15:00,771 INFO  - Processing DEN message (at simulation time 174.009,100,000 s)
2025-04-25 15:15:00,771 INFO  - Route change already tried once. (at simulation time 174.009,100,000 s)
2025-04-25 15:15:01,230 INFO  - Received message from veh_56 (at simulation time 242.002,800,000 s)
2025-04-25 15:15:01,230 INFO  - Processing DEN message (at simulation time 242.002,800,000 s)
2025-04-25 15:15:01,230 INFO  - Route change already tried once. (at simulation time 242.002,800,000 s)
2025-04-25 15:15:01,230 INFO  - Received message from veh_46 (at simulation time 242.003,700,000 s)
2025-04-25 15:15:01,230 INFO  - Processing DEN message (at simulation time 242.003,700,000 s)
2025-04-25 15:15:01,230 INFO  - Route change already tried once. (at simulation time 242.003,700,000 s)
2025-04-25 15:15:01,230 INFO  - Received message from veh_1 (at simulation time 242.004,100,000 s)
2025-04-25 15:15:01,230 INFO  - Processing DEN message (at simulation time 242.004,100,000 s)
2025-04-25 15:15:01,230 INFO  - Route change already tried once. (at simulation time 242.004,100,000 s)
2025-04-25 15:15:01,232 INFO  - Received message from veh_6 (at simulation time 242.004,600,000 s)
2025-04-25 15:15:01,232 INFO  - Processing DEN message (at simulation time 242.004,600,000 s)
2025-04-25 15:15:01,232 INFO  - Route change already tried once. (at simulation time 242.004,600,000 s)
2025-04-25 15:15:01,234 INFO  - Received message from veh_16 (at simulation time 242.005,200,000 s)
2025-04-25 15:15:01,234 INFO  - Processing DEN message (at simulation time 242.005,200,000 s)
2025-04-25 15:15:01,234 INFO  - Route change already tried once. (at simulation time 242.005,200,000 s)
2025-04-25 15:15:01,234 INFO  - Received message from veh_51 (at simulation time 242.005,700,000 s)
2025-04-25 15:15:01,234 INFO  - Processing DEN message (at simulation time 242.005,700,000 s)
2025-04-25 15:15:01,234 INFO  - Route change already tried once. (at simulation time 242.005,700,000 s)
2025-04-25 15:15:01,234 INFO  - Received message from veh_11 (at simulation time 242.006,200,000 s)
2025-04-25 15:15:01,234 INFO  - Processing DEN message (at simulation time 242.006,200,000 s)
2025-04-25 15:15:01,234 INFO  - Route change already tried once. (at simulation time 242.006,200,000 s)
2025-04-25 15:15:01,240 INFO  - Received message from veh_56 (at simulation time 243.002,300,000 s)
2025-04-25 15:15:01,240 INFO  - Processing DEN message (at simulation time 243.002,300,000 s)
2025-04-25 15:15:01,240 INFO  - Route change already tried once. (at simulation time 243.002,300,000 s)
2025-04-25 15:15:01,241 INFO  - Received message from veh_11 (at simulation time 243.003,200,000 s)
2025-04-25 15:15:01,241 INFO  - Processing DEN message (at simulation time 243.003,200,000 s)
2025-04-25 15:15:01,241 INFO  - Route change already tried once. (at simulation time 243.003,200,000 s)
2025-04-25 15:15:01,241 INFO  - Received message from veh_1 (at simulation time 243.004,100,000 s)
2025-04-25 15:15:01,241 INFO  - Processing DEN message (at simulation time 243.004,100,000 s)
2025-04-25 15:15:01,241 INFO  - Route change already tried once. (at simulation time 243.004,100,000 s)
2025-04-25 15:15:01,241 INFO  - Received message from veh_51 (at simulation time 243.004,200,000 s)
2025-04-25 15:15:01,241 INFO  - Processing DEN message (at simulation time 243.004,200,000 s)
2025-04-25 15:15:01,241 INFO  - Route change already tried once. (at simulation time 243.004,200,000 s)
2025-04-25 15:15:01,241 INFO  - Received message from veh_46 (at simulation time 243.004,700,000 s)
2025-04-25 15:15:01,241 INFO  - Processing DEN message (at simulation time 243.004,700,000 s)
2025-04-25 15:15:01,241 INFO  - Route change already tried once. (at simulation time 243.004,700,000 s)
2025-04-25 15:15:01,241 INFO  - Received message from veh_16 (at simulation time 243.005,700,000 s)
2025-04-25 15:15:01,241 INFO  - Processing DEN message (at simulation time 243.005,700,000 s)
2025-04-25 15:15:01,241 INFO  - Route change already tried once. (at simulation time 243.005,700,000 s)
2025-04-25 15:15:01,242 INFO  - Received message from veh_6 (at simulation time 243.007,100,000 s)
2025-04-25 15:15:01,242 INFO  - Processing DEN message (at simulation time 243.007,100,000 s)
2025-04-25 15:15:01,242 INFO  - Route change already tried once. (at simulation time 243.007,100,000 s)
2025-04-25 15:15:01,247 INFO  - Received message from veh_56 (at simulation time 244.002,800,000 s)
2025-04-25 15:15:01,247 INFO  - Processing DEN message (at simulation time 244.002,800,000 s)
2025-04-25 15:15:01,247 INFO  - Route change already tried once. (at simulation time 244.002,800,000 s)
2025-04-25 15:15:01,247 INFO  - Received message from veh_11 (at simulation time 244.003,200,000 s)
2025-04-25 15:15:01,247 INFO  - Processing DEN message (at simulation time 244.003,200,000 s)
2025-04-25 15:15:01,247 INFO  - Route change already tried once. (at simulation time 244.003,200,000 s)
2025-04-25 15:15:01,247 INFO  - Received message from veh_51 (at simulation time 244.003,200,000 s)
2025-04-25 15:15:01,247 INFO  - Processing DEN message (at simulation time 244.003,200,000 s)
2025-04-25 15:15:01,247 INFO  - Route change already tried once. (at simulation time 244.003,200,000 s)
2025-04-25 15:15:01,248 INFO  - Received message from veh_16 (at simulation time 244.004,200,000 s)
2025-04-25 15:15:01,248 INFO  - Processing DEN message (at simulation time 244.004,200,000 s)
2025-04-25 15:15:01,248 INFO  - Route change already tried once. (at simulation time 244.004,200,000 s)
2025-04-25 15:15:01,248 INFO  - Received message from veh_46 (at simulation time 244.004,700,000 s)
2025-04-25 15:15:01,248 INFO  - Processing DEN message (at simulation time 244.004,700,000 s)
2025-04-25 15:15:01,248 INFO  - Route change already tried once. (at simulation time 244.004,700,000 s)
2025-04-25 15:15:01,249 INFO  - Received message from veh_1 (at simulation time 244.007,600,000 s)
2025-04-25 15:15:01,249 INFO  - Processing DEN message (at simulation time 244.007,600,000 s)
2025-04-25 15:15:01,249 INFO  - Route change already tried once. (at simulation time 244.007,600,000 s)
2025-04-25 15:15:01,249 INFO  - Received message from veh_6 (at simulation time 244.007,600,000 s)
2025-04-25 15:15:01,249 INFO  - Processing DEN message (at simulation time 244.007,600,000 s)
2025-04-25 15:15:01,249 INFO  - Route change already tried once. (at simulation time 244.007,600,000 s)
2025-04-25 15:15:01,260 INFO  - Received message from veh_51 (at simulation time 245.002,800,000 s)
2025-04-25 15:15:01,260 INFO  - Processing DEN message (at simulation time 245.002,800,000 s)
2025-04-25 15:15:01,260 INFO  - Route change already tried once. (at simulation time 245.002,800,000 s)
2025-04-25 15:15:01,260 INFO  - Received message from veh_56 (at simulation time 245.003,300,000 s)
2025-04-25 15:15:01,260 INFO  - Processing DEN message (at simulation time 245.003,300,000 s)
2025-04-25 15:15:01,260 INFO  - Route change already tried once. (at simulation time 245.003,300,000 s)
2025-04-25 15:15:01,260 INFO  - Received message from veh_16 (at simulation time 245.003,700,000 s)
2025-04-25 15:15:01,260 INFO  - Processing DEN message (at simulation time 245.003,700,000 s)
2025-04-25 15:15:01,260 INFO  - Route change already tried once. (at simulation time 245.003,700,000 s)
2025-04-25 15:15:01,261 INFO  - Received message from veh_1 (at simulation time 245.005,100,000 s)
2025-04-25 15:15:01,261 INFO  - Processing DEN message (at simulation time 245.005,100,000 s)
2025-04-25 15:15:01,261 INFO  - Route change already tried once. (at simulation time 245.005,100,000 s)
2025-04-25 15:15:01,261 INFO  - Received message from veh_6 (at simulation time 245.005,200,000 s)
2025-04-25 15:15:01,261 INFO  - Processing DEN message (at simulation time 245.005,200,000 s)
2025-04-25 15:15:01,261 INFO  - Route change already tried once. (at simulation time 245.005,200,000 s)
2025-04-25 15:15:01,261 INFO  - Received message from veh_11 (at simulation time 245.005,700,000 s)
2025-04-25 15:15:01,261 INFO  - Processing DEN message (at simulation time 245.005,700,000 s)
2025-04-25 15:15:01,261 INFO  - Route change already tried once. (at simulation time 245.005,700,000 s)
2025-04-25 15:15:01,261 INFO  - Received message from veh_46 (at simulation time 245.006,200,000 s)
2025-04-25 15:15:01,261 INFO  - Processing DEN message (at simulation time 245.006,200,000 s)
2025-04-25 15:15:01,261 INFO  - Route change already tried once. (at simulation time 245.006,200,000 s)
2025-04-25 15:15:01,266 INFO  - Received message from veh_56 (at simulation time 246.002,300,000 s)
2025-04-25 15:15:01,266 INFO  - Processing DEN message (at simulation time 246.002,300,000 s)
2025-04-25 15:15:01,266 INFO  - Route change already tried once. (at simulation time 246.002,300,000 s)
2025-04-25 15:15:01,266 INFO  - Received message from veh_11 (at simulation time 246.002,700,000 s)
2025-04-25 15:15:01,266 INFO  - Processing DEN message (at simulation time 246.002,700,000 s)
2025-04-25 15:15:01,266 INFO  - Route change already tried once. (at simulation time 246.002,700,000 s)
2025-04-25 15:15:01,266 INFO  - Received message from veh_51 (at simulation time 246.003,300,000 s)
2025-04-25 15:15:01,266 INFO  - Processing DEN message (at simulation time 246.003,300,000 s)
2025-04-25 15:15:01,266 INFO  - Route change already tried once. (at simulation time 246.003,300,000 s)
2025-04-25 15:15:01,267 INFO  - Received message from veh_16 (at simulation time 246.004,700,000 s)
2025-04-25 15:15:01,267 INFO  - Processing DEN message (at simulation time 246.004,700,000 s)
2025-04-25 15:15:01,267 INFO  - Route change already tried once. (at simulation time 246.004,700,000 s)
2025-04-25 15:15:01,267 INFO  - Received message from veh_1 (at simulation time 246.005,100,000 s)
2025-04-25 15:15:01,267 INFO  - Processing DEN message (at simulation time 246.005,100,000 s)
2025-04-25 15:15:01,267 INFO  - Route change already tried once. (at simulation time 246.005,100,000 s)
2025-04-25 15:15:01,267 INFO  - Received message from veh_6 (at simulation time 246.005,700,000 s)
2025-04-25 15:15:01,267 INFO  - Processing DEN message (at simulation time 246.005,700,000 s)
2025-04-25 15:15:01,267 INFO  - Route change already tried once. (at simulation time 246.005,700,000 s)
2025-04-25 15:15:01,267 INFO  - Received message from veh_46 (at simulation time 246.005,700,000 s)
2025-04-25 15:15:01,267 INFO  - Processing DEN message (at simulation time 246.005,700,000 s)
2025-04-25 15:15:01,267 INFO  - Route change already tried once. (at simulation time 246.005,700,000 s)
2025-04-25 15:15:01,272 INFO  - Received message from veh_46 (at simulation time 247.002,800,000 s)
2025-04-25 15:15:01,272 INFO  - Processing DEN message (at simulation time 247.002,800,000 s)
2025-04-25 15:15:01,272 INFO  - Route change already tried once. (at simulation time 247.002,800,000 s)
2025-04-25 15:15:01,273 INFO  - Received message from veh_51 (at simulation time 247.003,300,000 s)
2025-04-25 15:15:01,273 INFO  - Processing DEN message (at simulation time 247.003,300,000 s)
2025-04-25 15:15:01,273 INFO  - Route change already tried once. (at simulation time 247.003,300,000 s)
2025-04-25 15:15:01,273 INFO  - Received message from veh_56 (at simulation time 247.003,300,000 s)
2025-04-25 15:15:01,273 INFO  - Processing DEN message (at simulation time 247.003,300,000 s)
2025-04-25 15:15:01,273 INFO  - Route change already tried once. (at simulation time 247.003,300,000 s)
2025-04-25 15:15:01,273 INFO  - Received message from veh_1 (at simulation time 247.004,200,000 s)
2025-04-25 15:15:01,273 INFO  - Processing DEN message (at simulation time 247.004,200,000 s)
2025-04-25 15:15:01,273 INFO  - Route change already tried once. (at simulation time 247.004,200,000 s)
2025-04-25 15:15:01,273 INFO  - Received message from veh_11 (at simulation time 247.004,200,000 s)
2025-04-25 15:15:01,273 INFO  - Processing DEN message (at simulation time 247.004,200,000 s)
2025-04-25 15:15:01,273 INFO  - Route change already tried once. (at simulation time 247.004,200,000 s)
2025-04-25 15:15:01,273 INFO  - Received message from veh_6 (at simulation time 247.004,700,000 s)
2025-04-25 15:15:01,273 INFO  - Processing DEN message (at simulation time 247.004,700,000 s)
2025-04-25 15:15:01,273 INFO  - Route change already tried once. (at simulation time 247.004,700,000 s)
2025-04-25 15:15:01,273 INFO  - Received message from veh_16 (at simulation time 247.006,700,000 s)
2025-04-25 15:15:01,273 INFO  - Processing DEN message (at simulation time 247.006,700,000 s)
2025-04-25 15:15:01,273 INFO  - Route change already tried once. (at simulation time 247.006,700,000 s)
2025-04-25 15:15:01,278 INFO  - Received message from veh_46 (at simulation time 248.001,800,000 s)
2025-04-25 15:15:01,278 INFO  - Processing DEN message (at simulation time 248.001,800,000 s)
2025-04-25 15:15:01,278 INFO  - Route change already tried once. (at simulation time 248.001,800,000 s)
2025-04-25 15:15:01,278 INFO  - Received message from veh_1 (at simulation time 248.003,200,000 s)
2025-04-25 15:15:01,278 INFO  - Processing DEN message (at simulation time 248.003,200,000 s)
2025-04-25 15:15:01,278 INFO  - Route change already tried once. (at simulation time 248.003,200,000 s)
2025-04-25 15:15:01,278 INFO  - Received message from veh_16 (at simulation time 248.003,200,000 s)
2025-04-25 15:15:01,278 INFO  - Processing DEN message (at simulation time 248.003,200,000 s)
2025-04-25 15:15:01,278 INFO  - Route change already tried once. (at simulation time 248.003,200,000 s)
2025-04-25 15:15:01,279 INFO  - Received message from veh_56 (at simulation time 248.003,800,000 s)
2025-04-25 15:15:01,279 INFO  - Processing DEN message (at simulation time 248.003,800,000 s)
2025-04-25 15:15:01,279 INFO  - Route change already tried once. (at simulation time 248.003,800,000 s)
2025-04-25 15:15:01,279 INFO  - Received message from veh_6 (at simulation time 248.004,200,000 s)
2025-04-25 15:15:01,279 INFO  - Processing DEN message (at simulation time 248.004,200,000 s)
2025-04-25 15:15:01,279 INFO  - Route change already tried once. (at simulation time 248.004,200,000 s)
2025-04-25 15:15:01,279 INFO  - Received message from veh_51 (at simulation time 248.004,300,000 s)
2025-04-25 15:15:01,279 INFO  - Processing DEN message (at simulation time 248.004,300,000 s)
2025-04-25 15:15:01,279 INFO  - Route change already tried once. (at simulation time 248.004,300,000 s)
2025-04-25 15:15:01,279 INFO  - Received message from veh_11 (at simulation time 248.004,700,000 s)
2025-04-25 15:15:01,279 INFO  - Processing DEN message (at simulation time 248.004,700,000 s)
2025-04-25 15:15:01,279 INFO  - Route change already tried once. (at simulation time 248.004,700,000 s)
2025-04-25 15:15:01,284 INFO  - Received message from veh_56 (at simulation time 249.001,300,000 s)
2025-04-25 15:15:01,284 INFO  - Processing DEN message (at simulation time 249.001,300,000 s)
2025-04-25 15:15:01,284 INFO  - Route change already tried once. (at simulation time 249.001,300,000 s)
2025-04-25 15:15:01,284 INFO  - Received message from veh_46 (at simulation time 249.002,300,000 s)
2025-04-25 15:15:01,284 INFO  - Processing DEN message (at simulation time 249.002,300,000 s)
2025-04-25 15:15:01,284 INFO  - Route change already tried once. (at simulation time 249.002,300,000 s)
2025-04-25 15:15:01,285 INFO  - Received message from veh_6 (at simulation time 249.003,700,000 s)
2025-04-25 15:15:01,285 INFO  - Processing DEN message (at simulation time 249.003,700,000 s)
2025-04-25 15:15:01,285 INFO  - Route change already tried once. (at simulation time 249.003,700,000 s)
2025-04-25 15:15:01,285 INFO  - Received message from veh_11 (at simulation time 249.004,200,000 s)
2025-04-25 15:15:01,285 INFO  - Processing DEN message (at simulation time 249.004,200,000 s)
2025-04-25 15:15:01,285 INFO  - Route change already tried once. (at simulation time 249.004,200,000 s)
2025-04-25 15:15:01,285 INFO  - Received message from veh_51 (at simulation time 249.004,300,000 s)
2025-04-25 15:15:01,285 INFO  - Processing DEN message (at simulation time 249.004,300,000 s)
2025-04-25 15:15:01,285 INFO  - Route change already tried once. (at simulation time 249.004,300,000 s)
2025-04-25 15:15:01,285 INFO  - Received message from veh_16 (at simulation time 249.004,700,000 s)
2025-04-25 15:15:01,285 INFO  - Processing DEN message (at simulation time 249.004,700,000 s)
2025-04-25 15:15:01,285 INFO  - Route change already tried once. (at simulation time 249.004,700,000 s)
2025-04-25 15:15:01,285 INFO  - Received message from veh_1 (at simulation time 249.005,200,000 s)
2025-04-25 15:15:01,285 INFO  - Processing DEN message (at simulation time 249.005,200,000 s)
2025-04-25 15:15:01,285 INFO  - Route change already tried once. (at simulation time 249.005,200,000 s)
2025-04-25 15:15:01,302 INFO  - Received message from veh_56 (at simulation time 250.002,300,000 s)
2025-04-25 15:15:01,302 INFO  - Processing DEN message (at simulation time 250.002,300,000 s)
2025-04-25 15:15:01,302 INFO  - Route change already tried once. (at simulation time 250.002,300,000 s)
2025-04-25 15:15:01,302 INFO  - Received message from veh_16 (at simulation time 250.003,200,000 s)
2025-04-25 15:15:01,302 INFO  - Processing DEN message (at simulation time 250.003,200,000 s)
2025-04-25 15:15:01,302 INFO  - Route change already tried once. (at simulation time 250.003,200,000 s)
2025-04-25 15:15:01,303 INFO  - Received message from veh_46 (at simulation time 250.004,300,000 s)
2025-04-25 15:15:01,303 INFO  - Processing DEN message (at simulation time 250.004,300,000 s)
2025-04-25 15:15:01,303 INFO  - Route change already tried once. (at simulation time 250.004,300,000 s)
2025-04-25 15:15:01,303 INFO  - Received message from veh_51 (at simulation time 250.004,300,000 s)
2025-04-25 15:15:01,303 INFO  - Processing DEN message (at simulation time 250.004,300,000 s)
2025-04-25 15:15:01,303 INFO  - Route change already tried once. (at simulation time 250.004,300,000 s)
2025-04-25 15:15:01,303 INFO  - Received message from veh_1 (at simulation time 250.004,700,000 s)
2025-04-25 15:15:01,303 INFO  - Processing DEN message (at simulation time 250.004,700,000 s)
2025-04-25 15:15:01,303 INFO  - Route change already tried once. (at simulation time 250.004,700,000 s)
2025-04-25 15:15:01,303 INFO  - Received message from veh_11 (at simulation time 250.005,200,000 s)
2025-04-25 15:15:01,303 INFO  - Processing DEN message (at simulation time 250.005,200,000 s)
2025-04-25 15:15:01,303 INFO  - Route change already tried once. (at simulation time 250.005,200,000 s)
2025-04-25 15:15:01,303 INFO  - Received message from veh_6 (at simulation time 250.005,700,000 s)
2025-04-25 15:15:01,303 INFO  - Processing DEN message (at simulation time 250.005,700,000 s)
2025-04-25 15:15:01,303 INFO  - Route change already tried once. (at simulation time 250.005,700,000 s)
2025-04-25 15:15:01,308 INFO  - Received message from veh_51 (at simulation time 251.001,300,000 s)
2025-04-25 15:15:01,308 INFO  - Processing DEN message (at simulation time 251.001,300,000 s)
2025-04-25 15:15:01,308 INFO  - Route change already tried once. (at simulation time 251.001,300,000 s)
2025-04-25 15:15:01,308 INFO  - Received message from veh_56 (at simulation time 251.001,300,000 s)
2025-04-25 15:15:01,308 INFO  - Processing DEN message (at simulation time 251.001,300,000 s)
2025-04-25 15:15:01,308 INFO  - Route change already tried once. (at simulation time 251.001,300,000 s)
2025-04-25 15:15:01,309 INFO  - Received message from veh_46 (at simulation time 251.003,300,000 s)
2025-04-25 15:15:01,309 INFO  - Processing DEN message (at simulation time 251.003,300,000 s)
2025-04-25 15:15:01,309 INFO  - Route change already tried once. (at simulation time 251.003,300,000 s)
2025-04-25 15:15:01,309 INFO  - Received message from veh_1 (at simulation time 251.004,200,000 s)
2025-04-25 15:15:01,309 INFO  - Processing DEN message (at simulation time 251.004,200,000 s)
2025-04-25 15:15:01,309 INFO  - Route change already tried once. (at simulation time 251.004,200,000 s)
2025-04-25 15:15:01,309 INFO  - Received message from veh_11 (at simulation time 251.004,200,000 s)
2025-04-25 15:15:01,309 INFO  - Processing DEN message (at simulation time 251.004,200,000 s)
2025-04-25 15:15:01,309 INFO  - Route change already tried once. (at simulation time 251.004,200,000 s)
2025-04-25 15:15:01,309 INFO  - Received message from veh_16 (at simulation time 251.004,200,000 s)
2025-04-25 15:15:01,309 INFO  - Processing DEN message (at simulation time 251.004,200,000 s)
2025-04-25 15:15:01,309 INFO  - Route change already tried once. (at simulation time 251.004,200,000 s)
2025-04-25 15:15:01,309 INFO  - Received message from veh_6 (at simulation time 251.004,700,000 s)
2025-04-25 15:15:01,309 INFO  - Processing DEN message (at simulation time 251.004,700,000 s)
2025-04-25 15:15:01,309 INFO  - Route change already tried once. (at simulation time 251.004,700,000 s)
2025-04-25 15:15:01,314 INFO  - Received message from veh_51 (at simulation time 252.001,300,000 s)
2025-04-25 15:15:01,314 INFO  - Processing DEN message (at simulation time 252.001,300,000 s)
2025-04-25 15:15:01,314 INFO  - Route change already tried once. (at simulation time 252.001,300,000 s)
2025-04-25 15:15:01,314 INFO  - Received message from veh_11 (at simulation time 252.002,200,000 s)
2025-04-25 15:15:01,314 INFO  - Processing DEN message (at simulation time 252.002,200,000 s)
2025-04-25 15:15:01,314 INFO  - Route change already tried once. (at simulation time 252.002,200,000 s)
2025-04-25 15:15:01,314 INFO  - Received message from veh_46 (at simulation time 252.002,300,000 s)
2025-04-25 15:15:01,314 INFO  - Processing DEN message (at simulation time 252.002,300,000 s)
2025-04-25 15:15:01,314 INFO  - Route change already tried once. (at simulation time 252.002,300,000 s)
2025-04-25 15:15:01,314 INFO  - Received message from veh_56 (at simulation time 252.002,300,000 s)
2025-04-25 15:15:01,314 INFO  - Processing DEN message (at simulation time 252.002,300,000 s)
2025-04-25 15:15:01,314 INFO  - Route change already tried once. (at simulation time 252.002,300,000 s)
2025-04-25 15:15:01,315 INFO  - Received message from veh_1 (at simulation time 252.003,700,000 s)
2025-04-25 15:15:01,315 INFO  - Processing DEN message (at simulation time 252.003,700,000 s)
2025-04-25 15:15:01,315 INFO  - Route change already tried once. (at simulation time 252.003,700,000 s)
2025-04-25 15:15:01,315 INFO  - Received message from veh_6 (at simulation time 252.004,200,000 s)
2025-04-25 15:15:01,315 INFO  - Processing DEN message (at simulation time 252.004,200,000 s)
2025-04-25 15:15:01,315 INFO  - Route change already tried once. (at simulation time 252.004,200,000 s)
2025-04-25 15:15:01,315 INFO  - Received message from veh_16 (at simulation time 252.004,200,000 s)
2025-04-25 15:15:01,315 INFO  - Processing DEN message (at simulation time 252.004,200,000 s)
2025-04-25 15:15:01,315 INFO  - Route change already tried once. (at simulation time 252.004,200,000 s)
2025-04-25 15:15:01,321 INFO  - Received message from veh_46 (at simulation time 253.004,200,000 s)
2025-04-25 15:15:01,321 INFO  - Processing DEN message (at simulation time 253.004,200,000 s)
2025-04-25 15:15:01,321 INFO  - Route change already tried once. (at simulation time 253.004,200,000 s)
2025-04-25 15:15:01,321 INFO  - Received message from veh_51 (at simulation time 253.004,200,000 s)
2025-04-25 15:15:01,321 INFO  - Processing DEN message (at simulation time 253.004,200,000 s)
2025-04-25 15:15:01,321 INFO  - Route change already tried once. (at simulation time 253.004,200,000 s)
2025-04-25 15:15:01,321 INFO  - Received message from veh_11 (at simulation time 253.004,600,000 s)
2025-04-25 15:15:01,321 INFO  - Processing DEN message (at simulation time 253.004,600,000 s)
2025-04-25 15:15:01,321 INFO  - Route change already tried once. (at simulation time 253.004,600,000 s)
2025-04-25 15:15:01,321 INFO  - Received message from veh_56 (at simulation time 253.004,700,000 s)
2025-04-25 15:15:01,321 INFO  - Processing DEN message (at simulation time 253.004,700,000 s)
2025-04-25 15:15:01,321 INFO  - Route change already tried once. (at simulation time 253.004,700,000 s)
2025-04-25 15:15:01,321 INFO  - Received message from veh_16 (at simulation time 253.005,100,000 s)
2025-04-25 15:15:01,321 INFO  - Processing DEN message (at simulation time 253.005,100,000 s)
2025-04-25 15:15:01,321 INFO  - Route change already tried once. (at simulation time 253.005,100,000 s)
2025-04-25 15:15:01,322 INFO  - Received message from veh_6 (at simulation time 253.005,600,000 s)
2025-04-25 15:15:01,322 INFO  - Processing DEN message (at simulation time 253.005,600,000 s)
2025-04-25 15:15:01,322 INFO  - Route change already tried once. (at simulation time 253.005,600,000 s)
2025-04-25 15:15:01,322 INFO  - Received message from veh_1 (at simulation time 253.006,100,000 s)
2025-04-25 15:15:01,322 INFO  - Processing DEN message (at simulation time 253.006,100,000 s)
2025-04-25 15:15:01,322 INFO  - Route change already tried once. (at simulation time 253.006,100,000 s)
2025-04-25 15:15:01,327 INFO  - Received message from veh_51 (at simulation time 254.001,200,000 s)
2025-04-25 15:15:01,327 INFO  - Processing DEN message (at simulation time 254.001,200,000 s)
2025-04-25 15:15:01,327 INFO  - Route change already tried once. (at simulation time 254.001,200,000 s)
2025-04-25 15:15:01,328 INFO  - Received message from veh_56 (at simulation time 254.002,800,000 s)
2025-04-25 15:15:01,328 INFO  - Processing DEN message (at simulation time 254.002,800,000 s)
2025-04-25 15:15:01,328 INFO  - Route change already tried once. (at simulation time 254.002,800,000 s)
2025-04-25 15:15:01,328 INFO  - Received message from veh_86 (at simulation time 254.002,800,000 s)
2025-04-25 15:15:01,328 INFO  - Processing DEN message (at simulation time 254.002,800,000 s)
2025-04-25 15:15:01,328 INFO  - Route change already tried once. (at simulation time 254.002,800,000 s)
2025-04-25 15:15:01,328 INFO  - Received message from veh_46 (at simulation time 254.003,700,000 s)
2025-04-25 15:15:01,328 INFO  - Processing DEN message (at simulation time 254.003,700,000 s)
2025-04-25 15:15:01,328 INFO  - Route change already tried once. (at simulation time 254.003,700,000 s)
2025-04-25 15:15:01,328 INFO  - Received message from veh_16 (at simulation time 254.004,200,000 s)
2025-04-25 15:15:01,328 INFO  - Processing DEN message (at simulation time 254.004,200,000 s)
2025-04-25 15:15:01,328 INFO  - Route change already tried once. (at simulation time 254.004,200,000 s)
2025-04-25 15:15:01,329 INFO  - Received message from veh_11 (at simulation time 254.005,700,000 s)
2025-04-25 15:15:01,329 INFO  - Processing DEN message (at simulation time 254.005,700,000 s)
2025-04-25 15:15:01,329 INFO  - Route change already tried once. (at simulation time 254.005,700,000 s)
2025-04-25 15:15:01,329 INFO  - Received message from veh_1 (at simulation time 254.006,600,000 s)
2025-04-25 15:15:01,329 INFO  - Processing DEN message (at simulation time 254.006,600,000 s)
2025-04-25 15:15:01,329 INFO  - Route change already tried once. (at simulation time 254.006,600,000 s)
2025-04-25 15:15:01,329 INFO  - Received message from veh_6 (at simulation time 254.007,100,000 s)
2025-04-25 15:15:01,329 INFO  - Processing DEN message (at simulation time 254.007,100,000 s)
2025-04-25 15:15:01,329 INFO  - Route change already tried once. (at simulation time 254.007,100,000 s)
2025-04-25 15:15:01,342 INFO  - Received message from veh_56 (at simulation time 255.001,300,000 s)
2025-04-25 15:15:01,342 INFO  - Processing DEN message (at simulation time 255.001,300,000 s)
2025-04-25 15:15:01,342 INFO  - Route change already tried once. (at simulation time 255.001,300,000 s)
2025-04-25 15:15:01,343 INFO  - Received message from veh_86 (at simulation time 255.002,800,000 s)
2025-04-25 15:15:01,343 INFO  - Processing DEN message (at simulation time 255.002,800,000 s)
2025-04-25 15:15:01,343 INFO  - Route change already tried once. (at simulation time 255.002,800,000 s)
2025-04-25 15:15:01,343 INFO  - Received message from veh_11 (at simulation time 255.003,700,000 s)
2025-04-25 15:15:01,343 INFO  - Processing DEN message (at simulation time 255.003,700,000 s)
2025-04-25 15:15:01,343 INFO  - Route change already tried once. (at simulation time 255.003,700,000 s)
2025-04-25 15:15:01,343 INFO  - Received message from veh_51 (at simulation time 255.003,700,000 s)
2025-04-25 15:15:01,343 INFO  - Processing DEN message (at simulation time 255.003,700,000 s)
2025-04-25 15:15:01,343 INFO  - Route change already tried once. (at simulation time 255.003,700,000 s)
2025-04-25 15:15:01,343 INFO  - Received message from veh_16 (at simulation time 255.004,700,000 s)
2025-04-25 15:15:01,343 INFO  - Processing DEN message (at simulation time 255.004,700,000 s)
2025-04-25 15:15:01,343 INFO  - Route change already tried once. (at simulation time 255.004,700,000 s)
2025-04-25 15:15:01,344 INFO  - Received message from veh_1 (at simulation time 255.005,100,000 s)
2025-04-25 15:15:01,344 INFO  - Processing DEN message (at simulation time 255.005,100,000 s)
2025-04-25 15:15:01,344 INFO  - Route change already tried once. (at simulation time 255.005,100,000 s)
2025-04-25 15:15:01,344 INFO  - Received message from veh_46 (at simulation time 255.006,700,000 s)
2025-04-25 15:15:01,344 INFO  - Processing DEN message (at simulation time 255.006,700,000 s)
2025-04-25 15:15:01,344 INFO  - Route change already tried once. (at simulation time 255.006,700,000 s)
2025-04-25 15:15:01,345 INFO  - Received message from veh_6 (at simulation time 255.008,100,000 s)
2025-04-25 15:15:01,345 INFO  - Processing DEN message (at simulation time 255.008,100,000 s)
2025-04-25 15:15:01,345 INFO  - Route change already tried once. (at simulation time 255.008,100,000 s)
2025-04-25 15:15:01,350 INFO  - Received message from veh_51 (at simulation time 256.001,700,000 s)
2025-04-25 15:15:01,350 INFO  - Processing DEN message (at simulation time 256.001,700,000 s)
2025-04-25 15:15:01,350 INFO  - Route change already tried once. (at simulation time 256.001,700,000 s)
2025-04-25 15:15:01,350 INFO  - Received message from veh_56 (at simulation time 256.001,800,000 s)
2025-04-25 15:15:01,350 INFO  - Processing DEN message (at simulation time 256.001,800,000 s)
2025-04-25 15:15:01,350 INFO  - Route change already tried once. (at simulation time 256.001,800,000 s)
2025-04-25 15:15:01,351 INFO  - Received message from veh_86 (at simulation time 256.003,300,000 s)
2025-04-25 15:15:01,351 INFO  - Processing DEN message (at simulation time 256.003,300,000 s)
2025-04-25 15:15:01,351 INFO  - Route change already tried once. (at simulation time 256.003,300,000 s)
2025-04-25 15:15:01,351 INFO  - Received message from veh_46 (at simulation time 256.003,700,000 s)
2025-04-25 15:15:01,351 INFO  - Processing DEN message (at simulation time 256.003,700,000 s)
2025-04-25 15:15:01,351 INFO  - Route change already tried once. (at simulation time 256.003,700,000 s)
2025-04-25 15:15:01,351 INFO  - Received message from veh_1 (at simulation time 256.004,100,000 s)
2025-04-25 15:15:01,351 INFO  - Processing DEN message (at simulation time 256.004,100,000 s)
2025-04-25 15:15:01,351 INFO  - Route change already tried once. (at simulation time 256.004,100,000 s)
2025-04-25 15:15:01,351 INFO  - Received message from veh_16 (at simulation time 256.005,200,000 s)
2025-04-25 15:15:01,351 INFO  - Processing DEN message (at simulation time 256.005,200,000 s)
2025-04-25 15:15:01,351 INFO  - Route change already tried once. (at simulation time 256.005,200,000 s)
2025-04-25 15:15:01,351 INFO  - Received message from veh_6 (at simulation time 256.005,600,000 s)
2025-04-25 15:15:01,351 INFO  - Processing DEN message (at simulation time 256.005,600,000 s)
2025-04-25 15:15:01,351 INFO  - Route change already tried once. (at simulation time 256.005,600,000 s)
2025-04-25 15:15:01,352 INFO  - Received message from veh_11 (at simulation time 256.006,200,000 s)
2025-04-25 15:15:01,352 INFO  - Processing DEN message (at simulation time 256.006,200,000 s)
2025-04-25 15:15:01,352 INFO  - Route change already tried once. (at simulation time 256.006,200,000 s)
2025-04-25 15:15:01,357 INFO  - Received message from veh_51 (at simulation time 257.001,800,000 s)
2025-04-25 15:15:01,357 INFO  - Processing DEN message (at simulation time 257.001,800,000 s)
2025-04-25 15:15:01,357 INFO  - Route change already tried once. (at simulation time 257.001,800,000 s)
2025-04-25 15:15:01,357 INFO  - Received message from veh_86 (at simulation time 257.002,800,000 s)
2025-04-25 15:15:01,357 INFO  - Processing DEN message (at simulation time 257.002,800,000 s)
2025-04-25 15:15:01,357 INFO  - Route change already tried once. (at simulation time 257.002,800,000 s)
2025-04-25 15:15:01,358 INFO  - Received message from veh_11 (at simulation time 257.003,200,000 s)
2025-04-25 15:15:01,358 INFO  - Processing DEN message (at simulation time 257.003,200,000 s)
2025-04-25 15:15:01,358 INFO  - Route change already tried once. (at simulation time 257.003,200,000 s)
2025-04-25 15:15:01,358 INFO  - Received message from veh_56 (at simulation time 257.003,300,000 s)
2025-04-25 15:15:01,358 INFO  - Processing DEN message (at simulation time 257.003,300,000 s)
2025-04-25 15:15:01,358 INFO  - Route change already tried once. (at simulation time 257.003,300,000 s)
2025-04-25 15:15:01,358 INFO  - Received message from veh_16 (at simulation time 257.003,700,000 s)
2025-04-25 15:15:01,358 INFO  - Processing DEN message (at simulation time 257.003,700,000 s)
2025-04-25 15:15:01,358 INFO  - Route change already tried once. (at simulation time 257.003,700,000 s)
2025-04-25 15:15:01,358 INFO  - Received message from veh_46 (at simulation time 257.003,700,000 s)
2025-04-25 15:15:01,358 INFO  - Processing DEN message (at simulation time 257.003,700,000 s)
2025-04-25 15:15:01,358 INFO  - Route change already tried once. (at simulation time 257.003,700,000 s)
2025-04-25 15:15:01,358 INFO  - Received message from veh_6 (at simulation time 257.004,700,000 s)
2025-04-25 15:15:01,358 INFO  - Processing DEN message (at simulation time 257.004,700,000 s)
2025-04-25 15:15:01,358 INFO  - Route change already tried once. (at simulation time 257.004,700,000 s)
2025-04-25 15:15:01,359 INFO  - Received message from veh_1 (at simulation time 257.007,100,000 s)
2025-04-25 15:15:01,359 INFO  - Processing DEN message (at simulation time 257.007,100,000 s)
2025-04-25 15:15:01,359 INFO  - Route change already tried once. (at simulation time 257.007,100,000 s)
2025-04-25 15:15:01,364 INFO  - Received message from veh_56 (at simulation time 258.001,800,000 s)
2025-04-25 15:15:01,364 INFO  - Processing DEN message (at simulation time 258.001,800,000 s)
2025-04-25 15:15:01,364 INFO  - Route change already tried once. (at simulation time 258.001,800,000 s)
2025-04-25 15:15:01,364 INFO  - Received message from veh_51 (at simulation time 258.002,300,000 s)
2025-04-25 15:15:01,364 INFO  - Processing DEN message (at simulation time 258.002,300,000 s)
2025-04-25 15:15:01,364 INFO  - Route change already tried once. (at simulation time 258.002,300,000 s)
2025-04-25 15:15:01,365 INFO  - Received message from veh_11 (at simulation time 258.003,700,000 s)
2025-04-25 15:15:01,365 INFO  - Processing DEN message (at simulation time 258.003,700,000 s)
2025-04-25 15:15:01,365 INFO  - Route change already tried once. (at simulation time 258.003,700,000 s)
2025-04-25 15:15:01,365 INFO  - Received message from veh_16 (at simulation time 258.003,700,000 s)
2025-04-25 15:15:01,365 INFO  - Processing DEN message (at simulation time 258.003,700,000 s)
2025-04-25 15:15:01,365 INFO  - Route change already tried once. (at simulation time 258.003,700,000 s)
2025-04-25 15:15:01,365 INFO  - Received message from veh_1 (at simulation time 258.004,100,000 s)
2025-04-25 15:15:01,365 INFO  - Processing DEN message (at simulation time 258.004,100,000 s)
2025-04-25 15:15:01,365 INFO  - Route change already tried once. (at simulation time 258.004,100,000 s)
2025-04-25 15:15:01,365 INFO  - Received message from veh_86 (at simulation time 258.004,300,000 s)
2025-04-25 15:15:01,365 INFO  - Processing DEN message (at simulation time 258.004,300,000 s)
2025-04-25 15:15:01,365 INFO  - Route change already tried once. (at simulation time 258.004,300,000 s)
2025-04-25 15:15:01,365 INFO  - Received message from veh_46 (at simulation time 258.005,200,000 s)
2025-04-25 15:15:01,365 INFO  - Processing DEN message (at simulation time 258.005,200,000 s)
2025-04-25 15:15:01,365 INFO  - Route change already tried once. (at simulation time 258.005,200,000 s)
2025-04-25 15:15:01,365 INFO  - Received message from veh_6 (at simulation time 258.005,700,000 s)
2025-04-25 15:15:01,365 INFO  - Processing DEN message (at simulation time 258.005,700,000 s)
2025-04-25 15:15:01,365 INFO  - Route change already tried once. (at simulation time 258.005,700,000 s)
2025-04-25 15:15:01,370 INFO  - Received message from veh_86 (at simulation time 259.001,800,000 s)
2025-04-25 15:15:01,370 INFO  - Processing DEN message (at simulation time 259.001,800,000 s)
2025-04-25 15:15:01,370 INFO  - Route change already tried once. (at simulation time 259.001,800,000 s)
2025-04-25 15:15:01,371 INFO  - Received message from veh_51 (at simulation time 259.002,800,000 s)
2025-04-25 15:15:01,371 INFO  - Processing DEN message (at simulation time 259.002,800,000 s)
2025-04-25 15:15:01,371 INFO  - Route change already tried once. (at simulation time 259.002,800,000 s)
2025-04-25 15:15:01,371 INFO  - Received message from veh_6 (at simulation time 259.003,200,000 s)
2025-04-25 15:15:01,371 INFO  - Processing DEN message (at simulation time 259.003,200,000 s)
2025-04-25 15:15:01,371 INFO  - Route change already tried once. (at simulation time 259.003,200,000 s)
2025-04-25 15:15:01,371 INFO  - Received message from veh_56 (at simulation time 259.003,800,000 s)
2025-04-25 15:15:01,371 INFO  - Processing DEN message (at simulation time 259.003,800,000 s)
2025-04-25 15:15:01,371 INFO  - Route change already tried once. (at simulation time 259.003,800,000 s)
2025-04-25 15:15:01,371 INFO  - Received message from veh_1 (at simulation time 259.004,100,000 s)
2025-04-25 15:15:01,371 INFO  - Processing DEN message (at simulation time 259.004,100,000 s)
2025-04-25 15:15:01,371 INFO  - Route change already tried once. (at simulation time 259.004,100,000 s)
2025-04-25 15:15:01,371 INFO  - Received message from veh_11 (at simulation time 259.004,200,000 s)
2025-04-25 15:15:01,371 INFO  - Processing DEN message (at simulation time 259.004,200,000 s)
2025-04-25 15:15:01,372 INFO  - Route change already tried once. (at simulation time 259.004,200,000 s)
2025-04-25 15:15:01,372 INFO  - Received message from veh_46 (at simulation time 259.004,200,000 s)
2025-04-25 15:15:01,372 INFO  - Processing DEN message (at simulation time 259.004,200,000 s)
2025-04-25 15:15:01,372 INFO  - Route change already tried once. (at simulation time 259.004,200,000 s)
2025-04-25 15:15:01,372 INFO  - Received message from veh_16 (at simulation time 259.005,200,000 s)
2025-04-25 15:15:01,372 INFO  - Processing DEN message (at simulation time 259.005,200,000 s)
2025-04-25 15:15:01,372 INFO  - Route change already tried once. (at simulation time 259.005,200,000 s)
2025-04-25 15:15:01,389 INFO  - Received message from veh_51 (at simulation time 260.002,700,000 s)
2025-04-25 15:15:01,389 INFO  - Processing DEN message (at simulation time 260.002,700,000 s)
2025-04-25 15:15:01,389 INFO  - Route change already tried once. (at simulation time 260.002,700,000 s)
2025-04-25 15:15:01,389 INFO  - Received message from veh_56 (at simulation time 260.002,700,000 s)
2025-04-25 15:15:01,389 INFO  - Processing DEN message (at simulation time 260.002,700,000 s)
2025-04-25 15:15:01,389 INFO  - Route change already tried once. (at simulation time 260.002,700,000 s)
2025-04-25 15:15:01,390 INFO  - Received message from veh_1 (at simulation time 260.003,600,000 s)
2025-04-25 15:15:01,390 INFO  - Processing DEN message (at simulation time 260.003,600,000 s)
2025-04-25 15:15:01,390 INFO  - Route change already tried once. (at simulation time 260.003,600,000 s)
2025-04-25 15:15:01,390 INFO  - Received message from veh_16 (at simulation time 260.003,600,000 s)
2025-04-25 15:15:01,390 INFO  - Processing DEN message (at simulation time 260.003,600,000 s)
2025-04-25 15:15:01,390 INFO  - Route change already tried once. (at simulation time 260.003,600,000 s)
2025-04-25 15:15:01,390 INFO  - Received message from veh_6 (at simulation time 260.004,600,000 s)
2025-04-25 15:15:01,390 INFO  - Processing DEN message (at simulation time 260.004,600,000 s)
2025-04-25 15:15:01,390 INFO  - Route change already tried once. (at simulation time 260.004,600,000 s)
2025-04-25 15:15:01,390 INFO  - Received message from veh_46 (at simulation time 260.005,200,000 s)
2025-04-25 15:15:01,390 INFO  - Processing DEN message (at simulation time 260.005,200,000 s)
2025-04-25 15:15:01,390 INFO  - Route change already tried once. (at simulation time 260.005,200,000 s)
2025-04-25 15:15:01,390 INFO  - Received message from veh_11 (at simulation time 260.005,600,000 s)
2025-04-25 15:15:01,390 INFO  - Processing DEN message (at simulation time 260.005,600,000 s)
2025-04-25 15:15:01,390 INFO  - Route change already tried once. (at simulation time 260.005,600,000 s)
2025-04-25 15:15:01,390 INFO  - Received message from veh_86 (at simulation time 260.005,700,000 s)
2025-04-25 15:15:01,391 INFO  - Processing DEN message (at simulation time 260.005,700,000 s)
2025-04-25 15:15:01,391 INFO  - Route change already tried once. (at simulation time 260.005,700,000 s)
2025-04-25 15:15:01,396 INFO  - Received message from veh_16 (at simulation time 261.003,100,000 s)
2025-04-25 15:15:01,396 INFO  - Processing DEN message (at simulation time 261.003,100,000 s)
2025-04-25 15:15:01,396 INFO  - Route change already tried once. (at simulation time 261.003,100,000 s)
2025-04-25 15:15:01,396 INFO  - Received message from veh_46 (at simulation time 261.003,700,000 s)
2025-04-25 15:15:01,396 INFO  - Processing DEN message (at simulation time 261.003,700,000 s)
2025-04-25 15:15:01,396 INFO  - Route change already tried once. (at simulation time 261.003,700,000 s)
2025-04-25 15:15:01,397 INFO  - Received message from veh_56 (at simulation time 261.004,200,000 s)
2025-04-25 15:15:01,397 INFO  - Processing DEN message (at simulation time 261.004,200,000 s)
2025-04-25 15:15:01,397 INFO  - Route change already tried once. (at simulation time 261.004,200,000 s)
2025-04-25 15:15:01,397 INFO  - Received message from veh_51 (at simulation time 261.004,700,000 s)
2025-04-25 15:15:01,397 INFO  - Processing DEN message (at simulation time 261.004,700,000 s)
2025-04-25 15:15:01,397 INFO  - Route change already tried once. (at simulation time 261.004,700,000 s)
2025-04-25 15:15:01,397 INFO  - Received message from veh_11 (at simulation time 261.005,100,000 s)
2025-04-25 15:15:01,397 INFO  - Processing DEN message (at simulation time 261.005,100,000 s)
2025-04-25 15:15:01,397 INFO  - Route change already tried once. (at simulation time 261.005,100,000 s)
2025-04-25 15:15:01,397 INFO  - Received message from veh_86 (at simulation time 261.006,200,000 s)
2025-04-25 15:15:01,397 INFO  - Processing DEN message (at simulation time 261.006,200,000 s)
2025-04-25 15:15:01,397 INFO  - Route change already tried once. (at simulation time 261.006,200,000 s)
2025-04-25 15:15:01,397 INFO  - Received message from veh_6 (at simulation time 261.006,600,000 s)
2025-04-25 15:15:01,397 INFO  - Processing DEN message (at simulation time 261.006,600,000 s)
2025-04-25 15:15:01,397 INFO  - Route change already tried once. (at simulation time 261.006,600,000 s)
2025-04-25 15:15:01,398 INFO  - Received message from veh_1 (at simulation time 261.008,100,000 s)
2025-04-25 15:15:01,398 INFO  - Processing DEN message (at simulation time 261.008,100,000 s)
2025-04-25 15:15:01,398 INFO  - Route change already tried once. (at simulation time 261.008,100,000 s)
2025-04-25 15:15:01,403 INFO  - Received message from veh_1 (at simulation time 262.002,600,000 s)
2025-04-25 15:15:01,403 INFO  - Processing DEN message (at simulation time 262.002,600,000 s)
2025-04-25 15:15:01,403 INFO  - Route change already tried once. (at simulation time 262.002,600,000 s)
2025-04-25 15:15:01,403 INFO  - Received message from veh_6 (at simulation time 262.002,600,000 s)
2025-04-25 15:15:01,403 INFO  - Processing DEN message (at simulation time 262.002,600,000 s)
2025-04-25 15:15:01,403 INFO  - Route change already tried once. (at simulation time 262.002,600,000 s)
2025-04-25 15:15:01,404 INFO  - Received message from veh_56 (at simulation time 262.003,700,000 s)
2025-04-25 15:15:01,404 INFO  - Processing DEN message (at simulation time 262.003,700,000 s)
2025-04-25 15:15:01,404 INFO  - Route change already tried once. (at simulation time 262.003,700,000 s)
2025-04-25 15:15:01,404 INFO  - Received message from veh_46 (at simulation time 262.004,200,000 s)
2025-04-25 15:15:01,404 INFO  - Processing DEN message (at simulation time 262.004,200,000 s)
2025-04-25 15:15:01,404 INFO  - Route change already tried once. (at simulation time 262.004,200,000 s)
2025-04-25 15:15:01,404 INFO  - Received message from veh_51 (at simulation time 262.004,700,000 s)
2025-04-25 15:15:01,404 INFO  - Processing DEN message (at simulation time 262.004,700,000 s)
2025-04-25 15:15:01,404 INFO  - Route change already tried once. (at simulation time 262.004,700,000 s)
2025-04-25 15:15:01,404 INFO  - Received message from veh_86 (at simulation time 262.004,700,000 s)
2025-04-25 15:15:01,404 INFO  - Processing DEN message (at simulation time 262.004,700,000 s)
2025-04-25 15:15:01,404 INFO  - Route change already tried once. (at simulation time 262.004,700,000 s)
2025-04-25 15:15:01,405 INFO  - Received message from veh_16 (at simulation time 262.005,600,000 s)
2025-04-25 15:15:01,405 INFO  - Processing DEN message (at simulation time 262.005,600,000 s)
2025-04-25 15:15:01,405 INFO  - Route change already tried once. (at simulation time 262.005,600,000 s)
2025-04-25 15:15:01,405 INFO  - Received message from veh_11 (at simulation time 262.007,100,000 s)
2025-04-25 15:15:01,405 INFO  - Processing DEN message (at simulation time 262.007,100,000 s)
2025-04-25 15:15:01,405 INFO  - Route change already tried once. (at simulation time 262.007,100,000 s)
2025-04-25 15:15:01,410 INFO  - Received message from veh_46 (at simulation time 263.003,700,000 s)
2025-04-25 15:15:01,410 INFO  - Processing DEN message (at simulation time 263.003,700,000 s)
2025-04-25 15:15:01,410 INFO  - Route change already tried once. (at simulation time 263.003,700,000 s)
2025-04-25 15:15:01,410 INFO  - Received message from veh_6 (at simulation time 263.004,100,000 s)
2025-04-25 15:15:01,410 INFO  - Processing DEN message (at simulation time 263.004,100,000 s)
2025-04-25 15:15:01,410 INFO  - Route change already tried once. (at simulation time 263.004,100,000 s)
2025-04-25 15:15:01,411 INFO  - Received message from veh_11 (at simulation time 263.004,600,000 s)
2025-04-25 15:15:01,411 INFO  - Processing DEN message (at simulation time 263.004,600,000 s)
2025-04-25 15:15:01,411 INFO  - Route change already tried once. (at simulation time 263.004,600,000 s)
2025-04-25 15:15:01,411 INFO  - Received message from veh_56 (at simulation time 263.004,700,000 s)
2025-04-25 15:15:01,411 INFO  - Processing DEN message (at simulation time 263.004,700,000 s)
2025-04-25 15:15:01,411 INFO  - Route change already tried once. (at simulation time 263.004,700,000 s)
2025-04-25 15:15:01,411 INFO  - Received message from veh_51 (at simulation time 263.005,200,000 s)
2025-04-25 15:15:01,411 INFO  - Processing DEN message (at simulation time 263.005,200,000 s)
2025-04-25 15:15:01,411 INFO  - Route change already tried once. (at simulation time 263.005,200,000 s)
2025-04-25 15:15:01,411 INFO  - Received message from veh_16 (at simulation time 263.005,600,000 s)
2025-04-25 15:15:01,411 INFO  - Processing DEN message (at simulation time 263.005,600,000 s)
2025-04-25 15:15:01,411 INFO  - Route change already tried once. (at simulation time 263.005,600,000 s)
2025-04-25 15:15:01,411 INFO  - Received message from veh_86 (at simulation time 263.005,700,000 s)
2025-04-25 15:15:01,411 INFO  - Processing DEN message (at simulation time 263.005,700,000 s)
2025-04-25 15:15:01,411 INFO  - Route change already tried once. (at simulation time 263.005,700,000 s)
2025-04-25 15:15:01,411 INFO  - Received message from veh_1 (at simulation time 263.006,600,000 s)
2025-04-25 15:15:01,411 INFO  - Processing DEN message (at simulation time 263.006,600,000 s)
2025-04-25 15:15:01,411 INFO  - Route change already tried once. (at simulation time 263.006,600,000 s)
2025-04-25 15:15:01,419 INFO  - Received message from veh_86 (at simulation time 264.002,700,000 s)
2025-04-25 15:15:01,419 INFO  - Processing DEN message (at simulation time 264.002,700,000 s)
2025-04-25 15:15:01,419 INFO  - Route change already tried once. (at simulation time 264.002,700,000 s)
2025-04-25 15:15:01,419 INFO  - Received message from veh_51 (at simulation time 264.003,600,000 s)
2025-04-25 15:15:01,419 INFO  - Processing DEN message (at simulation time 264.003,600,000 s)
2025-04-25 15:15:01,419 INFO  - Route change already tried once. (at simulation time 264.003,600,000 s)
2025-04-25 15:15:01,419 INFO  - Received message from veh_91 (at simulation time 264.004,200,000 s)
2025-04-25 15:15:01,419 INFO  - Processing DEN message (at simulation time 264.004,200,000 s)
2025-04-25 15:15:01,419 INFO  - Route change already tried once. (at simulation time 264.004,200,000 s)
2025-04-25 15:15:01,420 INFO  - Received message from veh_46 (at simulation time 264.005,100,000 s)
2025-04-25 15:15:01,420 INFO  - Processing DEN message (at simulation time 264.005,100,000 s)
2025-04-25 15:15:01,420 INFO  - Route change already tried once. (at simulation time 264.005,100,000 s)
2025-04-25 15:15:01,420 INFO  - Received message from veh_6 (at simulation time 264.005,500,000 s)
2025-04-25 15:15:01,420 INFO  - Processing DEN message (at simulation time 264.005,500,000 s)
2025-04-25 15:15:01,420 INFO  - Route change already tried once. (at simulation time 264.005,500,000 s)
2025-04-25 15:15:01,420 INFO  - Received message from veh_11 (at simulation time 264.006,500,000 s)
2025-04-25 15:15:01,420 INFO  - Processing DEN message (at simulation time 264.006,500,000 s)
2025-04-25 15:15:01,420 INFO  - Route change already tried once. (at simulation time 264.006,500,000 s)
2025-04-25 15:15:01,420 INFO  - Received message from veh_56 (at simulation time 264.007,100,000 s)
2025-04-25 15:15:01,420 INFO  - Processing DEN message (at simulation time 264.007,100,000 s)
2025-04-25 15:15:01,420 INFO  - Route change already tried once. (at simulation time 264.007,100,000 s)
2025-04-25 15:15:01,421 INFO  - Received message from veh_1 (at simulation time 264.009,000,000 s)
2025-04-25 15:15:01,421 INFO  - Processing DEN message (at simulation time 264.009,000,000 s)
2025-04-25 15:15:01,421 INFO  - Route change already tried once. (at simulation time 264.009,000,000 s)
2025-04-25 15:15:01,421 INFO  - Received message from veh_16 (at simulation time 264.010,500,000 s)
2025-04-25 15:15:01,421 INFO  - Processing DEN message (at simulation time 264.010,500,000 s)
2025-04-25 15:15:01,421 INFO  - Route change already tried once. (at simulation time 264.010,500,000 s)
2025-04-25 15:15:01,437 INFO  - Received message from veh_56 (at simulation time 265.004,100,000 s)
2025-04-25 15:15:01,438 INFO  - Processing DEN message (at simulation time 265.004,100,000 s)
2025-04-25 15:15:01,438 INFO  - Route change already tried once. (at simulation time 265.004,100,000 s)
2025-04-25 15:15:01,438 INFO  - Received message from veh_46 (at simulation time 265.005,100,000 s)
2025-04-25 15:15:01,438 INFO  - Processing DEN message (at simulation time 265.005,100,000 s)
2025-04-25 15:15:01,438 INFO  - Route change already tried once. (at simulation time 265.005,100,000 s)
2025-04-25 15:15:01,438 INFO  - Received message from veh_91 (at simulation time 265.005,200,000 s)
2025-04-25 15:15:01,438 INFO  - Processing DEN message (at simulation time 265.005,200,000 s)
2025-04-25 15:15:01,438 INFO  - Route change already tried once. (at simulation time 265.005,200,000 s)
2025-04-25 15:15:01,438 INFO  - Received message from veh_86 (at simulation time 265.005,700,000 s)
2025-04-25 15:15:01,438 INFO  - Processing DEN message (at simulation time 265.005,700,000 s)
2025-04-25 15:15:01,438 INFO  - Route change already tried once. (at simulation time 265.005,700,000 s)
2025-04-25 15:15:01,438 INFO  - Received message from veh_16 (at simulation time 265.006,000,000 s)
2025-04-25 15:15:01,438 INFO  - Processing DEN message (at simulation time 265.006,000,000 s)
2025-04-25 15:15:01,438 INFO  - Route change already tried once. (at simulation time 265.006,000,000 s)
2025-04-25 15:15:01,438 INFO  - Received message from veh_51 (at simulation time 265.006,100,000 s)
2025-04-25 15:15:01,438 INFO  - Processing DEN message (at simulation time 265.006,100,000 s)
2025-04-25 15:15:01,438 INFO  - Route change already tried once. (at simulation time 265.006,100,000 s)
2025-04-25 15:15:01,438 INFO  - Received message from veh_6 (at simulation time 265.006,500,000 s)
2025-04-25 15:15:01,438 INFO  - Processing DEN message (at simulation time 265.006,500,000 s)
2025-04-25 15:15:01,438 INFO  - Route change already tried once. (at simulation time 265.006,500,000 s)
2025-04-25 15:15:01,438 INFO  - Received message from veh_1 (at simulation time 265.007,000,000 s)
2025-04-25 15:15:01,438 INFO  - Processing DEN message (at simulation time 265.007,000,000 s)
2025-04-25 15:15:01,438 INFO  - Route change already tried once. (at simulation time 265.007,000,000 s)
2025-04-25 15:15:01,438 INFO  - Received message from veh_11 (at simulation time 265.007,000,000 s)
2025-04-25 15:15:01,438 INFO  - Processing DEN message (at simulation time 265.007,000,000 s)
2025-04-25 15:15:01,438 INFO  - Route change already tried once. (at simulation time 265.007,000,000 s)
2025-04-25 15:15:01,447 INFO  - Received message from veh_56 (at simulation time 266.004,100,000 s)
2025-04-25 15:15:01,447 INFO  - Processing DEN message (at simulation time 266.004,100,000 s)
2025-04-25 15:15:01,447 INFO  - Route change already tried once. (at simulation time 266.004,100,000 s)
2025-04-25 15:15:01,448 INFO  - Received message from veh_91 (at simulation time 266.005,200,000 s)
2025-04-25 15:15:01,448 INFO  - Processing DEN message (at simulation time 266.005,200,000 s)
2025-04-25 15:15:01,448 INFO  - Route change already tried once. (at simulation time 266.005,200,000 s)
2025-04-25 15:15:01,448 INFO  - Received message from veh_11 (at simulation time 266.006,000,000 s)
2025-04-25 15:15:01,448 INFO  - Processing DEN message (at simulation time 266.006,000,000 s)
2025-04-25 15:15:01,448 INFO  - Route change already tried once. (at simulation time 266.006,000,000 s)
2025-04-25 15:15:01,448 INFO  - Received message from veh_46 (at simulation time 266.006,100,000 s)
2025-04-25 15:15:01,448 INFO  - Processing DEN message (at simulation time 266.006,100,000 s)
2025-04-25 15:15:01,448 INFO  - Route change already tried once. (at simulation time 266.006,100,000 s)
2025-04-25 15:15:01,448 INFO  - Received message from veh_86 (at simulation time 266.006,200,000 s)
2025-04-25 15:15:01,448 INFO  - Processing DEN message (at simulation time 266.006,200,000 s)
2025-04-25 15:15:01,448 INFO  - Route change already tried once. (at simulation time 266.006,200,000 s)
2025-04-25 15:15:01,448 INFO  - Received message from veh_1 (at simulation time 266.007,000,000 s)
2025-04-25 15:15:01,448 INFO  - Processing DEN message (at simulation time 266.007,000,000 s)
2025-04-25 15:15:01,448 INFO  - Route change already tried once. (at simulation time 266.007,000,000 s)
2025-04-25 15:15:01,449 INFO  - Received message from veh_51 (at simulation time 266.007,100,000 s)
2025-04-25 15:15:01,449 INFO  - Processing DEN message (at simulation time 266.007,100,000 s)
2025-04-25 15:15:01,449 INFO  - Route change already tried once. (at simulation time 266.007,100,000 s)
2025-04-25 15:15:01,449 INFO  - Received message from veh_6 (at simulation time 266.007,500,000 s)
2025-04-25 15:15:01,449 INFO  - Processing DEN message (at simulation time 266.007,500,000 s)
2025-04-25 15:15:01,449 INFO  - Route change already tried once. (at simulation time 266.007,500,000 s)
2025-04-25 15:15:01,449 INFO  - Received message from veh_16 (at simulation time 266.007,500,000 s)
2025-04-25 15:15:01,449 INFO  - Processing DEN message (at simulation time 266.007,500,000 s)
2025-04-25 15:15:01,449 INFO  - Route change already tried once. (at simulation time 266.007,500,000 s)
2025-04-25 15:15:01,457 INFO  - Received message from veh_56 (at simulation time 267.002,700,000 s)
2025-04-25 15:15:01,457 INFO  - Processing DEN message (at simulation time 267.002,700,000 s)
2025-04-25 15:15:01,457 INFO  - Route change already tried once. (at simulation time 267.002,700,000 s)
2025-04-25 15:15:01,457 INFO  - Received message from veh_91 (at simulation time 267.003,200,000 s)
2025-04-25 15:15:01,457 INFO  - Processing DEN message (at simulation time 267.003,200,000 s)
2025-04-25 15:15:01,457 INFO  - Route change already tried once. (at simulation time 267.003,200,000 s)
2025-04-25 15:15:01,457 INFO  - Received message from veh_46 (at simulation time 267.004,100,000 s)
2025-04-25 15:15:01,457 INFO  - Processing DEN message (at simulation time 267.004,100,000 s)
2025-04-25 15:15:01,457 INFO  - Route change already tried once. (at simulation time 267.004,100,000 s)
2025-04-25 15:15:01,458 INFO  - Received message from veh_1 (at simulation time 267.005,500,000 s)
2025-04-25 15:15:01,458 INFO  - Processing DEN message (at simulation time 267.005,500,000 s)
2025-04-25 15:15:01,458 INFO  - Route change already tried once. (at simulation time 267.005,500,000 s)
2025-04-25 15:15:01,458 INFO  - Received message from veh_16 (at simulation time 267.005,600,000 s)
2025-04-25 15:15:01,458 INFO  - Processing DEN message (at simulation time 267.005,600,000 s)
2025-04-25 15:15:01,458 INFO  - Route change already tried once. (at simulation time 267.005,600,000 s)
2025-04-25 15:15:01,458 INFO  - Received message from veh_86 (at simulation time 267.006,200,000 s)
2025-04-25 15:15:01,458 INFO  - Processing DEN message (at simulation time 267.006,200,000 s)
2025-04-25 15:15:01,458 INFO  - Route change already tried once. (at simulation time 267.006,200,000 s)
2025-04-25 15:15:01,458 INFO  - Received message from veh_51 (at simulation time 267.007,100,000 s)
2025-04-25 15:15:01,458 INFO  - Processing DEN message (at simulation time 267.007,100,000 s)
2025-04-25 15:15:01,458 INFO  - Route change already tried once. (at simulation time 267.007,100,000 s)
2025-04-25 15:15:01,458 INFO  - Received message from veh_6 (at simulation time 267.007,500,000 s)
2025-04-25 15:15:01,458 INFO  - Processing DEN message (at simulation time 267.007,500,000 s)
2025-04-25 15:15:01,458 INFO  - Route change already tried once. (at simulation time 267.007,500,000 s)
2025-04-25 15:15:01,458 INFO  - Received message from veh_11 (at simulation time 267.008,100,000 s)
2025-04-25 15:15:01,458 INFO  - Processing DEN message (at simulation time 267.008,100,000 s)
2025-04-25 15:15:01,458 INFO  - Route change already tried once. (at simulation time 267.008,100,000 s)
2025-04-25 15:15:01,465 INFO  - Received message from veh_56 (at simulation time 268.001,700,000 s)
2025-04-25 15:15:01,465 INFO  - Processing DEN message (at simulation time 268.001,700,000 s)
2025-04-25 15:15:01,465 INFO  - Route change already tried once. (at simulation time 268.001,700,000 s)
2025-04-25 15:15:01,466 INFO  - Received message from veh_86 (at simulation time 268.004,700,000 s)
2025-04-25 15:15:01,466 INFO  - Processing DEN message (at simulation time 268.004,700,000 s)
2025-04-25 15:15:01,466 INFO  - Route change already tried once. (at simulation time 268.004,700,000 s)
2025-04-25 15:15:01,466 INFO  - Received message from veh_1 (at simulation time 268.005,500,000 s)
2025-04-25 15:15:01,466 INFO  - Processing DEN message (at simulation time 268.005,500,000 s)
2025-04-25 15:15:01,466 INFO  - Route change already tried once. (at simulation time 268.005,500,000 s)
2025-04-25 15:15:01,466 INFO  - Received message from veh_16 (at simulation time 268.005,600,000 s)
2025-04-25 15:15:01,466 INFO  - Processing DEN message (at simulation time 268.005,600,000 s)
2025-04-25 15:15:01,466 INFO  - Route change already tried once. (at simulation time 268.005,600,000 s)
2025-04-25 15:15:01,467 INFO  - Received message from veh_91 (at simulation time 268.005,700,000 s)
2025-04-25 15:15:01,467 INFO  - Processing DEN message (at simulation time 268.005,700,000 s)
2025-04-25 15:15:01,467 INFO  - Route change already tried once. (at simulation time 268.005,700,000 s)
2025-04-25 15:15:01,467 INFO  - Received message from veh_46 (at simulation time 268.006,600,000 s)
2025-04-25 15:15:01,467 INFO  - Processing DEN message (at simulation time 268.006,600,000 s)
2025-04-25 15:15:01,467 INFO  - Route change already tried once. (at simulation time 268.006,600,000 s)
2025-04-25 15:15:01,467 INFO  - Received message from veh_51 (at simulation time 268.007,100,000 s)
2025-04-25 15:15:01,467 INFO  - Processing DEN message (at simulation time 268.007,100,000 s)
2025-04-25 15:15:01,467 INFO  - Route change already tried once. (at simulation time 268.007,100,000 s)
2025-04-25 15:15:01,467 INFO  - Received message from veh_6 (at simulation time 268.007,500,000 s)
2025-04-25 15:15:01,467 INFO  - Processing DEN message (at simulation time 268.007,500,000 s)
2025-04-25 15:15:01,467 INFO  - Route change already tried once. (at simulation time 268.007,500,000 s)
2025-04-25 15:15:01,467 INFO  - Received message from veh_11 (at simulation time 268.007,600,000 s)
2025-04-25 15:15:01,467 INFO  - Processing DEN message (at simulation time 268.007,600,000 s)
2025-04-25 15:15:01,467 INFO  - Route change already tried once. (at simulation time 268.007,600,000 s)
2025-04-25 15:15:01,473 INFO  - Received message from veh_11 (at simulation time 269.003,600,000 s)
2025-04-25 15:15:01,473 INFO  - Processing DEN message (at simulation time 269.003,600,000 s)
2025-04-25 15:15:01,473 INFO  - Route change already tried once. (at simulation time 269.003,600,000 s)
2025-04-25 15:15:01,473 INFO  - Received message from veh_86 (at simulation time 269.003,700,000 s)
2025-04-25 15:15:01,473 INFO  - Processing DEN message (at simulation time 269.003,700,000 s)
2025-04-25 15:15:01,473 INFO  - Route change already tried once. (at simulation time 269.003,700,000 s)
2025-04-25 15:15:01,473 INFO  - Received message from veh_51 (at simulation time 269.004,100,000 s)
2025-04-25 15:15:01,473 INFO  - Processing DEN message (at simulation time 269.004,100,000 s)
2025-04-25 15:15:01,473 INFO  - Route change already tried once. (at simulation time 269.004,100,000 s)
2025-04-25 15:15:01,473 INFO  - Received message from veh_46 (at simulation time 269.004,600,000 s)
2025-04-25 15:15:01,473 INFO  - Processing DEN message (at simulation time 269.004,600,000 s)
2025-04-25 15:15:01,473 INFO  - Route change already tried once. (at simulation time 269.004,600,000 s)
2025-04-25 15:15:01,473 INFO  - Received message from veh_56 (at simulation time 269.004,700,000 s)
2025-04-25 15:15:01,473 INFO  - Processing DEN message (at simulation time 269.004,700,000 s)
2025-04-25 15:15:01,473 INFO  - Route change already tried once. (at simulation time 269.004,700,000 s)
2025-04-25 15:15:01,473 INFO  - Received message from veh_91 (at simulation time 269.004,700,000 s)
2025-04-25 15:15:01,473 INFO  - Processing DEN message (at simulation time 269.004,700,000 s)
2025-04-25 15:15:01,473 INFO  - Route change already tried once. (at simulation time 269.004,700,000 s)
2025-04-25 15:15:01,473 INFO  - Received message from veh_16 (at simulation time 269.005,600,000 s)
2025-04-25 15:15:01,473 INFO  - Processing DEN message (at simulation time 269.005,600,000 s)
2025-04-25 15:15:01,473 INFO  - Route change already tried once. (at simulation time 269.005,600,000 s)
2025-04-25 15:15:01,474 INFO  - Received message from veh_1 (at simulation time 269.009,500,000 s)
2025-04-25 15:15:01,474 INFO  - Processing DEN message (at simulation time 269.009,500,000 s)
2025-04-25 15:15:01,474 INFO  - Route change already tried once. (at simulation time 269.009,500,000 s)
2025-04-25 15:15:01,474 INFO  - Received message from veh_6 (at simulation time 269.010,000,000 s)
2025-04-25 15:15:01,474 INFO  - Processing DEN message (at simulation time 269.010,000,000 s)
2025-04-25 15:15:01,474 INFO  - Route change already tried once. (at simulation time 269.010,000,000 s)
2025-04-25 15:15:01,490 INFO  - Received message from veh_46 (at simulation time 270.002,100,000 s)
2025-04-25 15:15:01,490 INFO  - Processing DEN message (at simulation time 270.002,100,000 s)
2025-04-25 15:15:01,490 INFO  - Route change already tried once. (at simulation time 270.002,100,000 s)
2025-04-25 15:15:01,490 INFO  - Received message from veh_86 (at simulation time 270.002,700,000 s)
2025-04-25 15:15:01,490 INFO  - Processing DEN message (at simulation time 270.002,700,000 s)
2025-04-25 15:15:01,490 INFO  - Route change already tried once. (at simulation time 270.002,700,000 s)
2025-04-25 15:15:01,490 INFO  - Received message from veh_91 (at simulation time 270.002,700,000 s)
2025-04-25 15:15:01,490 INFO  - Processing DEN message (at simulation time 270.002,700,000 s)
2025-04-25 15:15:01,490 INFO  - Route change already tried once. (at simulation time 270.002,700,000 s)
2025-04-25 15:15:01,491 INFO  - Received message from veh_56 (at simulation time 270.004,200,000 s)
2025-04-25 15:15:01,491 INFO  - Processing DEN message (at simulation time 270.004,200,000 s)
2025-04-25 15:15:01,491 INFO  - Route change already tried once. (at simulation time 270.004,200,000 s)
2025-04-25 15:15:01,491 INFO  - Received message from veh_16 (at simulation time 270.004,600,000 s)
2025-04-25 15:15:01,491 INFO  - Processing DEN message (at simulation time 270.004,600,000 s)
2025-04-25 15:15:01,491 INFO  - Route change already tried once. (at simulation time 270.004,600,000 s)
2025-04-25 15:15:01,491 INFO  - Received message from veh_11 (at simulation time 270.005,100,000 s)
2025-04-25 15:15:01,491 INFO  - Processing DEN message (at simulation time 270.005,100,000 s)
2025-04-25 15:15:01,491 INFO  - Route change already tried once. (at simulation time 270.005,100,000 s)
2025-04-25 15:15:01,491 INFO  - Received message from veh_51 (at simulation time 270.005,200,000 s)
2025-04-25 15:15:01,491 INFO  - Processing DEN message (at simulation time 270.005,200,000 s)
2025-04-25 15:15:01,491 INFO  - Route change already tried once. (at simulation time 270.005,200,000 s)
2025-04-25 15:15:01,491 INFO  - Received message from veh_1 (at simulation time 270.006,000,000 s)
2025-04-25 15:15:01,491 INFO  - Processing DEN message (at simulation time 270.006,000,000 s)
2025-04-25 15:15:01,491 INFO  - Route change already tried once. (at simulation time 270.006,000,000 s)
2025-04-25 15:15:01,492 INFO  - Received message from veh_6 (at simulation time 270.006,100,000 s)
2025-04-25 15:15:01,492 INFO  - Processing DEN message (at simulation time 270.006,100,000 s)
2025-04-25 15:15:01,492 INFO  - Route change already tried once. (at simulation time 270.006,100,000 s)
2025-04-25 15:15:01,498 INFO  - Received message from veh_56 (at simulation time 271.003,700,000 s)
2025-04-25 15:15:01,498 INFO  - Processing DEN message (at simulation time 271.003,700,000 s)
2025-04-25 15:15:01,498 INFO  - Route change already tried once. (at simulation time 271.003,700,000 s)
2025-04-25 15:15:01,498 INFO  - Received message from veh_91 (at simulation time 271.004,200,000 s)
2025-04-25 15:15:01,498 INFO  - Processing DEN message (at simulation time 271.004,200,000 s)
2025-04-25 15:15:01,498 INFO  - Route change already tried once. (at simulation time 271.004,200,000 s)
2025-04-25 15:15:01,499 INFO  - Received message from veh_16 (at simulation time 271.004,600,000 s)
2025-04-25 15:15:01,499 INFO  - Processing DEN message (at simulation time 271.004,600,000 s)
2025-04-25 15:15:01,499 INFO  - Route change already tried once. (at simulation time 271.004,600,000 s)
2025-04-25 15:15:01,499 INFO  - Received message from veh_6 (at simulation time 271.005,100,000 s)
2025-04-25 15:15:01,499 INFO  - Processing DEN message (at simulation time 271.005,100,000 s)
2025-04-25 15:15:01,499 INFO  - Route change already tried once. (at simulation time 271.005,100,000 s)
2025-04-25 15:15:01,499 INFO  - Received message from veh_11 (at simulation time 271.005,600,000 s)
2025-04-25 15:15:01,499 INFO  - Processing DEN message (at simulation time 271.005,600,000 s)
2025-04-25 15:15:01,499 INFO  - Route change already tried once. (at simulation time 271.005,600,000 s)
2025-04-25 15:15:01,499 INFO  - Received message from veh_86 (at simulation time 271.005,700,000 s)
2025-04-25 15:15:01,499 INFO  - Processing DEN message (at simulation time 271.005,700,000 s)
2025-04-25 15:15:01,499 INFO  - Route change already tried once. (at simulation time 271.005,700,000 s)
2025-04-25 15:15:01,499 INFO  - Received message from veh_1 (at simulation time 271.006,500,000 s)
2025-04-25 15:15:01,499 INFO  - Processing DEN message (at simulation time 271.006,500,000 s)
2025-04-25 15:15:01,499 INFO  - Route change already tried once. (at simulation time 271.006,500,000 s)
2025-04-25 15:15:01,500 INFO  - Received message from veh_51 (at simulation time 271.006,700,000 s)
2025-04-25 15:15:01,500 INFO  - Processing DEN message (at simulation time 271.006,700,000 s)
2025-04-25 15:15:01,500 INFO  - Route change already tried once. (at simulation time 271.006,700,000 s)
2025-04-25 15:15:01,500 INFO  - Received message from veh_46 (at simulation time 271.007,100,000 s)
2025-04-25 15:15:01,500 INFO  - Processing DEN message (at simulation time 271.007,100,000 s)
2025-04-25 15:15:01,500 INFO  - Route change already tried once. (at simulation time 271.007,100,000 s)
2025-04-25 15:15:01,508 INFO  - Received message from veh_91 (at simulation time 272.004,200,000 s)
2025-04-25 15:15:01,508 INFO  - Processing DEN message (at simulation time 272.004,200,000 s)
2025-04-25 15:15:01,508 INFO  - Route change already tried once. (at simulation time 272.004,200,000 s)
2025-04-25 15:15:01,508 INFO  - Received message from veh_51 (at simulation time 272.004,700,000 s)
2025-04-25 15:15:01,508 INFO  - Processing DEN message (at simulation time 272.004,700,000 s)
2025-04-25 15:15:01,508 INFO  - Route change already tried once. (at simulation time 272.004,700,000 s)
2025-04-25 15:15:01,508 INFO  - Received message from veh_86 (at simulation time 272.005,200,000 s)
2025-04-25 15:15:01,508 INFO  - Processing DEN message (at simulation time 272.005,200,000 s)
2025-04-25 15:15:01,508 INFO  - Route change already tried once. (at simulation time 272.005,200,000 s)
2025-04-25 15:15:01,508 INFO  - Received message from veh_6 (at simulation time 272.005,600,000 s)
2025-04-25 15:15:01,508 INFO  - Processing DEN message (at simulation time 272.005,600,000 s)
2025-04-25 15:15:01,508 INFO  - Route change already tried once. (at simulation time 272.005,600,000 s)
2025-04-25 15:15:01,508 INFO  - Received message from veh_56 (at simulation time 272.006,200,000 s)
2025-04-25 15:15:01,508 INFO  - Processing DEN message (at simulation time 272.006,200,000 s)
2025-04-25 15:15:01,508 INFO  - Route change already tried once. (at simulation time 272.006,200,000 s)
2025-04-25 15:15:01,508 INFO  - Received message from veh_16 (at simulation time 272.007,100,000 s)
2025-04-25 15:15:01,508 INFO  - Processing DEN message (at simulation time 272.007,100,000 s)
2025-04-25 15:15:01,508 INFO  - Route change already tried once. (at simulation time 272.007,100,000 s)
2025-04-25 15:15:01,508 INFO  - Received message from veh_46 (at simulation time 272.007,100,000 s)
2025-04-25 15:15:01,508 INFO  - Processing DEN message (at simulation time 272.007,100,000 s)
2025-04-25 15:15:01,508 INFO  - Route change already tried once. (at simulation time 272.007,100,000 s)
2025-04-25 15:15:01,508 INFO  - Received message from veh_11 (at simulation time 272.008,100,000 s)
2025-04-25 15:15:01,508 INFO  - Processing DEN message (at simulation time 272.008,100,000 s)
2025-04-25 15:15:01,508 INFO  - Route change already tried once. (at simulation time 272.008,100,000 s)
2025-04-25 15:15:01,509 INFO  - Received message from veh_1 (at simulation time 272.008,500,000 s)
2025-04-25 15:15:01,509 INFO  - Processing DEN message (at simulation time 272.008,500,000 s)
2025-04-25 15:15:01,509 INFO  - Route change already tried once. (at simulation time 272.008,500,000 s)
2025-04-25 15:15:01,516 INFO  - Received message from veh_91 (at simulation time 273.002,700,000 s)
2025-04-25 15:15:01,516 INFO  - Processing DEN message (at simulation time 273.002,700,000 s)
2025-04-25 15:15:01,516 INFO  - Route change already tried once. (at simulation time 273.002,700,000 s)
2025-04-25 15:15:01,516 INFO  - Received message from veh_86 (at simulation time 273.003,200,000 s)
2025-04-25 15:15:01,516 INFO  - Processing DEN message (at simulation time 273.003,200,000 s)
2025-04-25 15:15:01,516 INFO  - Route change already tried once. (at simulation time 273.003,200,000 s)
2025-04-25 15:15:01,516 INFO  - Received message from veh_51 (at simulation time 273.004,700,000 s)
2025-04-25 15:15:01,516 INFO  - Processing DEN message (at simulation time 273.004,700,000 s)
2025-04-25 15:15:01,516 INFO  - Route change already tried once. (at simulation time 273.004,700,000 s)
2025-04-25 15:15:01,516 INFO  - Received message from veh_56 (at simulation time 273.004,700,000 s)
2025-04-25 15:15:01,516 INFO  - Processing DEN message (at simulation time 273.004,700,000 s)
2025-04-25 15:15:01,516 INFO  - Route change already tried once. (at simulation time 273.004,700,000 s)
2025-04-25 15:15:01,516 INFO  - Received message from veh_6 (at simulation time 273.005,100,000 s)
2025-04-25 15:15:01,516 INFO  - Processing DEN message (at simulation time 273.005,100,000 s)
2025-04-25 15:15:01,516 INFO  - Route change already tried once. (at simulation time 273.005,100,000 s)
2025-04-25 15:15:01,516 INFO  - Received message from veh_46 (at simulation time 273.005,100,000 s)
2025-04-25 15:15:01,516 INFO  - Processing DEN message (at simulation time 273.005,100,000 s)
2025-04-25 15:15:01,516 INFO  - Route change already tried once. (at simulation time 273.005,100,000 s)
2025-04-25 15:15:01,516 INFO  - Received message from veh_11 (at simulation time 273.005,600,000 s)
2025-04-25 15:15:01,516 INFO  - Processing DEN message (at simulation time 273.005,600,000 s)
2025-04-25 15:15:01,516 INFO  - Route change already tried once. (at simulation time 273.005,600,000 s)
2025-04-25 15:15:01,517 INFO  - Received message from veh_16 (at simulation time 273.006,100,000 s)
2025-04-25 15:15:01,517 INFO  - Processing DEN message (at simulation time 273.006,100,000 s)
2025-04-25 15:15:01,517 INFO  - Route change already tried once. (at simulation time 273.006,100,000 s)
2025-04-25 15:15:01,517 INFO  - Received message from veh_1 (at simulation time 273.008,000,000 s)
2025-04-25 15:15:01,517 INFO  - Processing DEN message (at simulation time 273.008,000,000 s)
2025-04-25 15:15:01,517 INFO  - Route change already tried once. (at simulation time 273.008,000,000 s)
2025-04-25 15:15:02,716 INFO  - Shutdown application (at simulation time 493.000,000,000 s)
