2025-04-25 15:02:22,166 INFO  - Initialize application (at simulation time 232.000,000,000 s)
2025-04-25 15:02:22,167 INFO  - Activated Cell Module (at simulation time 232.000,000,000 s)
2025-04-25 15:02:22,962 INFO  - Sensor ICE event detected (at simulation time 308.000,000,000 s)
2025-04-25 15:02:22,962 INFO  - Sending DENM (at simulation time 308.000,000,000 s)
2025-04-25 15:02:22,966 INFO  - Sensor ICE event detected (at simulation time 309.000,000,000 s)
2025-04-25 15:02:22,966 INFO  - Sending DENM (at simulation time 309.000,000,000 s)
2025-04-25 15:02:22,976 INFO  - Sensor ICE event detected (at simulation time 310.000,000,000 s)
2025-04-25 15:02:22,976 INFO  - Sending DENM (at simulation time 310.000,000,000 s)
2025-04-25 15:02:22,981 INFO  - Sensor ICE event detected (at simulation time 311.000,000,000 s)
2025-04-25 15:02:22,981 INFO  - Sending DENM (at simulation time 311.000,000,000 s)
2025-04-25 15:02:22,985 INFO  - Sensor ICE event detected (at simulation time 312.000,000,000 s)
2025-04-25 15:02:22,985 INFO  - Sending DENM (at simulation time 312.000,000,000 s)
2025-04-25 15:02:22,989 INFO  - Sensor ICE event detected (at simulation time 313.000,000,000 s)
2025-04-25 15:02:22,989 INFO  - Sending DENM (at simulation time 313.000,000,000 s)
2025-04-25 15:02:22,997 INFO  - Sensor ICE event detected (at simulation time 314.000,000,000 s)
2025-04-25 15:02:22,997 INFO  - Sending DENM (at simulation time 314.000,000,000 s)
2025-04-25 15:02:23,007 INFO  - Sensor ICE event detected (at simulation time 315.000,000,000 s)
2025-04-25 15:02:23,007 INFO  - Sending DENM (at simulation time 315.000,000,000 s)
2025-04-25 15:02:23,011 INFO  - Sensor ICE event detected (at simulation time 316.000,000,000 s)
2025-04-25 15:02:23,011 INFO  - Sending DENM (at simulation time 316.000,000,000 s)
2025-04-25 15:02:23,016 INFO  - Sensor ICE event detected (at simulation time 317.000,000,000 s)
2025-04-25 15:02:23,016 INFO  - Sending DENM (at simulation time 317.000,000,000 s)
2025-04-25 15:02:23,020 INFO  - Sensor ICE event detected (at simulation time 318.000,000,000 s)
2025-04-25 15:02:23,020 INFO  - Sending DENM (at simulation time 318.000,000,000 s)
2025-04-25 15:02:23,025 INFO  - Sensor ICE event detected (at simulation time 319.000,000,000 s)
2025-04-25 15:02:23,025 INFO  - Sending DENM (at simulation time 319.000,000,000 s)
2025-04-25 15:02:23,034 INFO  - Sensor ICE event detected (at simulation time 320.000,000,000 s)
2025-04-25 15:02:23,034 INFO  - Sending DENM (at simulation time 320.000,000,000 s)
2025-04-25 15:02:23,091 INFO  - Sensor ICE event detected (at simulation time 321.000,000,000 s)
2025-04-25 15:02:23,091 INFO  - Sending DENM (at simulation time 321.000,000,000 s)
2025-04-25 15:02:23,096 INFO  - Sensor ICE event detected (at simulation time 322.000,000,000 s)
2025-04-25 15:02:23,096 INFO  - Sending DENM (at simulation time 322.000,000,000 s)
2025-04-25 15:02:23,100 INFO  - Sensor ICE event detected (at simulation time 323.000,000,000 s)
2025-04-25 15:02:23,100 INFO  - Sending DENM (at simulation time 323.000,000,000 s)
2025-04-25 15:02:23,104 INFO  - Sensor ICE event detected (at simulation time 324.000,000,000 s)
2025-04-25 15:02:23,104 INFO  - Sending DENM (at simulation time 324.000,000,000 s)
2025-04-25 15:02:23,114 INFO  - Sensor ICE event detected (at simulation time 325.000,000,000 s)
2025-04-25 15:02:23,114 INFO  - Sending DENM (at simulation time 325.000,000,000 s)
2025-04-25 15:02:23,118 INFO  - Sensor ICE event detected (at simulation time 326.000,000,000 s)
2025-04-25 15:02:23,118 INFO  - Sending DENM (at simulation time 326.000,000,000 s)
2025-04-25 15:02:23,123 INFO  - Sensor ICE event detected (at simulation time 327.000,000,000 s)
2025-04-25 15:02:23,123 INFO  - Sending DENM (at simulation time 327.000,000,000 s)
2025-04-25 15:02:23,127 INFO  - Sensor ICE event detected (at simulation time 328.000,000,000 s)
2025-04-25 15:02:23,127 INFO  - Sending DENM (at simulation time 328.000,000,000 s)
2025-04-25 15:02:23,131 INFO  - Sensor ICE event detected (at simulation time 329.000,000,000 s)
2025-04-25 15:02:23,131 INFO  - Sending DENM (at simulation time 329.000,000,000 s)
2025-04-25 15:02:23,142 INFO  - Sensor ICE event detected (at simulation time 330.000,000,000 s)
2025-04-25 15:02:23,142 INFO  - Sending DENM (at simulation time 330.000,000,000 s)
2025-04-25 15:02:23,146 INFO  - Sensor ICE event detected (at simulation time 331.000,000,000 s)
2025-04-25 15:02:23,146 INFO  - Sending DENM (at simulation time 331.000,000,000 s)
2025-04-25 15:02:23,149 INFO  - Sensor ICE event detected (at simulation time 332.000,000,000 s)
2025-04-25 15:02:23,149 INFO  - Sending DENM (at simulation time 332.000,000,000 s)
2025-04-25 15:02:23,153 INFO  - Sensor ICE event detected (at simulation time 333.000,000,000 s)
2025-04-25 15:02:23,153 INFO  - Sending DENM (at simulation time 333.000,000,000 s)
2025-04-25 15:02:23,157 INFO  - Sensor ICE event detected (at simulation time 334.000,000,000 s)
2025-04-25 15:02:23,157 INFO  - Sending DENM (at simulation time 334.000,000,000 s)
2025-04-25 15:02:23,170 INFO  - Sensor ICE event detected (at simulation time 335.000,000,000 s)
2025-04-25 15:02:23,170 INFO  - Sending DENM (at simulation time 335.000,000,000 s)
2025-04-25 15:02:23,175 INFO  - Sensor ICE event detected (at simulation time 336.000,000,000 s)
2025-04-25 15:02:23,175 INFO  - Sending DENM (at simulation time 336.000,000,000 s)
2025-04-25 15:02:23,179 INFO  - Sensor ICE event detected (at simulation time 337.000,000,000 s)
2025-04-25 15:02:23,179 INFO  - Sending DENM (at simulation time 337.000,000,000 s)
2025-04-25 15:02:23,184 INFO  - Sensor ICE event detected (at simulation time 338.000,000,000 s)
2025-04-25 15:02:23,184 INFO  - Sending DENM (at simulation time 338.000,000,000 s)
2025-04-25 15:02:23,188 INFO  - Sensor ICE event detected (at simulation time 339.000,000,000 s)
2025-04-25 15:02:23,188 INFO  - Sending DENM (at simulation time 339.000,000,000 s)
2025-04-25 15:02:23,200 INFO  - Sensor ICE event detected (at simulation time 340.000,000,000 s)
2025-04-25 15:02:23,200 INFO  - Sending DENM (at simulation time 340.000,000,000 s)
2025-04-25 15:02:23,204 INFO  - Sensor ICE event detected (at simulation time 341.000,000,000 s)
2025-04-25 15:02:23,204 INFO  - Sending DENM (at simulation time 341.000,000,000 s)
2025-04-25 15:02:23,208 INFO  - Sensor ICE event detected (at simulation time 342.000,000,000 s)
2025-04-25 15:02:23,208 INFO  - Sending DENM (at simulation time 342.000,000,000 s)
2025-04-25 15:02:23,212 INFO  - Sensor ICE event detected (at simulation time 343.000,000,000 s)
2025-04-25 15:02:23,212 INFO  - Sending DENM (at simulation time 343.000,000,000 s)
2025-04-25 15:02:23,215 INFO  - Sensor ICE event detected (at simulation time 344.000,000,000 s)
2025-04-25 15:02:23,215 INFO  - Sending DENM (at simulation time 344.000,000,000 s)
2025-04-25 15:02:23,227 INFO  - Sensor ICE event detected (at simulation time 345.000,000,000 s)
2025-04-25 15:02:23,227 INFO  - Sending DENM (at simulation time 345.000,000,000 s)
2025-04-25 15:02:23,231 INFO  - Sensor ICE event detected (at simulation time 346.000,000,000 s)
2025-04-25 15:02:23,231 INFO  - Sending DENM (at simulation time 346.000,000,000 s)
2025-04-25 15:02:23,288 INFO  - Sensor ICE event detected (at simulation time 347.000,000,000 s)
2025-04-25 15:02:23,288 INFO  - Sending DENM (at simulation time 347.000,000,000 s)
2025-04-25 15:02:23,292 INFO  - Sensor ICE event detected (at simulation time 348.000,000,000 s)
2025-04-25 15:02:23,292 INFO  - Sending DENM (at simulation time 348.000,000,000 s)
2025-04-25 15:02:23,295 INFO  - Sensor ICE event detected (at simulation time 349.000,000,000 s)
2025-04-25 15:02:23,295 INFO  - Sending DENM (at simulation time 349.000,000,000 s)
2025-04-25 15:02:23,304 INFO  - Sensor ICE event detected (at simulation time 350.000,000,000 s)
2025-04-25 15:02:23,304 INFO  - Sending DENM (at simulation time 350.000,000,000 s)
2025-04-25 15:02:23,307 INFO  - Sensor ICE event detected (at simulation time 351.000,000,000 s)
2025-04-25 15:02:23,307 INFO  - Sending DENM (at simulation time 351.000,000,000 s)
2025-04-25 15:02:23,310 INFO  - Sensor ICE event detected (at simulation time 352.000,000,000 s)
2025-04-25 15:02:23,310 INFO  - Sending DENM (at simulation time 352.000,000,000 s)
2025-04-25 15:02:23,314 INFO  - Sensor ICE event detected (at simulation time 353.000,000,000 s)
2025-04-25 15:02:23,314 INFO  - Sending DENM (at simulation time 353.000,000,000 s)
2025-04-25 15:02:23,318 INFO  - Sensor ICE event detected (at simulation time 354.000,000,000 s)
2025-04-25 15:02:23,318 INFO  - Sending DENM (at simulation time 354.000,000,000 s)
2025-04-25 15:02:23,325 INFO  - Sensor ICE event detected (at simulation time 355.000,000,000 s)
2025-04-25 15:02:23,325 INFO  - Sending DENM (at simulation time 355.000,000,000 s)
2025-04-25 15:02:23,330 INFO  - Sensor ICE event detected (at simulation time 356.000,000,000 s)
2025-04-25 15:02:23,330 INFO  - Sending DENM (at simulation time 356.000,000,000 s)
2025-04-25 15:02:23,333 INFO  - Sensor ICE event detected (at simulation time 357.000,000,000 s)
2025-04-25 15:02:23,333 INFO  - Sending DENM (at simulation time 357.000,000,000 s)
2025-04-25 15:02:23,336 INFO  - Sensor ICE event detected (at simulation time 358.000,000,000 s)
2025-04-25 15:02:23,336 INFO  - Sending DENM (at simulation time 358.000,000,000 s)
2025-04-25 15:02:23,339 INFO  - Sensor ICE event detected (at simulation time 359.000,000,000 s)
2025-04-25 15:02:23,339 INFO  - Sending DENM (at simulation time 359.000,000,000 s)
2025-04-25 15:02:23,348 INFO  - Sensor ICE event detected (at simulation time 360.000,000,000 s)
2025-04-25 15:02:23,348 INFO  - Sending DENM (at simulation time 360.000,000,000 s)
2025-04-25 15:02:23,351 INFO  - Sensor ICE event detected (at simulation time 361.000,000,000 s)
2025-04-25 15:02:23,351 INFO  - Sending DENM (at simulation time 361.000,000,000 s)
2025-04-25 15:02:23,354 INFO  - Sensor ICE event detected (at simulation time 362.000,000,000 s)
2025-04-25 15:02:23,354 INFO  - Sending DENM (at simulation time 362.000,000,000 s)
2025-04-25 15:02:23,357 INFO  - Sensor ICE event detected (at simulation time 363.000,000,000 s)
2025-04-25 15:02:23,357 INFO  - Sending DENM (at simulation time 363.000,000,000 s)
2025-04-25 15:02:23,361 INFO  - Sensor ICE event detected (at simulation time 364.000,000,000 s)
2025-04-25 15:02:23,361 INFO  - Sending DENM (at simulation time 364.000,000,000 s)
2025-04-25 15:02:23,369 INFO  - Sensor ICE event detected (at simulation time 365.000,000,000 s)
2025-04-25 15:02:23,369 INFO  - Sending DENM (at simulation time 365.000,000,000 s)
2025-04-25 15:02:23,373 INFO  - Sensor ICE event detected (at simulation time 366.000,000,000 s)
2025-04-25 15:02:23,373 INFO  - Sending DENM (at simulation time 366.000,000,000 s)
2025-04-25 15:02:23,376 INFO  - Sensor ICE event detected (at simulation time 367.000,000,000 s)
2025-04-25 15:02:23,376 INFO  - Sending DENM (at simulation time 367.000,000,000 s)
2025-04-25 15:02:23,380 INFO  - Sensor ICE event detected (at simulation time 368.000,000,000 s)
2025-04-25 15:02:23,380 INFO  - Sending DENM (at simulation time 368.000,000,000 s)
2025-04-25 15:02:23,383 INFO  - Sensor ICE event detected (at simulation time 369.000,000,000 s)
2025-04-25 15:02:23,383 INFO  - Sending DENM (at simulation time 369.000,000,000 s)
2025-04-25 15:02:23,395 INFO  - Sensor ICE event detected (at simulation time 370.000,000,000 s)
2025-04-25 15:02:23,395 INFO  - Sending DENM (at simulation time 370.000,000,000 s)
2025-04-25 15:02:23,398 INFO  - Sensor ICE event detected (at simulation time 371.000,000,000 s)
2025-04-25 15:02:23,398 INFO  - Sending DENM (at simulation time 371.000,000,000 s)
2025-04-25 15:02:23,402 INFO  - Sensor ICE event detected (at simulation time 372.000,000,000 s)
2025-04-25 15:02:23,402 INFO  - Sending DENM (at simulation time 372.000,000,000 s)
2025-04-25 15:02:23,405 INFO  - Sensor ICE event detected (at simulation time 373.000,000,000 s)
2025-04-25 15:02:23,405 INFO  - Sending DENM (at simulation time 373.000,000,000 s)
2025-04-25 15:02:23,409 INFO  - Sensor ICE event detected (at simulation time 374.000,000,000 s)
2025-04-25 15:02:23,409 INFO  - Sending DENM (at simulation time 374.000,000,000 s)
2025-04-25 15:02:23,416 INFO  - Sensor ICE event detected (at simulation time 375.000,000,000 s)
2025-04-25 15:02:23,416 INFO  - Sending DENM (at simulation time 375.000,000,000 s)
2025-04-25 15:02:23,419 INFO  - Sensor ICE event detected (at simulation time 376.000,000,000 s)
2025-04-25 15:02:23,419 INFO  - Sending DENM (at simulation time 376.000,000,000 s)
2025-04-25 15:02:23,423 INFO  - Sensor ICE event detected (at simulation time 377.000,000,000 s)
2025-04-25 15:02:23,423 INFO  - Sending DENM (at simulation time 377.000,000,000 s)
2025-04-25 15:02:23,426 INFO  - Sensor ICE event detected (at simulation time 378.000,000,000 s)
2025-04-25 15:02:23,426 INFO  - Sending DENM (at simulation time 378.000,000,000 s)
2025-04-25 15:02:23,429 INFO  - Sensor ICE event detected (at simulation time 379.000,000,000 s)
2025-04-25 15:02:23,429 INFO  - Sending DENM (at simulation time 379.000,000,000 s)
2025-04-25 15:02:23,437 INFO  - Sensor ICE event detected (at simulation time 380.000,000,000 s)
2025-04-25 15:02:23,437 INFO  - Sending DENM (at simulation time 380.000,000,000 s)
2025-04-25 15:02:23,499 INFO  - Sensor ICE event detected (at simulation time 381.000,000,000 s)
2025-04-25 15:02:23,499 INFO  - Sending DENM (at simulation time 381.000,000,000 s)
2025-04-25 15:02:23,503 INFO  - Sensor ICE event detected (at simulation time 382.000,000,000 s)
2025-04-25 15:02:23,503 INFO  - Sending DENM (at simulation time 382.000,000,000 s)
2025-04-25 15:02:23,508 INFO  - Sensor ICE event detected (at simulation time 383.000,000,000 s)
2025-04-25 15:02:23,508 INFO  - Sending DENM (at simulation time 383.000,000,000 s)
2025-04-25 15:02:23,511 INFO  - Sensor ICE event detected (at simulation time 384.000,000,000 s)
2025-04-25 15:02:23,511 INFO  - Sending DENM (at simulation time 384.000,000,000 s)
2025-04-25 15:02:23,519 INFO  - Sensor ICE event detected (at simulation time 385.000,000,000 s)
2025-04-25 15:02:23,519 INFO  - Sending DENM (at simulation time 385.000,000,000 s)
2025-04-25 15:02:23,522 INFO  - Sensor ICE event detected (at simulation time 386.000,000,000 s)
2025-04-25 15:02:23,522 INFO  - Sending DENM (at simulation time 386.000,000,000 s)
2025-04-25 15:02:23,525 INFO  - Sensor ICE event detected (at simulation time 387.000,000,000 s)
2025-04-25 15:02:23,525 INFO  - Sending DENM (at simulation time 387.000,000,000 s)
2025-04-25 15:02:23,529 INFO  - Sensor ICE event detected (at simulation time 388.000,000,000 s)
2025-04-25 15:02:23,529 INFO  - Sending DENM (at simulation time 388.000,000,000 s)
2025-04-25 15:02:23,532 INFO  - Sensor ICE event detected (at simulation time 389.000,000,000 s)
2025-04-25 15:02:23,532 INFO  - Sending DENM (at simulation time 389.000,000,000 s)
2025-04-25 15:02:23,540 INFO  - Sensor ICE event detected (at simulation time 390.000,000,000 s)
2025-04-25 15:02:23,540 INFO  - Sending DENM (at simulation time 390.000,000,000 s)
2025-04-25 15:02:23,544 INFO  - Sensor ICE event detected (at simulation time 391.000,000,000 s)
2025-04-25 15:02:23,544 INFO  - Sending DENM (at simulation time 391.000,000,000 s)
2025-04-25 15:02:23,547 INFO  - Sensor ICE event detected (at simulation time 392.000,000,000 s)
2025-04-25 15:02:23,547 INFO  - Sending DENM (at simulation time 392.000,000,000 s)
2025-04-25 15:02:23,550 INFO  - Sensor ICE event detected (at simulation time 393.000,000,000 s)
2025-04-25 15:02:23,550 INFO  - Sending DENM (at simulation time 393.000,000,000 s)
2025-04-25 15:02:23,553 INFO  - Sensor ICE event detected (at simulation time 394.000,000,000 s)
2025-04-25 15:02:23,553 INFO  - Sending DENM (at simulation time 394.000,000,000 s)
2025-04-25 15:02:23,561 INFO  - Sensor ICE event detected (at simulation time 395.000,000,000 s)
2025-04-25 15:02:23,561 INFO  - Sending DENM (at simulation time 395.000,000,000 s)
2025-04-25 15:02:23,564 INFO  - Sensor ICE event detected (at simulation time 396.000,000,000 s)
2025-04-25 15:02:23,564 INFO  - Sending DENM (at simulation time 396.000,000,000 s)
2025-04-25 15:02:23,568 INFO  - Sensor ICE event detected (at simulation time 397.000,000,000 s)
2025-04-25 15:02:23,568 INFO  - Sending DENM (at simulation time 397.000,000,000 s)
2025-04-25 15:02:23,571 INFO  - Sensor ICE event detected (at simulation time 398.000,000,000 s)
2025-04-25 15:02:23,571 INFO  - Sending DENM (at simulation time 398.000,000,000 s)
2025-04-25 15:02:23,574 INFO  - Sensor ICE event detected (at simulation time 399.000,000,000 s)
2025-04-25 15:02:23,574 INFO  - Sending DENM (at simulation time 399.000,000,000 s)
2025-04-25 15:02:23,582 INFO  - Sensor ICE event detected (at simulation time 400.000,000,000 s)
2025-04-25 15:02:23,582 INFO  - Sending DENM (at simulation time 400.000,000,000 s)
2025-04-25 15:02:23,585 INFO  - Sensor ICE event detected (at simulation time 401.000,000,000 s)
2025-04-25 15:02:23,585 INFO  - Sending DENM (at simulation time 401.000,000,000 s)
2025-04-25 15:02:23,588 INFO  - Sensor ICE event detected (at simulation time 402.000,000,000 s)
2025-04-25 15:02:23,588 INFO  - Sending DENM (at simulation time 402.000,000,000 s)
2025-04-25 15:02:23,591 INFO  - Sensor ICE event detected (at simulation time 403.000,000,000 s)
2025-04-25 15:02:23,591 INFO  - Sending DENM (at simulation time 403.000,000,000 s)
2025-04-25 15:02:23,594 INFO  - Sensor ICE event detected (at simulation time 404.000,000,000 s)
2025-04-25 15:02:23,594 INFO  - Sending DENM (at simulation time 404.000,000,000 s)
2025-04-25 15:02:23,605 INFO  - Sensor ICE event detected (at simulation time 405.000,000,000 s)
2025-04-25 15:02:23,605 INFO  - Sending DENM (at simulation time 405.000,000,000 s)
2025-04-25 15:02:23,609 INFO  - Sensor ICE event detected (at simulation time 406.000,000,000 s)
2025-04-25 15:02:23,609 INFO  - Sending DENM (at simulation time 406.000,000,000 s)
2025-04-25 15:02:23,612 INFO  - Sensor ICE event detected (at simulation time 407.000,000,000 s)
2025-04-25 15:02:23,612 INFO  - Sending DENM (at simulation time 407.000,000,000 s)
2025-04-25 15:02:23,615 INFO  - Sensor ICE event detected (at simulation time 408.000,000,000 s)
2025-04-25 15:02:23,615 INFO  - Sending DENM (at simulation time 408.000,000,000 s)
2025-04-25 15:02:23,619 INFO  - Sensor ICE event detected (at simulation time 409.000,000,000 s)
2025-04-25 15:02:23,619 INFO  - Sending DENM (at simulation time 409.000,000,000 s)
2025-04-25 15:02:23,626 INFO  - Sensor ICE event detected (at simulation time 410.000,000,000 s)
2025-04-25 15:02:23,626 INFO  - Sending DENM (at simulation time 410.000,000,000 s)
2025-04-25 15:02:23,630 INFO  - Sensor ICE event detected (at simulation time 411.000,000,000 s)
2025-04-25 15:02:23,630 INFO  - Sending DENM (at simulation time 411.000,000,000 s)
2025-04-25 15:02:23,633 INFO  - Sensor ICE event detected (at simulation time 412.000,000,000 s)
2025-04-25 15:02:23,633 INFO  - Sending DENM (at simulation time 412.000,000,000 s)
2025-04-25 15:02:23,678 INFO  - Sensor ICE event detected (at simulation time 413.000,000,000 s)
2025-04-25 15:02:23,678 INFO  - Sending DENM (at simulation time 413.000,000,000 s)
2025-04-25 15:02:23,683 INFO  - Sensor ICE event detected (at simulation time 414.000,000,000 s)
2025-04-25 15:02:23,683 INFO  - Sending DENM (at simulation time 414.000,000,000 s)
2025-04-25 15:02:23,692 INFO  - Sensor ICE event detected (at simulation time 415.000,000,000 s)
2025-04-25 15:02:23,692 INFO  - Sending DENM (at simulation time 415.000,000,000 s)
2025-04-25 15:02:23,695 INFO  - Sensor ICE event detected (at simulation time 416.000,000,000 s)
2025-04-25 15:02:23,695 INFO  - Sending DENM (at simulation time 416.000,000,000 s)
2025-04-25 15:02:23,698 INFO  - Sensor ICE event detected (at simulation time 417.000,000,000 s)
2025-04-25 15:02:23,698 INFO  - Sending DENM (at simulation time 417.000,000,000 s)
2025-04-25 15:02:23,701 INFO  - Sensor ICE event detected (at simulation time 418.000,000,000 s)
2025-04-25 15:02:23,701 INFO  - Sending DENM (at simulation time 418.000,000,000 s)
2025-04-25 15:02:23,705 INFO  - Sensor ICE event detected (at simulation time 419.000,000,000 s)
2025-04-25 15:02:23,705 INFO  - Sending DENM (at simulation time 419.000,000,000 s)
2025-04-25 15:02:23,712 INFO  - Sensor ICE event detected (at simulation time 420.000,000,000 s)
2025-04-25 15:02:23,712 INFO  - Sending DENM (at simulation time 420.000,000,000 s)
2025-04-25 15:02:23,716 INFO  - Sensor ICE event detected (at simulation time 421.000,000,000 s)
2025-04-25 15:02:23,716 INFO  - Sending DENM (at simulation time 421.000,000,000 s)
2025-04-25 15:02:23,719 INFO  - Sensor ICE event detected (at simulation time 422.000,000,000 s)
2025-04-25 15:02:23,719 INFO  - Sending DENM (at simulation time 422.000,000,000 s)
2025-04-25 15:02:23,722 INFO  - Sensor ICE event detected (at simulation time 423.000,000,000 s)
2025-04-25 15:02:23,722 INFO  - Sending DENM (at simulation time 423.000,000,000 s)
2025-04-25 15:02:23,725 INFO  - Sensor ICE event detected (at simulation time 424.000,000,000 s)
2025-04-25 15:02:23,725 INFO  - Sending DENM (at simulation time 424.000,000,000 s)
2025-04-25 15:02:23,734 INFO  - Sensor ICE event detected (at simulation time 425.000,000,000 s)
2025-04-25 15:02:23,734 INFO  - Sending DENM (at simulation time 425.000,000,000 s)
2025-04-25 15:02:23,737 INFO  - Sensor ICE event detected (at simulation time 426.000,000,000 s)
2025-04-25 15:02:23,737 INFO  - Sending DENM (at simulation time 426.000,000,000 s)
2025-04-25 15:02:23,740 INFO  - Sensor ICE event detected (at simulation time 427.000,000,000 s)
2025-04-25 15:02:23,740 INFO  - Sending DENM (at simulation time 427.000,000,000 s)
2025-04-25 15:02:23,743 INFO  - Sensor ICE event detected (at simulation time 428.000,000,000 s)
2025-04-25 15:02:23,743 INFO  - Sending DENM (at simulation time 428.000,000,000 s)
2025-04-25 15:02:23,746 INFO  - Sensor ICE event detected (at simulation time 429.000,000,000 s)
2025-04-25 15:02:23,746 INFO  - Sending DENM (at simulation time 429.000,000,000 s)
2025-04-25 15:02:23,754 INFO  - Sensor ICE event detected (at simulation time 430.000,000,000 s)
2025-04-25 15:02:23,754 INFO  - Sending DENM (at simulation time 430.000,000,000 s)
2025-04-25 15:02:23,756 INFO  - Sensor ICE event detected (at simulation time 431.000,000,000 s)
2025-04-25 15:02:23,756 INFO  - Sending DENM (at simulation time 431.000,000,000 s)
2025-04-25 15:02:23,759 INFO  - Sensor ICE event detected (at simulation time 432.000,000,000 s)
2025-04-25 15:02:23,759 INFO  - Sending DENM (at simulation time 432.000,000,000 s)
2025-04-25 15:02:23,763 INFO  - Sensor ICE event detected (at simulation time 433.000,000,000 s)
2025-04-25 15:02:23,763 INFO  - Sending DENM (at simulation time 433.000,000,000 s)
2025-04-25 15:02:23,767 INFO  - Sensor ICE event detected (at simulation time 434.000,000,000 s)
2025-04-25 15:02:23,767 INFO  - Sending DENM (at simulation time 434.000,000,000 s)
2025-04-25 15:02:23,774 INFO  - Sensor ICE event detected (at simulation time 435.000,000,000 s)
2025-04-25 15:02:23,774 INFO  - Sending DENM (at simulation time 435.000,000,000 s)
2025-04-25 15:02:23,777 INFO  - Sensor ICE event detected (at simulation time 436.000,000,000 s)
2025-04-25 15:02:23,777 INFO  - Sending DENM (at simulation time 436.000,000,000 s)
2025-04-25 15:02:23,780 INFO  - Sensor ICE event detected (at simulation time 437.000,000,000 s)
2025-04-25 15:02:23,780 INFO  - Sending DENM (at simulation time 437.000,000,000 s)
2025-04-25 15:02:23,784 INFO  - Sensor ICE event detected (at simulation time 438.000,000,000 s)
2025-04-25 15:02:23,784 INFO  - Sending DENM (at simulation time 438.000,000,000 s)
2025-04-25 15:02:23,788 INFO  - Sensor ICE event detected (at simulation time 439.000,000,000 s)
2025-04-25 15:02:23,788 INFO  - Sending DENM (at simulation time 439.000,000,000 s)
2025-04-25 15:02:23,795 INFO  - Sensor ICE event detected (at simulation time 440.000,000,000 s)
2025-04-25 15:02:23,795 INFO  - Sending DENM (at simulation time 440.000,000,000 s)
2025-04-25 15:02:23,797 INFO  - Sensor ICE event detected (at simulation time 441.000,000,000 s)
2025-04-25 15:02:23,797 INFO  - Sending DENM (at simulation time 441.000,000,000 s)
2025-04-25 15:02:23,801 INFO  - Sensor ICE event detected (at simulation time 442.000,000,000 s)
2025-04-25 15:02:23,801 INFO  - Sending DENM (at simulation time 442.000,000,000 s)
2025-04-25 15:02:23,805 INFO  - Sensor ICE event detected (at simulation time 443.000,000,000 s)
2025-04-25 15:02:23,805 INFO  - Sending DENM (at simulation time 443.000,000,000 s)
2025-04-25 15:02:23,809 INFO  - Sensor ICE event detected (at simulation time 444.000,000,000 s)
2025-04-25 15:02:23,809 INFO  - Sending DENM (at simulation time 444.000,000,000 s)
2025-04-25 15:02:23,816 INFO  - Sensor ICE event detected (at simulation time 445.000,000,000 s)
2025-04-25 15:02:23,816 INFO  - Sending DENM (at simulation time 445.000,000,000 s)
2025-04-25 15:02:23,820 INFO  - Sensor ICE event detected (at simulation time 446.000,000,000 s)
2025-04-25 15:02:23,820 INFO  - Sending DENM (at simulation time 446.000,000,000 s)
2025-04-25 15:02:23,822 INFO  - Sensor ICE event detected (at simulation time 447.000,000,000 s)
2025-04-25 15:02:23,822 INFO  - Sending DENM (at simulation time 447.000,000,000 s)
2025-04-25 15:02:23,828 INFO  - Sensor ICE event detected (at simulation time 448.000,000,000 s)
2025-04-25 15:02:23,828 INFO  - Sending DENM (at simulation time 448.000,000,000 s)
2025-04-25 15:02:23,831 INFO  - Sensor ICE event detected (at simulation time 449.000,000,000 s)
2025-04-25 15:02:23,831 INFO  - Sending DENM (at simulation time 449.000,000,000 s)
2025-04-25 15:02:23,838 INFO  - Sensor ICE event detected (at simulation time 450.000,000,000 s)
2025-04-25 15:02:23,838 INFO  - Sending DENM (at simulation time 450.000,000,000 s)
2025-04-25 15:02:23,866 INFO  - Sensor ICE event detected (at simulation time 451.000,000,000 s)
2025-04-25 15:02:23,866 INFO  - Sending DENM (at simulation time 451.000,000,000 s)
2025-04-25 15:02:23,870 INFO  - Sensor ICE event detected (at simulation time 452.000,000,000 s)
2025-04-25 15:02:23,870 INFO  - Sending DENM (at simulation time 452.000,000,000 s)
2025-04-25 15:02:23,873 INFO  - Sensor ICE event detected (at simulation time 453.000,000,000 s)
2025-04-25 15:02:23,873 INFO  - Sending DENM (at simulation time 453.000,000,000 s)
2025-04-25 15:02:23,876 INFO  - Sensor ICE event detected (at simulation time 454.000,000,000 s)
2025-04-25 15:02:23,876 INFO  - Sending DENM (at simulation time 454.000,000,000 s)
2025-04-25 15:02:23,883 INFO  - Sensor ICE event detected (at simulation time 455.000,000,000 s)
2025-04-25 15:02:23,883 INFO  - Sending DENM (at simulation time 455.000,000,000 s)
2025-04-25 15:02:23,886 INFO  - Sensor ICE event detected (at simulation time 456.000,000,000 s)
2025-04-25 15:02:23,886 INFO  - Sending DENM (at simulation time 456.000,000,000 s)
2025-04-25 15:02:23,889 INFO  - Sensor ICE event detected (at simulation time 457.000,000,000 s)
2025-04-25 15:02:23,889 INFO  - Sending DENM (at simulation time 457.000,000,000 s)
2025-04-25 15:02:23,891 INFO  - Sensor ICE event detected (at simulation time 458.000,000,000 s)
2025-04-25 15:02:23,891 INFO  - Sending DENM (at simulation time 458.000,000,000 s)
2025-04-25 15:02:23,894 INFO  - Sensor ICE event detected (at simulation time 459.000,000,000 s)
2025-04-25 15:02:23,894 INFO  - Sending DENM (at simulation time 459.000,000,000 s)
2025-04-25 15:02:23,900 INFO  - Sensor ICE event detected (at simulation time 460.000,000,000 s)
2025-04-25 15:02:23,900 INFO  - Sending DENM (at simulation time 460.000,000,000 s)
2025-04-25 15:02:23,903 INFO  - Sensor ICE event detected (at simulation time 461.000,000,000 s)
2025-04-25 15:02:23,903 INFO  - Sending DENM (at simulation time 461.000,000,000 s)
2025-04-25 15:02:23,905 INFO  - Sensor ICE event detected (at simulation time 462.000,000,000 s)
2025-04-25 15:02:23,905 INFO  - Sending DENM (at simulation time 462.000,000,000 s)
2025-04-25 15:02:23,908 INFO  - Sensor ICE event detected (at simulation time 463.000,000,000 s)
2025-04-25 15:02:23,908 INFO  - Sending DENM (at simulation time 463.000,000,000 s)
2025-04-25 15:02:23,910 INFO  - Sensor ICE event detected (at simulation time 464.000,000,000 s)
2025-04-25 15:02:23,910 INFO  - Sending DENM (at simulation time 464.000,000,000 s)
2025-04-25 15:02:23,917 INFO  - Sensor ICE event detected (at simulation time 465.000,000,000 s)
2025-04-25 15:02:23,917 INFO  - Sending DENM (at simulation time 465.000,000,000 s)
2025-04-25 15:02:23,920 INFO  - Sensor ICE event detected (at simulation time 466.000,000,000 s)
2025-04-25 15:02:23,920 INFO  - Sending DENM (at simulation time 466.000,000,000 s)
2025-04-25 15:02:23,922 INFO  - Sensor ICE event detected (at simulation time 467.000,000,000 s)
2025-04-25 15:02:23,922 INFO  - Sending DENM (at simulation time 467.000,000,000 s)
2025-04-25 15:02:23,924 INFO  - Sensor ICE event detected (at simulation time 468.000,000,000 s)
2025-04-25 15:02:23,924 INFO  - Sending DENM (at simulation time 468.000,000,000 s)
2025-04-25 15:02:23,927 INFO  - Sensor ICE event detected (at simulation time 469.000,000,000 s)
2025-04-25 15:02:23,927 INFO  - Sending DENM (at simulation time 469.000,000,000 s)
2025-04-25 15:02:23,933 INFO  - Sensor ICE event detected (at simulation time 470.000,000,000 s)
2025-04-25 15:02:23,933 INFO  - Sending DENM (at simulation time 470.000,000,000 s)
2025-04-25 15:02:23,935 INFO  - Sensor ICE event detected (at simulation time 471.000,000,000 s)
2025-04-25 15:02:23,935 INFO  - Sending DENM (at simulation time 471.000,000,000 s)
2025-04-25 15:02:23,938 INFO  - Sensor ICE event detected (at simulation time 472.000,000,000 s)
2025-04-25 15:02:23,938 INFO  - Sending DENM (at simulation time 472.000,000,000 s)
2025-04-25 15:02:23,940 INFO  - Sensor ICE event detected (at simulation time 473.000,000,000 s)
2025-04-25 15:02:23,940 INFO  - Sending DENM (at simulation time 473.000,000,000 s)
2025-04-25 15:02:23,943 INFO  - Sensor ICE event detected (at simulation time 474.000,000,000 s)
2025-04-25 15:02:23,943 INFO  - Sending DENM (at simulation time 474.000,000,000 s)
2025-04-25 15:02:23,948 INFO  - Sensor ICE event detected (at simulation time 475.000,000,000 s)
2025-04-25 15:02:23,948 INFO  - Sending DENM (at simulation time 475.000,000,000 s)
2025-04-25 15:02:23,951 INFO  - Sensor ICE event detected (at simulation time 476.000,000,000 s)
2025-04-25 15:02:23,951 INFO  - Sending DENM (at simulation time 476.000,000,000 s)
2025-04-25 15:02:23,953 INFO  - Sensor ICE event detected (at simulation time 477.000,000,000 s)
2025-04-25 15:02:23,953 INFO  - Sending DENM (at simulation time 477.000,000,000 s)
2025-04-25 15:02:23,955 INFO  - Sensor ICE event detected (at simulation time 478.000,000,000 s)
2025-04-25 15:02:23,955 INFO  - Sending DENM (at simulation time 478.000,000,000 s)
2025-04-25 15:02:23,957 INFO  - Sensor ICE event detected (at simulation time 479.000,000,000 s)
2025-04-25 15:02:23,957 INFO  - Sending DENM (at simulation time 479.000,000,000 s)
2025-04-25 15:02:23,963 INFO  - Sensor ICE event detected (at simulation time 480.000,000,000 s)
2025-04-25 15:02:23,963 INFO  - Sending DENM (at simulation time 480.000,000,000 s)
2025-04-25 15:02:23,965 INFO  - Sensor ICE event detected (at simulation time 481.000,000,000 s)
2025-04-25 15:02:23,965 INFO  - Sending DENM (at simulation time 481.000,000,000 s)
2025-04-25 15:02:23,967 INFO  - Sensor ICE event detected (at simulation time 482.000,000,000 s)
2025-04-25 15:02:23,967 INFO  - Sending DENM (at simulation time 482.000,000,000 s)
2025-04-25 15:02:23,969 INFO  - Sensor ICE event detected (at simulation time 483.000,000,000 s)
2025-04-25 15:02:23,970 INFO  - Sending DENM (at simulation time 483.000,000,000 s)
2025-04-25 15:02:23,972 INFO  - Sensor ICE event detected (at simulation time 484.000,000,000 s)
2025-04-25 15:02:23,972 INFO  - Sending DENM (at simulation time 484.000,000,000 s)
2025-04-25 15:02:23,977 INFO  - Sensor ICE event detected (at simulation time 485.000,000,000 s)
2025-04-25 15:02:23,977 INFO  - Sending DENM (at simulation time 485.000,000,000 s)
2025-04-25 15:02:23,979 INFO  - Sensor ICE event detected (at simulation time 486.000,000,000 s)
2025-04-25 15:02:23,979 INFO  - Sending DENM (at simulation time 486.000,000,000 s)
2025-04-25 15:02:23,981 INFO  - Sensor ICE event detected (at simulation time 487.000,000,000 s)
2025-04-25 15:02:23,981 INFO  - Sending DENM (at simulation time 487.000,000,000 s)
2025-04-25 15:02:23,983 INFO  - Sensor ICE event detected (at simulation time 488.000,000,000 s)
2025-04-25 15:02:23,983 INFO  - Sending DENM (at simulation time 488.000,000,000 s)
2025-04-25 15:02:23,986 INFO  - Sensor ICE event detected (at simulation time 489.000,000,000 s)
2025-04-25 15:02:23,986 INFO  - Sending DENM (at simulation time 489.000,000,000 s)
2025-04-25 15:02:23,991 INFO  - Sensor ICE event detected (at simulation time 490.000,000,000 s)
2025-04-25 15:02:23,991 INFO  - Sending DENM (at simulation time 490.000,000,000 s)
2025-04-25 15:02:23,993 INFO  - Sensor ICE event detected (at simulation time 491.000,000,000 s)
2025-04-25 15:02:23,993 INFO  - Sending DENM (at simulation time 491.000,000,000 s)
2025-04-25 15:02:23,995 INFO  - Sensor ICE event detected (at simulation time 492.000,000,000 s)
2025-04-25 15:02:23,995 INFO  - Sending DENM (at simulation time 492.000,000,000 s)
2025-04-25 15:02:23,997 INFO  - Sensor ICE event detected (at simulation time 493.000,000,000 s)
2025-04-25 15:02:23,997 INFO  - Sending DENM (at simulation time 493.000,000,000 s)
2025-04-25 15:02:23,999 INFO  - Sensor ICE event detected (at simulation time 494.000,000,000 s)
2025-04-25 15:02:23,999 INFO  - Sending DENM (at simulation time 494.000,000,000 s)
2025-04-25 15:02:24,004 INFO  - Sensor ICE event detected (at simulation time 495.000,000,000 s)
2025-04-25 15:02:24,004 INFO  - Sending DENM (at simulation time 495.000,000,000 s)
2025-04-25 15:02:24,006 INFO  - Sensor ICE event detected (at simulation time 496.000,000,000 s)
2025-04-25 15:02:24,006 INFO  - Sending DENM (at simulation time 496.000,000,000 s)
2025-04-25 15:02:24,008 INFO  - Sensor ICE event detected (at simulation time 497.000,000,000 s)
2025-04-25 15:02:24,008 INFO  - Sending DENM (at simulation time 497.000,000,000 s)
2025-04-25 15:02:24,010 INFO  - Sensor ICE event detected (at simulation time 498.000,000,000 s)
2025-04-25 15:02:24,010 INFO  - Sending DENM (at simulation time 498.000,000,000 s)
2025-04-25 15:02:24,012 INFO  - Sensor ICE event detected (at simulation time 499.000,000,000 s)
2025-04-25 15:02:24,012 INFO  - Sending DENM (at simulation time 499.000,000,000 s)
2025-04-25 15:02:24,017 INFO  - Sensor ICE event detected (at simulation time 500.000,000,000 s)
2025-04-25 15:02:24,017 INFO  - Sending DENM (at simulation time 500.000,000,000 s)
2025-04-25 15:02:24,019 INFO  - Sensor ICE event detected (at simulation time 501.000,000,000 s)
2025-04-25 15:02:24,019 INFO  - Sending DENM (at simulation time 501.000,000,000 s)
2025-04-25 15:02:24,021 INFO  - Sensor ICE event detected (at simulation time 502.000,000,000 s)
2025-04-25 15:02:24,021 INFO  - Sending DENM (at simulation time 502.000,000,000 s)
2025-04-25 15:02:24,023 INFO  - Sensor ICE event detected (at simulation time 503.000,000,000 s)
2025-04-25 15:02:24,023 INFO  - Sending DENM (at simulation time 503.000,000,000 s)
2025-04-25 15:02:24,025 INFO  - Sensor ICE event detected (at simulation time 504.000,000,000 s)
2025-04-25 15:02:24,025 INFO  - Sending DENM (at simulation time 504.000,000,000 s)
2025-04-25 15:02:24,030 INFO  - Sensor ICE event detected (at simulation time 505.000,000,000 s)
2025-04-25 15:02:24,030 INFO  - Sending DENM (at simulation time 505.000,000,000 s)
2025-04-25 15:02:24,032 INFO  - Sensor ICE event detected (at simulation time 506.000,000,000 s)
2025-04-25 15:02:24,032 INFO  - Sending DENM (at simulation time 506.000,000,000 s)
2025-04-25 15:02:24,034 INFO  - Sensor ICE event detected (at simulation time 507.000,000,000 s)
2025-04-25 15:02:24,034 INFO  - Sending DENM (at simulation time 507.000,000,000 s)
2025-04-25 15:02:24,061 INFO  - Sensor ICE event detected (at simulation time 508.000,000,000 s)
2025-04-25 15:02:24,061 INFO  - Sending DENM (at simulation time 508.000,000,000 s)
2025-04-25 15:02:24,064 INFO  - Sensor ICE event detected (at simulation time 509.000,000,000 s)
2025-04-25 15:02:24,064 INFO  - Sending DENM (at simulation time 509.000,000,000 s)
2025-04-25 15:02:24,069 INFO  - Sensor ICE event detected (at simulation time 510.000,000,000 s)
2025-04-25 15:02:24,069 INFO  - Sending DENM (at simulation time 510.000,000,000 s)
2025-04-25 15:02:24,072 INFO  - Sensor ICE event detected (at simulation time 511.000,000,000 s)
2025-04-25 15:02:24,072 INFO  - Sending DENM (at simulation time 511.000,000,000 s)
2025-04-25 15:02:24,074 INFO  - Sensor ICE event detected (at simulation time 512.000,000,000 s)
2025-04-25 15:02:24,074 INFO  - Sending DENM (at simulation time 512.000,000,000 s)
2025-04-25 15:02:24,076 INFO  - Sensor ICE event detected (at simulation time 513.000,000,000 s)
2025-04-25 15:02:24,076 INFO  - Sending DENM (at simulation time 513.000,000,000 s)
2025-04-25 15:02:24,078 INFO  - Sensor ICE event detected (at simulation time 514.000,000,000 s)
2025-04-25 15:02:24,078 INFO  - Sending DENM (at simulation time 514.000,000,000 s)
2025-04-25 15:02:24,084 INFO  - Sensor ICE event detected (at simulation time 515.000,000,000 s)
2025-04-25 15:02:24,084 INFO  - Sending DENM (at simulation time 515.000,000,000 s)
2025-04-25 15:02:24,086 INFO  - Sensor ICE event detected (at simulation time 516.000,000,000 s)
2025-04-25 15:02:24,086 INFO  - Sending DENM (at simulation time 516.000,000,000 s)
2025-04-25 15:02:24,088 INFO  - Sensor ICE event detected (at simulation time 517.000,000,000 s)
2025-04-25 15:02:24,088 INFO  - Sending DENM (at simulation time 517.000,000,000 s)
2025-04-25 15:02:24,090 INFO  - Sensor ICE event detected (at simulation time 518.000,000,000 s)
2025-04-25 15:02:24,090 INFO  - Sending DENM (at simulation time 518.000,000,000 s)
2025-04-25 15:02:24,092 INFO  - Sensor ICE event detected (at simulation time 519.000,000,000 s)
2025-04-25 15:02:24,092 INFO  - Sending DENM (at simulation time 519.000,000,000 s)
2025-04-25 15:02:24,397 INFO  - Shutdown application (at simulation time 710.000,000,000 s)
