2025-04-25 15:14:57,499 INFO  VehicleFlowGenerator - Creating VehicleFlowGenerator: VehicleFlowGenerator[spawningMode=ConstantSpawningMode[timeSpacing=2000000000],lanes=[0, 1],types=[[name=Car,apps=[org.eclipse.mosaic.app.tutorial.WeatherWarningAppCell, org.eclipse.mosaic.app.tutorial.SlowDownApp]], [name=Car,apps=[org.eclipse.mosaic.app.tutorial.WeatherWarningApp, org.eclipse.mosaic.app.tutorial.SlowDownApp]], [name=Car,apps=[org.eclipse.mosaic.app.tutorial.SlowDownApp]]],departConnectionIndex=0,pos=1417,departSpeed=0.0,route=1,group=<null>,origin=<null>,destination=<null>,odInfo=<null>]
2025-04-25 15:14:57,502 INFO  VehicleFlowGenerator - Registering Vehicle Type: VehicleType[name='Car', length=5.0, width=1.8, height=1.5, minGap=2.5, maxSpeed=70.0, vehicleClass=ElectricVehicle, accel=2.6, decel=4.5, emergencyDecel=6.0, sigma=0.5, tau=1.0, speedFactor=1.0, color='null', laneChangeMode='DEFAULT', speedMode='DEFAULT']
2025-04-25 15:14:59,872 INFO  MappingAmbassador - Received TL-Interaction
2025-04-25 15:14:59,873 INFO  SpawningFramework - Creating Traffic Light Group: name=tl_0,tlGroupId=134859917,apps=[]
2025-04-25 15:14:59,876 INFO  SpawningFramework - Creating Traffic Light Group: name=tl_1,tlGroupId=135038118,apps=[]
2025-04-25 15:14:59,876 INFO  SpawningFramework - Creating Traffic Light Group: name=tl_2,tlGroupId=1566370849,apps=[]
2025-04-25 15:14:59,876 INFO  SpawningFramework - Creating Traffic Light Group: name=tl_3,tlGroupId=1594381971,apps=[]
2025-04-25 15:14:59,876 INFO  SpawningFramework - Creating Traffic Light Group: name=tl_4,tlGroupId=2477786411,apps=[]
2025-04-25 15:14:59,877 INFO  SpawningFramework - Creating Traffic Light Group: name=tl_5,tlGroupId=2548923620,apps=[]
2025-04-25 15:14:59,877 INFO  SpawningFramework - Creating Traffic Light Group: name=tl_6,tlGroupId=279322052,apps=[]
2025-04-25 15:14:59,877 INFO  SpawningFramework - Creating Traffic Light Group: name=tl_7,tlGroupId=29421312,apps=[]
2025-04-25 15:14:59,878 INFO  SpawningFramework - Creating Traffic Light Group: name=tl_8,tlGroupId=2945920006,apps=[]
2025-04-25 15:14:59,878 INFO  SpawningFramework - Creating Traffic Light Group: name=tl_9,tlGroupId=29768633,apps=[]
2025-04-25 15:14:59,878 INFO  SpawningFramework - Creating Traffic Light Group: name=tl_10,tlGroupId=29768638,apps=[]
2025-04-25 15:14:59,879 INFO  SpawningFramework - Creating Traffic Light Group: name=tl_11,tlGroupId=29768653,apps=[]
2025-04-25 15:14:59,879 INFO  SpawningFramework - Creating Traffic Light Group: name=tl_12,tlGroupId=29768656,apps=[]
2025-04-25 15:14:59,879 INFO  SpawningFramework - Creating Traffic Light Group: name=tl_13,tlGroupId=29768657,apps=[]
2025-04-25 15:14:59,880 INFO  SpawningFramework - Creating Traffic Light Group: name=tl_14,tlGroupId=29768658,apps=[]
2025-04-25 15:14:59,880 INFO  SpawningFramework - Creating Traffic Light Group: name=tl_15,tlGroupId=29768666,apps=[]
2025-04-25 15:14:59,880 INFO  SpawningFramework - Creating Traffic Light Group: name=tl_16,tlGroupId=29768672,apps=[]
2025-04-25 15:14:59,881 INFO  SpawningFramework - Creating Traffic Light Group: name=tl_17,tlGroupId=29859393,apps=[]
2025-04-25 15:14:59,881 INFO  SpawningFramework - Creating Traffic Light Group: name=tl_18,tlGroupId=29859450,apps=[]
2025-04-25 15:14:59,881 INFO  SpawningFramework - Creating Traffic Light Group: name=tl_19,tlGroupId=29859949,apps=[]
2025-04-25 15:14:59,882 INFO  SpawningFramework - Creating Traffic Light Group: name=tl_20,tlGroupId=29859969,apps=[]
2025-04-25 15:14:59,882 INFO  SpawningFramework - Creating Traffic Light Group: name=tl_21,tlGroupId=321568014,apps=[]
2025-04-25 15:14:59,882 INFO  SpawningFramework - Creating Traffic Light Group: name=tl_22,tlGroupId=335376891,apps=[]
2025-04-25 15:14:59,883 INFO  SpawningFramework - Creating Traffic Light Group: name=tl_23,tlGroupId=394751921,apps=[]
2025-04-25 15:14:59,883 INFO  SpawningFramework - Creating Traffic Light Group: name=tl_24,tlGroupId=39933917,apps=[]
2025-04-25 15:14:59,883 INFO  SpawningFramework - Creating Traffic Light Group: name=tl_25,tlGroupId=40447119,apps=[]
2025-04-25 15:14:59,884 INFO  SpawningFramework - Creating Traffic Light Group: name=tl_26,tlGroupId=4373325780,apps=[]
2025-04-25 15:14:59,884 INFO  SpawningFramework - Creating Traffic Light Group: name=tl_27,tlGroupId=47966053,apps=[]
2025-04-25 15:14:59,884 INFO  SpawningFramework - Creating Traffic Light Group: name=tl_28,tlGroupId=47966062,apps=[]
2025-04-25 15:14:59,884 INFO  SpawningFramework - Creating Traffic Light Group: name=tl_29,tlGroupId=47966078,apps=[]
2025-04-25 15:14:59,885 INFO  SpawningFramework - Creating Traffic Light Group: name=tl_30,tlGroupId=49832298,apps=[]
2025-04-25 15:14:59,885 INFO  SpawningFramework - Creating Traffic Light Group: name=tl_31,tlGroupId=64660869,apps=[]
2025-04-25 15:14:59,885 INFO  SpawningFramework - Creating Traffic Light Group: name=tl_32,tlGroupId=75670662,apps=[]
2025-04-25 15:14:59,885 INFO  SpawningFramework - Creating Traffic Light Group: name=tl_33,tlGroupId=75679644,apps=[]
2025-04-25 15:14:59,886 INFO  SpawningFramework - Creating Traffic Light Group: name=tl_34,tlGroupId=76598379,apps=[]
2025-04-25 15:14:59,886 INFO  SpawningFramework - Creating Traffic Light Group: name=tl_35,tlGroupId=866613506,apps=[]
2025-04-25 15:14:59,886 INFO  SpawningFramework - Creating Traffic Light Group: name=tl_36,tlGroupId=866614004,apps=[]
2025-04-25 15:14:59,886 INFO  SpawningFramework - Creating Traffic Light Group: name=tl_37,tlGroupId=866614320,apps=[]
2025-04-25 15:14:59,886 INFO  SpawningFramework - Creating Traffic Light Group: name=tl_38,tlGroupId=88954025,apps=[]
2025-04-25 15:14:59,887 INFO  SpawningFramework - Creating Traffic Light Group: name=tl_39,tlGroupId=89988845,apps=[]
2025-04-25 15:14:59,887 INFO  SpawningFramework - Creating Traffic Light Group: name=tl_40,tlGroupId=89988851,apps=[]
2025-04-25 15:14:59,887 INFO  SpawningFramework - Creating Traffic Light Group: name=tl_41,tlGroupId=97604536,apps=[]
2025-04-25 15:14:59,887 INFO  ServerSpawner - Creating Server: ServerSpawner[applications=[org.eclipse.mosaic.app.tutorial.WeatherServerApp]]
2025-04-25 15:14:59,922 INFO  VehicleFlowGenerator - Creating Vehicle: time=5000000000,name=veh_0,route=1,laneSelectionMode=DEFAULT,lane=0,departConnectionIndex=0,pos=1417,type=Car,departSpeed=0.0,applications=[org.eclipse.mosaic.app.tutorial.SlowDownApp]
2025-04-25 15:14:59,930 INFO  VehicleFlowGenerator - Creating Vehicle: time=7000000000,name=veh_1,route=1,laneSelectionMode=DEFAULT,lane=1,departConnectionIndex=0,pos=1417,type=Car,departSpeed=0.0,applications=[org.eclipse.mosaic.app.tutorial.WeatherWarningApp, org.eclipse.mosaic.app.tutorial.SlowDownApp]
2025-04-25 15:14:59,941 INFO  VehicleFlowGenerator - Creating Vehicle: time=9000000000,name=veh_2,route=1,laneSelectionMode=DEFAULT,lane=0,departConnectionIndex=0,pos=1417,type=Car,departSpeed=0.0,applications=[org.eclipse.mosaic.app.tutorial.SlowDownApp]
2025-04-25 15:14:59,952 INFO  VehicleFlowGenerator - Creating Vehicle: time=11000000000,name=veh_3,route=1,laneSelectionMode=DEFAULT,lane=1,departConnectionIndex=0,pos=1417,type=Car,departSpeed=0.0,applications=[org.eclipse.mosaic.app.tutorial.WeatherWarningAppCell, org.eclipse.mosaic.app.tutorial.SlowDownApp]
2025-04-25 15:14:59,958 INFO  VehicleFlowGenerator - Creating Vehicle: time=13000000000,name=veh_4,route=1,laneSelectionMode=DEFAULT,lane=0,departConnectionIndex=0,pos=1417,type=Car,departSpeed=0.0,applications=[org.eclipse.mosaic.app.tutorial.SlowDownApp]
2025-04-25 15:14:59,969 INFO  VehicleFlowGenerator - Creating Vehicle: time=15000000000,name=veh_5,route=1,laneSelectionMode=DEFAULT,lane=1,departConnectionIndex=0,pos=1417,type=Car,departSpeed=0.0,applications=[org.eclipse.mosaic.app.tutorial.SlowDownApp]
2025-04-25 15:14:59,974 INFO  VehicleFlowGenerator - Creating Vehicle: time=17000000000,name=veh_6,route=1,laneSelectionMode=DEFAULT,lane=0,departConnectionIndex=0,pos=1417,type=Car,departSpeed=0.0,applications=[org.eclipse.mosaic.app.tutorial.WeatherWarningApp, org.eclipse.mosaic.app.tutorial.SlowDownApp]
2025-04-25 15:14:59,981 INFO  VehicleFlowGenerator - Creating Vehicle: time=19000000000,name=veh_7,route=1,laneSelectionMode=DEFAULT,lane=1,departConnectionIndex=0,pos=1417,type=Car,departSpeed=0.0,applications=[org.eclipse.mosaic.app.tutorial.SlowDownApp]
2025-04-25 15:14:59,991 INFO  VehicleFlowGenerator - Creating Vehicle: time=21000000000,name=veh_8,route=1,laneSelectionMode=DEFAULT,lane=0,departConnectionIndex=0,pos=1417,type=Car,departSpeed=0.0,applications=[org.eclipse.mosaic.app.tutorial.SlowDownApp]
2025-04-25 15:14:59,995 INFO  VehicleFlowGenerator - Creating Vehicle: time=23000000000,name=veh_9,route=1,laneSelectionMode=DEFAULT,lane=1,departConnectionIndex=0,pos=1417,type=Car,departSpeed=0.0,applications=[org.eclipse.mosaic.app.tutorial.SlowDownApp]
2025-04-25 15:15:00,001 INFO  VehicleFlowGenerator - Creating Vehicle: time=25000000000,name=veh_10,route=1,laneSelectionMode=DEFAULT,lane=0,departConnectionIndex=0,pos=1417,type=Car,departSpeed=0.0,applications=[org.eclipse.mosaic.app.tutorial.SlowDownApp]
2025-04-25 15:15:00,006 INFO  VehicleFlowGenerator - Creating Vehicle: time=27000000000,name=veh_11,route=1,laneSelectionMode=DEFAULT,lane=1,departConnectionIndex=0,pos=1417,type=Car,departSpeed=0.0,applications=[org.eclipse.mosaic.app.tutorial.WeatherWarningApp, org.eclipse.mosaic.app.tutorial.SlowDownApp]
2025-04-25 15:15:00,012 INFO  VehicleFlowGenerator - Creating Vehicle: time=29000000000,name=veh_12,route=1,laneSelectionMode=DEFAULT,lane=0,departConnectionIndex=0,pos=1417,type=Car,departSpeed=0.0,applications=[org.eclipse.mosaic.app.tutorial.SlowDownApp]
2025-04-25 15:15:00,019 INFO  VehicleFlowGenerator - Creating Vehicle: time=31000000000,name=veh_13,route=1,laneSelectionMode=DEFAULT,lane=1,departConnectionIndex=0,pos=1417,type=Car,departSpeed=0.0,applications=[org.eclipse.mosaic.app.tutorial.WeatherWarningAppCell, org.eclipse.mosaic.app.tutorial.SlowDownApp]
2025-04-25 15:15:00,026 INFO  VehicleFlowGenerator - Creating Vehicle: time=33000000000,name=veh_14,route=1,laneSelectionMode=DEFAULT,lane=0,departConnectionIndex=0,pos=1417,type=Car,departSpeed=0.0,applications=[org.eclipse.mosaic.app.tutorial.SlowDownApp]
2025-04-25 15:15:00,033 INFO  VehicleFlowGenerator - Creating Vehicle: time=35000000000,name=veh_15,route=1,laneSelectionMode=DEFAULT,lane=1,departConnectionIndex=0,pos=1417,type=Car,departSpeed=0.0,applications=[org.eclipse.mosaic.app.tutorial.SlowDownApp]
2025-04-25 15:15:00,039 INFO  VehicleFlowGenerator - Creating Vehicle: time=37000000000,name=veh_16,route=1,laneSelectionMode=DEFAULT,lane=0,departConnectionIndex=0,pos=1417,type=Car,departSpeed=0.0,applications=[org.eclipse.mosaic.app.tutorial.WeatherWarningApp, org.eclipse.mosaic.app.tutorial.SlowDownApp]
2025-04-25 15:15:00,045 INFO  VehicleFlowGenerator - Creating Vehicle: time=39000000000,name=veh_17,route=1,laneSelectionMode=DEFAULT,lane=1,departConnectionIndex=0,pos=1417,type=Car,departSpeed=0.0,applications=[org.eclipse.mosaic.app.tutorial.SlowDownApp]
2025-04-25 15:15:00,054 INFO  VehicleFlowGenerator - Creating Vehicle: time=41000000000,name=veh_18,route=1,laneSelectionMode=DEFAULT,lane=0,departConnectionIndex=0,pos=1417,type=Car,departSpeed=0.0,applications=[org.eclipse.mosaic.app.tutorial.SlowDownApp]
2025-04-25 15:15:00,059 INFO  VehicleFlowGenerator - Creating Vehicle: time=43000000000,name=veh_19,route=1,laneSelectionMode=DEFAULT,lane=1,departConnectionIndex=0,pos=1417,type=Car,departSpeed=0.0,applications=[org.eclipse.mosaic.app.tutorial.SlowDownApp]
2025-04-25 15:15:00,066 INFO  VehicleFlowGenerator - Creating Vehicle: time=45000000000,name=veh_20,route=1,laneSelectionMode=DEFAULT,lane=0,departConnectionIndex=0,pos=1417,type=Car,departSpeed=0.0,applications=[org.eclipse.mosaic.app.tutorial.SlowDownApp]
2025-04-25 15:15:00,071 INFO  VehicleFlowGenerator - Creating Vehicle: time=47000000000,name=veh_21,route=1,laneSelectionMode=DEFAULT,lane=1,departConnectionIndex=0,pos=1417,type=Car,departSpeed=0.0,applications=[org.eclipse.mosaic.app.tutorial.WeatherWarningApp, org.eclipse.mosaic.app.tutorial.SlowDownApp]
2025-04-25 15:15:00,078 INFO  VehicleFlowGenerator - Creating Vehicle: time=49000000000,name=veh_22,route=1,laneSelectionMode=DEFAULT,lane=0,departConnectionIndex=0,pos=1417,type=Car,departSpeed=0.0,applications=[org.eclipse.mosaic.app.tutorial.SlowDownApp]
2025-04-25 15:15:00,089 INFO  VehicleFlowGenerator - Creating Vehicle: time=51000000000,name=veh_23,route=1,laneSelectionMode=DEFAULT,lane=1,departConnectionIndex=0,pos=1417,type=Car,departSpeed=0.0,applications=[org.eclipse.mosaic.app.tutorial.WeatherWarningAppCell, org.eclipse.mosaic.app.tutorial.SlowDownApp]
2025-04-25 15:15:00,095 INFO  VehicleFlowGenerator - Creating Vehicle: time=53000000000,name=veh_24,route=1,laneSelectionMode=DEFAULT,lane=0,departConnectionIndex=0,pos=1417,type=Car,departSpeed=0.0,applications=[org.eclipse.mosaic.app.tutorial.SlowDownApp]
2025-04-25 15:15:00,105 INFO  VehicleFlowGenerator - Creating Vehicle: time=55000000000,name=veh_25,route=1,laneSelectionMode=DEFAULT,lane=1,departConnectionIndex=0,pos=1417,type=Car,departSpeed=0.0,applications=[org.eclipse.mosaic.app.tutorial.SlowDownApp]
2025-04-25 15:15:00,112 INFO  VehicleFlowGenerator - Creating Vehicle: time=57000000000,name=veh_26,route=1,laneSelectionMode=DEFAULT,lane=0,departConnectionIndex=0,pos=1417,type=Car,departSpeed=0.0,applications=[org.eclipse.mosaic.app.tutorial.WeatherWarningApp, org.eclipse.mosaic.app.tutorial.SlowDownApp]
2025-04-25 15:15:00,119 INFO  VehicleFlowGenerator - Creating Vehicle: time=59000000000,name=veh_27,route=1,laneSelectionMode=DEFAULT,lane=1,departConnectionIndex=0,pos=1417,type=Car,departSpeed=0.0,applications=[org.eclipse.mosaic.app.tutorial.SlowDownApp]
2025-04-25 15:15:00,129 INFO  VehicleFlowGenerator - Creating Vehicle: time=61000000000,name=veh_28,route=1,laneSelectionMode=DEFAULT,lane=0,departConnectionIndex=0,pos=1417,type=Car,departSpeed=0.0,applications=[org.eclipse.mosaic.app.tutorial.SlowDownApp]
2025-04-25 15:15:00,134 INFO  VehicleFlowGenerator - Creating Vehicle: time=63000000000,name=veh_29,route=1,laneSelectionMode=DEFAULT,lane=1,departConnectionIndex=0,pos=1417,type=Car,departSpeed=0.0,applications=[org.eclipse.mosaic.app.tutorial.SlowDownApp]
2025-04-25 15:15:00,140 INFO  VehicleFlowGenerator - Creating Vehicle: time=65000000000,name=veh_30,route=1,laneSelectionMode=DEFAULT,lane=0,departConnectionIndex=0,pos=1417,type=Car,departSpeed=0.0,applications=[org.eclipse.mosaic.app.tutorial.SlowDownApp]
2025-04-25 15:15:00,144 INFO  VehicleFlowGenerator - Creating Vehicle: time=67000000000,name=veh_31,route=1,laneSelectionMode=DEFAULT,lane=1,departConnectionIndex=0,pos=1417,type=Car,departSpeed=0.0,applications=[org.eclipse.mosaic.app.tutorial.WeatherWarningApp, org.eclipse.mosaic.app.tutorial.SlowDownApp]
2025-04-25 15:15:00,149 INFO  VehicleFlowGenerator - Creating Vehicle: time=69000000000,name=veh_32,route=1,laneSelectionMode=DEFAULT,lane=0,departConnectionIndex=0,pos=1417,type=Car,departSpeed=0.0,applications=[org.eclipse.mosaic.app.tutorial.SlowDownApp]
2025-04-25 15:15:00,155 INFO  VehicleFlowGenerator - Creating Vehicle: time=71000000000,name=veh_33,route=1,laneSelectionMode=DEFAULT,lane=1,departConnectionIndex=0,pos=1417,type=Car,departSpeed=0.0,applications=[org.eclipse.mosaic.app.tutorial.WeatherWarningAppCell, org.eclipse.mosaic.app.tutorial.SlowDownApp]
2025-04-25 15:15:00,161 INFO  VehicleFlowGenerator - Creating Vehicle: time=73000000000,name=veh_34,route=1,laneSelectionMode=DEFAULT,lane=0,departConnectionIndex=0,pos=1417,type=Car,departSpeed=0.0,applications=[org.eclipse.mosaic.app.tutorial.SlowDownApp]
2025-04-25 15:15:00,169 INFO  VehicleFlowGenerator - Creating Vehicle: time=75000000000,name=veh_35,route=1,laneSelectionMode=DEFAULT,lane=1,departConnectionIndex=0,pos=1417,type=Car,departSpeed=0.0,applications=[org.eclipse.mosaic.app.tutorial.SlowDownApp]
2025-04-25 15:15:00,173 INFO  VehicleFlowGenerator - Creating Vehicle: time=77000000000,name=veh_36,route=1,laneSelectionMode=DEFAULT,lane=0,departConnectionIndex=0,pos=1417,type=Car,departSpeed=0.0,applications=[org.eclipse.mosaic.app.tutorial.WeatherWarningApp, org.eclipse.mosaic.app.tutorial.SlowDownApp]
2025-04-25 15:15:00,179 INFO  VehicleFlowGenerator - Creating Vehicle: time=79000000000,name=veh_37,route=1,laneSelectionMode=DEFAULT,lane=1,departConnectionIndex=0,pos=1417,type=Car,departSpeed=0.0,applications=[org.eclipse.mosaic.app.tutorial.SlowDownApp]
2025-04-25 15:15:00,188 INFO  VehicleFlowGenerator - Creating Vehicle: time=81000000000,name=veh_38,route=1,laneSelectionMode=DEFAULT,lane=0,departConnectionIndex=0,pos=1417,type=Car,departSpeed=0.0,applications=[org.eclipse.mosaic.app.tutorial.SlowDownApp]
2025-04-25 15:15:00,196 INFO  VehicleFlowGenerator - Creating Vehicle: time=83000000000,name=veh_39,route=1,laneSelectionMode=DEFAULT,lane=1,departConnectionIndex=0,pos=1417,type=Car,departSpeed=0.0,applications=[org.eclipse.mosaic.app.tutorial.SlowDownApp]
2025-04-25 15:15:00,251 INFO  VehicleFlowGenerator - Creating Vehicle: time=85000000000,name=veh_40,route=1,laneSelectionMode=DEFAULT,lane=0,departConnectionIndex=0,pos=1417,type=Car,departSpeed=0.0,applications=[org.eclipse.mosaic.app.tutorial.SlowDownApp]
2025-04-25 15:15:00,259 INFO  VehicleFlowGenerator - Creating Vehicle: time=87000000000,name=veh_41,route=1,laneSelectionMode=DEFAULT,lane=1,departConnectionIndex=0,pos=1417,type=Car,departSpeed=0.0,applications=[org.eclipse.mosaic.app.tutorial.WeatherWarningApp, org.eclipse.mosaic.app.tutorial.SlowDownApp]
2025-04-25 15:15:00,271 INFO  VehicleFlowGenerator - Creating Vehicle: time=89000000000,name=veh_42,route=1,laneSelectionMode=DEFAULT,lane=0,departConnectionIndex=0,pos=1417,type=Car,departSpeed=0.0,applications=[org.eclipse.mosaic.app.tutorial.SlowDownApp]
2025-04-25 15:15:00,287 INFO  VehicleFlowGenerator - Creating Vehicle: time=91000000000,name=veh_43,route=1,laneSelectionMode=DEFAULT,lane=1,departConnectionIndex=0,pos=1417,type=Car,departSpeed=0.0,applications=[org.eclipse.mosaic.app.tutorial.WeatherWarningAppCell, org.eclipse.mosaic.app.tutorial.SlowDownApp]
2025-04-25 15:15:00,295 INFO  VehicleFlowGenerator - Creating Vehicle: time=93000000000,name=veh_44,route=1,laneSelectionMode=DEFAULT,lane=0,departConnectionIndex=0,pos=1417,type=Car,departSpeed=0.0,applications=[org.eclipse.mosaic.app.tutorial.SlowDownApp]
2025-04-25 15:15:00,310 INFO  VehicleFlowGenerator - Creating Vehicle: time=95000000000,name=veh_45,route=1,laneSelectionMode=DEFAULT,lane=1,departConnectionIndex=0,pos=1417,type=Car,departSpeed=0.0,applications=[org.eclipse.mosaic.app.tutorial.SlowDownApp]
2025-04-25 15:15:00,318 INFO  VehicleFlowGenerator - Creating Vehicle: time=97000000000,name=veh_46,route=1,laneSelectionMode=DEFAULT,lane=0,departConnectionIndex=0,pos=1417,type=Car,departSpeed=0.0,applications=[org.eclipse.mosaic.app.tutorial.WeatherWarningApp, org.eclipse.mosaic.app.tutorial.SlowDownApp]
2025-04-25 15:15:00,328 INFO  VehicleFlowGenerator - Creating Vehicle: time=99000000000,name=veh_47,route=1,laneSelectionMode=DEFAULT,lane=1,departConnectionIndex=0,pos=1417,type=Car,departSpeed=0.0,applications=[org.eclipse.mosaic.app.tutorial.SlowDownApp]
2025-04-25 15:15:00,342 INFO  VehicleFlowGenerator - Creating Vehicle: time=101000000000,name=veh_48,route=1,laneSelectionMode=DEFAULT,lane=0,departConnectionIndex=0,pos=1417,type=Car,departSpeed=0.0,applications=[org.eclipse.mosaic.app.tutorial.SlowDownApp]
2025-04-25 15:15:00,349 INFO  VehicleFlowGenerator - Creating Vehicle: time=103000000000,name=veh_49,route=1,laneSelectionMode=DEFAULT,lane=1,departConnectionIndex=0,pos=1417,type=Car,departSpeed=0.0,applications=[org.eclipse.mosaic.app.tutorial.SlowDownApp]
2025-04-25 15:15:00,360 INFO  VehicleFlowGenerator - Creating Vehicle: time=105000000000,name=veh_50,route=1,laneSelectionMode=DEFAULT,lane=0,departConnectionIndex=0,pos=1417,type=Car,departSpeed=0.0,applications=[org.eclipse.mosaic.app.tutorial.SlowDownApp]
2025-04-25 15:15:00,369 INFO  VehicleFlowGenerator - Creating Vehicle: time=107000000000,name=veh_51,route=1,laneSelectionMode=DEFAULT,lane=1,departConnectionIndex=0,pos=1417,type=Car,departSpeed=0.0,applications=[org.eclipse.mosaic.app.tutorial.WeatherWarningApp, org.eclipse.mosaic.app.tutorial.SlowDownApp]
2025-04-25 15:15:00,381 INFO  VehicleFlowGenerator - Creating Vehicle: time=109000000000,name=veh_52,route=1,laneSelectionMode=DEFAULT,lane=0,departConnectionIndex=0,pos=1417,type=Car,departSpeed=0.0,applications=[org.eclipse.mosaic.app.tutorial.SlowDownApp]
2025-04-25 15:15:00,393 INFO  VehicleFlowGenerator - Creating Vehicle: time=111000000000,name=veh_53,route=1,laneSelectionMode=DEFAULT,lane=1,departConnectionIndex=0,pos=1417,type=Car,departSpeed=0.0,applications=[org.eclipse.mosaic.app.tutorial.WeatherWarningAppCell, org.eclipse.mosaic.app.tutorial.SlowDownApp]
2025-04-25 15:15:00,403 INFO  VehicleFlowGenerator - Creating Vehicle: time=113000000000,name=veh_54,route=1,laneSelectionMode=DEFAULT,lane=0,departConnectionIndex=0,pos=1417,type=Car,departSpeed=0.0,applications=[org.eclipse.mosaic.app.tutorial.SlowDownApp]
2025-04-25 15:15:00,416 INFO  VehicleFlowGenerator - Creating Vehicle: time=115000000000,name=veh_55,route=1,laneSelectionMode=DEFAULT,lane=1,departConnectionIndex=0,pos=1417,type=Car,departSpeed=0.0,applications=[org.eclipse.mosaic.app.tutorial.SlowDownApp]
2025-04-25 15:15:00,426 INFO  VehicleFlowGenerator - Creating Vehicle: time=117000000000,name=veh_56,route=1,laneSelectionMode=DEFAULT,lane=0,departConnectionIndex=0,pos=1417,type=Car,departSpeed=0.0,applications=[org.eclipse.mosaic.app.tutorial.WeatherWarningApp, org.eclipse.mosaic.app.tutorial.SlowDownApp]
2025-04-25 15:15:00,437 INFO  VehicleFlowGenerator - Creating Vehicle: time=119000000000,name=veh_57,route=1,laneSelectionMode=DEFAULT,lane=1,departConnectionIndex=0,pos=1417,type=Car,departSpeed=0.0,applications=[org.eclipse.mosaic.app.tutorial.SlowDownApp]
2025-04-25 15:15:00,449 INFO  VehicleFlowGenerator - Creating Vehicle: time=121000000000,name=veh_58,route=1,laneSelectionMode=DEFAULT,lane=0,departConnectionIndex=0,pos=1417,type=Car,departSpeed=0.0,applications=[org.eclipse.mosaic.app.tutorial.SlowDownApp]
2025-04-25 15:15:00,458 INFO  VehicleFlowGenerator - Creating Vehicle: time=123000000000,name=veh_59,route=1,laneSelectionMode=DEFAULT,lane=1,departConnectionIndex=0,pos=1417,type=Car,departSpeed=0.0,applications=[org.eclipse.mosaic.app.tutorial.SlowDownApp]
2025-04-25 15:15:00,472 INFO  VehicleFlowGenerator - Creating Vehicle: time=125000000000,name=veh_60,route=1,laneSelectionMode=DEFAULT,lane=0,departConnectionIndex=0,pos=1417,type=Car,departSpeed=0.0,applications=[org.eclipse.mosaic.app.tutorial.SlowDownApp]
2025-04-25 15:15:00,480 INFO  VehicleFlowGenerator - Creating Vehicle: time=127000000000,name=veh_61,route=1,laneSelectionMode=DEFAULT,lane=1,departConnectionIndex=0,pos=1417,type=Car,departSpeed=0.0,applications=[org.eclipse.mosaic.app.tutorial.WeatherWarningApp, org.eclipse.mosaic.app.tutorial.SlowDownApp]
2025-04-25 15:15:00,492 INFO  VehicleFlowGenerator - Creating Vehicle: time=129000000000,name=veh_62,route=1,laneSelectionMode=DEFAULT,lane=0,departConnectionIndex=0,pos=1417,type=Car,departSpeed=0.0,applications=[org.eclipse.mosaic.app.tutorial.SlowDownApp]
2025-04-25 15:15:00,509 INFO  VehicleFlowGenerator - Creating Vehicle: time=131000000000,name=veh_63,route=1,laneSelectionMode=DEFAULT,lane=1,departConnectionIndex=0,pos=1417,type=Car,departSpeed=0.0,applications=[org.eclipse.mosaic.app.tutorial.WeatherWarningAppCell, org.eclipse.mosaic.app.tutorial.SlowDownApp]
2025-04-25 15:15:00,518 INFO  VehicleFlowGenerator - Creating Vehicle: time=133000000000,name=veh_64,route=1,laneSelectionMode=DEFAULT,lane=0,departConnectionIndex=0,pos=1417,type=Car,departSpeed=0.0,applications=[org.eclipse.mosaic.app.tutorial.SlowDownApp]
2025-04-25 15:15:00,529 INFO  VehicleFlowGenerator - Creating Vehicle: time=135000000000,name=veh_65,route=1,laneSelectionMode=DEFAULT,lane=1,departConnectionIndex=0,pos=1417,type=Car,departSpeed=0.0,applications=[org.eclipse.mosaic.app.tutorial.SlowDownApp]
2025-04-25 15:15:00,536 INFO  VehicleFlowGenerator - Creating Vehicle: time=137000000000,name=veh_66,route=1,laneSelectionMode=DEFAULT,lane=0,departConnectionIndex=0,pos=1417,type=Car,departSpeed=0.0,applications=[org.eclipse.mosaic.app.tutorial.WeatherWarningApp, org.eclipse.mosaic.app.tutorial.SlowDownApp]
2025-04-25 15:15:00,547 INFO  VehicleFlowGenerator - Creating Vehicle: time=139000000000,name=veh_67,route=1,laneSelectionMode=DEFAULT,lane=1,departConnectionIndex=0,pos=1417,type=Car,departSpeed=0.0,applications=[org.eclipse.mosaic.app.tutorial.SlowDownApp]
2025-04-25 15:15:00,560 INFO  VehicleFlowGenerator - Creating Vehicle: time=141000000000,name=veh_68,route=1,laneSelectionMode=DEFAULT,lane=0,departConnectionIndex=0,pos=1417,type=Car,departSpeed=0.0,applications=[org.eclipse.mosaic.app.tutorial.SlowDownApp]
2025-04-25 15:15:00,567 INFO  VehicleFlowGenerator - Creating Vehicle: time=143000000000,name=veh_69,route=1,laneSelectionMode=DEFAULT,lane=1,departConnectionIndex=0,pos=1417,type=Car,departSpeed=0.0,applications=[org.eclipse.mosaic.app.tutorial.SlowDownApp]
2025-04-25 15:15:00,579 INFO  VehicleFlowGenerator - Creating Vehicle: time=145000000000,name=veh_70,route=1,laneSelectionMode=DEFAULT,lane=0,departConnectionIndex=0,pos=1417,type=Car,departSpeed=0.0,applications=[org.eclipse.mosaic.app.tutorial.SlowDownApp]
2025-04-25 15:15:00,587 INFO  VehicleFlowGenerator - Creating Vehicle: time=147000000000,name=veh_71,route=1,laneSelectionMode=DEFAULT,lane=1,departConnectionIndex=0,pos=1417,type=Car,departSpeed=0.0,applications=[org.eclipse.mosaic.app.tutorial.WeatherWarningApp, org.eclipse.mosaic.app.tutorial.SlowDownApp]
2025-04-25 15:15:00,597 INFO  VehicleFlowGenerator - Creating Vehicle: time=149000000000,name=veh_72,route=1,laneSelectionMode=DEFAULT,lane=0,departConnectionIndex=0,pos=1417,type=Car,departSpeed=0.0,applications=[org.eclipse.mosaic.app.tutorial.SlowDownApp]
2025-04-25 15:15:00,609 INFO  VehicleFlowGenerator - Creating Vehicle: time=151000000000,name=veh_73,route=1,laneSelectionMode=DEFAULT,lane=1,departConnectionIndex=0,pos=1417,type=Car,departSpeed=0.0,applications=[org.eclipse.mosaic.app.tutorial.WeatherWarningAppCell, org.eclipse.mosaic.app.tutorial.SlowDownApp]
2025-04-25 15:15:00,618 INFO  VehicleFlowGenerator - Creating Vehicle: time=153000000000,name=veh_74,route=1,laneSelectionMode=DEFAULT,lane=0,departConnectionIndex=0,pos=1417,type=Car,departSpeed=0.0,applications=[org.eclipse.mosaic.app.tutorial.SlowDownApp]
2025-04-25 15:15:00,632 INFO  VehicleFlowGenerator - Creating Vehicle: time=155000000000,name=veh_75,route=1,laneSelectionMode=DEFAULT,lane=1,departConnectionIndex=0,pos=1417,type=Car,departSpeed=0.0,applications=[org.eclipse.mosaic.app.tutorial.SlowDownApp]
2025-04-25 15:15:00,641 INFO  VehicleFlowGenerator - Creating Vehicle: time=157000000000,name=veh_76,route=1,laneSelectionMode=DEFAULT,lane=0,departConnectionIndex=0,pos=1417,type=Car,departSpeed=0.0,applications=[org.eclipse.mosaic.app.tutorial.SlowDownApp]
2025-04-25 15:15:00,650 INFO  VehicleFlowGenerator - Creating Vehicle: time=159000000000,name=veh_77,route=1,laneSelectionMode=DEFAULT,lane=1,departConnectionIndex=0,pos=1417,type=Car,departSpeed=0.0,applications=[org.eclipse.mosaic.app.tutorial.WeatherWarningApp, org.eclipse.mosaic.app.tutorial.SlowDownApp]
2025-04-25 15:15:00,665 INFO  VehicleFlowGenerator - Creating Vehicle: time=161000000000,name=veh_78,route=1,laneSelectionMode=DEFAULT,lane=0,departConnectionIndex=0,pos=1417,type=Car,departSpeed=0.0,applications=[org.eclipse.mosaic.app.tutorial.SlowDownApp]
2025-04-25 15:15:00,675 INFO  VehicleFlowGenerator - Creating Vehicle: time=163000000000,name=veh_79,route=1,laneSelectionMode=DEFAULT,lane=1,departConnectionIndex=0,pos=1417,type=Car,departSpeed=0.0,applications=[org.eclipse.mosaic.app.tutorial.SlowDownApp]
2025-04-25 15:15:00,704 INFO  VehicleFlowGenerator - Creating Vehicle: time=165000000000,name=veh_80,route=1,laneSelectionMode=DEFAULT,lane=0,departConnectionIndex=0,pos=1417,type=Car,departSpeed=0.0,applications=[org.eclipse.mosaic.app.tutorial.SlowDownApp]
2025-04-25 15:15:00,716 INFO  VehicleFlowGenerator - Creating Vehicle: time=167000000000,name=veh_81,route=1,laneSelectionMode=DEFAULT,lane=1,departConnectionIndex=0,pos=1417,type=Car,departSpeed=0.0,applications=[org.eclipse.mosaic.app.tutorial.WeatherWarningApp, org.eclipse.mosaic.app.tutorial.SlowDownApp]
2025-04-25 15:15:00,729 INFO  VehicleFlowGenerator - Creating Vehicle: time=169000000000,name=veh_82,route=1,laneSelectionMode=DEFAULT,lane=0,departConnectionIndex=0,pos=1417,type=Car,departSpeed=0.0,applications=[org.eclipse.mosaic.app.tutorial.SlowDownApp]
2025-04-25 15:15:00,749 INFO  VehicleFlowGenerator - Creating Vehicle: time=171000000000,name=veh_83,route=1,laneSelectionMode=DEFAULT,lane=1,departConnectionIndex=0,pos=1417,type=Car,departSpeed=0.0,applications=[org.eclipse.mosaic.app.tutorial.WeatherWarningAppCell, org.eclipse.mosaic.app.tutorial.SlowDownApp]
2025-04-25 15:15:00,762 INFO  VehicleFlowGenerator - Creating Vehicle: time=173000000000,name=veh_84,route=1,laneSelectionMode=DEFAULT,lane=0,departConnectionIndex=0,pos=1417,type=Car,departSpeed=0.0,applications=[org.eclipse.mosaic.app.tutorial.SlowDownApp]
2025-04-25 15:15:00,781 INFO  VehicleFlowGenerator - Creating Vehicle: time=175000000000,name=veh_85,route=1,laneSelectionMode=DEFAULT,lane=1,departConnectionIndex=0,pos=1417,type=Car,departSpeed=0.0,applications=[org.eclipse.mosaic.app.tutorial.SlowDownApp]
2025-04-25 15:15:00,791 INFO  VehicleFlowGenerator - Creating Vehicle: time=177000000000,name=veh_86,route=1,laneSelectionMode=DEFAULT,lane=0,departConnectionIndex=0,pos=1417,type=Car,departSpeed=0.0,applications=[org.eclipse.mosaic.app.tutorial.WeatherWarningApp, org.eclipse.mosaic.app.tutorial.SlowDownApp]
2025-04-25 15:15:00,804 INFO  VehicleFlowGenerator - Creating Vehicle: time=179000000000,name=veh_87,route=1,laneSelectionMode=DEFAULT,lane=1,departConnectionIndex=0,pos=1417,type=Car,departSpeed=0.0,applications=[org.eclipse.mosaic.app.tutorial.SlowDownApp]
2025-04-25 15:15:00,824 INFO  VehicleFlowGenerator - Creating Vehicle: time=181000000000,name=veh_88,route=1,laneSelectionMode=DEFAULT,lane=0,departConnectionIndex=0,pos=1417,type=Car,departSpeed=0.0,applications=[org.eclipse.mosaic.app.tutorial.SlowDownApp]
2025-04-25 15:15:00,834 INFO  VehicleFlowGenerator - Creating Vehicle: time=183000000000,name=veh_89,route=1,laneSelectionMode=DEFAULT,lane=1,departConnectionIndex=0,pos=1417,type=Car,departSpeed=0.0,applications=[org.eclipse.mosaic.app.tutorial.SlowDownApp]
2025-04-25 15:15:00,850 INFO  VehicleFlowGenerator - Creating Vehicle: time=185000000000,name=veh_90,route=1,laneSelectionMode=DEFAULT,lane=0,departConnectionIndex=0,pos=1417,type=Car,departSpeed=0.0,applications=[org.eclipse.mosaic.app.tutorial.SlowDownApp]
2025-04-25 15:15:00,861 INFO  VehicleFlowGenerator - Creating Vehicle: time=187000000000,name=veh_91,route=1,laneSelectionMode=DEFAULT,lane=1,departConnectionIndex=0,pos=1417,type=Car,departSpeed=0.0,applications=[org.eclipse.mosaic.app.tutorial.WeatherWarningApp, org.eclipse.mosaic.app.tutorial.SlowDownApp]
2025-04-25 15:15:00,874 INFO  VehicleFlowGenerator - Creating Vehicle: time=189000000000,name=veh_92,route=1,laneSelectionMode=DEFAULT,lane=0,departConnectionIndex=0,pos=1417,type=Car,departSpeed=0.0,applications=[org.eclipse.mosaic.app.tutorial.SlowDownApp]
2025-04-25 15:15:00,901 INFO  VehicleFlowGenerator - Creating Vehicle: time=191000000000,name=veh_93,route=1,laneSelectionMode=DEFAULT,lane=1,departConnectionIndex=0,pos=1417,type=Car,departSpeed=0.0,applications=[org.eclipse.mosaic.app.tutorial.WeatherWarningAppCell, org.eclipse.mosaic.app.tutorial.SlowDownApp]
2025-04-25 15:15:00,912 INFO  VehicleFlowGenerator - Creating Vehicle: time=193000000000,name=veh_94,route=1,laneSelectionMode=DEFAULT,lane=0,departConnectionIndex=0,pos=1417,type=Car,departSpeed=0.0,applications=[org.eclipse.mosaic.app.tutorial.SlowDownApp]
2025-04-25 15:15:00,939 INFO  VehicleFlowGenerator - Creating Vehicle: time=195000000000,name=veh_95,route=1,laneSelectionMode=DEFAULT,lane=1,departConnectionIndex=0,pos=1417,type=Car,departSpeed=0.0,applications=[org.eclipse.mosaic.app.tutorial.SlowDownApp]
2025-04-25 15:15:00,948 INFO  VehicleFlowGenerator - Creating Vehicle: time=197000000000,name=veh_96,route=1,laneSelectionMode=DEFAULT,lane=0,departConnectionIndex=0,pos=1417,type=Car,departSpeed=0.0,applications=[org.eclipse.mosaic.app.tutorial.WeatherWarningApp, org.eclipse.mosaic.app.tutorial.SlowDownApp]
2025-04-25 15:15:00,959 INFO  VehicleFlowGenerator - Creating Vehicle: time=199000000000,name=veh_97,route=1,laneSelectionMode=DEFAULT,lane=1,departConnectionIndex=0,pos=1417,type=Car,departSpeed=0.0,applications=[org.eclipse.mosaic.app.tutorial.SlowDownApp]
2025-04-25 15:15:00,973 INFO  VehicleFlowGenerator - Creating Vehicle: time=201000000000,name=veh_98,route=1,laneSelectionMode=DEFAULT,lane=0,departConnectionIndex=0,pos=1417,type=Car,departSpeed=0.0,applications=[org.eclipse.mosaic.app.tutorial.SlowDownApp]
2025-04-25 15:15:00,981 INFO  VehicleFlowGenerator - Creating Vehicle: time=203000000000,name=veh_99,route=1,laneSelectionMode=DEFAULT,lane=1,departConnectionIndex=0,pos=1417,type=Car,departSpeed=0.0,applications=[org.eclipse.mosaic.app.tutorial.SlowDownApp]
2025-04-25 15:15:00,996 INFO  VehicleFlowGenerator - Creating Vehicle: time=205000000000,name=veh_100,route=1,laneSelectionMode=DEFAULT,lane=0,departConnectionIndex=0,pos=1417,type=Car,departSpeed=0.0,applications=[org.eclipse.mosaic.app.tutorial.SlowDownApp]
2025-04-25 15:15:01,005 INFO  VehicleFlowGenerator - Creating Vehicle: time=207000000000,name=veh_101,route=1,laneSelectionMode=DEFAULT,lane=1,departConnectionIndex=0,pos=1417,type=Car,departSpeed=0.0,applications=[org.eclipse.mosaic.app.tutorial.WeatherWarningApp, org.eclipse.mosaic.app.tutorial.SlowDownApp]
2025-04-25 15:15:01,016 INFO  VehicleFlowGenerator - Creating Vehicle: time=209000000000,name=veh_102,route=1,laneSelectionMode=DEFAULT,lane=0,departConnectionIndex=0,pos=1417,type=Car,departSpeed=0.0,applications=[org.eclipse.mosaic.app.tutorial.SlowDownApp]
2025-04-25 15:15:01,031 INFO  VehicleFlowGenerator - Creating Vehicle: time=211000000000,name=veh_103,route=1,laneSelectionMode=DEFAULT,lane=1,departConnectionIndex=0,pos=1417,type=Car,departSpeed=0.0,applications=[org.eclipse.mosaic.app.tutorial.WeatherWarningAppCell, org.eclipse.mosaic.app.tutorial.SlowDownApp]
2025-04-25 15:15:01,043 INFO  VehicleFlowGenerator - Creating Vehicle: time=213000000000,name=veh_104,route=1,laneSelectionMode=DEFAULT,lane=0,departConnectionIndex=0,pos=1417,type=Car,departSpeed=0.0,applications=[org.eclipse.mosaic.app.tutorial.SlowDownApp]
2025-04-25 15:15:01,060 INFO  VehicleFlowGenerator - Creating Vehicle: time=215000000000,name=veh_105,route=1,laneSelectionMode=DEFAULT,lane=1,departConnectionIndex=0,pos=1417,type=Car,departSpeed=0.0,applications=[org.eclipse.mosaic.app.tutorial.SlowDownApp]
2025-04-25 15:15:01,070 INFO  VehicleFlowGenerator - Creating Vehicle: time=217000000000,name=veh_106,route=1,laneSelectionMode=DEFAULT,lane=0,departConnectionIndex=0,pos=1417,type=Car,departSpeed=0.0,applications=[org.eclipse.mosaic.app.tutorial.SlowDownApp]
2025-04-25 15:15:01,080 INFO  VehicleFlowGenerator - Creating Vehicle: time=219000000000,name=veh_107,route=1,laneSelectionMode=DEFAULT,lane=1,departConnectionIndex=0,pos=1417,type=Car,departSpeed=0.0,applications=[org.eclipse.mosaic.app.tutorial.WeatherWarningApp, org.eclipse.mosaic.app.tutorial.SlowDownApp]
2025-04-25 15:15:01,100 INFO  VehicleFlowGenerator - Creating Vehicle: time=221000000000,name=veh_108,route=1,laneSelectionMode=DEFAULT,lane=0,departConnectionIndex=0,pos=1417,type=Car,departSpeed=0.0,applications=[org.eclipse.mosaic.app.tutorial.SlowDownApp]
2025-04-25 15:15:01,109 INFO  VehicleFlowGenerator - Creating Vehicle: time=223000000000,name=veh_109,route=1,laneSelectionMode=DEFAULT,lane=1,departConnectionIndex=0,pos=1417,type=Car,departSpeed=0.0,applications=[org.eclipse.mosaic.app.tutorial.SlowDownApp]
2025-04-25 15:15:01,123 INFO  VehicleFlowGenerator - Creating Vehicle: time=225000000000,name=veh_110,route=1,laneSelectionMode=DEFAULT,lane=0,departConnectionIndex=0,pos=1417,type=Car,departSpeed=0.0,applications=[org.eclipse.mosaic.app.tutorial.SlowDownApp]
2025-04-25 15:15:01,133 INFO  VehicleFlowGenerator - Creating Vehicle: time=227000000000,name=veh_111,route=1,laneSelectionMode=DEFAULT,lane=1,departConnectionIndex=0,pos=1417,type=Car,departSpeed=0.0,applications=[org.eclipse.mosaic.app.tutorial.WeatherWarningApp, org.eclipse.mosaic.app.tutorial.SlowDownApp]
2025-04-25 15:15:01,143 INFO  VehicleFlowGenerator - Creating Vehicle: time=229000000000,name=veh_112,route=1,laneSelectionMode=DEFAULT,lane=0,departConnectionIndex=0,pos=1417,type=Car,departSpeed=0.0,applications=[org.eclipse.mosaic.app.tutorial.SlowDownApp]
2025-04-25 15:15:01,158 INFO  VehicleFlowGenerator - Creating Vehicle: time=231000000000,name=veh_113,route=1,laneSelectionMode=DEFAULT,lane=1,departConnectionIndex=0,pos=1417,type=Car,departSpeed=0.0,applications=[org.eclipse.mosaic.app.tutorial.WeatherWarningAppCell, org.eclipse.mosaic.app.tutorial.SlowDownApp]
2025-04-25 15:15:01,167 INFO  VehicleFlowGenerator - Creating Vehicle: time=233000000000,name=veh_114,route=1,laneSelectionMode=DEFAULT,lane=0,departConnectionIndex=0,pos=1417,type=Car,departSpeed=0.0,applications=[org.eclipse.mosaic.app.tutorial.SlowDownApp]
2025-04-25 15:15:01,184 INFO  VehicleFlowGenerator - Creating Vehicle: time=235000000000,name=veh_115,route=1,laneSelectionMode=DEFAULT,lane=1,departConnectionIndex=0,pos=1417,type=Car,departSpeed=0.0,applications=[org.eclipse.mosaic.app.tutorial.SlowDownApp]
2025-04-25 15:15:01,193 INFO  VehicleFlowGenerator - Creating Vehicle: time=237000000000,name=veh_116,route=1,laneSelectionMode=DEFAULT,lane=0,departConnectionIndex=0,pos=1417,type=Car,departSpeed=0.0,applications=[org.eclipse.mosaic.app.tutorial.WeatherWarningApp, org.eclipse.mosaic.app.tutorial.SlowDownApp]
2025-04-25 15:15:01,203 INFO  VehicleFlowGenerator - Creating Vehicle: time=239000000000,name=veh_117,route=1,laneSelectionMode=DEFAULT,lane=1,departConnectionIndex=0,pos=1417,type=Car,departSpeed=0.0,applications=[org.eclipse.mosaic.app.tutorial.SlowDownApp]
2025-04-25 15:15:01,219 INFO  VehicleFlowGenerator - Creating Vehicle: time=241000000000,name=veh_118,route=1,laneSelectionMode=DEFAULT,lane=0,departConnectionIndex=0,pos=1417,type=Car,departSpeed=0.0,applications=[org.eclipse.mosaic.app.tutorial.SlowDownApp]
2025-04-25 15:15:01,239 INFO  VehicleFlowGenerator - Creating Vehicle: time=243000000000,name=veh_119,route=1,laneSelectionMode=DEFAULT,lane=1,departConnectionIndex=0,pos=1417,type=Car,departSpeed=0.0,applications=[org.eclipse.mosaic.app.tutorial.SlowDownApp]
