2025-04-25 15:02:17,921 INFO  VehicleFlowGenerator - Creating VehicleFlowGenerator: VehicleFlowGenerator[spawningMode=ConstantSpawningMode[timeSpacing=2000000000],lanes=[0, 1],types=[[name=Car,apps=[org.eclipse.mosaic.app.tutorial.WeatherWarningAppCell, org.eclipse.mosaic.app.tutorial.SlowDownApp]], [name=Car,apps=[org.eclipse.mosaic.app.tutorial.WeatherWarningApp, org.eclipse.mosaic.app.tutorial.SlowDownApp]], [name=Car,apps=[org.eclipse.mosaic.app.tutorial.SlowDownApp]]],departConnectionIndex=0,pos=1417,departSpeed=0.0,route=1,group=<null>,origin=<null>,destination=<null>,odInfo=<null>]
2025-04-25 15:02:17,924 INFO  VehicleFlowGenerator - Registering Vehicle Type: VehicleType[name='Car', length=5.0, width=1.8, height=1.5, minGap=2.5, maxSpeed=70.0, vehicleClass=ElectricVehicle, accel=2.6, decel=4.5, emergencyDecel=6.0, sigma=0.5, tau=1.0, speedFactor=1.0, color='null', laneChangeMode='DEFAULT', speedMode='DEFAULT']
2025-04-25 15:02:20,356 INFO  MappingAmbassador - Received TL-Interaction
2025-04-25 15:02:20,357 INFO  SpawningFramework - Creating Traffic Light Group: name=tl_0,tlGroupId=134859917,apps=[]
2025-04-25 15:02:20,360 INFO  SpawningFramework - Creating Traffic Light Group: name=tl_1,tlGroupId=135038118,apps=[]
2025-04-25 15:02:20,360 INFO  SpawningFramework - Creating Traffic Light Group: name=tl_2,tlGroupId=1566370849,apps=[]
2025-04-25 15:02:20,361 INFO  SpawningFramework - Creating Traffic Light Group: name=tl_3,tlGroupId=1594381971,apps=[]
2025-04-25 15:02:20,361 INFO  SpawningFramework - Creating Traffic Light Group: name=tl_4,tlGroupId=2477786411,apps=[]
2025-04-25 15:02:20,361 INFO  SpawningFramework - Creating Traffic Light Group: name=tl_5,tlGroupId=2548923620,apps=[]
2025-04-25 15:02:20,361 INFO  SpawningFramework - Creating Traffic Light Group: name=tl_6,tlGroupId=279322052,apps=[]
2025-04-25 15:02:20,362 INFO  SpawningFramework - Creating Traffic Light Group: name=tl_7,tlGroupId=29421312,apps=[]
2025-04-25 15:02:20,362 INFO  SpawningFramework - Creating Traffic Light Group: name=tl_8,tlGroupId=2945920006,apps=[]
2025-04-25 15:02:20,362 INFO  SpawningFramework - Creating Traffic Light Group: name=tl_9,tlGroupId=29768633,apps=[]
2025-04-25 15:02:20,363 INFO  SpawningFramework - Creating Traffic Light Group: name=tl_10,tlGroupId=29768638,apps=[]
2025-04-25 15:02:20,363 INFO  SpawningFramework - Creating Traffic Light Group: name=tl_11,tlGroupId=29768653,apps=[]
2025-04-25 15:02:20,363 INFO  SpawningFramework - Creating Traffic Light Group: name=tl_12,tlGroupId=29768656,apps=[]
2025-04-25 15:02:20,364 INFO  SpawningFramework - Creating Traffic Light Group: name=tl_13,tlGroupId=29768657,apps=[]
2025-04-25 15:02:20,364 INFO  SpawningFramework - Creating Traffic Light Group: name=tl_14,tlGroupId=29768658,apps=[]
2025-04-25 15:02:20,364 INFO  SpawningFramework - Creating Traffic Light Group: name=tl_15,tlGroupId=29768666,apps=[]
2025-04-25 15:02:20,364 INFO  SpawningFramework - Creating Traffic Light Group: name=tl_16,tlGroupId=29768672,apps=[]
2025-04-25 15:02:20,365 INFO  SpawningFramework - Creating Traffic Light Group: name=tl_17,tlGroupId=29859393,apps=[]
2025-04-25 15:02:20,365 INFO  SpawningFramework - Creating Traffic Light Group: name=tl_18,tlGroupId=29859450,apps=[]
2025-04-25 15:02:20,365 INFO  SpawningFramework - Creating Traffic Light Group: name=tl_19,tlGroupId=29859949,apps=[]
2025-04-25 15:02:20,366 INFO  SpawningFramework - Creating Traffic Light Group: name=tl_20,tlGroupId=29859969,apps=[]
2025-04-25 15:02:20,366 INFO  SpawningFramework - Creating Traffic Light Group: name=tl_21,tlGroupId=321568014,apps=[]
2025-04-25 15:02:20,366 INFO  SpawningFramework - Creating Traffic Light Group: name=tl_22,tlGroupId=335376891,apps=[]
2025-04-25 15:02:20,366 INFO  SpawningFramework - Creating Traffic Light Group: name=tl_23,tlGroupId=394751921,apps=[]
2025-04-25 15:02:20,367 INFO  SpawningFramework - Creating Traffic Light Group: name=tl_24,tlGroupId=39933917,apps=[]
2025-04-25 15:02:20,367 INFO  SpawningFramework - Creating Traffic Light Group: name=tl_25,tlGroupId=40447119,apps=[]
2025-04-25 15:02:20,367 INFO  SpawningFramework - Creating Traffic Light Group: name=tl_26,tlGroupId=4373325780,apps=[]
2025-04-25 15:02:20,367 INFO  SpawningFramework - Creating Traffic Light Group: name=tl_27,tlGroupId=47966053,apps=[]
2025-04-25 15:02:20,368 INFO  SpawningFramework - Creating Traffic Light Group: name=tl_28,tlGroupId=47966062,apps=[]
2025-04-25 15:02:20,368 INFO  SpawningFramework - Creating Traffic Light Group: name=tl_29,tlGroupId=47966078,apps=[]
2025-04-25 15:02:20,368 INFO  SpawningFramework - Creating Traffic Light Group: name=tl_30,tlGroupId=49832298,apps=[]
2025-04-25 15:02:20,368 INFO  SpawningFramework - Creating Traffic Light Group: name=tl_31,tlGroupId=64660869,apps=[]
2025-04-25 15:02:20,368 INFO  SpawningFramework - Creating Traffic Light Group: name=tl_32,tlGroupId=75670662,apps=[]
2025-04-25 15:02:20,369 INFO  SpawningFramework - Creating Traffic Light Group: name=tl_33,tlGroupId=75679644,apps=[]
2025-04-25 15:02:20,369 INFO  SpawningFramework - Creating Traffic Light Group: name=tl_34,tlGroupId=76598379,apps=[]
2025-04-25 15:02:20,369 INFO  SpawningFramework - Creating Traffic Light Group: name=tl_35,tlGroupId=866613506,apps=[]
2025-04-25 15:02:20,369 INFO  SpawningFramework - Creating Traffic Light Group: name=tl_36,tlGroupId=866614004,apps=[]
2025-04-25 15:02:20,370 INFO  SpawningFramework - Creating Traffic Light Group: name=tl_37,tlGroupId=866614320,apps=[]
2025-04-25 15:02:20,370 INFO  SpawningFramework - Creating Traffic Light Group: name=tl_38,tlGroupId=88954025,apps=[]
2025-04-25 15:02:20,370 INFO  SpawningFramework - Creating Traffic Light Group: name=tl_39,tlGroupId=89988845,apps=[]
2025-04-25 15:02:20,370 INFO  SpawningFramework - Creating Traffic Light Group: name=tl_40,tlGroupId=89988851,apps=[]
2025-04-25 15:02:20,371 INFO  SpawningFramework - Creating Traffic Light Group: name=tl_41,tlGroupId=97604536,apps=[]
2025-04-25 15:02:20,371 INFO  ServerSpawner - Creating Server: ServerSpawner[applications=[org.eclipse.mosaic.app.tutorial.WeatherServerApp]]
2025-04-25 15:02:20,408 INFO  VehicleFlowGenerator - Creating Vehicle: time=5000000000,name=veh_0,route=1,laneSelectionMode=DEFAULT,lane=0,departConnectionIndex=0,pos=1417,type=Car,departSpeed=0.0,applications=[org.eclipse.mosaic.app.tutorial.SlowDownApp]
2025-04-25 15:02:20,418 INFO  VehicleFlowGenerator - Creating Vehicle: time=7000000000,name=veh_1,route=1,laneSelectionMode=DEFAULT,lane=1,departConnectionIndex=0,pos=1417,type=Car,departSpeed=0.0,applications=[org.eclipse.mosaic.app.tutorial.WeatherWarningApp, org.eclipse.mosaic.app.tutorial.SlowDownApp]
2025-04-25 15:02:20,428 INFO  VehicleFlowGenerator - Creating Vehicle: time=9000000000,name=veh_2,route=1,laneSelectionMode=DEFAULT,lane=0,departConnectionIndex=0,pos=1417,type=Car,departSpeed=0.0,applications=[org.eclipse.mosaic.app.tutorial.SlowDownApp]
2025-04-25 15:02:20,439 INFO  VehicleFlowGenerator - Creating Vehicle: time=11000000000,name=veh_3,route=1,laneSelectionMode=DEFAULT,lane=1,departConnectionIndex=0,pos=1417,type=Car,departSpeed=0.0,applications=[org.eclipse.mosaic.app.tutorial.WeatherWarningAppCell, org.eclipse.mosaic.app.tutorial.SlowDownApp]
2025-04-25 15:02:20,446 INFO  VehicleFlowGenerator - Creating Vehicle: time=13000000000,name=veh_4,route=1,laneSelectionMode=DEFAULT,lane=0,departConnectionIndex=0,pos=1417,type=Car,departSpeed=0.0,applications=[org.eclipse.mosaic.app.tutorial.SlowDownApp]
2025-04-25 15:02:20,458 INFO  VehicleFlowGenerator - Creating Vehicle: time=15000000000,name=veh_5,route=1,laneSelectionMode=DEFAULT,lane=1,departConnectionIndex=0,pos=1417,type=Car,departSpeed=0.0,applications=[org.eclipse.mosaic.app.tutorial.SlowDownApp]
2025-04-25 15:02:20,463 INFO  VehicleFlowGenerator - Creating Vehicle: time=17000000000,name=veh_6,route=1,laneSelectionMode=DEFAULT,lane=0,departConnectionIndex=0,pos=1417,type=Car,departSpeed=0.0,applications=[org.eclipse.mosaic.app.tutorial.WeatherWarningApp, org.eclipse.mosaic.app.tutorial.SlowDownApp]
2025-04-25 15:02:20,470 INFO  VehicleFlowGenerator - Creating Vehicle: time=19000000000,name=veh_7,route=1,laneSelectionMode=DEFAULT,lane=1,departConnectionIndex=0,pos=1417,type=Car,departSpeed=0.0,applications=[org.eclipse.mosaic.app.tutorial.SlowDownApp]
2025-04-25 15:02:20,478 INFO  VehicleFlowGenerator - Creating Vehicle: time=21000000000,name=veh_8,route=1,laneSelectionMode=DEFAULT,lane=0,departConnectionIndex=0,pos=1417,type=Car,departSpeed=0.0,applications=[org.eclipse.mosaic.app.tutorial.SlowDownApp]
2025-04-25 15:02:20,482 INFO  VehicleFlowGenerator - Creating Vehicle: time=23000000000,name=veh_9,route=1,laneSelectionMode=DEFAULT,lane=1,departConnectionIndex=0,pos=1417,type=Car,departSpeed=0.0,applications=[org.eclipse.mosaic.app.tutorial.SlowDownApp]
2025-04-25 15:02:20,491 INFO  VehicleFlowGenerator - Creating Vehicle: time=25000000000,name=veh_10,route=1,laneSelectionMode=DEFAULT,lane=0,departConnectionIndex=0,pos=1417,type=Car,departSpeed=0.0,applications=[org.eclipse.mosaic.app.tutorial.SlowDownApp]
2025-04-25 15:02:20,497 INFO  VehicleFlowGenerator - Creating Vehicle: time=27000000000,name=veh_11,route=1,laneSelectionMode=DEFAULT,lane=1,departConnectionIndex=0,pos=1417,type=Car,departSpeed=0.0,applications=[org.eclipse.mosaic.app.tutorial.WeatherWarningApp, org.eclipse.mosaic.app.tutorial.SlowDownApp]
2025-04-25 15:02:20,505 INFO  VehicleFlowGenerator - Creating Vehicle: time=29000000000,name=veh_12,route=1,laneSelectionMode=DEFAULT,lane=0,departConnectionIndex=0,pos=1417,type=Car,departSpeed=0.0,applications=[org.eclipse.mosaic.app.tutorial.SlowDownApp]
2025-04-25 15:02:20,514 INFO  VehicleFlowGenerator - Creating Vehicle: time=31000000000,name=veh_13,route=1,laneSelectionMode=DEFAULT,lane=1,departConnectionIndex=0,pos=1417,type=Car,departSpeed=0.0,applications=[org.eclipse.mosaic.app.tutorial.WeatherWarningAppCell, org.eclipse.mosaic.app.tutorial.SlowDownApp]
2025-04-25 15:02:20,521 INFO  VehicleFlowGenerator - Creating Vehicle: time=33000000000,name=veh_14,route=1,laneSelectionMode=DEFAULT,lane=0,departConnectionIndex=0,pos=1417,type=Car,departSpeed=0.0,applications=[org.eclipse.mosaic.app.tutorial.SlowDownApp]
2025-04-25 15:02:20,531 INFO  VehicleFlowGenerator - Creating Vehicle: time=35000000000,name=veh_15,route=1,laneSelectionMode=DEFAULT,lane=1,departConnectionIndex=0,pos=1417,type=Car,departSpeed=0.0,applications=[org.eclipse.mosaic.app.tutorial.SlowDownApp]
2025-04-25 15:02:20,539 INFO  VehicleFlowGenerator - Creating Vehicle: time=37000000000,name=veh_16,route=1,laneSelectionMode=DEFAULT,lane=0,departConnectionIndex=0,pos=1417,type=Car,departSpeed=0.0,applications=[org.eclipse.mosaic.app.tutorial.WeatherWarningApp, org.eclipse.mosaic.app.tutorial.SlowDownApp]
2025-04-25 15:02:20,546 INFO  VehicleFlowGenerator - Creating Vehicle: time=39000000000,name=veh_17,route=1,laneSelectionMode=DEFAULT,lane=1,departConnectionIndex=0,pos=1417,type=Car,departSpeed=0.0,applications=[org.eclipse.mosaic.app.tutorial.SlowDownApp]
2025-04-25 15:02:20,559 INFO  VehicleFlowGenerator - Creating Vehicle: time=41000000000,name=veh_18,route=1,laneSelectionMode=DEFAULT,lane=0,departConnectionIndex=0,pos=1417,type=Car,departSpeed=0.0,applications=[org.eclipse.mosaic.app.tutorial.SlowDownApp]
2025-04-25 15:02:20,565 INFO  VehicleFlowGenerator - Creating Vehicle: time=43000000000,name=veh_19,route=1,laneSelectionMode=DEFAULT,lane=1,departConnectionIndex=0,pos=1417,type=Car,departSpeed=0.0,applications=[org.eclipse.mosaic.app.tutorial.SlowDownApp]
2025-04-25 15:02:20,575 INFO  VehicleFlowGenerator - Creating Vehicle: time=45000000000,name=veh_20,route=1,laneSelectionMode=DEFAULT,lane=0,departConnectionIndex=0,pos=1417,type=Car,departSpeed=0.0,applications=[org.eclipse.mosaic.app.tutorial.SlowDownApp]
2025-04-25 15:02:20,580 INFO  VehicleFlowGenerator - Creating Vehicle: time=47000000000,name=veh_21,route=1,laneSelectionMode=DEFAULT,lane=1,departConnectionIndex=0,pos=1417,type=Car,departSpeed=0.0,applications=[org.eclipse.mosaic.app.tutorial.WeatherWarningApp, org.eclipse.mosaic.app.tutorial.SlowDownApp]
2025-04-25 15:02:20,586 INFO  VehicleFlowGenerator - Creating Vehicle: time=49000000000,name=veh_22,route=1,laneSelectionMode=DEFAULT,lane=0,departConnectionIndex=0,pos=1417,type=Car,departSpeed=0.0,applications=[org.eclipse.mosaic.app.tutorial.SlowDownApp]
2025-04-25 15:02:20,597 INFO  VehicleFlowGenerator - Creating Vehicle: time=51000000000,name=veh_23,route=1,laneSelectionMode=DEFAULT,lane=1,departConnectionIndex=0,pos=1417,type=Car,departSpeed=0.0,applications=[org.eclipse.mosaic.app.tutorial.WeatherWarningAppCell, org.eclipse.mosaic.app.tutorial.SlowDownApp]
2025-04-25 15:02:20,604 INFO  VehicleFlowGenerator - Creating Vehicle: time=53000000000,name=veh_24,route=1,laneSelectionMode=DEFAULT,lane=0,departConnectionIndex=0,pos=1417,type=Car,departSpeed=0.0,applications=[org.eclipse.mosaic.app.tutorial.SlowDownApp]
2025-04-25 15:02:20,616 INFO  VehicleFlowGenerator - Creating Vehicle: time=55000000000,name=veh_25,route=1,laneSelectionMode=DEFAULT,lane=1,departConnectionIndex=0,pos=1417,type=Car,departSpeed=0.0,applications=[org.eclipse.mosaic.app.tutorial.SlowDownApp]
2025-04-25 15:02:20,622 INFO  VehicleFlowGenerator - Creating Vehicle: time=57000000000,name=veh_26,route=1,laneSelectionMode=DEFAULT,lane=0,departConnectionIndex=0,pos=1417,type=Car,departSpeed=0.0,applications=[org.eclipse.mosaic.app.tutorial.WeatherWarningApp, org.eclipse.mosaic.app.tutorial.SlowDownApp]
2025-04-25 15:02:20,630 INFO  VehicleFlowGenerator - Creating Vehicle: time=59000000000,name=veh_27,route=1,laneSelectionMode=DEFAULT,lane=1,departConnectionIndex=0,pos=1417,type=Car,departSpeed=0.0,applications=[org.eclipse.mosaic.app.tutorial.SlowDownApp]
2025-04-25 15:02:20,654 INFO  VehicleFlowGenerator - Creating Vehicle: time=61000000000,name=veh_28,route=1,laneSelectionMode=DEFAULT,lane=0,departConnectionIndex=0,pos=1417,type=Car,departSpeed=0.0,applications=[org.eclipse.mosaic.app.tutorial.SlowDownApp]
2025-04-25 15:02:20,659 INFO  VehicleFlowGenerator - Creating Vehicle: time=63000000000,name=veh_29,route=1,laneSelectionMode=DEFAULT,lane=1,departConnectionIndex=0,pos=1417,type=Car,departSpeed=0.0,applications=[org.eclipse.mosaic.app.tutorial.SlowDownApp]
2025-04-25 15:02:20,665 INFO  VehicleFlowGenerator - Creating Vehicle: time=65000000000,name=veh_30,route=1,laneSelectionMode=DEFAULT,lane=0,departConnectionIndex=0,pos=1417,type=Car,departSpeed=0.0,applications=[org.eclipse.mosaic.app.tutorial.SlowDownApp]
2025-04-25 15:02:20,670 INFO  VehicleFlowGenerator - Creating Vehicle: time=67000000000,name=veh_31,route=1,laneSelectionMode=DEFAULT,lane=1,departConnectionIndex=0,pos=1417,type=Car,departSpeed=0.0,applications=[org.eclipse.mosaic.app.tutorial.WeatherWarningApp, org.eclipse.mosaic.app.tutorial.SlowDownApp]
2025-04-25 15:02:20,676 INFO  VehicleFlowGenerator - Creating Vehicle: time=69000000000,name=veh_32,route=1,laneSelectionMode=DEFAULT,lane=0,departConnectionIndex=0,pos=1417,type=Car,departSpeed=0.0,applications=[org.eclipse.mosaic.app.tutorial.SlowDownApp]
2025-04-25 15:02:20,683 INFO  VehicleFlowGenerator - Creating Vehicle: time=71000000000,name=veh_33,route=1,laneSelectionMode=DEFAULT,lane=1,departConnectionIndex=0,pos=1417,type=Car,departSpeed=0.0,applications=[org.eclipse.mosaic.app.tutorial.WeatherWarningAppCell, org.eclipse.mosaic.app.tutorial.SlowDownApp]
2025-04-25 15:02:20,690 INFO  VehicleFlowGenerator - Creating Vehicle: time=73000000000,name=veh_34,route=1,laneSelectionMode=DEFAULT,lane=0,departConnectionIndex=0,pos=1417,type=Car,departSpeed=0.0,applications=[org.eclipse.mosaic.app.tutorial.SlowDownApp]
2025-04-25 15:02:20,697 INFO  VehicleFlowGenerator - Creating Vehicle: time=75000000000,name=veh_35,route=1,laneSelectionMode=DEFAULT,lane=1,departConnectionIndex=0,pos=1417,type=Car,departSpeed=0.0,applications=[org.eclipse.mosaic.app.tutorial.SlowDownApp]
2025-04-25 15:02:20,702 INFO  VehicleFlowGenerator - Creating Vehicle: time=77000000000,name=veh_36,route=1,laneSelectionMode=DEFAULT,lane=0,departConnectionIndex=0,pos=1417,type=Car,departSpeed=0.0,applications=[org.eclipse.mosaic.app.tutorial.WeatherWarningApp, org.eclipse.mosaic.app.tutorial.SlowDownApp]
2025-04-25 15:02:20,708 INFO  VehicleFlowGenerator - Creating Vehicle: time=79000000000,name=veh_37,route=1,laneSelectionMode=DEFAULT,lane=1,departConnectionIndex=0,pos=1417,type=Car,departSpeed=0.0,applications=[org.eclipse.mosaic.app.tutorial.SlowDownApp]
2025-04-25 15:02:20,717 INFO  VehicleFlowGenerator - Creating Vehicle: time=81000000000,name=veh_38,route=1,laneSelectionMode=DEFAULT,lane=0,departConnectionIndex=0,pos=1417,type=Car,departSpeed=0.0,applications=[org.eclipse.mosaic.app.tutorial.SlowDownApp]
2025-04-25 15:02:20,726 INFO  VehicleFlowGenerator - Creating Vehicle: time=83000000000,name=veh_39,route=1,laneSelectionMode=DEFAULT,lane=1,departConnectionIndex=0,pos=1417,type=Car,departSpeed=0.0,applications=[org.eclipse.mosaic.app.tutorial.SlowDownApp]
2025-04-25 15:02:20,787 INFO  VehicleFlowGenerator - Creating Vehicle: time=85000000000,name=veh_40,route=1,laneSelectionMode=DEFAULT,lane=0,departConnectionIndex=0,pos=1417,type=Car,departSpeed=0.0,applications=[org.eclipse.mosaic.app.tutorial.SlowDownApp]
2025-04-25 15:02:20,795 INFO  VehicleFlowGenerator - Creating Vehicle: time=87000000000,name=veh_41,route=1,laneSelectionMode=DEFAULT,lane=1,departConnectionIndex=0,pos=1417,type=Car,departSpeed=0.0,applications=[org.eclipse.mosaic.app.tutorial.WeatherWarningApp, org.eclipse.mosaic.app.tutorial.SlowDownApp]
2025-04-25 15:02:20,808 INFO  VehicleFlowGenerator - Creating Vehicle: time=89000000000,name=veh_42,route=1,laneSelectionMode=DEFAULT,lane=0,departConnectionIndex=0,pos=1417,type=Car,departSpeed=0.0,applications=[org.eclipse.mosaic.app.tutorial.SlowDownApp]
2025-04-25 15:02:20,860 INFO  VehicleFlowGenerator - Creating Vehicle: time=91000000000,name=veh_43,route=1,laneSelectionMode=DEFAULT,lane=1,departConnectionIndex=0,pos=1417,type=Car,departSpeed=0.0,applications=[org.eclipse.mosaic.app.tutorial.WeatherWarningAppCell, org.eclipse.mosaic.app.tutorial.SlowDownApp]
2025-04-25 15:02:20,871 INFO  VehicleFlowGenerator - Creating Vehicle: time=93000000000,name=veh_44,route=1,laneSelectionMode=DEFAULT,lane=0,departConnectionIndex=0,pos=1417,type=Car,departSpeed=0.0,applications=[org.eclipse.mosaic.app.tutorial.SlowDownApp]
2025-04-25 15:02:20,891 INFO  VehicleFlowGenerator - Creating Vehicle: time=95000000000,name=veh_45,route=1,laneSelectionMode=DEFAULT,lane=1,departConnectionIndex=0,pos=1417,type=Car,departSpeed=0.0,applications=[org.eclipse.mosaic.app.tutorial.SlowDownApp]
2025-04-25 15:02:20,899 INFO  VehicleFlowGenerator - Creating Vehicle: time=97000000000,name=veh_46,route=1,laneSelectionMode=DEFAULT,lane=0,departConnectionIndex=0,pos=1417,type=Car,departSpeed=0.0,applications=[org.eclipse.mosaic.app.tutorial.WeatherWarningApp, org.eclipse.mosaic.app.tutorial.SlowDownApp]
2025-04-25 15:02:20,908 INFO  VehicleFlowGenerator - Creating Vehicle: time=99000000000,name=veh_47,route=1,laneSelectionMode=DEFAULT,lane=1,departConnectionIndex=0,pos=1417,type=Car,departSpeed=0.0,applications=[org.eclipse.mosaic.app.tutorial.SlowDownApp]
2025-04-25 15:02:20,922 INFO  VehicleFlowGenerator - Creating Vehicle: time=101000000000,name=veh_48,route=1,laneSelectionMode=DEFAULT,lane=0,departConnectionIndex=0,pos=1417,type=Car,departSpeed=0.0,applications=[org.eclipse.mosaic.app.tutorial.SlowDownApp]
2025-04-25 15:02:20,931 INFO  VehicleFlowGenerator - Creating Vehicle: time=103000000000,name=veh_49,route=1,laneSelectionMode=DEFAULT,lane=1,departConnectionIndex=0,pos=1417,type=Car,departSpeed=0.0,applications=[org.eclipse.mosaic.app.tutorial.SlowDownApp]
2025-04-25 15:02:20,943 INFO  VehicleFlowGenerator - Creating Vehicle: time=105000000000,name=veh_50,route=1,laneSelectionMode=DEFAULT,lane=0,departConnectionIndex=0,pos=1417,type=Car,departSpeed=0.0,applications=[org.eclipse.mosaic.app.tutorial.SlowDownApp]
2025-04-25 15:02:20,952 INFO  VehicleFlowGenerator - Creating Vehicle: time=107000000000,name=veh_51,route=1,laneSelectionMode=DEFAULT,lane=1,departConnectionIndex=0,pos=1417,type=Car,departSpeed=0.0,applications=[org.eclipse.mosaic.app.tutorial.WeatherWarningApp, org.eclipse.mosaic.app.tutorial.SlowDownApp]
2025-04-25 15:02:20,963 INFO  VehicleFlowGenerator - Creating Vehicle: time=109000000000,name=veh_52,route=1,laneSelectionMode=DEFAULT,lane=0,departConnectionIndex=0,pos=1417,type=Car,departSpeed=0.0,applications=[org.eclipse.mosaic.app.tutorial.SlowDownApp]
2025-04-25 15:02:20,977 INFO  VehicleFlowGenerator - Creating Vehicle: time=111000000000,name=veh_53,route=1,laneSelectionMode=DEFAULT,lane=1,departConnectionIndex=0,pos=1417,type=Car,departSpeed=0.0,applications=[org.eclipse.mosaic.app.tutorial.WeatherWarningAppCell, org.eclipse.mosaic.app.tutorial.SlowDownApp]
2025-04-25 15:02:20,988 INFO  VehicleFlowGenerator - Creating Vehicle: time=113000000000,name=veh_54,route=1,laneSelectionMode=DEFAULT,lane=0,departConnectionIndex=0,pos=1417,type=Car,departSpeed=0.0,applications=[org.eclipse.mosaic.app.tutorial.SlowDownApp]
2025-04-25 15:02:21,002 INFO  VehicleFlowGenerator - Creating Vehicle: time=115000000000,name=veh_55,route=1,laneSelectionMode=DEFAULT,lane=1,departConnectionIndex=0,pos=1417,type=Car,departSpeed=0.0,applications=[org.eclipse.mosaic.app.tutorial.SlowDownApp]
2025-04-25 15:02:21,011 INFO  VehicleFlowGenerator - Creating Vehicle: time=117000000000,name=veh_56,route=1,laneSelectionMode=DEFAULT,lane=0,departConnectionIndex=0,pos=1417,type=Car,departSpeed=0.0,applications=[org.eclipse.mosaic.app.tutorial.WeatherWarningApp, org.eclipse.mosaic.app.tutorial.SlowDownApp]
2025-04-25 15:02:21,023 INFO  VehicleFlowGenerator - Creating Vehicle: time=119000000000,name=veh_57,route=1,laneSelectionMode=DEFAULT,lane=1,departConnectionIndex=0,pos=1417,type=Car,departSpeed=0.0,applications=[org.eclipse.mosaic.app.tutorial.SlowDownApp]
2025-04-25 15:02:21,113 INFO  VehicleFlowGenerator - Creating Vehicle: time=121000000000,name=veh_58,route=1,laneSelectionMode=DEFAULT,lane=0,departConnectionIndex=0,pos=1417,type=Car,departSpeed=0.0,applications=[org.eclipse.mosaic.app.tutorial.SlowDownApp]
2025-04-25 15:02:21,123 INFO  VehicleFlowGenerator - Creating Vehicle: time=123000000000,name=veh_59,route=1,laneSelectionMode=DEFAULT,lane=1,departConnectionIndex=0,pos=1417,type=Car,departSpeed=0.0,applications=[org.eclipse.mosaic.app.tutorial.SlowDownApp]
2025-04-25 15:02:21,137 INFO  VehicleFlowGenerator - Creating Vehicle: time=125000000000,name=veh_60,route=1,laneSelectionMode=DEFAULT,lane=0,departConnectionIndex=0,pos=1417,type=Car,departSpeed=0.0,applications=[org.eclipse.mosaic.app.tutorial.SlowDownApp]
2025-04-25 15:02:21,147 INFO  VehicleFlowGenerator - Creating Vehicle: time=127000000000,name=veh_61,route=1,laneSelectionMode=DEFAULT,lane=1,departConnectionIndex=0,pos=1417,type=Car,departSpeed=0.0,applications=[org.eclipse.mosaic.app.tutorial.WeatherWarningApp, org.eclipse.mosaic.app.tutorial.SlowDownApp]
2025-04-25 15:02:21,157 INFO  VehicleFlowGenerator - Creating Vehicle: time=129000000000,name=veh_62,route=1,laneSelectionMode=DEFAULT,lane=0,departConnectionIndex=0,pos=1417,type=Car,departSpeed=0.0,applications=[org.eclipse.mosaic.app.tutorial.SlowDownApp]
2025-04-25 15:02:21,172 INFO  VehicleFlowGenerator - Creating Vehicle: time=131000000000,name=veh_63,route=1,laneSelectionMode=DEFAULT,lane=1,departConnectionIndex=0,pos=1417,type=Car,departSpeed=0.0,applications=[org.eclipse.mosaic.app.tutorial.WeatherWarningAppCell, org.eclipse.mosaic.app.tutorial.SlowDownApp]
2025-04-25 15:02:21,182 INFO  VehicleFlowGenerator - Creating Vehicle: time=133000000000,name=veh_64,route=1,laneSelectionMode=DEFAULT,lane=0,departConnectionIndex=0,pos=1417,type=Car,departSpeed=0.0,applications=[org.eclipse.mosaic.app.tutorial.SlowDownApp]
2025-04-25 15:02:21,195 INFO  VehicleFlowGenerator - Creating Vehicle: time=135000000000,name=veh_65,route=1,laneSelectionMode=DEFAULT,lane=1,departConnectionIndex=0,pos=1417,type=Car,departSpeed=0.0,applications=[org.eclipse.mosaic.app.tutorial.SlowDownApp]
2025-04-25 15:02:21,203 INFO  VehicleFlowGenerator - Creating Vehicle: time=137000000000,name=veh_66,route=1,laneSelectionMode=DEFAULT,lane=0,departConnectionIndex=0,pos=1417,type=Car,departSpeed=0.0,applications=[org.eclipse.mosaic.app.tutorial.WeatherWarningApp, org.eclipse.mosaic.app.tutorial.SlowDownApp]
2025-04-25 15:02:21,214 INFO  VehicleFlowGenerator - Creating Vehicle: time=139000000000,name=veh_67,route=1,laneSelectionMode=DEFAULT,lane=1,departConnectionIndex=0,pos=1417,type=Car,departSpeed=0.0,applications=[org.eclipse.mosaic.app.tutorial.SlowDownApp]
2025-04-25 15:02:21,229 INFO  VehicleFlowGenerator - Creating Vehicle: time=141000000000,name=veh_68,route=1,laneSelectionMode=DEFAULT,lane=0,departConnectionIndex=0,pos=1417,type=Car,departSpeed=0.0,applications=[org.eclipse.mosaic.app.tutorial.SlowDownApp]
2025-04-25 15:02:21,291 INFO  VehicleFlowGenerator - Creating Vehicle: time=143000000000,name=veh_69,route=1,laneSelectionMode=DEFAULT,lane=1,departConnectionIndex=0,pos=1417,type=Car,departSpeed=0.0,applications=[org.eclipse.mosaic.app.tutorial.SlowDownApp]
2025-04-25 15:02:21,306 INFO  VehicleFlowGenerator - Creating Vehicle: time=145000000000,name=veh_70,route=1,laneSelectionMode=DEFAULT,lane=0,departConnectionIndex=0,pos=1417,type=Car,departSpeed=0.0,applications=[org.eclipse.mosaic.app.tutorial.SlowDownApp]
2025-04-25 15:02:21,315 INFO  VehicleFlowGenerator - Creating Vehicle: time=147000000000,name=veh_71,route=1,laneSelectionMode=DEFAULT,lane=1,departConnectionIndex=0,pos=1417,type=Car,departSpeed=0.0,applications=[org.eclipse.mosaic.app.tutorial.WeatherWarningApp, org.eclipse.mosaic.app.tutorial.SlowDownApp]
2025-04-25 15:02:21,325 INFO  VehicleFlowGenerator - Creating Vehicle: time=149000000000,name=veh_72,route=1,laneSelectionMode=DEFAULT,lane=0,departConnectionIndex=0,pos=1417,type=Car,departSpeed=0.0,applications=[org.eclipse.mosaic.app.tutorial.SlowDownApp]
2025-04-25 15:02:21,340 INFO  VehicleFlowGenerator - Creating Vehicle: time=151000000000,name=veh_73,route=1,laneSelectionMode=DEFAULT,lane=1,departConnectionIndex=0,pos=1417,type=Car,departSpeed=0.0,applications=[org.eclipse.mosaic.app.tutorial.WeatherWarningAppCell, org.eclipse.mosaic.app.tutorial.SlowDownApp]
2025-04-25 15:02:21,351 INFO  VehicleFlowGenerator - Creating Vehicle: time=153000000000,name=veh_74,route=1,laneSelectionMode=DEFAULT,lane=0,departConnectionIndex=0,pos=1417,type=Car,departSpeed=0.0,applications=[org.eclipse.mosaic.app.tutorial.SlowDownApp]
2025-04-25 15:02:21,374 INFO  VehicleFlowGenerator - Creating Vehicle: time=155000000000,name=veh_75,route=1,laneSelectionMode=DEFAULT,lane=1,departConnectionIndex=0,pos=1417,type=Car,departSpeed=0.0,applications=[org.eclipse.mosaic.app.tutorial.SlowDownApp]
2025-04-25 15:02:21,383 INFO  VehicleFlowGenerator - Creating Vehicle: time=157000000000,name=veh_76,route=1,laneSelectionMode=DEFAULT,lane=0,departConnectionIndex=0,pos=1417,type=Car,departSpeed=0.0,applications=[org.eclipse.mosaic.app.tutorial.SlowDownApp]
2025-04-25 15:02:21,392 INFO  VehicleFlowGenerator - Creating Vehicle: time=159000000000,name=veh_77,route=1,laneSelectionMode=DEFAULT,lane=1,departConnectionIndex=0,pos=1417,type=Car,departSpeed=0.0,applications=[org.eclipse.mosaic.app.tutorial.WeatherWarningApp, org.eclipse.mosaic.app.tutorial.SlowDownApp]
2025-04-25 15:02:21,420 INFO  VehicleFlowGenerator - Creating Vehicle: time=161000000000,name=veh_78,route=1,laneSelectionMode=DEFAULT,lane=0,departConnectionIndex=0,pos=1417,type=Car,departSpeed=0.0,applications=[org.eclipse.mosaic.app.tutorial.SlowDownApp]
2025-04-25 15:02:21,430 INFO  VehicleFlowGenerator - Creating Vehicle: time=163000000000,name=veh_79,route=1,laneSelectionMode=DEFAULT,lane=1,departConnectionIndex=0,pos=1417,type=Car,departSpeed=0.0,applications=[org.eclipse.mosaic.app.tutorial.SlowDownApp]
2025-04-25 15:02:21,495 INFO  VehicleFlowGenerator - Creating Vehicle: time=165000000000,name=veh_80,route=1,laneSelectionMode=DEFAULT,lane=0,departConnectionIndex=0,pos=1417,type=Car,departSpeed=0.0,applications=[org.eclipse.mosaic.app.tutorial.SlowDownApp]
2025-04-25 15:02:21,506 INFO  VehicleFlowGenerator - Creating Vehicle: time=167000000000,name=veh_81,route=1,laneSelectionMode=DEFAULT,lane=1,departConnectionIndex=0,pos=1417,type=Car,departSpeed=0.0,applications=[org.eclipse.mosaic.app.tutorial.WeatherWarningApp, org.eclipse.mosaic.app.tutorial.SlowDownApp]
2025-04-25 15:02:21,521 INFO  VehicleFlowGenerator - Creating Vehicle: time=169000000000,name=veh_82,route=1,laneSelectionMode=DEFAULT,lane=0,departConnectionIndex=0,pos=1417,type=Car,departSpeed=0.0,applications=[org.eclipse.mosaic.app.tutorial.SlowDownApp]
2025-04-25 15:02:21,544 INFO  VehicleFlowGenerator - Creating Vehicle: time=171000000000,name=veh_83,route=1,laneSelectionMode=DEFAULT,lane=1,departConnectionIndex=0,pos=1417,type=Car,departSpeed=0.0,applications=[org.eclipse.mosaic.app.tutorial.WeatherWarningAppCell, org.eclipse.mosaic.app.tutorial.SlowDownApp]
2025-04-25 15:02:21,559 INFO  VehicleFlowGenerator - Creating Vehicle: time=173000000000,name=veh_84,route=1,laneSelectionMode=DEFAULT,lane=0,departConnectionIndex=0,pos=1417,type=Car,departSpeed=0.0,applications=[org.eclipse.mosaic.app.tutorial.SlowDownApp]
2025-04-25 15:02:21,577 INFO  VehicleFlowGenerator - Creating Vehicle: time=175000000000,name=veh_85,route=1,laneSelectionMode=DEFAULT,lane=1,departConnectionIndex=0,pos=1417,type=Car,departSpeed=0.0,applications=[org.eclipse.mosaic.app.tutorial.SlowDownApp]
2025-04-25 15:02:21,589 INFO  VehicleFlowGenerator - Creating Vehicle: time=177000000000,name=veh_86,route=1,laneSelectionMode=DEFAULT,lane=0,departConnectionIndex=0,pos=1417,type=Car,departSpeed=0.0,applications=[org.eclipse.mosaic.app.tutorial.WeatherWarningApp, org.eclipse.mosaic.app.tutorial.SlowDownApp]
2025-04-25 15:02:21,602 INFO  VehicleFlowGenerator - Creating Vehicle: time=179000000000,name=veh_87,route=1,laneSelectionMode=DEFAULT,lane=1,departConnectionIndex=0,pos=1417,type=Car,departSpeed=0.0,applications=[org.eclipse.mosaic.app.tutorial.SlowDownApp]
2025-04-25 15:02:21,620 INFO  VehicleFlowGenerator - Creating Vehicle: time=181000000000,name=veh_88,route=1,laneSelectionMode=DEFAULT,lane=0,departConnectionIndex=0,pos=1417,type=Car,departSpeed=0.0,applications=[org.eclipse.mosaic.app.tutorial.SlowDownApp]
2025-04-25 15:02:21,631 INFO  VehicleFlowGenerator - Creating Vehicle: time=183000000000,name=veh_89,route=1,laneSelectionMode=DEFAULT,lane=1,departConnectionIndex=0,pos=1417,type=Car,departSpeed=0.0,applications=[org.eclipse.mosaic.app.tutorial.SlowDownApp]
2025-04-25 15:02:21,715 INFO  VehicleFlowGenerator - Creating Vehicle: time=185000000000,name=veh_90,route=1,laneSelectionMode=DEFAULT,lane=0,departConnectionIndex=0,pos=1417,type=Car,departSpeed=0.0,applications=[org.eclipse.mosaic.app.tutorial.SlowDownApp]
2025-04-25 15:02:21,728 INFO  VehicleFlowGenerator - Creating Vehicle: time=187000000000,name=veh_91,route=1,laneSelectionMode=DEFAULT,lane=1,departConnectionIndex=0,pos=1417,type=Car,departSpeed=0.0,applications=[org.eclipse.mosaic.app.tutorial.WeatherWarningApp, org.eclipse.mosaic.app.tutorial.SlowDownApp]
2025-04-25 15:02:21,742 INFO  VehicleFlowGenerator - Creating Vehicle: time=189000000000,name=veh_92,route=1,laneSelectionMode=DEFAULT,lane=0,departConnectionIndex=0,pos=1417,type=Car,departSpeed=0.0,applications=[org.eclipse.mosaic.app.tutorial.SlowDownApp]
2025-04-25 15:02:21,761 INFO  VehicleFlowGenerator - Creating Vehicle: time=191000000000,name=veh_93,route=1,laneSelectionMode=DEFAULT,lane=1,departConnectionIndex=0,pos=1417,type=Car,departSpeed=0.0,applications=[org.eclipse.mosaic.app.tutorial.WeatherWarningAppCell, org.eclipse.mosaic.app.tutorial.SlowDownApp]
2025-04-25 15:02:21,773 INFO  VehicleFlowGenerator - Creating Vehicle: time=193000000000,name=veh_94,route=1,laneSelectionMode=DEFAULT,lane=0,departConnectionIndex=0,pos=1417,type=Car,departSpeed=0.0,applications=[org.eclipse.mosaic.app.tutorial.SlowDownApp]
2025-04-25 15:02:21,790 INFO  VehicleFlowGenerator - Creating Vehicle: time=195000000000,name=veh_95,route=1,laneSelectionMode=DEFAULT,lane=1,departConnectionIndex=0,pos=1417,type=Car,departSpeed=0.0,applications=[org.eclipse.mosaic.app.tutorial.SlowDownApp]
2025-04-25 15:02:21,800 INFO  VehicleFlowGenerator - Creating Vehicle: time=197000000000,name=veh_96,route=1,laneSelectionMode=DEFAULT,lane=0,departConnectionIndex=0,pos=1417,type=Car,departSpeed=0.0,applications=[org.eclipse.mosaic.app.tutorial.WeatherWarningApp, org.eclipse.mosaic.app.tutorial.SlowDownApp]
2025-04-25 15:02:21,815 INFO  VehicleFlowGenerator - Creating Vehicle: time=199000000000,name=veh_97,route=1,laneSelectionMode=DEFAULT,lane=1,departConnectionIndex=0,pos=1417,type=Car,departSpeed=0.0,applications=[org.eclipse.mosaic.app.tutorial.SlowDownApp]
2025-04-25 15:02:21,834 INFO  VehicleFlowGenerator - Creating Vehicle: time=201000000000,name=veh_98,route=1,laneSelectionMode=DEFAULT,lane=0,departConnectionIndex=0,pos=1417,type=Car,departSpeed=0.0,applications=[org.eclipse.mosaic.app.tutorial.SlowDownApp]
2025-04-25 15:02:21,898 INFO  VehicleFlowGenerator - Creating Vehicle: time=203000000000,name=veh_99,route=1,laneSelectionMode=DEFAULT,lane=1,departConnectionIndex=0,pos=1417,type=Car,departSpeed=0.0,applications=[org.eclipse.mosaic.app.tutorial.SlowDownApp]
2025-04-25 15:02:21,915 INFO  VehicleFlowGenerator - Creating Vehicle: time=205000000000,name=veh_100,route=1,laneSelectionMode=DEFAULT,lane=0,departConnectionIndex=0,pos=1417,type=Car,departSpeed=0.0,applications=[org.eclipse.mosaic.app.tutorial.SlowDownApp]
2025-04-25 15:02:21,926 INFO  VehicleFlowGenerator - Creating Vehicle: time=207000000000,name=veh_101,route=1,laneSelectionMode=DEFAULT,lane=1,departConnectionIndex=0,pos=1417,type=Car,departSpeed=0.0,applications=[org.eclipse.mosaic.app.tutorial.WeatherWarningApp, org.eclipse.mosaic.app.tutorial.SlowDownApp]
2025-04-25 15:02:21,937 INFO  VehicleFlowGenerator - Creating Vehicle: time=209000000000,name=veh_102,route=1,laneSelectionMode=DEFAULT,lane=0,departConnectionIndex=0,pos=1417,type=Car,departSpeed=0.0,applications=[org.eclipse.mosaic.app.tutorial.SlowDownApp]
2025-04-25 15:02:21,956 INFO  VehicleFlowGenerator - Creating Vehicle: time=211000000000,name=veh_103,route=1,laneSelectionMode=DEFAULT,lane=1,departConnectionIndex=0,pos=1417,type=Car,departSpeed=0.0,applications=[org.eclipse.mosaic.app.tutorial.WeatherWarningAppCell, org.eclipse.mosaic.app.tutorial.SlowDownApp]
2025-04-25 15:02:21,968 INFO  VehicleFlowGenerator - Creating Vehicle: time=213000000000,name=veh_104,route=1,laneSelectionMode=DEFAULT,lane=0,departConnectionIndex=0,pos=1417,type=Car,departSpeed=0.0,applications=[org.eclipse.mosaic.app.tutorial.SlowDownApp]
2025-04-25 15:02:21,984 INFO  VehicleFlowGenerator - Creating Vehicle: time=215000000000,name=veh_105,route=1,laneSelectionMode=DEFAULT,lane=1,departConnectionIndex=0,pos=1417,type=Car,departSpeed=0.0,applications=[org.eclipse.mosaic.app.tutorial.SlowDownApp]
2025-04-25 15:02:21,994 INFO  VehicleFlowGenerator - Creating Vehicle: time=217000000000,name=veh_106,route=1,laneSelectionMode=DEFAULT,lane=0,departConnectionIndex=0,pos=1417,type=Car,departSpeed=0.0,applications=[org.eclipse.mosaic.app.tutorial.SlowDownApp]
2025-04-25 15:02:22,003 INFO  VehicleFlowGenerator - Creating Vehicle: time=219000000000,name=veh_107,route=1,laneSelectionMode=DEFAULT,lane=1,departConnectionIndex=0,pos=1417,type=Car,departSpeed=0.0,applications=[org.eclipse.mosaic.app.tutorial.WeatherWarningApp, org.eclipse.mosaic.app.tutorial.SlowDownApp]
2025-04-25 15:02:22,020 INFO  VehicleFlowGenerator - Creating Vehicle: time=221000000000,name=veh_108,route=1,laneSelectionMode=DEFAULT,lane=0,departConnectionIndex=0,pos=1417,type=Car,departSpeed=0.0,applications=[org.eclipse.mosaic.app.tutorial.SlowDownApp]
2025-04-25 15:02:22,030 INFO  VehicleFlowGenerator - Creating Vehicle: time=223000000000,name=veh_109,route=1,laneSelectionMode=DEFAULT,lane=1,departConnectionIndex=0,pos=1417,type=Car,departSpeed=0.0,applications=[org.eclipse.mosaic.app.tutorial.SlowDownApp]
2025-04-25 15:02:22,111 INFO  VehicleFlowGenerator - Creating Vehicle: time=225000000000,name=veh_110,route=1,laneSelectionMode=DEFAULT,lane=0,departConnectionIndex=0,pos=1417,type=Car,departSpeed=0.0,applications=[org.eclipse.mosaic.app.tutorial.SlowDownApp]
2025-04-25 15:02:22,124 INFO  VehicleFlowGenerator - Creating Vehicle: time=227000000000,name=veh_111,route=1,laneSelectionMode=DEFAULT,lane=1,departConnectionIndex=0,pos=1417,type=Car,departSpeed=0.0,applications=[org.eclipse.mosaic.app.tutorial.WeatherWarningApp, org.eclipse.mosaic.app.tutorial.SlowDownApp]
2025-04-25 15:02:22,138 INFO  VehicleFlowGenerator - Creating Vehicle: time=229000000000,name=veh_112,route=1,laneSelectionMode=DEFAULT,lane=0,departConnectionIndex=0,pos=1417,type=Car,departSpeed=0.0,applications=[org.eclipse.mosaic.app.tutorial.SlowDownApp]
2025-04-25 15:02:22,160 INFO  VehicleFlowGenerator - Creating Vehicle: time=231000000000,name=veh_113,route=1,laneSelectionMode=DEFAULT,lane=1,departConnectionIndex=0,pos=1417,type=Car,departSpeed=0.0,applications=[org.eclipse.mosaic.app.tutorial.WeatherWarningAppCell, org.eclipse.mosaic.app.tutorial.SlowDownApp]
2025-04-25 15:02:22,173 INFO  VehicleFlowGenerator - Creating Vehicle: time=233000000000,name=veh_114,route=1,laneSelectionMode=DEFAULT,lane=0,departConnectionIndex=0,pos=1417,type=Car,departSpeed=0.0,applications=[org.eclipse.mosaic.app.tutorial.SlowDownApp]
2025-04-25 15:02:22,193 INFO  VehicleFlowGenerator - Creating Vehicle: time=235000000000,name=veh_115,route=1,laneSelectionMode=DEFAULT,lane=1,departConnectionIndex=0,pos=1417,type=Car,departSpeed=0.0,applications=[org.eclipse.mosaic.app.tutorial.SlowDownApp]
2025-04-25 15:02:22,205 INFO  VehicleFlowGenerator - Creating Vehicle: time=237000000000,name=veh_116,route=1,laneSelectionMode=DEFAULT,lane=0,departConnectionIndex=0,pos=1417,type=Car,departSpeed=0.0,applications=[org.eclipse.mosaic.app.tutorial.WeatherWarningApp, org.eclipse.mosaic.app.tutorial.SlowDownApp]
2025-04-25 15:02:22,216 INFO  VehicleFlowGenerator - Creating Vehicle: time=239000000000,name=veh_117,route=1,laneSelectionMode=DEFAULT,lane=1,departConnectionIndex=0,pos=1417,type=Car,departSpeed=0.0,applications=[org.eclipse.mosaic.app.tutorial.SlowDownApp]
2025-04-25 15:02:22,233 INFO  VehicleFlowGenerator - Creating Vehicle: time=241000000000,name=veh_118,route=1,laneSelectionMode=DEFAULT,lane=0,departConnectionIndex=0,pos=1417,type=Car,departSpeed=0.0,applications=[org.eclipse.mosaic.app.tutorial.SlowDownApp]
2025-04-25 15:02:22,302 INFO  VehicleFlowGenerator - Creating Vehicle: time=243000000000,name=veh_119,route=1,laneSelectionMode=DEFAULT,lane=1,departConnectionIndex=0,pos=1417,type=Car,departSpeed=0.0,applications=[org.eclipse.mosaic.app.tutorial.SlowDownApp]
