2025-04-25 15:02:20,685 INFO  - Initialize application (at simulation time 72.000,000,000 s)
2025-04-25 15:02:20,686 INFO  - Activated Cell Module (at simulation time 72.000,000,000 s)
2025-04-25 15:02:21,314 INFO  - Sensor ICE event detected (at simulation time 147.000,000,000 s)
2025-04-25 15:02:21,314 INFO  - Sending DENM (at simulation time 147.000,000,000 s)
2025-04-25 15:02:21,320 INFO  - Sensor ICE event detected (at simulation time 148.000,000,000 s)
2025-04-25 15:02:21,320 INFO  - Sending DENM (at simulation time 148.000,000,000 s)
2025-04-25 15:02:21,324 INFO  - Sensor ICE event detected (at simulation time 149.000,000,000 s)
2025-04-25 15:02:21,324 INFO  - Sending DENM (at simulation time 149.000,000,000 s)
2025-04-25 15:02:21,334 INFO  - Sensor ICE event detected (at simulation time 150.000,000,000 s)
2025-04-25 15:02:21,334 INFO  - Sending DENM (at simulation time 150.000,000,000 s)
2025-04-25 15:02:21,339 INFO  - Sensor ICE event detected (at simulation time 151.000,000,000 s)
2025-04-25 15:02:21,339 INFO  - Sending DENM (at simulation time 151.000,000,000 s)
2025-04-25 15:02:21,346 INFO  - Sensor ICE event detected (at simulation time 152.000,000,000 s)
2025-04-25 15:02:21,346 INFO  - Sending DENM (at simulation time 152.000,000,000 s)
2025-04-25 15:02:21,350 INFO  - Sensor ICE event detected (at simulation time 153.000,000,000 s)
2025-04-25 15:02:21,350 INFO  - Sending DENM (at simulation time 153.000,000,000 s)
2025-04-25 15:02:21,356 INFO  - Sensor ICE event detected (at simulation time 154.000,000,000 s)
2025-04-25 15:02:21,357 INFO  - Sending DENM (at simulation time 154.000,000,000 s)
2025-04-25 15:02:21,373 INFO  - Sensor ICE event detected (at simulation time 155.000,000,000 s)
2025-04-25 15:02:21,373 INFO  - Sending DENM (at simulation time 155.000,000,000 s)
2025-04-25 15:02:21,379 INFO  - Sensor ICE event detected (at simulation time 156.000,000,000 s)
2025-04-25 15:02:21,379 INFO  - Sending DENM (at simulation time 156.000,000,000 s)
2025-04-25 15:02:21,382 INFO  - Sensor ICE event detected (at simulation time 157.000,000,000 s)
2025-04-25 15:02:21,382 INFO  - Sending DENM (at simulation time 157.000,000,000 s)
2025-04-25 15:02:21,388 INFO  - Sensor ICE event detected (at simulation time 158.000,000,000 s)
2025-04-25 15:02:21,388 INFO  - Sending DENM (at simulation time 158.000,000,000 s)
2025-04-25 15:02:21,391 INFO  - Sensor ICE event detected (at simulation time 159.000,000,000 s)
2025-04-25 15:02:21,391 INFO  - Sending DENM (at simulation time 159.000,000,000 s)
2025-04-25 15:02:21,415 INFO  - Sensor ICE event detected (at simulation time 160.000,000,000 s)
2025-04-25 15:02:21,415 INFO  - Sending DENM (at simulation time 160.000,000,000 s)
2025-04-25 15:02:21,419 INFO  - Sensor ICE event detected (at simulation time 161.000,000,000 s)
2025-04-25 15:02:21,419 INFO  - Sending DENM (at simulation time 161.000,000,000 s)
2025-04-25 15:02:21,426 INFO  - Sensor ICE event detected (at simulation time 162.000,000,000 s)
2025-04-25 15:02:21,426 INFO  - Sending DENM (at simulation time 162.000,000,000 s)
2025-04-25 15:02:21,430 INFO  - Sensor ICE event detected (at simulation time 163.000,000,000 s)
2025-04-25 15:02:21,430 INFO  - Sending DENM (at simulation time 163.000,000,000 s)
2025-04-25 15:02:21,481 INFO  - Sensor ICE event detected (at simulation time 164.000,000,000 s)
2025-04-25 15:02:21,481 INFO  - Sending DENM (at simulation time 164.000,000,000 s)
2025-04-25 15:02:21,494 INFO  - Sensor ICE event detected (at simulation time 165.000,000,000 s)
2025-04-25 15:02:21,494 INFO  - Sending DENM (at simulation time 165.000,000,000 s)
2025-04-25 15:02:21,501 INFO  - Sensor ICE event detected (at simulation time 166.000,000,000 s)
2025-04-25 15:02:21,501 INFO  - Sending DENM (at simulation time 166.000,000,000 s)
2025-04-25 15:02:21,506 INFO  - Sensor ICE event detected (at simulation time 167.000,000,000 s)
2025-04-25 15:02:21,506 INFO  - Sending DENM (at simulation time 167.000,000,000 s)
2025-04-25 15:02:21,513 INFO  - Sensor ICE event detected (at simulation time 168.000,000,000 s)
2025-04-25 15:02:21,513 INFO  - Sending DENM (at simulation time 168.000,000,000 s)
2025-04-25 15:02:21,520 INFO  - Sensor ICE event detected (at simulation time 169.000,000,000 s)
2025-04-25 15:02:21,520 INFO  - Sending DENM (at simulation time 169.000,000,000 s)
2025-04-25 15:02:21,535 INFO  - Sensor ICE event detected (at simulation time 170.000,000,000 s)
2025-04-25 15:02:21,535 INFO  - Sending DENM (at simulation time 170.000,000,000 s)
2025-04-25 15:02:21,544 INFO  - Sensor ICE event detected (at simulation time 171.000,000,000 s)
2025-04-25 15:02:21,544 INFO  - Sending DENM (at simulation time 171.000,000,000 s)
2025-04-25 15:02:21,552 INFO  - Sensor ICE event detected (at simulation time 172.000,000,000 s)
2025-04-25 15:02:21,552 INFO  - Sending DENM (at simulation time 172.000,000,000 s)
2025-04-25 15:02:21,558 INFO  - Sensor ICE event detected (at simulation time 173.000,000,000 s)
2025-04-25 15:02:21,558 INFO  - Sending DENM (at simulation time 173.000,000,000 s)
2025-04-25 15:02:21,565 INFO  - Sensor ICE event detected (at simulation time 174.000,000,000 s)
2025-04-25 15:02:21,565 INFO  - Sending DENM (at simulation time 174.000,000,000 s)
2025-04-25 15:02:21,576 INFO  - Sensor ICE event detected (at simulation time 175.000,000,000 s)
2025-04-25 15:02:21,576 INFO  - Sending DENM (at simulation time 175.000,000,000 s)
2025-04-25 15:02:21,583 INFO  - Sensor ICE event detected (at simulation time 176.000,000,000 s)
2025-04-25 15:02:21,583 INFO  - Sending DENM (at simulation time 176.000,000,000 s)
2025-04-25 15:02:21,589 INFO  - Sensor ICE event detected (at simulation time 177.000,000,000 s)
2025-04-25 15:02:21,589 INFO  - Sending DENM (at simulation time 177.000,000,000 s)
2025-04-25 15:02:21,596 INFO  - Sensor ICE event detected (at simulation time 178.000,000,000 s)
2025-04-25 15:02:21,596 INFO  - Sending DENM (at simulation time 178.000,000,000 s)
2025-04-25 15:02:21,602 INFO  - Sensor ICE event detected (at simulation time 179.000,000,000 s)
2025-04-25 15:02:21,602 INFO  - Sending DENM (at simulation time 179.000,000,000 s)
2025-04-25 15:02:21,614 INFO  - Sensor ICE event detected (at simulation time 180.000,000,000 s)
2025-04-25 15:02:21,614 INFO  - Sending DENM (at simulation time 180.000,000,000 s)
2025-04-25 15:02:21,619 INFO  - Sensor ICE event detected (at simulation time 181.000,000,000 s)
2025-04-25 15:02:21,619 INFO  - Sending DENM (at simulation time 181.000,000,000 s)
2025-04-25 15:02:21,626 INFO  - Sensor ICE event detected (at simulation time 182.000,000,000 s)
2025-04-25 15:02:21,626 INFO  - Sending DENM (at simulation time 182.000,000,000 s)
2025-04-25 15:02:21,631 INFO  - Sensor ICE event detected (at simulation time 183.000,000,000 s)
2025-04-25 15:02:21,631 INFO  - Sending DENM (at simulation time 183.000,000,000 s)
2025-04-25 15:02:21,702 INFO  - Sensor ICE event detected (at simulation time 184.000,000,000 s)
2025-04-25 15:02:21,702 INFO  - Sending DENM (at simulation time 184.000,000,000 s)
2025-04-25 15:02:21,714 INFO  - Sensor ICE event detected (at simulation time 185.000,000,000 s)
2025-04-25 15:02:21,714 INFO  - Sending DENM (at simulation time 185.000,000,000 s)
2025-04-25 15:02:21,722 INFO  - Sensor ICE event detected (at simulation time 186.000,000,000 s)
2025-04-25 15:02:21,722 INFO  - Sending DENM (at simulation time 186.000,000,000 s)
2025-04-25 15:02:21,727 INFO  - Sensor ICE event detected (at simulation time 187.000,000,000 s)
2025-04-25 15:02:21,727 INFO  - Sending DENM (at simulation time 187.000,000,000 s)
2025-04-25 15:02:21,734 INFO  - Sensor ICE event detected (at simulation time 188.000,000,000 s)
2025-04-25 15:02:21,734 INFO  - Sending DENM (at simulation time 188.000,000,000 s)
2025-04-25 15:02:21,741 INFO  - Sensor ICE event detected (at simulation time 189.000,000,000 s)
2025-04-25 15:02:21,741 INFO  - Sending DENM (at simulation time 189.000,000,000 s)
2025-04-25 15:02:21,755 INFO  - Sensor ICE event detected (at simulation time 190.000,000,000 s)
2025-04-25 15:02:21,755 INFO  - Sending DENM (at simulation time 190.000,000,000 s)
2025-04-25 15:02:21,760 INFO  - Sensor ICE event detected (at simulation time 191.000,000,000 s)
2025-04-25 15:02:21,760 INFO  - Sending DENM (at simulation time 191.000,000,000 s)
2025-04-25 15:02:21,767 INFO  - Sensor ICE event detected (at simulation time 192.000,000,000 s)
2025-04-25 15:02:21,767 INFO  - Sending DENM (at simulation time 192.000,000,000 s)
2025-04-25 15:02:21,772 INFO  - Sensor ICE event detected (at simulation time 193.000,000,000 s)
2025-04-25 15:02:21,772 INFO  - Sending DENM (at simulation time 193.000,000,000 s)
2025-04-25 15:02:21,778 INFO  - Sensor ICE event detected (at simulation time 194.000,000,000 s)
2025-04-25 15:02:21,778 INFO  - Sending DENM (at simulation time 194.000,000,000 s)
2025-04-25 15:02:21,789 INFO  - Sensor ICE event detected (at simulation time 195.000,000,000 s)
2025-04-25 15:02:21,789 INFO  - Sending DENM (at simulation time 195.000,000,000 s)
2025-04-25 15:02:21,795 INFO  - Sensor ICE event detected (at simulation time 196.000,000,000 s)
2025-04-25 15:02:21,795 INFO  - Sending DENM (at simulation time 196.000,000,000 s)
2025-04-25 15:02:21,800 INFO  - Sensor ICE event detected (at simulation time 197.000,000,000 s)
2025-04-25 15:02:21,800 INFO  - Sending DENM (at simulation time 197.000,000,000 s)
2025-04-25 15:02:21,806 INFO  - Sensor ICE event detected (at simulation time 198.000,000,000 s)
2025-04-25 15:02:21,806 INFO  - Sending DENM (at simulation time 198.000,000,000 s)
2025-04-25 15:02:21,814 INFO  - Sensor ICE event detected (at simulation time 199.000,000,000 s)
2025-04-25 15:02:21,814 INFO  - Sending DENM (at simulation time 199.000,000,000 s)
2025-04-25 15:02:21,828 INFO  - Sensor ICE event detected (at simulation time 200.000,000,000 s)
2025-04-25 15:02:21,828 INFO  - Sending DENM (at simulation time 200.000,000,000 s)
2025-04-25 15:02:21,833 INFO  - Sensor ICE event detected (at simulation time 201.000,000,000 s)
2025-04-25 15:02:21,833 INFO  - Sending DENM (at simulation time 201.000,000,000 s)
2025-04-25 15:02:21,892 INFO  - Sensor ICE event detected (at simulation time 202.000,000,000 s)
2025-04-25 15:02:21,892 INFO  - Sending DENM (at simulation time 202.000,000,000 s)
2025-04-25 15:02:21,897 INFO  - Sensor ICE event detected (at simulation time 203.000,000,000 s)
2025-04-25 15:02:21,897 INFO  - Sending DENM (at simulation time 203.000,000,000 s)
2025-04-25 15:02:21,903 INFO  - Sensor ICE event detected (at simulation time 204.000,000,000 s)
2025-04-25 15:02:21,903 INFO  - Sending DENM (at simulation time 204.000,000,000 s)
2025-04-25 15:02:21,914 INFO  - Sensor ICE event detected (at simulation time 205.000,000,000 s)
2025-04-25 15:02:21,914 INFO  - Sending DENM (at simulation time 205.000,000,000 s)
2025-04-25 15:02:21,920 INFO  - Sensor ICE event detected (at simulation time 206.000,000,000 s)
2025-04-25 15:02:21,920 INFO  - Sending DENM (at simulation time 206.000,000,000 s)
2025-04-25 15:02:21,925 INFO  - Sensor ICE event detected (at simulation time 207.000,000,000 s)
2025-04-25 15:02:21,925 INFO  - Sending DENM (at simulation time 207.000,000,000 s)
2025-04-25 15:02:21,932 INFO  - Sensor ICE event detected (at simulation time 208.000,000,000 s)
2025-04-25 15:02:21,932 INFO  - Sending DENM (at simulation time 208.000,000,000 s)
2025-04-25 15:02:21,937 INFO  - Sensor ICE event detected (at simulation time 209.000,000,000 s)
2025-04-25 15:02:21,937 INFO  - Sending DENM (at simulation time 209.000,000,000 s)
2025-04-25 15:02:21,950 INFO  - Sensor ICE event detected (at simulation time 210.000,000,000 s)
2025-04-25 15:02:21,950 INFO  - Sending DENM (at simulation time 210.000,000,000 s)
2025-04-25 15:02:21,955 INFO  - Sensor ICE event detected (at simulation time 211.000,000,000 s)
2025-04-25 15:02:21,955 INFO  - Sending DENM (at simulation time 211.000,000,000 s)
2025-04-25 15:02:21,962 INFO  - Sensor ICE event detected (at simulation time 212.000,000,000 s)
2025-04-25 15:02:21,962 INFO  - Sending DENM (at simulation time 212.000,000,000 s)
2025-04-25 15:02:21,967 INFO  - Sensor ICE event detected (at simulation time 213.000,000,000 s)
2025-04-25 15:02:21,967 INFO  - Sending DENM (at simulation time 213.000,000,000 s)
2025-04-25 15:02:21,973 INFO  - Sensor ICE event detected (at simulation time 214.000,000,000 s)
2025-04-25 15:02:21,973 INFO  - Sending DENM (at simulation time 214.000,000,000 s)
2025-04-25 15:02:21,983 INFO  - Sensor ICE event detected (at simulation time 215.000,000,000 s)
2025-04-25 15:02:21,983 INFO  - Sending DENM (at simulation time 215.000,000,000 s)
2025-04-25 15:02:21,989 INFO  - Sensor ICE event detected (at simulation time 216.000,000,000 s)
2025-04-25 15:02:21,989 INFO  - Sending DENM (at simulation time 216.000,000,000 s)
2025-04-25 15:02:21,993 INFO  - Sensor ICE event detected (at simulation time 217.000,000,000 s)
2025-04-25 15:02:21,993 INFO  - Sending DENM (at simulation time 217.000,000,000 s)
2025-04-25 15:02:21,998 INFO  - Sensor ICE event detected (at simulation time 218.000,000,000 s)
2025-04-25 15:02:21,998 INFO  - Sending DENM (at simulation time 218.000,000,000 s)
2025-04-25 15:02:22,002 INFO  - Sensor ICE event detected (at simulation time 219.000,000,000 s)
2025-04-25 15:02:22,002 INFO  - Sending DENM (at simulation time 219.000,000,000 s)
2025-04-25 15:02:22,014 INFO  - Sensor ICE event detected (at simulation time 220.000,000,000 s)
2025-04-25 15:02:22,014 INFO  - Sending DENM (at simulation time 220.000,000,000 s)
2025-04-25 15:02:22,020 INFO  - Sensor ICE event detected (at simulation time 221.000,000,000 s)
2025-04-25 15:02:22,020 INFO  - Sending DENM (at simulation time 221.000,000,000 s)
2025-04-25 15:02:22,025 INFO  - Sensor ICE event detected (at simulation time 222.000,000,000 s)
2025-04-25 15:02:22,025 INFO  - Sending DENM (at simulation time 222.000,000,000 s)
2025-04-25 15:02:22,030 INFO  - Sensor ICE event detected (at simulation time 223.000,000,000 s)
2025-04-25 15:02:22,030 INFO  - Sending DENM (at simulation time 223.000,000,000 s)
2025-04-25 15:02:22,098 INFO  - Sensor ICE event detected (at simulation time 224.000,000,000 s)
2025-04-25 15:02:22,098 INFO  - Sending DENM (at simulation time 224.000,000,000 s)
2025-04-25 15:02:22,111 INFO  - Sensor ICE event detected (at simulation time 225.000,000,000 s)
2025-04-25 15:02:22,111 INFO  - Sending DENM (at simulation time 225.000,000,000 s)
2025-04-25 15:02:22,118 INFO  - Sensor ICE event detected (at simulation time 226.000,000,000 s)
2025-04-25 15:02:22,118 INFO  - Sending DENM (at simulation time 226.000,000,000 s)
2025-04-25 15:02:22,123 INFO  - Sensor ICE event detected (at simulation time 227.000,000,000 s)
2025-04-25 15:02:22,123 INFO  - Sending DENM (at simulation time 227.000,000,000 s)
2025-04-25 15:02:22,131 INFO  - Sensor ICE event detected (at simulation time 228.000,000,000 s)
2025-04-25 15:02:22,131 INFO  - Sending DENM (at simulation time 228.000,000,000 s)
2025-04-25 15:02:22,137 INFO  - Sensor ICE event detected (at simulation time 229.000,000,000 s)
2025-04-25 15:02:22,137 INFO  - Sending DENM (at simulation time 229.000,000,000 s)
2025-04-25 15:02:22,154 INFO  - Sensor ICE event detected (at simulation time 230.000,000,000 s)
2025-04-25 15:02:22,154 INFO  - Sending DENM (at simulation time 230.000,000,000 s)
2025-04-25 15:02:22,159 INFO  - Sensor ICE event detected (at simulation time 231.000,000,000 s)
2025-04-25 15:02:22,159 INFO  - Sending DENM (at simulation time 231.000,000,000 s)
2025-04-25 15:02:22,167 INFO  - Sensor ICE event detected (at simulation time 232.000,000,000 s)
2025-04-25 15:02:22,167 INFO  - Sending DENM (at simulation time 232.000,000,000 s)
2025-04-25 15:02:22,172 INFO  - Sensor ICE event detected (at simulation time 233.000,000,000 s)
2025-04-25 15:02:22,172 INFO  - Sending DENM (at simulation time 233.000,000,000 s)
2025-04-25 15:02:22,178 INFO  - Sensor ICE event detected (at simulation time 234.000,000,000 s)
2025-04-25 15:02:22,178 INFO  - Sending DENM (at simulation time 234.000,000,000 s)
2025-04-25 15:02:22,192 INFO  - Sensor ICE event detected (at simulation time 235.000,000,000 s)
2025-04-25 15:02:22,192 INFO  - Sending DENM (at simulation time 235.000,000,000 s)
2025-04-25 15:02:22,200 INFO  - Sensor ICE event detected (at simulation time 236.000,000,000 s)
2025-04-25 15:02:22,200 INFO  - Sending DENM (at simulation time 236.000,000,000 s)
2025-04-25 15:02:22,204 INFO  - Sensor ICE event detected (at simulation time 237.000,000,000 s)
2025-04-25 15:02:22,204 INFO  - Sending DENM (at simulation time 237.000,000,000 s)
2025-04-25 15:02:22,211 INFO  - Sensor ICE event detected (at simulation time 238.000,000,000 s)
2025-04-25 15:02:22,211 INFO  - Sending DENM (at simulation time 238.000,000,000 s)
2025-04-25 15:02:22,215 INFO  - Sensor ICE event detected (at simulation time 239.000,000,000 s)
2025-04-25 15:02:22,215 INFO  - Sending DENM (at simulation time 239.000,000,000 s)
2025-04-25 15:02:22,228 INFO  - Sensor ICE event detected (at simulation time 240.000,000,000 s)
2025-04-25 15:02:22,228 INFO  - Sending DENM (at simulation time 240.000,000,000 s)
2025-04-25 15:02:22,232 INFO  - Sensor ICE event detected (at simulation time 241.000,000,000 s)
2025-04-25 15:02:22,232 INFO  - Sending DENM (at simulation time 241.000,000,000 s)
2025-04-25 15:02:22,280 INFO  - Sensor ICE event detected (at simulation time 242.000,000,000 s)
2025-04-25 15:02:22,280 INFO  - Sending DENM (at simulation time 242.000,000,000 s)
2025-04-25 15:02:22,301 INFO  - Sensor ICE event detected (at simulation time 243.000,000,000 s)
2025-04-25 15:02:22,301 INFO  - Sending DENM (at simulation time 243.000,000,000 s)
2025-04-25 15:02:22,311 INFO  - Sensor ICE event detected (at simulation time 244.000,000,000 s)
2025-04-25 15:02:22,311 INFO  - Sending DENM (at simulation time 244.000,000,000 s)
2025-04-25 15:02:22,325 INFO  - Sensor ICE event detected (at simulation time 245.000,000,000 s)
2025-04-25 15:02:22,325 INFO  - Sending DENM (at simulation time 245.000,000,000 s)
2025-04-25 15:02:22,331 INFO  - Sensor ICE event detected (at simulation time 246.000,000,000 s)
2025-04-25 15:02:22,331 INFO  - Sending DENM (at simulation time 246.000,000,000 s)
2025-04-25 15:02:22,337 INFO  - Sensor ICE event detected (at simulation time 247.000,000,000 s)
2025-04-25 15:02:22,337 INFO  - Sending DENM (at simulation time 247.000,000,000 s)
2025-04-25 15:02:22,342 INFO  - Sensor ICE event detected (at simulation time 248.000,000,000 s)
2025-04-25 15:02:22,342 INFO  - Sending DENM (at simulation time 248.000,000,000 s)
2025-04-25 15:02:22,348 INFO  - Sensor ICE event detected (at simulation time 249.000,000,000 s)
2025-04-25 15:02:22,348 INFO  - Sending DENM (at simulation time 249.000,000,000 s)
2025-04-25 15:02:22,365 INFO  - Sensor ICE event detected (at simulation time 250.000,000,000 s)
2025-04-25 15:02:22,365 INFO  - Sending DENM (at simulation time 250.000,000,000 s)
2025-04-25 15:02:22,372 INFO  - Sensor ICE event detected (at simulation time 251.000,000,000 s)
2025-04-25 15:02:22,372 INFO  - Sending DENM (at simulation time 251.000,000,000 s)
2025-04-25 15:02:22,378 INFO  - Sensor ICE event detected (at simulation time 252.000,000,000 s)
2025-04-25 15:02:22,378 INFO  - Sending DENM (at simulation time 252.000,000,000 s)
2025-04-25 15:02:22,385 INFO  - Sensor ICE event detected (at simulation time 253.000,000,000 s)
2025-04-25 15:02:22,385 INFO  - Sending DENM (at simulation time 253.000,000,000 s)
2025-04-25 15:02:22,390 INFO  - Sensor ICE event detected (at simulation time 254.000,000,000 s)
2025-04-25 15:02:22,390 INFO  - Sending DENM (at simulation time 254.000,000,000 s)
2025-04-25 15:02:22,408 INFO  - Sensor ICE event detected (at simulation time 255.000,000,000 s)
2025-04-25 15:02:22,408 INFO  - Sending DENM (at simulation time 255.000,000,000 s)
2025-04-25 15:02:22,415 INFO  - Sensor ICE event detected (at simulation time 256.000,000,000 s)
2025-04-25 15:02:22,415 INFO  - Sending DENM (at simulation time 256.000,000,000 s)
2025-04-25 15:02:22,422 INFO  - Sensor ICE event detected (at simulation time 257.000,000,000 s)
2025-04-25 15:02:22,422 INFO  - Sending DENM (at simulation time 257.000,000,000 s)
2025-04-25 15:02:22,431 INFO  - Sensor ICE event detected (at simulation time 258.000,000,000 s)
2025-04-25 15:02:22,431 INFO  - Sending DENM (at simulation time 258.000,000,000 s)
2025-04-25 15:02:22,483 INFO  - Sensor ICE event detected (at simulation time 259.000,000,000 s)
2025-04-25 15:02:22,483 INFO  - Sending DENM (at simulation time 259.000,000,000 s)
2025-04-25 15:02:22,498 INFO  - Sensor ICE event detected (at simulation time 260.000,000,000 s)
2025-04-25 15:02:22,498 INFO  - Sending DENM (at simulation time 260.000,000,000 s)
2025-04-25 15:02:22,506 INFO  - Sensor ICE event detected (at simulation time 261.000,000,000 s)
2025-04-25 15:02:22,506 INFO  - Sending DENM (at simulation time 261.000,000,000 s)
2025-04-25 15:02:22,512 INFO  - Sensor ICE event detected (at simulation time 262.000,000,000 s)
2025-04-25 15:02:22,512 INFO  - Sending DENM (at simulation time 262.000,000,000 s)
2025-04-25 15:02:22,518 INFO  - Sensor ICE event detected (at simulation time 263.000,000,000 s)
2025-04-25 15:02:22,518 INFO  - Sending DENM (at simulation time 263.000,000,000 s)
2025-04-25 15:02:22,524 INFO  - Sensor ICE event detected (at simulation time 264.000,000,000 s)
2025-04-25 15:02:22,524 INFO  - Sending DENM (at simulation time 264.000,000,000 s)
2025-04-25 15:02:22,538 INFO  - Sensor ICE event detected (at simulation time 265.000,000,000 s)
2025-04-25 15:02:22,538 INFO  - Sending DENM (at simulation time 265.000,000,000 s)
2025-04-25 15:02:22,545 INFO  - Sensor ICE event detected (at simulation time 266.000,000,000 s)
2025-04-25 15:02:22,545 INFO  - Sending DENM (at simulation time 266.000,000,000 s)
2025-04-25 15:02:22,552 INFO  - Sensor ICE event detected (at simulation time 267.000,000,000 s)
2025-04-25 15:02:22,552 INFO  - Sending DENM (at simulation time 267.000,000,000 s)
2025-04-25 15:02:22,559 INFO  - Sensor ICE event detected (at simulation time 268.000,000,000 s)
2025-04-25 15:02:22,559 INFO  - Sending DENM (at simulation time 268.000,000,000 s)
2025-04-25 15:02:22,565 INFO  - Sensor ICE event detected (at simulation time 269.000,000,000 s)
2025-04-25 15:02:22,565 INFO  - Sending DENM (at simulation time 269.000,000,000 s)
2025-04-25 15:02:22,583 INFO  - Sensor ICE event detected (at simulation time 270.000,000,000 s)
2025-04-25 15:02:22,583 INFO  - Sending DENM (at simulation time 270.000,000,000 s)
2025-04-25 15:02:22,590 INFO  - Sensor ICE event detected (at simulation time 271.000,000,000 s)
2025-04-25 15:02:22,590 INFO  - Sending DENM (at simulation time 271.000,000,000 s)
2025-04-25 15:02:22,596 INFO  - Sensor ICE event detected (at simulation time 272.000,000,000 s)
2025-04-25 15:02:22,596 INFO  - Sending DENM (at simulation time 272.000,000,000 s)
2025-04-25 15:02:22,604 INFO  - Sensor ICE event detected (at simulation time 273.000,000,000 s)
2025-04-25 15:02:22,604 INFO  - Sending DENM (at simulation time 273.000,000,000 s)
2025-04-25 15:02:22,610 INFO  - Sensor ICE event detected (at simulation time 274.000,000,000 s)
2025-04-25 15:02:22,610 INFO  - Sending DENM (at simulation time 274.000,000,000 s)
2025-04-25 15:02:22,623 INFO  - Sensor ICE event detected (at simulation time 275.000,000,000 s)
2025-04-25 15:02:22,623 INFO  - Sending DENM (at simulation time 275.000,000,000 s)
2025-04-25 15:02:22,628 INFO  - Sensor ICE event detected (at simulation time 276.000,000,000 s)
2025-04-25 15:02:22,628 INFO  - Sending DENM (at simulation time 276.000,000,000 s)
2025-04-25 15:02:22,633 INFO  - Sensor ICE event detected (at simulation time 277.000,000,000 s)
2025-04-25 15:02:22,633 INFO  - Sending DENM (at simulation time 277.000,000,000 s)
2025-04-25 15:02:22,697 INFO  - Sensor ICE event detected (at simulation time 278.000,000,000 s)
2025-04-25 15:02:22,697 INFO  - Sending DENM (at simulation time 278.000,000,000 s)
2025-04-25 15:02:22,703 INFO  - Sensor ICE event detected (at simulation time 279.000,000,000 s)
2025-04-25 15:02:22,703 INFO  - Sending DENM (at simulation time 279.000,000,000 s)
2025-04-25 15:02:22,715 INFO  - Sensor ICE event detected (at simulation time 280.000,000,000 s)
2025-04-25 15:02:22,715 INFO  - Sending DENM (at simulation time 280.000,000,000 s)
2025-04-25 15:02:22,720 INFO  - Sensor ICE event detected (at simulation time 281.000,000,000 s)
2025-04-25 15:02:22,720 INFO  - Sending DENM (at simulation time 281.000,000,000 s)
2025-04-25 15:02:22,726 INFO  - Sensor ICE event detected (at simulation time 282.000,000,000 s)
2025-04-25 15:02:22,726 INFO  - Sending DENM (at simulation time 282.000,000,000 s)
2025-04-25 15:02:22,731 INFO  - Sensor ICE event detected (at simulation time 283.000,000,000 s)
2025-04-25 15:02:22,731 INFO  - Sending DENM (at simulation time 283.000,000,000 s)
2025-04-25 15:02:22,736 INFO  - Sensor ICE event detected (at simulation time 284.000,000,000 s)
2025-04-25 15:02:22,736 INFO  - Sending DENM (at simulation time 284.000,000,000 s)
2025-04-25 15:02:22,747 INFO  - Sensor ICE event detected (at simulation time 285.000,000,000 s)
2025-04-25 15:02:22,747 INFO  - Sending DENM (at simulation time 285.000,000,000 s)
2025-04-25 15:02:22,752 INFO  - Sensor ICE event detected (at simulation time 286.000,000,000 s)
2025-04-25 15:02:22,752 INFO  - Sending DENM (at simulation time 286.000,000,000 s)
2025-04-25 15:02:22,758 INFO  - Sensor ICE event detected (at simulation time 287.000,000,000 s)
2025-04-25 15:02:22,758 INFO  - Sending DENM (at simulation time 287.000,000,000 s)
2025-04-25 15:02:22,762 INFO  - Sensor ICE event detected (at simulation time 288.000,000,000 s)
2025-04-25 15:02:22,762 INFO  - Sending DENM (at simulation time 288.000,000,000 s)
2025-04-25 15:02:22,767 INFO  - Sensor ICE event detected (at simulation time 289.000,000,000 s)
2025-04-25 15:02:22,767 INFO  - Sending DENM (at simulation time 289.000,000,000 s)
2025-04-25 15:02:22,778 INFO  - Sensor ICE event detected (at simulation time 290.000,000,000 s)
2025-04-25 15:02:22,778 INFO  - Sending DENM (at simulation time 290.000,000,000 s)
2025-04-25 15:02:22,789 INFO  - Sensor ICE event detected (at simulation time 291.000,000,000 s)
2025-04-25 15:02:22,789 INFO  - Sending DENM (at simulation time 291.000,000,000 s)
2025-04-25 15:02:22,795 INFO  - Sensor ICE event detected (at simulation time 292.000,000,000 s)
2025-04-25 15:02:22,795 INFO  - Sending DENM (at simulation time 292.000,000,000 s)
2025-04-25 15:02:22,799 INFO  - Sensor ICE event detected (at simulation time 293.000,000,000 s)
2025-04-25 15:02:22,800 INFO  - Sending DENM (at simulation time 293.000,000,000 s)
2025-04-25 15:02:22,805 INFO  - Sensor ICE event detected (at simulation time 294.000,000,000 s)
2025-04-25 15:02:22,805 INFO  - Sending DENM (at simulation time 294.000,000,000 s)
2025-04-25 15:02:22,820 INFO  - Sensor ICE event detected (at simulation time 295.000,000,000 s)
2025-04-25 15:02:22,820 INFO  - Sending DENM (at simulation time 295.000,000,000 s)
2025-04-25 15:02:22,826 INFO  - Sensor ICE event detected (at simulation time 296.000,000,000 s)
2025-04-25 15:02:22,826 INFO  - Sending DENM (at simulation time 296.000,000,000 s)
2025-04-25 15:02:22,831 INFO  - Sensor ICE event detected (at simulation time 297.000,000,000 s)
2025-04-25 15:02:22,831 INFO  - Sending DENM (at simulation time 297.000,000,000 s)
2025-04-25 15:02:22,897 INFO  - Sensor ICE event detected (at simulation time 298.000,000,000 s)
2025-04-25 15:02:22,897 INFO  - Sending DENM (at simulation time 298.000,000,000 s)
2025-04-25 15:02:22,904 INFO  - Sensor ICE event detected (at simulation time 299.000,000,000 s)
2025-04-25 15:02:22,904 INFO  - Sending DENM (at simulation time 299.000,000,000 s)
2025-04-25 15:02:22,917 INFO  - Sensor ICE event detected (at simulation time 300.000,000,000 s)
2025-04-25 15:02:22,917 INFO  - Sending DENM (at simulation time 300.000,000,000 s)
2025-04-25 15:02:22,922 INFO  - Sensor ICE event detected (at simulation time 301.000,000,000 s)
2025-04-25 15:02:22,922 INFO  - Sending DENM (at simulation time 301.000,000,000 s)
2025-04-25 15:02:22,927 INFO  - Sensor ICE event detected (at simulation time 302.000,000,000 s)
2025-04-25 15:02:22,927 INFO  - Sending DENM (at simulation time 302.000,000,000 s)
2025-04-25 15:02:22,931 INFO  - Sensor ICE event detected (at simulation time 303.000,000,000 s)
2025-04-25 15:02:22,931 INFO  - Sending DENM (at simulation time 303.000,000,000 s)
2025-04-25 15:02:22,936 INFO  - Sensor ICE event detected (at simulation time 304.000,000,000 s)
2025-04-25 15:02:22,936 INFO  - Sending DENM (at simulation time 304.000,000,000 s)
2025-04-25 15:02:22,946 INFO  - Sensor ICE event detected (at simulation time 305.000,000,000 s)
2025-04-25 15:02:22,946 INFO  - Sending DENM (at simulation time 305.000,000,000 s)
2025-04-25 15:02:22,951 INFO  - Sensor ICE event detected (at simulation time 306.000,000,000 s)
2025-04-25 15:02:22,951 INFO  - Sending DENM (at simulation time 306.000,000,000 s)
2025-04-25 15:02:22,957 INFO  - Sensor ICE event detected (at simulation time 307.000,000,000 s)
2025-04-25 15:02:22,957 INFO  - Sending DENM (at simulation time 307.000,000,000 s)
2025-04-25 15:02:22,961 INFO  - Sensor ICE event detected (at simulation time 308.000,000,000 s)
2025-04-25 15:02:22,961 INFO  - Sending DENM (at simulation time 308.000,000,000 s)
2025-04-25 15:02:22,966 INFO  - Sensor ICE event detected (at simulation time 309.000,000,000 s)
2025-04-25 15:02:22,966 INFO  - Sending DENM (at simulation time 309.000,000,000 s)
2025-04-25 15:02:22,976 INFO  - Sensor ICE event detected (at simulation time 310.000,000,000 s)
2025-04-25 15:02:22,976 INFO  - Sending DENM (at simulation time 310.000,000,000 s)
2025-04-25 15:02:22,980 INFO  - Sensor ICE event detected (at simulation time 311.000,000,000 s)
2025-04-25 15:02:22,980 INFO  - Sending DENM (at simulation time 311.000,000,000 s)
2025-04-25 15:02:22,984 INFO  - Sensor ICE event detected (at simulation time 312.000,000,000 s)
2025-04-25 15:02:22,984 INFO  - Sending DENM (at simulation time 312.000,000,000 s)
2025-04-25 15:02:22,989 INFO  - Sensor ICE event detected (at simulation time 313.000,000,000 s)
2025-04-25 15:02:22,989 INFO  - Sending DENM (at simulation time 313.000,000,000 s)
2025-04-25 15:02:22,997 INFO  - Sensor ICE event detected (at simulation time 314.000,000,000 s)
2025-04-25 15:02:22,997 INFO  - Sending DENM (at simulation time 314.000,000,000 s)
2025-04-25 15:02:23,007 INFO  - Sensor ICE event detected (at simulation time 315.000,000,000 s)
2025-04-25 15:02:23,007 INFO  - Sending DENM (at simulation time 315.000,000,000 s)
2025-04-25 15:02:23,011 INFO  - Sensor ICE event detected (at simulation time 316.000,000,000 s)
2025-04-25 15:02:23,011 INFO  - Sending DENM (at simulation time 316.000,000,000 s)
2025-04-25 15:02:23,015 INFO  - Sensor ICE event detected (at simulation time 317.000,000,000 s)
2025-04-25 15:02:23,015 INFO  - Sending DENM (at simulation time 317.000,000,000 s)
2025-04-25 15:02:23,020 INFO  - Sensor ICE event detected (at simulation time 318.000,000,000 s)
2025-04-25 15:02:23,020 INFO  - Sending DENM (at simulation time 318.000,000,000 s)
2025-04-25 15:02:23,024 INFO  - Sensor ICE event detected (at simulation time 319.000,000,000 s)
2025-04-25 15:02:23,024 INFO  - Sending DENM (at simulation time 319.000,000,000 s)
2025-04-25 15:02:23,034 INFO  - Sensor ICE event detected (at simulation time 320.000,000,000 s)
2025-04-25 15:02:23,034 INFO  - Sending DENM (at simulation time 320.000,000,000 s)
2025-04-25 15:02:23,091 INFO  - Sensor ICE event detected (at simulation time 321.000,000,000 s)
2025-04-25 15:02:23,091 INFO  - Sending DENM (at simulation time 321.000,000,000 s)
2025-04-25 15:02:23,096 INFO  - Sensor ICE event detected (at simulation time 322.000,000,000 s)
2025-04-25 15:02:23,096 INFO  - Sending DENM (at simulation time 322.000,000,000 s)
2025-04-25 15:02:23,100 INFO  - Sensor ICE event detected (at simulation time 323.000,000,000 s)
2025-04-25 15:02:23,100 INFO  - Sending DENM (at simulation time 323.000,000,000 s)
2025-04-25 15:02:23,104 INFO  - Sensor ICE event detected (at simulation time 324.000,000,000 s)
2025-04-25 15:02:23,104 INFO  - Sending DENM (at simulation time 324.000,000,000 s)
2025-04-25 15:02:23,114 INFO  - Sensor ICE event detected (at simulation time 325.000,000,000 s)
2025-04-25 15:02:23,114 INFO  - Sending DENM (at simulation time 325.000,000,000 s)
2025-04-25 15:02:23,118 INFO  - Sensor ICE event detected (at simulation time 326.000,000,000 s)
2025-04-25 15:02:23,118 INFO  - Sending DENM (at simulation time 326.000,000,000 s)
2025-04-25 15:02:23,122 INFO  - Sensor ICE event detected (at simulation time 327.000,000,000 s)
2025-04-25 15:02:23,122 INFO  - Sending DENM (at simulation time 327.000,000,000 s)
2025-04-25 15:02:23,127 INFO  - Sensor ICE event detected (at simulation time 328.000,000,000 s)
2025-04-25 15:02:23,127 INFO  - Sending DENM (at simulation time 328.000,000,000 s)
2025-04-25 15:02:23,131 INFO  - Sensor ICE event detected (at simulation time 329.000,000,000 s)
2025-04-25 15:02:23,131 INFO  - Sending DENM (at simulation time 329.000,000,000 s)
2025-04-25 15:02:23,141 INFO  - Sensor ICE event detected (at simulation time 330.000,000,000 s)
2025-04-25 15:02:23,141 INFO  - Sending DENM (at simulation time 330.000,000,000 s)
2025-04-25 15:02:23,146 INFO  - Sensor ICE event detected (at simulation time 331.000,000,000 s)
2025-04-25 15:02:23,146 INFO  - Sending DENM (at simulation time 331.000,000,000 s)
2025-04-25 15:02:23,149 INFO  - Sensor ICE event detected (at simulation time 332.000,000,000 s)
2025-04-25 15:02:23,149 INFO  - Sending DENM (at simulation time 332.000,000,000 s)
2025-04-25 15:02:23,153 INFO  - Sensor ICE event detected (at simulation time 333.000,000,000 s)
2025-04-25 15:02:23,153 INFO  - Sending DENM (at simulation time 333.000,000,000 s)
2025-04-25 15:02:23,157 INFO  - Sensor ICE event detected (at simulation time 334.000,000,000 s)
2025-04-25 15:02:23,157 INFO  - Sending DENM (at simulation time 334.000,000,000 s)
2025-04-25 15:02:23,170 INFO  - Sensor ICE event detected (at simulation time 335.000,000,000 s)
2025-04-25 15:02:23,170 INFO  - Sending DENM (at simulation time 335.000,000,000 s)
2025-04-25 15:02:23,175 INFO  - Sensor ICE event detected (at simulation time 336.000,000,000 s)
2025-04-25 15:02:23,175 INFO  - Sending DENM (at simulation time 336.000,000,000 s)
2025-04-25 15:02:23,179 INFO  - Sensor ICE event detected (at simulation time 337.000,000,000 s)
2025-04-25 15:02:23,179 INFO  - Sending DENM (at simulation time 337.000,000,000 s)
2025-04-25 15:02:23,183 INFO  - Sensor ICE event detected (at simulation time 338.000,000,000 s)
2025-04-25 15:02:23,184 INFO  - Sending DENM (at simulation time 338.000,000,000 s)
2025-04-25 15:02:23,188 INFO  - Sensor ICE event detected (at simulation time 339.000,000,000 s)
2025-04-25 15:02:23,188 INFO  - Sending DENM (at simulation time 339.000,000,000 s)
2025-04-25 15:02:23,200 INFO  - Sensor ICE event detected (at simulation time 340.000,000,000 s)
2025-04-25 15:02:23,200 INFO  - Sending DENM (at simulation time 340.000,000,000 s)
2025-04-25 15:02:23,204 INFO  - Sensor ICE event detected (at simulation time 341.000,000,000 s)
2025-04-25 15:02:23,204 INFO  - Sending DENM (at simulation time 341.000,000,000 s)
2025-04-25 15:02:23,208 INFO  - Sensor ICE event detected (at simulation time 342.000,000,000 s)
2025-04-25 15:02:23,208 INFO  - Sending DENM (at simulation time 342.000,000,000 s)
2025-04-25 15:02:23,211 INFO  - Sensor ICE event detected (at simulation time 343.000,000,000 s)
2025-04-25 15:02:23,211 INFO  - Sending DENM (at simulation time 343.000,000,000 s)
2025-04-25 15:02:23,215 INFO  - Sensor ICE event detected (at simulation time 344.000,000,000 s)
2025-04-25 15:02:23,215 INFO  - Sending DENM (at simulation time 344.000,000,000 s)
2025-04-25 15:02:23,227 INFO  - Sensor ICE event detected (at simulation time 345.000,000,000 s)
2025-04-25 15:02:23,227 INFO  - Sending DENM (at simulation time 345.000,000,000 s)
2025-04-25 15:02:23,231 INFO  - Sensor ICE event detected (at simulation time 346.000,000,000 s)
2025-04-25 15:02:23,231 INFO  - Sending DENM (at simulation time 346.000,000,000 s)
2025-04-25 15:02:23,287 INFO  - Sensor ICE event detected (at simulation time 347.000,000,000 s)
2025-04-25 15:02:23,287 INFO  - Sending DENM (at simulation time 347.000,000,000 s)
2025-04-25 15:02:23,292 INFO  - Sensor ICE event detected (at simulation time 348.000,000,000 s)
2025-04-25 15:02:23,292 INFO  - Sending DENM (at simulation time 348.000,000,000 s)
2025-04-25 15:02:23,295 INFO  - Sensor ICE event detected (at simulation time 349.000,000,000 s)
2025-04-25 15:02:23,295 INFO  - Sending DENM (at simulation time 349.000,000,000 s)
2025-04-25 15:02:23,304 INFO  - Sensor ICE event detected (at simulation time 350.000,000,000 s)
2025-04-25 15:02:23,304 INFO  - Sending DENM (at simulation time 350.000,000,000 s)
2025-04-25 15:02:23,307 INFO  - Sensor ICE event detected (at simulation time 351.000,000,000 s)
2025-04-25 15:02:23,307 INFO  - Sending DENM (at simulation time 351.000,000,000 s)
2025-04-25 15:02:23,310 INFO  - Sensor ICE event detected (at simulation time 352.000,000,000 s)
2025-04-25 15:02:23,310 INFO  - Sending DENM (at simulation time 352.000,000,000 s)
2025-04-25 15:02:23,314 INFO  - Sensor ICE event detected (at simulation time 353.000,000,000 s)
2025-04-25 15:02:23,314 INFO  - Sending DENM (at simulation time 353.000,000,000 s)
2025-04-25 15:02:23,317 INFO  - Sensor ICE event detected (at simulation time 354.000,000,000 s)
2025-04-25 15:02:23,317 INFO  - Sending DENM (at simulation time 354.000,000,000 s)
2025-04-25 15:02:23,325 INFO  - Sensor ICE event detected (at simulation time 355.000,000,000 s)
2025-04-25 15:02:23,325 INFO  - Sending DENM (at simulation time 355.000,000,000 s)
2025-04-25 15:02:23,329 INFO  - Sensor ICE event detected (at simulation time 356.000,000,000 s)
2025-04-25 15:02:23,329 INFO  - Sending DENM (at simulation time 356.000,000,000 s)
2025-04-25 15:02:23,333 INFO  - Sensor ICE event detected (at simulation time 357.000,000,000 s)
2025-04-25 15:02:23,333 INFO  - Sending DENM (at simulation time 357.000,000,000 s)
2025-04-25 15:02:23,336 INFO  - Sensor ICE event detected (at simulation time 358.000,000,000 s)
2025-04-25 15:02:23,336 INFO  - Sending DENM (at simulation time 358.000,000,000 s)
2025-04-25 15:02:24,097 INFO  - Shutdown application (at simulation time 520.000,000,000 s)
