2025-04-25 15:15:01,010 INFO  - Initialize application (at simulation time 208.000,000,000 s)
2025-04-25 15:15:01,010 INFO  - Activated AdHoc Module (at simulation time 208.000,000,000 s)
2025-04-25 15:15:01,227 INFO  - Received message from veh_56 (at simulation time 242.002,200,000 s)
2025-04-25 15:15:01,227 INFO  - Processing DEN message (at simulation time 242.002,200,000 s)
2025-04-25 15:15:01,227 INFO  - The event occurred on connection with id=311964536_1313885442_2879911873, which is part of vehicle's route with id=1 (at simulation time 242.002,200,000 s)
2025-04-25 15:15:01,228 INFO  - Sending Change Route Command at position: GeoPoint{lat=52.645551,lon=13.567350,alt=0.00} (at simulation time 242.002,200,000 s)
2025-04-25 15:15:01,233 INFO  - Received message from veh_46 (at simulation time 242.005,100,000 s)
2025-04-25 15:15:01,233 INFO  - Processing DEN message (at simulation time 242.005,100,000 s)
2025-04-25 15:15:01,233 INFO  - Route change already tried once. (at simulation time 242.005,100,000 s)
2025-04-25 15:15:01,234 INFO  - Received message from veh_51 (at simulation time 242.005,600,000 s)
2025-04-25 15:15:01,234 INFO  - Processing DEN message (at simulation time 242.005,600,000 s)
2025-04-25 15:15:01,234 INFO  - Route change already tried once. (at simulation time 242.005,600,000 s)
2025-04-25 15:15:01,234 INFO  - Received message from veh_16 (at simulation time 242.006,100,000 s)
2025-04-25 15:15:01,234 INFO  - Processing DEN message (at simulation time 242.006,100,000 s)
2025-04-25 15:15:01,234 INFO  - Route change already tried once. (at simulation time 242.006,100,000 s)
2025-04-25 15:15:01,234 INFO  - Received message from veh_1 (at simulation time 242.006,500,000 s)
2025-04-25 15:15:01,234 INFO  - Processing DEN message (at simulation time 242.006,500,000 s)
2025-04-25 15:15:01,234 INFO  - Route change already tried once. (at simulation time 242.006,500,000 s)
2025-04-25 15:15:01,234 INFO  - Received message from veh_6 (at simulation time 242.006,500,000 s)
2025-04-25 15:15:01,234 INFO  - Processing DEN message (at simulation time 242.006,500,000 s)
2025-04-25 15:15:01,234 INFO  - Route change already tried once. (at simulation time 242.006,500,000 s)
2025-04-25 15:15:01,235 INFO  - Received message from veh_11 (at simulation time 242.008,600,000 s)
2025-04-25 15:15:01,235 INFO  - Processing DEN message (at simulation time 242.008,600,000 s)
2025-04-25 15:15:01,235 INFO  - Route change already tried once. (at simulation time 242.008,600,000 s)
2025-04-25 15:15:01,241 INFO  - Received message from veh_11 (at simulation time 243.004,100,000 s)
2025-04-25 15:15:01,241 INFO  - Processing DEN message (at simulation time 243.004,100,000 s)
2025-04-25 15:15:01,241 INFO  - Route change already tried once. (at simulation time 243.004,100,000 s)
2025-04-25 15:15:01,241 INFO  - Received message from veh_16 (at simulation time 243.004,600,000 s)
2025-04-25 15:15:01,241 INFO  - Processing DEN message (at simulation time 243.004,600,000 s)
2025-04-25 15:15:01,241 INFO  - Route change already tried once. (at simulation time 243.004,600,000 s)
2025-04-25 15:15:01,241 INFO  - Received message from veh_51 (at simulation time 243.005,100,000 s)
2025-04-25 15:15:01,241 INFO  - Processing DEN message (at simulation time 243.005,100,000 s)
2025-04-25 15:15:01,241 INFO  - Route change already tried once. (at simulation time 243.005,100,000 s)
2025-04-25 15:15:01,241 INFO  - Received message from veh_56 (at simulation time 243.005,700,000 s)
2025-04-25 15:15:01,241 INFO  - Processing DEN message (at simulation time 243.005,700,000 s)
2025-04-25 15:15:01,241 INFO  - Route change already tried once. (at simulation time 243.005,700,000 s)
2025-04-25 15:15:01,242 INFO  - Received message from veh_46 (at simulation time 243.006,600,000 s)
2025-04-25 15:15:01,242 INFO  - Processing DEN message (at simulation time 243.006,600,000 s)
2025-04-25 15:15:01,242 INFO  - Route change already tried once. (at simulation time 243.006,600,000 s)
2025-04-25 15:15:01,242 INFO  - Received message from veh_1 (at simulation time 243.007,500,000 s)
2025-04-25 15:15:01,242 INFO  - Processing DEN message (at simulation time 243.007,500,000 s)
2025-04-25 15:15:01,242 INFO  - Route change already tried once. (at simulation time 243.007,500,000 s)
2025-04-25 15:15:01,242 INFO  - Received message from veh_6 (at simulation time 243.008,500,000 s)
2025-04-25 15:15:01,242 INFO  - Processing DEN message (at simulation time 243.008,500,000 s)
2025-04-25 15:15:01,242 INFO  - Route change already tried once. (at simulation time 243.008,500,000 s)
2025-04-25 15:15:01,247 INFO  - Received message from veh_51 (at simulation time 244.003,600,000 s)
2025-04-25 15:15:01,247 INFO  - Processing DEN message (at simulation time 244.003,600,000 s)
2025-04-25 15:15:01,247 INFO  - Route change already tried once. (at simulation time 244.003,600,000 s)
2025-04-25 15:15:01,248 INFO  - Received message from veh_56 (at simulation time 244.004,200,000 s)
2025-04-25 15:15:01,248 INFO  - Processing DEN message (at simulation time 244.004,200,000 s)
2025-04-25 15:15:01,248 INFO  - Route change already tried once. (at simulation time 244.004,200,000 s)
2025-04-25 15:15:01,248 INFO  - Received message from veh_16 (at simulation time 244.004,600,000 s)
2025-04-25 15:15:01,248 INFO  - Processing DEN message (at simulation time 244.004,600,000 s)
2025-04-25 15:15:01,248 INFO  - Route change already tried once. (at simulation time 244.004,600,000 s)
2025-04-25 15:15:01,248 INFO  - Received message from veh_46 (at simulation time 244.004,600,000 s)
2025-04-25 15:15:01,248 INFO  - Processing DEN message (at simulation time 244.004,600,000 s)
2025-04-25 15:15:01,248 INFO  - Route change already tried once. (at simulation time 244.004,600,000 s)
2025-04-25 15:15:01,248 INFO  - Received message from veh_11 (at simulation time 244.005,600,000 s)
2025-04-25 15:15:01,248 INFO  - Processing DEN message (at simulation time 244.005,600,000 s)
2025-04-25 15:15:01,248 INFO  - Route change already tried once. (at simulation time 244.005,600,000 s)
2025-04-25 15:15:01,249 INFO  - Received message from veh_1 (at simulation time 244.007,500,000 s)
2025-04-25 15:15:01,249 INFO  - Processing DEN message (at simulation time 244.007,500,000 s)
2025-04-25 15:15:01,249 INFO  - Route change already tried once. (at simulation time 244.007,500,000 s)
2025-04-25 15:15:01,249 INFO  - Received message from veh_6 (at simulation time 244.008,500,000 s)
2025-04-25 15:15:01,249 INFO  - Processing DEN message (at simulation time 244.008,500,000 s)
2025-04-25 15:15:01,249 INFO  - Route change already tried once. (at simulation time 244.008,500,000 s)
2025-04-25 15:15:01,260 INFO  - Received message from veh_16 (at simulation time 245.004,600,000 s)
2025-04-25 15:15:01,260 INFO  - Processing DEN message (at simulation time 245.004,600,000 s)
2025-04-25 15:15:01,260 INFO  - Route change already tried once. (at simulation time 245.004,600,000 s)
2025-04-25 15:15:01,261 INFO  - Received message from veh_56 (at simulation time 245.005,200,000 s)
2025-04-25 15:15:01,261 INFO  - Processing DEN message (at simulation time 245.005,200,000 s)
2025-04-25 15:15:01,261 INFO  - Route change already tried once. (at simulation time 245.005,200,000 s)
2025-04-25 15:15:01,261 INFO  - Received message from veh_51 (at simulation time 245.006,700,000 s)
2025-04-25 15:15:01,261 INFO  - Processing DEN message (at simulation time 245.006,700,000 s)
2025-04-25 15:15:01,261 INFO  - Route change already tried once. (at simulation time 245.006,700,000 s)
2025-04-25 15:15:01,261 INFO  - Received message from veh_1 (at simulation time 245.007,000,000 s)
2025-04-25 15:15:01,261 INFO  - Processing DEN message (at simulation time 245.007,000,000 s)
2025-04-25 15:15:01,261 INFO  - Route change already tried once. (at simulation time 245.007,000,000 s)
2025-04-25 15:15:01,261 INFO  - Received message from veh_11 (at simulation time 245.007,600,000 s)
2025-04-25 15:15:01,261 INFO  - Processing DEN message (at simulation time 245.007,600,000 s)
2025-04-25 15:15:01,261 INFO  - Route change already tried once. (at simulation time 245.007,600,000 s)
2025-04-25 15:15:01,261 INFO  - Received message from veh_46 (at simulation time 245.007,600,000 s)
2025-04-25 15:15:01,261 INFO  - Processing DEN message (at simulation time 245.007,600,000 s)
2025-04-25 15:15:01,261 INFO  - Route change already tried once. (at simulation time 245.007,600,000 s)
2025-04-25 15:15:01,261 INFO  - Received message from veh_6 (at simulation time 245.008,100,000 s)
2025-04-25 15:15:01,261 INFO  - Processing DEN message (at simulation time 245.008,100,000 s)
2025-04-25 15:15:01,261 INFO  - Route change already tried once. (at simulation time 245.008,100,000 s)
2025-04-25 15:15:01,266 INFO  - Received message from veh_56 (at simulation time 246.003,200,000 s)
2025-04-25 15:15:01,266 INFO  - Processing DEN message (at simulation time 246.003,200,000 s)
2025-04-25 15:15:01,266 INFO  - Route change already tried once. (at simulation time 246.003,200,000 s)
2025-04-25 15:15:01,266 INFO  - Received message from veh_11 (at simulation time 246.003,600,000 s)
2025-04-25 15:15:01,267 INFO  - Processing DEN message (at simulation time 246.003,600,000 s)
2025-04-25 15:15:01,267 INFO  - Route change already tried once. (at simulation time 246.003,600,000 s)
2025-04-25 15:15:01,267 INFO  - Received message from veh_51 (at simulation time 246.004,700,000 s)
2025-04-25 15:15:01,267 INFO  - Processing DEN message (at simulation time 246.004,700,000 s)
2025-04-25 15:15:01,267 INFO  - Route change already tried once. (at simulation time 246.004,700,000 s)
2025-04-25 15:15:01,267 INFO  - Received message from veh_1 (at simulation time 246.006,000,000 s)
2025-04-25 15:15:01,267 INFO  - Processing DEN message (at simulation time 246.006,000,000 s)
2025-04-25 15:15:01,267 INFO  - Route change already tried once. (at simulation time 246.006,000,000 s)
2025-04-25 15:15:01,268 INFO  - Received message from veh_16 (at simulation time 246.007,100,000 s)
2025-04-25 15:15:01,268 INFO  - Processing DEN message (at simulation time 246.007,100,000 s)
2025-04-25 15:15:01,268 INFO  - Route change already tried once. (at simulation time 246.007,100,000 s)
2025-04-25 15:15:01,268 INFO  - Received message from veh_46 (at simulation time 246.008,100,000 s)
2025-04-25 15:15:01,268 INFO  - Processing DEN message (at simulation time 246.008,100,000 s)
2025-04-25 15:15:01,268 INFO  - Route change already tried once. (at simulation time 246.008,100,000 s)
2025-04-25 15:15:01,268 INFO  - Received message from veh_6 (at simulation time 246.008,600,000 s)
2025-04-25 15:15:01,268 INFO  - Processing DEN message (at simulation time 246.008,600,000 s)
2025-04-25 15:15:01,268 INFO  - Route change already tried once. (at simulation time 246.008,600,000 s)
2025-04-25 15:15:01,272 INFO  - Received message from veh_56 (at simulation time 247.002,200,000 s)
2025-04-25 15:15:01,272 INFO  - Processing DEN message (at simulation time 247.002,200,000 s)
2025-04-25 15:15:01,272 INFO  - Route change already tried once. (at simulation time 247.002,200,000 s)
2025-04-25 15:15:01,273 INFO  - Received message from veh_46 (at simulation time 247.003,200,000 s)
2025-04-25 15:15:01,273 INFO  - Processing DEN message (at simulation time 247.003,200,000 s)
2025-04-25 15:15:01,273 INFO  - Route change already tried once. (at simulation time 247.003,200,000 s)
2025-04-25 15:15:01,273 INFO  - Received message from veh_51 (at simulation time 247.003,700,000 s)
2025-04-25 15:15:01,273 INFO  - Processing DEN message (at simulation time 247.003,700,000 s)
2025-04-25 15:15:01,273 INFO  - Route change already tried once. (at simulation time 247.003,700,000 s)
2025-04-25 15:15:01,273 INFO  - Received message from veh_1 (at simulation time 247.006,600,000 s)
2025-04-25 15:15:01,273 INFO  - Processing DEN message (at simulation time 247.006,600,000 s)
2025-04-25 15:15:01,273 INFO  - Route change already tried once. (at simulation time 247.006,600,000 s)
2025-04-25 15:15:01,274 INFO  - Received message from veh_16 (at simulation time 247.007,100,000 s)
2025-04-25 15:15:01,274 INFO  - Processing DEN message (at simulation time 247.007,100,000 s)
2025-04-25 15:15:01,274 INFO  - Route change already tried once. (at simulation time 247.007,100,000 s)
2025-04-25 15:15:01,274 INFO  - Received message from veh_6 (at simulation time 247.007,600,000 s)
2025-04-25 15:15:01,274 INFO  - Processing DEN message (at simulation time 247.007,600,000 s)
2025-04-25 15:15:01,274 INFO  - Route change already tried once. (at simulation time 247.007,600,000 s)
2025-04-25 15:15:01,274 INFO  - Received message from veh_11 (at simulation time 247.007,600,000 s)
2025-04-25 15:15:01,274 INFO  - Processing DEN message (at simulation time 247.007,600,000 s)
2025-04-25 15:15:01,274 INFO  - Route change already tried once. (at simulation time 247.007,600,000 s)
2025-04-25 15:15:01,278 INFO  - Received message from veh_46 (at simulation time 248.003,200,000 s)
2025-04-25 15:15:01,278 INFO  - Processing DEN message (at simulation time 248.003,200,000 s)
2025-04-25 15:15:01,278 INFO  - Route change already tried once. (at simulation time 248.003,200,000 s)
2025-04-25 15:15:01,279 INFO  - Received message from veh_51 (at simulation time 248.004,700,000 s)
2025-04-25 15:15:01,279 INFO  - Processing DEN message (at simulation time 248.004,700,000 s)
2025-04-25 15:15:01,279 INFO  - Route change already tried once. (at simulation time 248.004,700,000 s)
2025-04-25 15:15:01,279 INFO  - Received message from veh_1 (at simulation time 248.005,600,000 s)
2025-04-25 15:15:01,279 INFO  - Processing DEN message (at simulation time 248.005,600,000 s)
2025-04-25 15:15:01,279 INFO  - Route change already tried once. (at simulation time 248.005,600,000 s)
2025-04-25 15:15:01,279 INFO  - Received message from veh_11 (at simulation time 248.006,100,000 s)
2025-04-25 15:15:01,279 INFO  - Processing DEN message (at simulation time 248.006,100,000 s)
2025-04-25 15:15:01,279 INFO  - Route change already tried once. (at simulation time 248.006,100,000 s)
2025-04-25 15:15:01,279 INFO  - Received message from veh_56 (at simulation time 248.006,200,000 s)
2025-04-25 15:15:01,279 INFO  - Processing DEN message (at simulation time 248.006,200,000 s)
2025-04-25 15:15:01,279 INFO  - Route change already tried once. (at simulation time 248.006,200,000 s)
2025-04-25 15:15:01,279 INFO  - Received message from veh_6 (at simulation time 248.006,600,000 s)
2025-04-25 15:15:01,279 INFO  - Processing DEN message (at simulation time 248.006,600,000 s)
2025-04-25 15:15:01,279 INFO  - Route change already tried once. (at simulation time 248.006,600,000 s)
2025-04-25 15:15:01,279 INFO  - Received message from veh_16 (at simulation time 248.006,600,000 s)
2025-04-25 15:15:01,279 INFO  - Processing DEN message (at simulation time 248.006,600,000 s)
2025-04-25 15:15:01,279 INFO  - Route change already tried once. (at simulation time 248.006,600,000 s)
2025-04-25 15:15:01,285 INFO  - Received message from veh_46 (at simulation time 249.003,700,000 s)
2025-04-25 15:15:01,285 INFO  - Processing DEN message (at simulation time 249.003,700,000 s)
2025-04-25 15:15:01,285 INFO  - Route change already tried once. (at simulation time 249.003,700,000 s)
2025-04-25 15:15:01,285 INFO  - Received message from veh_11 (at simulation time 249.004,100,000 s)
2025-04-25 15:15:01,285 INFO  - Processing DEN message (at simulation time 249.004,100,000 s)
2025-04-25 15:15:01,285 INFO  - Route change already tried once. (at simulation time 249.004,100,000 s)
2025-04-25 15:15:01,285 INFO  - Received message from veh_56 (at simulation time 249.004,200,000 s)
2025-04-25 15:15:01,285 INFO  - Processing DEN message (at simulation time 249.004,200,000 s)
2025-04-25 15:15:01,285 INFO  - Route change already tried once. (at simulation time 249.004,200,000 s)
2025-04-25 15:15:01,285 INFO  - Received message from veh_51 (at simulation time 249.005,700,000 s)
2025-04-25 15:15:01,285 INFO  - Processing DEN message (at simulation time 249.005,700,000 s)
2025-04-25 15:15:01,285 INFO  - Route change already tried once. (at simulation time 249.005,700,000 s)
2025-04-25 15:15:01,286 INFO  - Received message from veh_6 (at simulation time 249.006,100,000 s)
2025-04-25 15:15:01,286 INFO  - Processing DEN message (at simulation time 249.006,100,000 s)
2025-04-25 15:15:01,286 INFO  - Route change already tried once. (at simulation time 249.006,100,000 s)
2025-04-25 15:15:01,286 INFO  - Received message from veh_16 (at simulation time 249.006,600,000 s)
2025-04-25 15:15:01,286 INFO  - Processing DEN message (at simulation time 249.006,600,000 s)
2025-04-25 15:15:01,286 INFO  - Route change already tried once. (at simulation time 249.006,600,000 s)
2025-04-25 15:15:01,286 INFO  - Received message from veh_1 (at simulation time 249.007,100,000 s)
2025-04-25 15:15:01,286 INFO  - Processing DEN message (at simulation time 249.007,100,000 s)
2025-04-25 15:15:01,286 INFO  - Route change already tried once. (at simulation time 249.007,100,000 s)
2025-04-25 15:15:01,302 INFO  - Received message from veh_56 (at simulation time 250.001,700,000 s)
2025-04-25 15:15:01,302 INFO  - Processing DEN message (at simulation time 250.001,700,000 s)
2025-04-25 15:15:01,302 INFO  - Route change already tried once. (at simulation time 250.001,700,000 s)
2025-04-25 15:15:01,302 INFO  - Received message from veh_46 (at simulation time 250.003,200,000 s)
2025-04-25 15:15:01,302 INFO  - Processing DEN message (at simulation time 250.003,200,000 s)
2025-04-25 15:15:01,302 INFO  - Route change already tried once. (at simulation time 250.003,200,000 s)
2025-04-25 15:15:01,303 INFO  - Received message from veh_51 (at simulation time 250.004,200,000 s)
2025-04-25 15:15:01,303 INFO  - Processing DEN message (at simulation time 250.004,200,000 s)
2025-04-25 15:15:01,303 INFO  - Route change already tried once. (at simulation time 250.004,200,000 s)
2025-04-25 15:15:01,303 INFO  - Received message from veh_16 (at simulation time 250.004,600,000 s)
2025-04-25 15:15:01,303 INFO  - Processing DEN message (at simulation time 250.004,600,000 s)
2025-04-25 15:15:01,303 INFO  - Route change already tried once. (at simulation time 250.004,600,000 s)
2025-04-25 15:15:01,303 INFO  - Received message from veh_1 (at simulation time 250.005,100,000 s)
2025-04-25 15:15:01,303 INFO  - Processing DEN message (at simulation time 250.005,100,000 s)
2025-04-25 15:15:01,303 INFO  - Route change already tried once. (at simulation time 250.005,100,000 s)
2025-04-25 15:15:01,303 INFO  - Received message from veh_11 (at simulation time 250.006,100,000 s)
2025-04-25 15:15:01,303 INFO  - Processing DEN message (at simulation time 250.006,100,000 s)
2025-04-25 15:15:01,303 INFO  - Route change already tried once. (at simulation time 250.006,100,000 s)
2025-04-25 15:15:01,304 INFO  - Received message from veh_6 (at simulation time 250.006,600,000 s)
2025-04-25 15:15:01,304 INFO  - Processing DEN message (at simulation time 250.006,600,000 s)
2025-04-25 15:15:01,304 INFO  - Route change already tried once. (at simulation time 250.006,600,000 s)
2025-04-25 15:15:01,309 INFO  - Received message from veh_51 (at simulation time 251.003,700,000 s)
2025-04-25 15:15:01,309 INFO  - Processing DEN message (at simulation time 251.003,700,000 s)
2025-04-25 15:15:01,309 INFO  - Route change already tried once. (at simulation time 251.003,700,000 s)
2025-04-25 15:15:01,309 INFO  - Received message from veh_16 (at simulation time 251.004,100,000 s)
2025-04-25 15:15:01,309 INFO  - Processing DEN message (at simulation time 251.004,100,000 s)
2025-04-25 15:15:01,309 INFO  - Route change already tried once. (at simulation time 251.004,100,000 s)
2025-04-25 15:15:01,309 INFO  - Received message from veh_46 (at simulation time 251.004,200,000 s)
2025-04-25 15:15:01,309 INFO  - Processing DEN message (at simulation time 251.004,200,000 s)
2025-04-25 15:15:01,309 INFO  - Route change already tried once. (at simulation time 251.004,200,000 s)
2025-04-25 15:15:01,309 INFO  - Received message from veh_56 (at simulation time 251.004,200,000 s)
2025-04-25 15:15:01,309 INFO  - Processing DEN message (at simulation time 251.004,200,000 s)
2025-04-25 15:15:01,309 INFO  - Route change already tried once. (at simulation time 251.004,200,000 s)
2025-04-25 15:15:01,309 INFO  - Received message from veh_1 (at simulation time 251.005,600,000 s)
2025-04-25 15:15:01,309 INFO  - Processing DEN message (at simulation time 251.005,600,000 s)
2025-04-25 15:15:01,309 INFO  - Route change already tried once. (at simulation time 251.005,600,000 s)
2025-04-25 15:15:01,309 INFO  - Received message from veh_6 (at simulation time 251.006,100,000 s)
2025-04-25 15:15:01,309 INFO  - Processing DEN message (at simulation time 251.006,100,000 s)
2025-04-25 15:15:01,309 INFO  - Route change already tried once. (at simulation time 251.006,100,000 s)
2025-04-25 15:15:01,310 INFO  - Received message from veh_11 (at simulation time 251.006,600,000 s)
2025-04-25 15:15:01,310 INFO  - Processing DEN message (at simulation time 251.006,600,000 s)
2025-04-25 15:15:01,310 INFO  - Route change already tried once. (at simulation time 251.006,600,000 s)
2025-04-25 15:15:01,315 INFO  - Received message from veh_56 (at simulation time 252.002,700,000 s)
2025-04-25 15:15:01,315 INFO  - Processing DEN message (at simulation time 252.002,700,000 s)
2025-04-25 15:15:01,315 INFO  - Route change already tried once. (at simulation time 252.002,700,000 s)
2025-04-25 15:15:01,315 INFO  - Received message from veh_11 (at simulation time 252.003,600,000 s)
2025-04-25 15:15:01,315 INFO  - Processing DEN message (at simulation time 252.003,600,000 s)
2025-04-25 15:15:01,315 INFO  - Route change already tried once. (at simulation time 252.003,600,000 s)
2025-04-25 15:15:01,315 INFO  - Received message from veh_6 (at simulation time 252.004,100,000 s)
2025-04-25 15:15:01,315 INFO  - Processing DEN message (at simulation time 252.004,100,000 s)
2025-04-25 15:15:01,315 INFO  - Route change already tried once. (at simulation time 252.004,100,000 s)
2025-04-25 15:15:01,315 INFO  - Received message from veh_51 (at simulation time 252.004,200,000 s)
2025-04-25 15:15:01,315 INFO  - Processing DEN message (at simulation time 252.004,200,000 s)
2025-04-25 15:15:01,315 INFO  - Route change already tried once. (at simulation time 252.004,200,000 s)
2025-04-25 15:15:01,316 INFO  - Received message from veh_46 (at simulation time 252.005,200,000 s)
2025-04-25 15:15:01,316 INFO  - Processing DEN message (at simulation time 252.005,200,000 s)
2025-04-25 15:15:01,316 INFO  - Route change already tried once. (at simulation time 252.005,200,000 s)
2025-04-25 15:15:01,316 INFO  - Received message from veh_1 (at simulation time 252.005,600,000 s)
2025-04-25 15:15:01,316 INFO  - Processing DEN message (at simulation time 252.005,600,000 s)
2025-04-25 15:15:01,316 INFO  - Route change already tried once. (at simulation time 252.005,600,000 s)
2025-04-25 15:15:01,316 INFO  - Received message from veh_16 (at simulation time 252.005,600,000 s)
2025-04-25 15:15:01,316 INFO  - Processing DEN message (at simulation time 252.005,600,000 s)
2025-04-25 15:15:01,316 INFO  - Route change already tried once. (at simulation time 252.005,600,000 s)
2025-04-25 15:15:01,321 INFO  - Received message from veh_11 (at simulation time 253.004,100,000 s)
2025-04-25 15:15:01,321 INFO  - Processing DEN message (at simulation time 253.004,100,000 s)
2025-04-25 15:15:01,321 INFO  - Route change already tried once. (at simulation time 253.004,100,000 s)
2025-04-25 15:15:01,321 INFO  - Received message from veh_16 (at simulation time 253.004,600,000 s)
2025-04-25 15:15:01,321 INFO  - Processing DEN message (at simulation time 253.004,600,000 s)
2025-04-25 15:15:01,321 INFO  - Route change already tried once. (at simulation time 253.004,600,000 s)
2025-04-25 15:15:01,321 INFO  - Received message from veh_46 (at simulation time 253.004,700,000 s)
2025-04-25 15:15:01,321 INFO  - Processing DEN message (at simulation time 253.004,700,000 s)
2025-04-25 15:15:01,321 INFO  - Route change already tried once. (at simulation time 253.004,700,000 s)
2025-04-25 15:15:01,321 INFO  - Received message from veh_56 (at simulation time 253.005,200,000 s)
2025-04-25 15:15:01,321 INFO  - Processing DEN message (at simulation time 253.005,200,000 s)
2025-04-25 15:15:01,321 INFO  - Route change already tried once. (at simulation time 253.005,200,000 s)
2025-04-25 15:15:01,322 INFO  - Received message from veh_1 (at simulation time 253.006,100,000 s)
2025-04-25 15:15:01,322 INFO  - Processing DEN message (at simulation time 253.006,100,000 s)
2025-04-25 15:15:01,322 INFO  - Route change already tried once. (at simulation time 253.006,100,000 s)
2025-04-25 15:15:01,322 INFO  - Received message from veh_51 (at simulation time 253.006,200,000 s)
2025-04-25 15:15:01,322 INFO  - Processing DEN message (at simulation time 253.006,200,000 s)
2025-04-25 15:15:01,322 INFO  - Route change already tried once. (at simulation time 253.006,200,000 s)
2025-04-25 15:15:01,322 INFO  - Received message from veh_6 (at simulation time 253.006,600,000 s)
2025-04-25 15:15:01,322 INFO  - Processing DEN message (at simulation time 253.006,600,000 s)
2025-04-25 15:15:01,322 INFO  - Route change already tried once. (at simulation time 253.006,600,000 s)
2025-04-25 15:15:01,326 INFO  - Received message from veh_86 (at simulation time 254.000,800,000 s)
2025-04-25 15:15:01,327 INFO  - Processing DEN message (at simulation time 254.000,800,000 s)
2025-04-25 15:15:01,327 INFO  - Route change already tried once. (at simulation time 254.000,800,000 s)
2025-04-25 15:15:01,328 INFO  - Received message from veh_51 (at simulation time 254.003,200,000 s)
2025-04-25 15:15:01,328 INFO  - Processing DEN message (at simulation time 254.003,200,000 s)
2025-04-25 15:15:01,328 INFO  - Route change already tried once. (at simulation time 254.003,200,000 s)
2025-04-25 15:15:01,328 INFO  - Received message from veh_46 (at simulation time 254.003,700,000 s)
2025-04-25 15:15:01,328 INFO  - Processing DEN message (at simulation time 254.003,700,000 s)
2025-04-25 15:15:01,328 INFO  - Route change already tried once. (at simulation time 254.003,700,000 s)
2025-04-25 15:15:01,328 INFO  - Received message from veh_56 (at simulation time 254.003,700,000 s)
2025-04-25 15:15:01,328 INFO  - Processing DEN message (at simulation time 254.003,700,000 s)
2025-04-25 15:15:01,328 INFO  - Route change already tried once. (at simulation time 254.003,700,000 s)
2025-04-25 15:15:01,328 INFO  - Received message from veh_1 (at simulation time 254.004,100,000 s)
2025-04-25 15:15:01,328 INFO  - Processing DEN message (at simulation time 254.004,100,000 s)
2025-04-25 15:15:01,328 INFO  - Route change already tried once. (at simulation time 254.004,100,000 s)
2025-04-25 15:15:01,329 INFO  - Received message from veh_16 (at simulation time 254.005,600,000 s)
2025-04-25 15:15:01,329 INFO  - Processing DEN message (at simulation time 254.005,600,000 s)
2025-04-25 15:15:01,329 INFO  - Route change already tried once. (at simulation time 254.005,600,000 s)
2025-04-25 15:15:01,329 INFO  - Received message from veh_6 (at simulation time 254.007,100,000 s)
2025-04-25 15:15:01,329 INFO  - Processing DEN message (at simulation time 254.007,100,000 s)
2025-04-25 15:15:01,329 INFO  - Route change already tried once. (at simulation time 254.007,100,000 s)
2025-04-25 15:15:01,329 INFO  - Received message from veh_11 (at simulation time 254.008,100,000 s)
2025-04-25 15:15:01,329 INFO  - Processing DEN message (at simulation time 254.008,100,000 s)
2025-04-25 15:15:01,329 INFO  - Route change already tried once. (at simulation time 254.008,100,000 s)
2025-04-25 15:15:01,343 INFO  - Received message from veh_56 (at simulation time 255.002,700,000 s)
2025-04-25 15:15:01,343 INFO  - Processing DEN message (at simulation time 255.002,700,000 s)
2025-04-25 15:15:01,343 INFO  - Route change already tried once. (at simulation time 255.002,700,000 s)
2025-04-25 15:15:01,343 INFO  - Received message from veh_11 (at simulation time 255.004,600,000 s)
2025-04-25 15:15:01,343 INFO  - Processing DEN message (at simulation time 255.004,600,000 s)
2025-04-25 15:15:01,343 INFO  - Route change already tried once. (at simulation time 255.004,600,000 s)
2025-04-25 15:15:01,344 INFO  - Received message from veh_1 (at simulation time 255.005,000,000 s)
2025-04-25 15:15:01,344 INFO  - Processing DEN message (at simulation time 255.005,000,000 s)
2025-04-25 15:15:01,344 INFO  - Route change already tried once. (at simulation time 255.005,000,000 s)
2025-04-25 15:15:01,344 INFO  - Received message from veh_46 (at simulation time 255.006,100,000 s)
2025-04-25 15:15:01,344 INFO  - Processing DEN message (at simulation time 255.006,100,000 s)
2025-04-25 15:15:01,344 INFO  - Route change already tried once. (at simulation time 255.006,100,000 s)
2025-04-25 15:15:01,344 INFO  - Received message from veh_86 (at simulation time 255.006,200,000 s)
2025-04-25 15:15:01,344 INFO  - Processing DEN message (at simulation time 255.006,200,000 s)
2025-04-25 15:15:01,344 INFO  - Route change already tried once. (at simulation time 255.006,200,000 s)
2025-04-25 15:15:01,344 INFO  - Received message from veh_16 (at simulation time 255.006,600,000 s)
2025-04-25 15:15:01,344 INFO  - Processing DEN message (at simulation time 255.006,600,000 s)
2025-04-25 15:15:01,344 INFO  - Route change already tried once. (at simulation time 255.006,600,000 s)
2025-04-25 15:15:01,344 INFO  - Received message from veh_51 (at simulation time 255.006,600,000 s)
2025-04-25 15:15:01,344 INFO  - Processing DEN message (at simulation time 255.006,600,000 s)
2025-04-25 15:15:01,344 INFO  - Route change already tried once. (at simulation time 255.006,600,000 s)
2025-04-25 15:15:01,345 INFO  - Received message from veh_6 (at simulation time 255.010,000,000 s)
2025-04-25 15:15:01,345 INFO  - Processing DEN message (at simulation time 255.010,000,000 s)
2025-04-25 15:15:01,345 INFO  - Route change already tried once. (at simulation time 255.010,000,000 s)
2025-04-25 15:15:01,350 INFO  - Received message from veh_86 (at simulation time 256.002,700,000 s)
2025-04-25 15:15:01,350 INFO  - Processing DEN message (at simulation time 256.002,700,000 s)
2025-04-25 15:15:01,350 INFO  - Route change already tried once. (at simulation time 256.002,700,000 s)
2025-04-25 15:15:01,351 INFO  - Received message from veh_56 (at simulation time 256.003,700,000 s)
2025-04-25 15:15:01,351 INFO  - Processing DEN message (at simulation time 256.003,700,000 s)
2025-04-25 15:15:01,351 INFO  - Route change already tried once. (at simulation time 256.003,700,000 s)
2025-04-25 15:15:01,351 INFO  - Received message from veh_46 (at simulation time 256.004,600,000 s)
2025-04-25 15:15:01,351 INFO  - Processing DEN message (at simulation time 256.004,600,000 s)
2025-04-25 15:15:01,351 INFO  - Route change already tried once. (at simulation time 256.004,600,000 s)
2025-04-25 15:15:01,351 INFO  - Received message from veh_51 (at simulation time 256.004,600,000 s)
2025-04-25 15:15:01,351 INFO  - Processing DEN message (at simulation time 256.004,600,000 s)
2025-04-25 15:15:01,351 INFO  - Route change already tried once. (at simulation time 256.004,600,000 s)
2025-04-25 15:15:01,351 INFO  - Received message from veh_16 (at simulation time 256.005,600,000 s)
2025-04-25 15:15:01,351 INFO  - Processing DEN message (at simulation time 256.005,600,000 s)
2025-04-25 15:15:01,351 INFO  - Route change already tried once. (at simulation time 256.005,600,000 s)
2025-04-25 15:15:01,352 INFO  - Received message from veh_6 (at simulation time 256.006,000,000 s)
2025-04-25 15:15:01,352 INFO  - Processing DEN message (at simulation time 256.006,000,000 s)
2025-04-25 15:15:01,352 INFO  - Route change already tried once. (at simulation time 256.006,000,000 s)
2025-04-25 15:15:01,352 INFO  - Received message from veh_1 (at simulation time 256.006,500,000 s)
2025-04-25 15:15:01,352 INFO  - Processing DEN message (at simulation time 256.006,500,000 s)
2025-04-25 15:15:01,352 INFO  - Route change already tried once. (at simulation time 256.006,500,000 s)
2025-04-25 15:15:01,352 INFO  - Received message from veh_11 (at simulation time 256.006,600,000 s)
2025-04-25 15:15:01,352 INFO  - Processing DEN message (at simulation time 256.006,600,000 s)
2025-04-25 15:15:01,352 INFO  - Route change already tried once. (at simulation time 256.006,600,000 s)
2025-04-25 15:15:01,357 INFO  - Received message from veh_56 (at simulation time 257.002,700,000 s)
2025-04-25 15:15:01,357 INFO  - Processing DEN message (at simulation time 257.002,700,000 s)
2025-04-25 15:15:01,357 INFO  - Route change already tried once. (at simulation time 257.002,700,000 s)
2025-04-25 15:15:01,358 INFO  - Received message from veh_51 (at simulation time 257.004,200,000 s)
2025-04-25 15:15:01,358 INFO  - Processing DEN message (at simulation time 257.004,200,000 s)
2025-04-25 15:15:01,358 INFO  - Route change already tried once. (at simulation time 257.004,200,000 s)
2025-04-25 15:15:01,358 INFO  - Received message from veh_16 (at simulation time 257.004,600,000 s)
2025-04-25 15:15:01,358 INFO  - Processing DEN message (at simulation time 257.004,600,000 s)
2025-04-25 15:15:01,358 INFO  - Route change already tried once. (at simulation time 257.004,600,000 s)
2025-04-25 15:15:01,358 INFO  - Received message from veh_86 (at simulation time 257.004,700,000 s)
2025-04-25 15:15:01,358 INFO  - Processing DEN message (at simulation time 257.004,700,000 s)
2025-04-25 15:15:01,358 INFO  - Route change already tried once. (at simulation time 257.004,700,000 s)
2025-04-25 15:15:01,358 INFO  - Received message from veh_46 (at simulation time 257.005,100,000 s)
2025-04-25 15:15:01,359 INFO  - Processing DEN message (at simulation time 257.005,100,000 s)
2025-04-25 15:15:01,359 INFO  - Route change already tried once. (at simulation time 257.005,100,000 s)
2025-04-25 15:15:01,359 INFO  - Received message from veh_6 (at simulation time 257.005,600,000 s)
2025-04-25 15:15:01,359 INFO  - Processing DEN message (at simulation time 257.005,600,000 s)
2025-04-25 15:15:01,359 INFO  - Route change already tried once. (at simulation time 257.005,600,000 s)
2025-04-25 15:15:01,359 INFO  - Received message from veh_11 (at simulation time 257.005,600,000 s)
2025-04-25 15:15:01,359 INFO  - Processing DEN message (at simulation time 257.005,600,000 s)
2025-04-25 15:15:01,359 INFO  - Route change already tried once. (at simulation time 257.005,600,000 s)
2025-04-25 15:15:01,359 INFO  - Received message from veh_1 (at simulation time 257.006,500,000 s)
2025-04-25 15:15:01,359 INFO  - Processing DEN message (at simulation time 257.006,500,000 s)
2025-04-25 15:15:01,359 INFO  - Route change already tried once. (at simulation time 257.006,500,000 s)
2025-04-25 15:15:02,938 INFO  - Shutdown application (at simulation time 570.000,000,000 s)
