2025-04-25 15:02:20,583 INFO  - Initialize application (at simulation time 48.000,000,000 s)
2025-04-25 15:02:20,584 INFO  - Activated AdHoc Module (at simulation time 48.000,000,000 s)
2025-04-25 15:02:20,751 INFO  - Received message from veh_1 (at simulation time 83.003,200,000 s)
2025-04-25 15:02:20,751 INFO  - Processing DEN message (at simulation time 83.003,200,000 s)
2025-04-25 15:02:20,751 INFO  - The event occurred on connection with id=73017982_4077214663_1313885442, which is part of vehicle's route with id=1 (at simulation time 83.003,200,000 s)
2025-04-25 15:02:20,754 INFO  - Sending Change Route Command at position: GeoPoint{lat=52.645203,lon=13.567293,alt=0.00} (at simulation time 83.003,200,000 s)
2025-04-25 15:02:20,776 INFO  - Received message from veh_1 (at simulation time 84.002,200,000 s)
2025-04-25 15:02:20,776 INFO  - Processing DEN message (at simulation time 84.002,200,000 s)
2025-04-25 15:02:20,776 INFO  - Route change already tried once. (at simulation time 84.002,200,000 s)
2025-04-25 15:02:20,788 INFO  - Received message from veh_1 (at simulation time 85.006,200,000 s)
2025-04-25 15:02:20,788 INFO  - Processing DEN message (at simulation time 85.006,200,000 s)
2025-04-25 15:02:20,788 INFO  - Route change already tried once. (at simulation time 85.006,200,000 s)
2025-04-25 15:02:20,792 INFO  - Received message from veh_1 (at simulation time 86.005,200,000 s)
2025-04-25 15:02:20,792 INFO  - Processing DEN message (at simulation time 86.005,200,000 s)
2025-04-25 15:02:20,792 INFO  - Route change already tried once. (at simulation time 86.005,200,000 s)
2025-04-25 15:02:20,796 INFO  - Received message from veh_1 (at simulation time 87.006,700,000 s)
2025-04-25 15:02:20,796 INFO  - Processing DEN message (at simulation time 87.006,700,000 s)
2025-04-25 15:02:20,796 INFO  - Route change already tried once. (at simulation time 87.006,700,000 s)
2025-04-25 15:02:20,802 INFO  - Received message from veh_1 (at simulation time 88.003,700,000 s)
2025-04-25 15:02:20,802 INFO  - Processing DEN message (at simulation time 88.003,700,000 s)
2025-04-25 15:02:20,802 INFO  - Route change already tried once. (at simulation time 88.003,700,000 s)
2025-04-25 15:02:20,809 INFO  - Received message from veh_1 (at simulation time 89.003,200,000 s)
2025-04-25 15:02:20,809 INFO  - Processing DEN message (at simulation time 89.003,200,000 s)
2025-04-25 15:02:20,809 INFO  - Route change already tried once. (at simulation time 89.003,200,000 s)
2025-04-25 15:02:20,829 INFO  - Received message from veh_1 (at simulation time 90.004,700,000 s)
2025-04-25 15:02:20,830 INFO  - Processing DEN message (at simulation time 90.004,700,000 s)
2025-04-25 15:02:20,830 INFO  - Route change already tried once. (at simulation time 90.004,700,000 s)
2025-04-25 15:02:20,861 INFO  - Received message from veh_1 (at simulation time 91.001,700,000 s)
2025-04-25 15:02:20,861 INFO  - Processing DEN message (at simulation time 91.001,700,000 s)
2025-04-25 15:02:20,861 INFO  - Route change already tried once. (at simulation time 91.001,700,000 s)
2025-04-25 15:02:20,867 INFO  - Received message from veh_1 (at simulation time 92.005,700,000 s)
2025-04-25 15:02:20,867 INFO  - Processing DEN message (at simulation time 92.005,700,000 s)
2025-04-25 15:02:20,867 INFO  - Route change already tried once. (at simulation time 92.005,700,000 s)
2025-04-25 15:02:20,873 INFO  - Received message from veh_6 (at simulation time 93.001,800,000 s)
2025-04-25 15:02:20,873 INFO  - Processing DEN message (at simulation time 93.001,800,000 s)
2025-04-25 15:02:20,873 INFO  - Route change already tried once. (at simulation time 93.001,800,000 s)
2025-04-25 15:02:20,873 INFO  - Received message from veh_1 (at simulation time 93.002,200,000 s)
2025-04-25 15:02:20,873 INFO  - Processing DEN message (at simulation time 93.002,200,000 s)
2025-04-25 15:02:20,873 INFO  - Route change already tried once. (at simulation time 93.002,200,000 s)
2025-04-25 15:02:20,878 INFO  - Received message from veh_6 (at simulation time 94.001,300,000 s)
2025-04-25 15:02:20,878 INFO  - Processing DEN message (at simulation time 94.001,300,000 s)
2025-04-25 15:02:20,878 INFO  - Route change already tried once. (at simulation time 94.001,300,000 s)
2025-04-25 15:02:20,879 INFO  - Received message from veh_1 (at simulation time 94.004,200,000 s)
2025-04-25 15:02:20,879 INFO  - Processing DEN message (at simulation time 94.004,200,000 s)
2025-04-25 15:02:20,879 INFO  - Route change already tried once. (at simulation time 94.004,200,000 s)
2025-04-25 15:02:21,436 INFO  - Received message from veh_1 (at simulation time 163.004,600,000 s)
2025-04-25 15:02:21,436 INFO  - Processing DEN message (at simulation time 163.004,600,000 s)
2025-04-25 15:02:21,436 INFO  - Route change already tried once. (at simulation time 163.004,600,000 s)
2025-04-25 15:02:21,436 INFO  - Received message from veh_16 (at simulation time 163.004,700,000 s)
2025-04-25 15:02:21,436 INFO  - Processing DEN message (at simulation time 163.004,700,000 s)
2025-04-25 15:02:21,436 INFO  - Route change already tried once. (at simulation time 163.004,700,000 s)
2025-04-25 15:02:21,441 INFO  - Received message from veh_6 (at simulation time 163.007,100,000 s)
2025-04-25 15:02:21,441 INFO  - Processing DEN message (at simulation time 163.007,100,000 s)
2025-04-25 15:02:21,441 INFO  - Route change already tried once. (at simulation time 163.007,100,000 s)
2025-04-25 15:02:21,443 INFO  - Received message from veh_11 (at simulation time 163.008,100,000 s)
2025-04-25 15:02:21,444 INFO  - Processing DEN message (at simulation time 163.008,100,000 s)
2025-04-25 15:02:21,444 INFO  - Route change already tried once. (at simulation time 163.008,100,000 s)
2025-04-25 15:02:21,483 INFO  - Received message from veh_1 (at simulation time 164.004,100,000 s)
2025-04-25 15:02:21,483 INFO  - Processing DEN message (at simulation time 164.004,100,000 s)
2025-04-25 15:02:21,483 INFO  - Route change already tried once. (at simulation time 164.004,100,000 s)
2025-04-25 15:02:21,483 INFO  - Received message from veh_16 (at simulation time 164.004,200,000 s)
2025-04-25 15:02:21,483 INFO  - Processing DEN message (at simulation time 164.004,200,000 s)
2025-04-25 15:02:21,483 INFO  - Route change already tried once. (at simulation time 164.004,200,000 s)
2025-04-25 15:02:21,484 INFO  - Received message from veh_6 (at simulation time 164.006,100,000 s)
2025-04-25 15:02:21,484 INFO  - Processing DEN message (at simulation time 164.006,100,000 s)
2025-04-25 15:02:21,484 INFO  - Route change already tried once. (at simulation time 164.006,100,000 s)
2025-04-25 15:02:21,484 INFO  - Received message from veh_11 (at simulation time 164.007,100,000 s)
2025-04-25 15:02:21,484 INFO  - Processing DEN message (at simulation time 164.007,100,000 s)
2025-04-25 15:02:21,484 INFO  - Route change already tried once. (at simulation time 164.007,100,000 s)
2025-04-25 15:02:21,495 INFO  - Received message from veh_16 (at simulation time 165.002,700,000 s)
2025-04-25 15:02:21,495 INFO  - Processing DEN message (at simulation time 165.002,700,000 s)
2025-04-25 15:02:21,495 INFO  - Route change already tried once. (at simulation time 165.002,700,000 s)
2025-04-25 15:02:21,495 INFO  - Received message from veh_11 (at simulation time 165.003,100,000 s)
2025-04-25 15:02:21,495 INFO  - Processing DEN message (at simulation time 165.003,100,000 s)
2025-04-25 15:02:21,496 INFO  - Route change already tried once. (at simulation time 165.003,100,000 s)
2025-04-25 15:02:21,496 INFO  - Received message from veh_1 (at simulation time 165.005,100,000 s)
2025-04-25 15:02:21,496 INFO  - Processing DEN message (at simulation time 165.005,100,000 s)
2025-04-25 15:02:21,496 INFO  - Route change already tried once. (at simulation time 165.005,100,000 s)
2025-04-25 15:02:21,496 INFO  - Received message from veh_6 (at simulation time 165.006,100,000 s)
2025-04-25 15:02:21,496 INFO  - Processing DEN message (at simulation time 165.006,100,000 s)
2025-04-25 15:02:21,496 INFO  - Route change already tried once. (at simulation time 165.006,100,000 s)
2025-04-25 15:02:21,502 INFO  - Received message from veh_11 (at simulation time 166.003,200,000 s)
2025-04-25 15:02:21,502 INFO  - Processing DEN message (at simulation time 166.003,200,000 s)
2025-04-25 15:02:21,502 INFO  - Route change already tried once. (at simulation time 166.003,200,000 s)
2025-04-25 15:02:21,502 INFO  - Received message from veh_16 (at simulation time 166.003,200,000 s)
2025-04-25 15:02:21,502 INFO  - Processing DEN message (at simulation time 166.003,200,000 s)
2025-04-25 15:02:21,502 INFO  - Route change already tried once. (at simulation time 166.003,200,000 s)
2025-04-25 15:02:21,502 INFO  - Received message from veh_1 (at simulation time 166.005,600,000 s)
2025-04-25 15:02:21,502 INFO  - Processing DEN message (at simulation time 166.005,600,000 s)
2025-04-25 15:02:21,502 INFO  - Route change already tried once. (at simulation time 166.005,600,000 s)
2025-04-25 15:02:21,503 INFO  - Received message from veh_6 (at simulation time 166.008,600,000 s)
2025-04-25 15:02:21,503 INFO  - Processing DEN message (at simulation time 166.008,600,000 s)
2025-04-25 15:02:21,503 INFO  - Route change already tried once. (at simulation time 166.008,600,000 s)
2025-04-25 15:02:21,507 INFO  - Received message from veh_11 (at simulation time 167.003,200,000 s)
2025-04-25 15:02:21,507 INFO  - Processing DEN message (at simulation time 167.003,200,000 s)
2025-04-25 15:02:21,507 INFO  - Route change already tried once. (at simulation time 167.003,200,000 s)
2025-04-25 15:02:21,507 INFO  - Received message from veh_6 (at simulation time 167.004,100,000 s)
2025-04-25 15:02:21,507 INFO  - Processing DEN message (at simulation time 167.004,100,000 s)
2025-04-25 15:02:21,507 INFO  - Route change already tried once. (at simulation time 167.004,100,000 s)
2025-04-25 15:02:21,507 INFO  - Received message from veh_16 (at simulation time 167.004,700,000 s)
2025-04-25 15:02:21,507 INFO  - Processing DEN message (at simulation time 167.004,700,000 s)
2025-04-25 15:02:21,507 INFO  - Route change already tried once. (at simulation time 167.004,700,000 s)
2025-04-25 15:02:21,507 INFO  - Received message from veh_1 (at simulation time 167.005,100,000 s)
2025-04-25 15:02:21,507 INFO  - Processing DEN message (at simulation time 167.005,100,000 s)
2025-04-25 15:02:21,507 INFO  - Route change already tried once. (at simulation time 167.005,100,000 s)
2025-04-25 15:02:21,514 INFO  - Received message from veh_1 (at simulation time 168.002,600,000 s)
2025-04-25 15:02:21,514 INFO  - Processing DEN message (at simulation time 168.002,600,000 s)
2025-04-25 15:02:21,514 INFO  - Route change already tried once. (at simulation time 168.002,600,000 s)
2025-04-25 15:02:21,514 INFO  - Received message from veh_16 (at simulation time 168.002,700,000 s)
2025-04-25 15:02:21,514 INFO  - Processing DEN message (at simulation time 168.002,700,000 s)
2025-04-25 15:02:21,514 INFO  - Route change already tried once. (at simulation time 168.002,700,000 s)
2025-04-25 15:02:21,515 INFO  - Received message from veh_6 (at simulation time 168.004,100,000 s)
2025-04-25 15:02:21,515 INFO  - Processing DEN message (at simulation time 168.004,100,000 s)
2025-04-25 15:02:21,515 INFO  - Route change already tried once. (at simulation time 168.004,100,000 s)
2025-04-25 15:02:21,515 INFO  - Received message from veh_11 (at simulation time 168.005,700,000 s)
2025-04-25 15:02:21,515 INFO  - Processing DEN message (at simulation time 168.005,700,000 s)
2025-04-25 15:02:21,515 INFO  - Route change already tried once. (at simulation time 168.005,700,000 s)
2025-04-25 15:02:21,522 INFO  - Received message from veh_6 (at simulation time 169.003,200,000 s)
2025-04-25 15:02:21,522 INFO  - Processing DEN message (at simulation time 169.003,200,000 s)
2025-04-25 15:02:21,522 INFO  - Route change already tried once. (at simulation time 169.003,200,000 s)
2025-04-25 15:02:21,522 INFO  - Received message from veh_16 (at simulation time 169.004,700,000 s)
2025-04-25 15:02:21,522 INFO  - Processing DEN message (at simulation time 169.004,700,000 s)
2025-04-25 15:02:21,522 INFO  - Route change already tried once. (at simulation time 169.004,700,000 s)
2025-04-25 15:02:21,523 INFO  - Received message from veh_11 (at simulation time 169.005,200,000 s)
2025-04-25 15:02:21,523 INFO  - Processing DEN message (at simulation time 169.005,200,000 s)
2025-04-25 15:02:21,523 INFO  - Route change already tried once. (at simulation time 169.005,200,000 s)
2025-04-25 15:02:21,523 INFO  - Received message from veh_1 (at simulation time 169.009,100,000 s)
2025-04-25 15:02:21,523 INFO  - Processing DEN message (at simulation time 169.009,100,000 s)
2025-04-25 15:02:21,523 INFO  - Route change already tried once. (at simulation time 169.009,100,000 s)
2025-04-25 15:02:21,537 INFO  - Received message from veh_11 (at simulation time 170.003,200,000 s)
2025-04-25 15:02:21,537 INFO  - Processing DEN message (at simulation time 170.003,200,000 s)
2025-04-25 15:02:21,537 INFO  - Route change already tried once. (at simulation time 170.003,200,000 s)
2025-04-25 15:02:21,540 INFO  - Received message from veh_1 (at simulation time 170.004,100,000 s)
2025-04-25 15:02:21,540 INFO  - Processing DEN message (at simulation time 170.004,100,000 s)
2025-04-25 15:02:21,540 INFO  - Route change already tried once. (at simulation time 170.004,100,000 s)
2025-04-25 15:02:21,540 INFO  - Received message from veh_16 (at simulation time 170.005,200,000 s)
2025-04-25 15:02:21,540 INFO  - Processing DEN message (at simulation time 170.005,200,000 s)
2025-04-25 15:02:21,540 INFO  - Route change already tried once. (at simulation time 170.005,200,000 s)
2025-04-25 15:02:21,540 INFO  - Received message from veh_6 (at simulation time 170.005,700,000 s)
2025-04-25 15:02:21,540 INFO  - Processing DEN message (at simulation time 170.005,700,000 s)
2025-04-25 15:02:21,540 INFO  - Route change already tried once. (at simulation time 170.005,700,000 s)
2025-04-25 15:02:21,545 INFO  - Received message from veh_16 (at simulation time 171.002,700,000 s)
2025-04-25 15:02:21,545 INFO  - Processing DEN message (at simulation time 171.002,700,000 s)
2025-04-25 15:02:21,545 INFO  - Route change already tried once. (at simulation time 171.002,700,000 s)
2025-04-25 15:02:21,545 INFO  - Received message from veh_6 (at simulation time 171.003,700,000 s)
2025-04-25 15:02:21,545 INFO  - Processing DEN message (at simulation time 171.003,700,000 s)
2025-04-25 15:02:21,545 INFO  - Route change already tried once. (at simulation time 171.003,700,000 s)
2025-04-25 15:02:21,545 INFO  - Received message from veh_11 (at simulation time 171.003,700,000 s)
2025-04-25 15:02:21,545 INFO  - Processing DEN message (at simulation time 171.003,700,000 s)
2025-04-25 15:02:21,545 INFO  - Route change already tried once. (at simulation time 171.003,700,000 s)
2025-04-25 15:02:21,546 INFO  - Received message from veh_1 (at simulation time 171.004,600,000 s)
2025-04-25 15:02:21,546 INFO  - Processing DEN message (at simulation time 171.004,600,000 s)
2025-04-25 15:02:21,546 INFO  - Route change already tried once. (at simulation time 171.004,600,000 s)
2025-04-25 15:02:21,553 INFO  - Received message from veh_1 (at simulation time 172.002,600,000 s)
2025-04-25 15:02:21,553 INFO  - Processing DEN message (at simulation time 172.002,600,000 s)
2025-04-25 15:02:21,553 INFO  - Route change already tried once. (at simulation time 172.002,600,000 s)
2025-04-25 15:02:21,554 INFO  - Received message from veh_16 (at simulation time 172.003,700,000 s)
2025-04-25 15:02:21,554 INFO  - Processing DEN message (at simulation time 172.003,700,000 s)
2025-04-25 15:02:21,554 INFO  - Route change already tried once. (at simulation time 172.003,700,000 s)
2025-04-25 15:02:21,554 INFO  - Received message from veh_11 (at simulation time 172.004,700,000 s)
2025-04-25 15:02:21,554 INFO  - Processing DEN message (at simulation time 172.004,700,000 s)
2025-04-25 15:02:21,554 INFO  - Route change already tried once. (at simulation time 172.004,700,000 s)
2025-04-25 15:02:21,554 INFO  - Received message from veh_6 (at simulation time 172.005,200,000 s)
2025-04-25 15:02:21,554 INFO  - Processing DEN message (at simulation time 172.005,200,000 s)
2025-04-25 15:02:21,554 INFO  - Route change already tried once. (at simulation time 172.005,200,000 s)
2025-04-25 15:02:21,559 INFO  - Received message from veh_11 (at simulation time 173.004,100,000 s)
2025-04-25 15:02:21,559 INFO  - Processing DEN message (at simulation time 173.004,100,000 s)
2025-04-25 15:02:21,559 INFO  - Route change already tried once. (at simulation time 173.004,100,000 s)
2025-04-25 15:02:21,559 INFO  - Received message from veh_16 (at simulation time 173.004,100,000 s)
2025-04-25 15:02:21,559 INFO  - Processing DEN message (at simulation time 173.004,100,000 s)
2025-04-25 15:02:21,559 INFO  - Route change already tried once. (at simulation time 173.004,100,000 s)
2025-04-25 15:02:21,560 INFO  - Received message from veh_6 (at simulation time 173.005,100,000 s)
2025-04-25 15:02:21,560 INFO  - Processing DEN message (at simulation time 173.005,100,000 s)
2025-04-25 15:02:21,560 INFO  - Route change already tried once. (at simulation time 173.005,100,000 s)
2025-04-25 15:02:21,560 INFO  - Received message from veh_1 (at simulation time 173.008,000,000 s)
2025-04-25 15:02:21,560 INFO  - Processing DEN message (at simulation time 173.008,000,000 s)
2025-04-25 15:02:21,560 INFO  - Route change already tried once. (at simulation time 173.008,000,000 s)
2025-04-25 15:02:21,567 INFO  - Received message from veh_16 (at simulation time 174.004,600,000 s)
2025-04-25 15:02:21,567 INFO  - Processing DEN message (at simulation time 174.004,600,000 s)
2025-04-25 15:02:21,567 INFO  - Route change already tried once. (at simulation time 174.004,600,000 s)
2025-04-25 15:02:21,567 INFO  - Received message from veh_46 (at simulation time 174.004,700,000 s)
2025-04-25 15:02:21,567 INFO  - Processing DEN message (at simulation time 174.004,700,000 s)
2025-04-25 15:02:21,567 INFO  - Route change already tried once. (at simulation time 174.004,700,000 s)
2025-04-25 15:02:21,567 INFO  - Received message from veh_6 (at simulation time 174.005,600,000 s)
2025-04-25 15:02:21,567 INFO  - Processing DEN message (at simulation time 174.005,600,000 s)
2025-04-25 15:02:21,567 INFO  - Route change already tried once. (at simulation time 174.005,600,000 s)
2025-04-25 15:02:21,567 INFO  - Received message from veh_1 (at simulation time 174.006,500,000 s)
2025-04-25 15:02:21,567 INFO  - Processing DEN message (at simulation time 174.006,500,000 s)
2025-04-25 15:02:21,567 INFO  - Route change already tried once. (at simulation time 174.006,500,000 s)
2025-04-25 15:02:21,567 INFO  - Received message from veh_11 (at simulation time 174.008,100,000 s)
2025-04-25 15:02:21,567 INFO  - Processing DEN message (at simulation time 174.008,100,000 s)
2025-04-25 15:02:21,567 INFO  - Route change already tried once. (at simulation time 174.008,100,000 s)
2025-04-25 15:02:21,578 INFO  - Received message from veh_46 (at simulation time 175.003,200,000 s)
2025-04-25 15:02:21,578 INFO  - Processing DEN message (at simulation time 175.003,200,000 s)
2025-04-25 15:02:21,578 INFO  - Route change already tried once. (at simulation time 175.003,200,000 s)
2025-04-25 15:02:21,578 INFO  - Received message from veh_16 (at simulation time 175.004,200,000 s)
2025-04-25 15:02:21,578 INFO  - Processing DEN message (at simulation time 175.004,200,000 s)
2025-04-25 15:02:21,578 INFO  - Route change already tried once. (at simulation time 175.004,200,000 s)
2025-04-25 15:02:21,578 INFO  - Received message from veh_6 (at simulation time 175.004,600,000 s)
2025-04-25 15:02:21,578 INFO  - Processing DEN message (at simulation time 175.004,600,000 s)
2025-04-25 15:02:21,578 INFO  - Route change already tried once. (at simulation time 175.004,600,000 s)
2025-04-25 15:02:21,578 INFO  - Received message from veh_11 (at simulation time 175.005,100,000 s)
2025-04-25 15:02:21,578 INFO  - Processing DEN message (at simulation time 175.005,100,000 s)
2025-04-25 15:02:21,578 INFO  - Route change already tried once. (at simulation time 175.005,100,000 s)
2025-04-25 15:02:21,579 INFO  - Received message from veh_1 (at simulation time 175.006,100,000 s)
2025-04-25 15:02:21,579 INFO  - Processing DEN message (at simulation time 175.006,100,000 s)
2025-04-25 15:02:21,579 INFO  - Route change already tried once. (at simulation time 175.006,100,000 s)
2025-04-25 15:02:21,584 INFO  - Received message from veh_16 (at simulation time 176.001,700,000 s)
2025-04-25 15:02:21,584 INFO  - Processing DEN message (at simulation time 176.001,700,000 s)
2025-04-25 15:02:21,584 INFO  - Route change already tried once. (at simulation time 176.001,700,000 s)
2025-04-25 15:02:21,585 INFO  - Received message from veh_46 (at simulation time 176.002,700,000 s)
2025-04-25 15:02:21,585 INFO  - Processing DEN message (at simulation time 176.002,700,000 s)
2025-04-25 15:02:21,585 INFO  - Route change already tried once. (at simulation time 176.002,700,000 s)
2025-04-25 15:02:21,585 INFO  - Received message from veh_11 (at simulation time 176.005,100,000 s)
2025-04-25 15:02:21,585 INFO  - Processing DEN message (at simulation time 176.005,100,000 s)
2025-04-25 15:02:21,585 INFO  - Route change already tried once. (at simulation time 176.005,100,000 s)
2025-04-25 15:02:21,585 INFO  - Received message from veh_1 (at simulation time 176.005,600,000 s)
2025-04-25 15:02:21,585 INFO  - Processing DEN message (at simulation time 176.005,600,000 s)
2025-04-25 15:02:21,585 INFO  - Route change already tried once. (at simulation time 176.005,600,000 s)
2025-04-25 15:02:21,585 INFO  - Received message from veh_6 (at simulation time 176.007,100,000 s)
2025-04-25 15:02:21,585 INFO  - Processing DEN message (at simulation time 176.007,100,000 s)
2025-04-25 15:02:21,585 INFO  - Route change already tried once. (at simulation time 176.007,100,000 s)
2025-04-25 15:02:21,590 INFO  - Received message from veh_11 (at simulation time 177.003,600,000 s)
2025-04-25 15:02:21,590 INFO  - Processing DEN message (at simulation time 177.003,600,000 s)
2025-04-25 15:02:21,590 INFO  - Route change already tried once. (at simulation time 177.003,600,000 s)
2025-04-25 15:02:21,590 INFO  - Received message from veh_16 (at simulation time 177.003,700,000 s)
2025-04-25 15:02:21,590 INFO  - Processing DEN message (at simulation time 177.003,700,000 s)
2025-04-25 15:02:21,590 INFO  - Route change already tried once. (at simulation time 177.003,700,000 s)
2025-04-25 15:02:21,590 INFO  - Received message from veh_46 (at simulation time 177.004,200,000 s)
2025-04-25 15:02:21,590 INFO  - Processing DEN message (at simulation time 177.004,200,000 s)
2025-04-25 15:02:21,590 INFO  - Route change already tried once. (at simulation time 177.004,200,000 s)
2025-04-25 15:02:21,591 INFO  - Received message from veh_6 (at simulation time 177.005,600,000 s)
2025-04-25 15:02:21,591 INFO  - Processing DEN message (at simulation time 177.005,600,000 s)
2025-04-25 15:02:21,591 INFO  - Route change already tried once. (at simulation time 177.005,600,000 s)
2025-04-25 15:02:21,591 INFO  - Received message from veh_1 (at simulation time 177.006,100,000 s)
2025-04-25 15:02:21,591 INFO  - Processing DEN message (at simulation time 177.006,100,000 s)
2025-04-25 15:02:21,591 INFO  - Route change already tried once. (at simulation time 177.006,100,000 s)
2025-04-25 15:02:21,598 INFO  - Received message from veh_1 (at simulation time 178.004,600,000 s)
2025-04-25 15:02:21,598 INFO  - Processing DEN message (at simulation time 178.004,600,000 s)
2025-04-25 15:02:21,598 INFO  - Route change already tried once. (at simulation time 178.004,600,000 s)
2025-04-25 15:02:21,598 INFO  - Received message from veh_46 (at simulation time 178.004,700,000 s)
2025-04-25 15:02:21,598 INFO  - Processing DEN message (at simulation time 178.004,700,000 s)
2025-04-25 15:02:21,598 INFO  - Route change already tried once. (at simulation time 178.004,700,000 s)
2025-04-25 15:02:21,598 INFO  - Received message from veh_11 (at simulation time 178.005,100,000 s)
2025-04-25 15:02:21,598 INFO  - Processing DEN message (at simulation time 178.005,100,000 s)
2025-04-25 15:02:21,598 INFO  - Route change already tried once. (at simulation time 178.005,100,000 s)
2025-04-25 15:02:21,598 INFO  - Received message from veh_6 (at simulation time 178.005,600,000 s)
2025-04-25 15:02:21,598 INFO  - Processing DEN message (at simulation time 178.005,600,000 s)
2025-04-25 15:02:21,598 INFO  - Route change already tried once. (at simulation time 178.005,600,000 s)
2025-04-25 15:02:21,599 INFO  - Received message from veh_16 (at simulation time 178.005,700,000 s)
2025-04-25 15:02:21,599 INFO  - Processing DEN message (at simulation time 178.005,700,000 s)
2025-04-25 15:02:21,599 INFO  - Route change already tried once. (at simulation time 178.005,700,000 s)
2025-04-25 15:02:21,603 INFO  - Received message from veh_16 (at simulation time 179.003,200,000 s)
2025-04-25 15:02:21,603 INFO  - Processing DEN message (at simulation time 179.003,200,000 s)
2025-04-25 15:02:21,603 INFO  - Route change already tried once. (at simulation time 179.003,200,000 s)
2025-04-25 15:02:21,603 INFO  - Received message from veh_46 (at simulation time 179.003,200,000 s)
2025-04-25 15:02:21,603 INFO  - Processing DEN message (at simulation time 179.003,200,000 s)
2025-04-25 15:02:21,603 INFO  - Route change already tried once. (at simulation time 179.003,200,000 s)
2025-04-25 15:02:21,603 INFO  - Received message from veh_6 (at simulation time 179.003,600,000 s)
2025-04-25 15:02:21,603 INFO  - Processing DEN message (at simulation time 179.003,600,000 s)
2025-04-25 15:02:21,603 INFO  - Route change already tried once. (at simulation time 179.003,600,000 s)
2025-04-25 15:02:21,603 INFO  - Received message from veh_11 (at simulation time 179.004,200,000 s)
2025-04-25 15:02:21,603 INFO  - Processing DEN message (at simulation time 179.004,200,000 s)
2025-04-25 15:02:21,603 INFO  - Route change already tried once. (at simulation time 179.004,200,000 s)
2025-04-25 15:02:21,604 INFO  - Received message from veh_1 (at simulation time 179.005,600,000 s)
2025-04-25 15:02:21,604 INFO  - Processing DEN message (at simulation time 179.005,600,000 s)
2025-04-25 15:02:21,604 INFO  - Route change already tried once. (at simulation time 179.005,600,000 s)
2025-04-25 15:02:21,615 INFO  - Received message from veh_16 (at simulation time 180.003,600,000 s)
2025-04-25 15:02:21,615 INFO  - Processing DEN message (at simulation time 180.003,600,000 s)
2025-04-25 15:02:21,615 INFO  - Route change already tried once. (at simulation time 180.003,600,000 s)
2025-04-25 15:02:21,616 INFO  - Received message from veh_46 (at simulation time 180.005,600,000 s)
2025-04-25 15:02:21,616 INFO  - Processing DEN message (at simulation time 180.005,600,000 s)
2025-04-25 15:02:21,616 INFO  - Route change already tried once. (at simulation time 180.005,600,000 s)
2025-04-25 15:02:21,616 INFO  - Received message from veh_11 (at simulation time 180.006,100,000 s)
2025-04-25 15:02:21,616 INFO  - Processing DEN message (at simulation time 180.006,100,000 s)
2025-04-25 15:02:21,616 INFO  - Route change already tried once. (at simulation time 180.006,100,000 s)
2025-04-25 15:02:21,616 INFO  - Received message from veh_6 (at simulation time 180.007,500,000 s)
2025-04-25 15:02:21,616 INFO  - Processing DEN message (at simulation time 180.007,500,000 s)
2025-04-25 15:02:21,616 INFO  - Route change already tried once. (at simulation time 180.007,500,000 s)
2025-04-25 15:02:21,616 INFO  - Received message from veh_1 (at simulation time 180.009,000,000 s)
2025-04-25 15:02:21,616 INFO  - Processing DEN message (at simulation time 180.009,000,000 s)
2025-04-25 15:02:21,616 INFO  - Route change already tried once. (at simulation time 180.009,000,000 s)
2025-04-25 15:02:21,621 INFO  - Received message from veh_16 (at simulation time 181.005,100,000 s)
2025-04-25 15:02:21,621 INFO  - Processing DEN message (at simulation time 181.005,100,000 s)
2025-04-25 15:02:21,621 INFO  - Route change already tried once. (at simulation time 181.005,100,000 s)
2025-04-25 15:02:21,621 INFO  - Received message from veh_11 (at simulation time 181.006,100,000 s)
2025-04-25 15:02:21,621 INFO  - Processing DEN message (at simulation time 181.006,100,000 s)
2025-04-25 15:02:21,621 INFO  - Route change already tried once. (at simulation time 181.006,100,000 s)
2025-04-25 15:02:21,621 INFO  - Received message from veh_46 (at simulation time 181.006,600,000 s)
2025-04-25 15:02:21,621 INFO  - Processing DEN message (at simulation time 181.006,600,000 s)
2025-04-25 15:02:21,621 INFO  - Route change already tried once. (at simulation time 181.006,600,000 s)
2025-04-25 15:02:21,621 INFO  - Received message from veh_1 (at simulation time 181.007,000,000 s)
2025-04-25 15:02:21,621 INFO  - Processing DEN message (at simulation time 181.007,000,000 s)
2025-04-25 15:02:21,621 INFO  - Route change already tried once. (at simulation time 181.007,000,000 s)
2025-04-25 15:02:21,621 INFO  - Received message from veh_6 (at simulation time 181.008,500,000 s)
2025-04-25 15:02:21,621 INFO  - Processing DEN message (at simulation time 181.008,500,000 s)
2025-04-25 15:02:21,621 INFO  - Route change already tried once. (at simulation time 181.008,500,000 s)
2025-04-25 15:02:21,627 INFO  - Received message from veh_11 (at simulation time 182.004,100,000 s)
2025-04-25 15:02:21,627 INFO  - Processing DEN message (at simulation time 182.004,100,000 s)
2025-04-25 15:02:21,627 INFO  - Route change already tried once. (at simulation time 182.004,100,000 s)
2025-04-25 15:02:21,627 INFO  - Received message from veh_1 (at simulation time 182.006,500,000 s)
2025-04-25 15:02:21,627 INFO  - Processing DEN message (at simulation time 182.006,500,000 s)
2025-04-25 15:02:21,627 INFO  - Route change already tried once. (at simulation time 182.006,500,000 s)
2025-04-25 15:02:21,627 INFO  - Received message from veh_16 (at simulation time 182.006,600,000 s)
2025-04-25 15:02:21,627 INFO  - Processing DEN message (at simulation time 182.006,600,000 s)
2025-04-25 15:02:21,627 INFO  - Route change already tried once. (at simulation time 182.006,600,000 s)
2025-04-25 15:02:21,627 INFO  - Received message from veh_46 (at simulation time 182.006,600,000 s)
2025-04-25 15:02:21,627 INFO  - Processing DEN message (at simulation time 182.006,600,000 s)
2025-04-25 15:02:21,627 INFO  - Route change already tried once. (at simulation time 182.006,600,000 s)
2025-04-25 15:02:21,628 INFO  - Received message from veh_6 (at simulation time 182.009,000,000 s)
2025-04-25 15:02:21,628 INFO  - Processing DEN message (at simulation time 182.009,000,000 s)
2025-04-25 15:02:21,628 INFO  - Route change already tried once. (at simulation time 182.009,000,000 s)
2025-04-25 15:02:21,633 INFO  - Received message from veh_46 (at simulation time 183.005,600,000 s)
2025-04-25 15:02:21,633 INFO  - Processing DEN message (at simulation time 183.005,600,000 s)
2025-04-25 15:02:21,633 INFO  - Route change already tried once. (at simulation time 183.005,600,000 s)
2025-04-25 15:02:21,633 INFO  - Received message from veh_1 (at simulation time 183.006,000,000 s)
2025-04-25 15:02:21,633 INFO  - Processing DEN message (at simulation time 183.006,000,000 s)
2025-04-25 15:02:21,633 INFO  - Route change already tried once. (at simulation time 183.006,000,000 s)
2025-04-25 15:02:21,633 INFO  - Received message from veh_6 (at simulation time 183.006,500,000 s)
2025-04-25 15:02:21,633 INFO  - Processing DEN message (at simulation time 183.006,500,000 s)
2025-04-25 15:02:21,633 INFO  - Route change already tried once. (at simulation time 183.006,500,000 s)
2025-04-25 15:02:21,633 INFO  - Received message from veh_11 (at simulation time 183.006,600,000 s)
2025-04-25 15:02:21,633 INFO  - Processing DEN message (at simulation time 183.006,600,000 s)
2025-04-25 15:02:21,633 INFO  - Route change already tried once. (at simulation time 183.006,600,000 s)
2025-04-25 15:02:21,633 INFO  - Received message from veh_16 (at simulation time 183.006,600,000 s)
2025-04-25 15:02:21,633 INFO  - Processing DEN message (at simulation time 183.006,600,000 s)
2025-04-25 15:02:21,633 INFO  - Route change already tried once. (at simulation time 183.006,600,000 s)
2025-04-25 15:02:21,703 INFO  - Received message from veh_46 (at simulation time 184.003,600,000 s)
2025-04-25 15:02:21,704 INFO  - Processing DEN message (at simulation time 184.003,600,000 s)
2025-04-25 15:02:21,704 INFO  - Route change already tried once. (at simulation time 184.003,600,000 s)
2025-04-25 15:02:21,704 INFO  - Received message from veh_51 (at simulation time 184.004,100,000 s)
2025-04-25 15:02:21,704 INFO  - Processing DEN message (at simulation time 184.004,100,000 s)
2025-04-25 15:02:21,704 INFO  - Route change already tried once. (at simulation time 184.004,100,000 s)
2025-04-25 15:02:21,704 INFO  - Received message from veh_16 (at simulation time 184.007,500,000 s)
2025-04-25 15:02:21,704 INFO  - Processing DEN message (at simulation time 184.007,500,000 s)
2025-04-25 15:02:21,704 INFO  - Route change already tried once. (at simulation time 184.007,500,000 s)
2025-04-25 15:02:21,704 INFO  - Received message from veh_11 (at simulation time 184.008,000,000 s)
2025-04-25 15:02:21,704 INFO  - Processing DEN message (at simulation time 184.008,000,000 s)
2025-04-25 15:02:21,704 INFO  - Route change already tried once. (at simulation time 184.008,000,000 s)
2025-04-25 15:02:21,704 INFO  - Received message from veh_6 (at simulation time 184.008,500,000 s)
2025-04-25 15:02:21,704 INFO  - Processing DEN message (at simulation time 184.008,500,000 s)
2025-04-25 15:02:21,704 INFO  - Route change already tried once. (at simulation time 184.008,500,000 s)
2025-04-25 15:02:21,704 INFO  - Received message from veh_1 (at simulation time 184.008,900,000 s)
2025-04-25 15:02:21,704 INFO  - Processing DEN message (at simulation time 184.008,900,000 s)
2025-04-25 15:02:21,704 INFO  - Route change already tried once. (at simulation time 184.008,900,000 s)
2025-04-25 15:02:21,716 INFO  - Received message from veh_46 (at simulation time 185.005,100,000 s)
2025-04-25 15:02:21,716 INFO  - Processing DEN message (at simulation time 185.005,100,000 s)
2025-04-25 15:02:21,716 INFO  - Route change already tried once. (at simulation time 185.005,100,000 s)
2025-04-25 15:02:21,716 INFO  - Received message from veh_6 (at simulation time 185.005,500,000 s)
2025-04-25 15:02:21,716 INFO  - Processing DEN message (at simulation time 185.005,500,000 s)
2025-04-25 15:02:21,716 INFO  - Route change already tried once. (at simulation time 185.005,500,000 s)
2025-04-25 15:02:21,716 INFO  - Received message from veh_51 (at simulation time 185.005,600,000 s)
2025-04-25 15:02:21,716 INFO  - Processing DEN message (at simulation time 185.005,600,000 s)
2025-04-25 15:02:21,716 INFO  - Route change already tried once. (at simulation time 185.005,600,000 s)
2025-04-25 15:02:21,716 INFO  - Received message from veh_1 (at simulation time 185.006,400,000 s)
2025-04-25 15:02:21,716 INFO  - Processing DEN message (at simulation time 185.006,400,000 s)
2025-04-25 15:02:21,716 INFO  - Route change already tried once. (at simulation time 185.006,400,000 s)
2025-04-25 15:02:21,716 INFO  - Received message from veh_11 (at simulation time 185.007,000,000 s)
2025-04-25 15:02:21,716 INFO  - Processing DEN message (at simulation time 185.007,000,000 s)
2025-04-25 15:02:21,716 INFO  - Route change already tried once. (at simulation time 185.007,000,000 s)
2025-04-25 15:02:21,716 INFO  - Received message from veh_16 (at simulation time 185.008,000,000 s)
2025-04-25 15:02:21,716 INFO  - Processing DEN message (at simulation time 185.008,000,000 s)
2025-04-25 15:02:21,716 INFO  - Route change already tried once. (at simulation time 185.008,000,000 s)
2025-04-25 15:02:21,724 INFO  - Received message from veh_11 (at simulation time 186.004,500,000 s)
2025-04-25 15:02:21,724 INFO  - Processing DEN message (at simulation time 186.004,500,000 s)
2025-04-25 15:02:21,724 INFO  - Route change already tried once. (at simulation time 186.004,500,000 s)
2025-04-25 15:02:21,724 INFO  - Received message from veh_51 (at simulation time 186.005,600,000 s)
2025-04-25 15:02:21,724 INFO  - Processing DEN message (at simulation time 186.005,600,000 s)
2025-04-25 15:02:21,724 INFO  - Route change already tried once. (at simulation time 186.005,600,000 s)
2025-04-25 15:02:21,724 INFO  - Received message from veh_46 (at simulation time 186.006,600,000 s)
2025-04-25 15:02:21,724 INFO  - Processing DEN message (at simulation time 186.006,600,000 s)
2025-04-25 15:02:21,724 INFO  - Route change already tried once. (at simulation time 186.006,600,000 s)
2025-04-25 15:02:21,724 INFO  - Received message from veh_6 (at simulation time 186.008,000,000 s)
2025-04-25 15:02:21,724 INFO  - Processing DEN message (at simulation time 186.008,000,000 s)
2025-04-25 15:02:21,724 INFO  - Route change already tried once. (at simulation time 186.008,000,000 s)
2025-04-25 15:02:21,724 INFO  - Received message from veh_16 (at simulation time 186.008,000,000 s)
2025-04-25 15:02:21,724 INFO  - Processing DEN message (at simulation time 186.008,000,000 s)
2025-04-25 15:02:21,724 INFO  - Route change already tried once. (at simulation time 186.008,000,000 s)
2025-04-25 15:02:21,724 INFO  - Received message from veh_1 (at simulation time 186.009,400,000 s)
2025-04-25 15:02:21,724 INFO  - Processing DEN message (at simulation time 186.009,400,000 s)
2025-04-25 15:02:21,724 INFO  - Route change already tried once. (at simulation time 186.009,400,000 s)
2025-04-25 15:02:21,729 INFO  - Received message from veh_51 (at simulation time 187.003,100,000 s)
2025-04-25 15:02:21,729 INFO  - Processing DEN message (at simulation time 187.003,100,000 s)
2025-04-25 15:02:21,729 INFO  - Route change already tried once. (at simulation time 187.003,100,000 s)
2025-04-25 15:02:21,729 INFO  - Received message from veh_6 (at simulation time 187.005,000,000 s)
2025-04-25 15:02:21,729 INFO  - Processing DEN message (at simulation time 187.005,000,000 s)
2025-04-25 15:02:21,729 INFO  - Route change already tried once. (at simulation time 187.005,000,000 s)
2025-04-25 15:02:21,729 INFO  - Received message from veh_1 (at simulation time 187.006,900,000 s)
2025-04-25 15:02:21,729 INFO  - Processing DEN message (at simulation time 187.006,900,000 s)
2025-04-25 15:02:21,729 INFO  - Route change already tried once. (at simulation time 187.006,900,000 s)
2025-04-25 15:02:21,729 INFO  - Received message from veh_46 (at simulation time 187.007,100,000 s)
2025-04-25 15:02:21,729 INFO  - Processing DEN message (at simulation time 187.007,100,000 s)
2025-04-25 15:02:21,729 INFO  - Route change already tried once. (at simulation time 187.007,100,000 s)
2025-04-25 15:02:21,729 INFO  - Received message from veh_11 (at simulation time 187.008,000,000 s)
2025-04-25 15:02:21,729 INFO  - Processing DEN message (at simulation time 187.008,000,000 s)
2025-04-25 15:02:21,729 INFO  - Route change already tried once. (at simulation time 187.008,000,000 s)
2025-04-25 15:02:21,729 INFO  - Received message from veh_16 (at simulation time 187.008,000,000 s)
2025-04-25 15:02:21,729 INFO  - Processing DEN message (at simulation time 187.008,000,000 s)
2025-04-25 15:02:21,729 INFO  - Route change already tried once. (at simulation time 187.008,000,000 s)
2025-04-25 15:02:21,737 INFO  - Received message from veh_11 (at simulation time 188.005,500,000 s)
2025-04-25 15:02:21,737 INFO  - Processing DEN message (at simulation time 188.005,500,000 s)
2025-04-25 15:02:21,737 INFO  - Route change already tried once. (at simulation time 188.005,500,000 s)
2025-04-25 15:02:21,737 INFO  - Received message from veh_6 (at simulation time 188.006,500,000 s)
2025-04-25 15:02:21,737 INFO  - Processing DEN message (at simulation time 188.006,500,000 s)
2025-04-25 15:02:21,737 INFO  - Route change already tried once. (at simulation time 188.006,500,000 s)
2025-04-25 15:02:21,737 INFO  - Received message from veh_51 (at simulation time 188.006,600,000 s)
2025-04-25 15:02:21,737 INFO  - Processing DEN message (at simulation time 188.006,600,000 s)
2025-04-25 15:02:21,737 INFO  - Route change already tried once. (at simulation time 188.006,600,000 s)
2025-04-25 15:02:21,737 INFO  - Received message from veh_16 (at simulation time 188.007,100,000 s)
2025-04-25 15:02:21,737 INFO  - Processing DEN message (at simulation time 188.007,100,000 s)
2025-04-25 15:02:21,737 INFO  - Route change already tried once. (at simulation time 188.007,100,000 s)
2025-04-25 15:02:21,737 INFO  - Received message from veh_46 (at simulation time 188.008,100,000 s)
2025-04-25 15:02:21,737 INFO  - Processing DEN message (at simulation time 188.008,100,000 s)
2025-04-25 15:02:21,737 INFO  - Route change already tried once. (at simulation time 188.008,100,000 s)
2025-04-25 15:02:21,737 INFO  - Received message from veh_1 (at simulation time 188.008,500,000 s)
2025-04-25 15:02:21,737 INFO  - Processing DEN message (at simulation time 188.008,500,000 s)
2025-04-25 15:02:21,737 INFO  - Route change already tried once. (at simulation time 188.008,500,000 s)
2025-04-25 15:02:21,743 INFO  - Received message from veh_11 (at simulation time 189.004,500,000 s)
2025-04-25 15:02:21,743 INFO  - Processing DEN message (at simulation time 189.004,500,000 s)
2025-04-25 15:02:21,743 INFO  - Route change already tried once. (at simulation time 189.004,500,000 s)
2025-04-25 15:02:21,743 INFO  - Received message from veh_46 (at simulation time 189.005,100,000 s)
2025-04-25 15:02:21,743 INFO  - Processing DEN message (at simulation time 189.005,100,000 s)
2025-04-25 15:02:21,743 INFO  - Route change already tried once. (at simulation time 189.005,100,000 s)
2025-04-25 15:02:21,743 INFO  - Received message from veh_16 (at simulation time 189.005,600,000 s)
2025-04-25 15:02:21,743 INFO  - Processing DEN message (at simulation time 189.005,600,000 s)
2025-04-25 15:02:21,743 INFO  - Route change already tried once. (at simulation time 189.005,600,000 s)
2025-04-25 15:02:21,743 INFO  - Received message from veh_1 (at simulation time 189.006,500,000 s)
2025-04-25 15:02:21,743 INFO  - Processing DEN message (at simulation time 189.006,500,000 s)
2025-04-25 15:02:21,743 INFO  - Route change already tried once. (at simulation time 189.006,500,000 s)
2025-04-25 15:02:21,743 INFO  - Received message from veh_6 (at simulation time 189.008,000,000 s)
2025-04-25 15:02:21,743 INFO  - Processing DEN message (at simulation time 189.008,000,000 s)
2025-04-25 15:02:21,743 INFO  - Route change already tried once. (at simulation time 189.008,000,000 s)
2025-04-25 15:02:21,743 INFO  - Received message from veh_51 (at simulation time 189.009,100,000 s)
2025-04-25 15:02:21,743 INFO  - Processing DEN message (at simulation time 189.009,100,000 s)
2025-04-25 15:02:21,743 INFO  - Route change already tried once. (at simulation time 189.009,100,000 s)
2025-04-25 15:02:22,373 INFO  - Received message from veh_56 (at simulation time 251.004,000,000 s)
2025-04-25 15:02:22,373 INFO  - Processing DEN message (at simulation time 251.004,000,000 s)
2025-04-25 15:02:22,373 INFO  - Route change already tried once. (at simulation time 251.004,000,000 s)
2025-04-25 15:02:22,374 INFO  - Received message from veh_51 (at simulation time 251.005,500,000 s)
2025-04-25 15:02:22,374 INFO  - Processing DEN message (at simulation time 251.005,500,000 s)
2025-04-25 15:02:22,374 INFO  - Route change already tried once. (at simulation time 251.005,500,000 s)
2025-04-25 15:02:22,374 INFO  - Received message from veh_16 (at simulation time 251.006,900,000 s)
2025-04-25 15:02:22,374 INFO  - Processing DEN message (at simulation time 251.006,900,000 s)
2025-04-25 15:02:22,374 INFO  - Route change already tried once. (at simulation time 251.006,900,000 s)
2025-04-25 15:02:22,374 INFO  - Received message from veh_1 (at simulation time 251.007,400,000 s)
2025-04-25 15:02:22,374 INFO  - Processing DEN message (at simulation time 251.007,400,000 s)
2025-04-25 15:02:22,374 INFO  - Route change already tried once. (at simulation time 251.007,400,000 s)
2025-04-25 15:02:22,374 INFO  - Received message from veh_6 (at simulation time 251.008,900,000 s)
2025-04-25 15:02:22,374 INFO  - Processing DEN message (at simulation time 251.008,900,000 s)
2025-04-25 15:02:22,374 INFO  - Route change already tried once. (at simulation time 251.008,900,000 s)
2025-04-25 15:02:22,375 INFO  - Received message from veh_46 (at simulation time 251.009,500,000 s)
2025-04-25 15:02:22,375 INFO  - Processing DEN message (at simulation time 251.009,500,000 s)
2025-04-25 15:02:22,375 INFO  - Route change already tried once. (at simulation time 251.009,500,000 s)
2025-04-25 15:02:22,375 INFO  - Received message from veh_11 (at simulation time 251.011,400,000 s)
2025-04-25 15:02:22,375 INFO  - Processing DEN message (at simulation time 251.011,400,000 s)
2025-04-25 15:02:22,375 INFO  - Route change already tried once. (at simulation time 251.011,400,000 s)
2025-04-25 15:02:22,381 INFO  - Received message from veh_51 (at simulation time 252.006,000,000 s)
2025-04-25 15:02:22,381 INFO  - Processing DEN message (at simulation time 252.006,000,000 s)
2025-04-25 15:02:22,381 INFO  - Route change already tried once. (at simulation time 252.006,000,000 s)
2025-04-25 15:02:22,381 INFO  - Received message from veh_46 (at simulation time 252.006,500,000 s)
2025-04-25 15:02:22,381 INFO  - Processing DEN message (at simulation time 252.006,500,000 s)
2025-04-25 15:02:22,381 INFO  - Route change already tried once. (at simulation time 252.006,500,000 s)
2025-04-25 15:02:22,381 INFO  - Received message from veh_11 (at simulation time 252.006,900,000 s)
2025-04-25 15:02:22,381 INFO  - Processing DEN message (at simulation time 252.006,900,000 s)
2025-04-25 15:02:22,381 INFO  - Route change already tried once. (at simulation time 252.006,900,000 s)
2025-04-25 15:02:22,381 INFO  - Received message from veh_56 (at simulation time 252.007,000,000 s)
2025-04-25 15:02:22,381 INFO  - Processing DEN message (at simulation time 252.007,000,000 s)
2025-04-25 15:02:22,381 INFO  - Route change already tried once. (at simulation time 252.007,000,000 s)
2025-04-25 15:02:22,381 INFO  - Received message from veh_1 (at simulation time 252.007,900,000 s)
2025-04-25 15:02:22,381 INFO  - Processing DEN message (at simulation time 252.007,900,000 s)
2025-04-25 15:02:22,381 INFO  - Route change already tried once. (at simulation time 252.007,900,000 s)
2025-04-25 15:02:22,381 INFO  - Received message from veh_16 (at simulation time 252.007,900,000 s)
2025-04-25 15:02:22,381 INFO  - Processing DEN message (at simulation time 252.007,900,000 s)
2025-04-25 15:02:22,381 INFO  - Route change already tried once. (at simulation time 252.007,900,000 s)
2025-04-25 15:02:22,381 INFO  - Received message from veh_6 (at simulation time 252.008,900,000 s)
2025-04-25 15:02:22,381 INFO  - Processing DEN message (at simulation time 252.008,900,000 s)
2025-04-25 15:02:22,381 INFO  - Route change already tried once. (at simulation time 252.008,900,000 s)
2025-04-25 15:02:22,387 INFO  - Received message from veh_11 (at simulation time 253.007,800,000 s)
2025-04-25 15:02:22,387 INFO  - Processing DEN message (at simulation time 253.007,800,000 s)
2025-04-25 15:02:22,387 INFO  - Route change already tried once. (at simulation time 253.007,800,000 s)
2025-04-25 15:02:22,387 INFO  - Received message from veh_16 (at simulation time 253.007,800,000 s)
2025-04-25 15:02:22,387 INFO  - Processing DEN message (at simulation time 253.007,800,000 s)
2025-04-25 15:02:22,387 INFO  - Route change already tried once. (at simulation time 253.007,800,000 s)
2025-04-25 15:02:22,387 INFO  - Received message from veh_51 (at simulation time 253.008,900,000 s)
2025-04-25 15:02:22,387 INFO  - Processing DEN message (at simulation time 253.008,900,000 s)
2025-04-25 15:02:22,387 INFO  - Route change already tried once. (at simulation time 253.008,900,000 s)
2025-04-25 15:02:22,387 INFO  - Received message from veh_56 (at simulation time 253.008,900,000 s)
2025-04-25 15:02:22,387 INFO  - Processing DEN message (at simulation time 253.008,900,000 s)
2025-04-25 15:02:22,387 INFO  - Route change already tried once. (at simulation time 253.008,900,000 s)
2025-04-25 15:02:22,387 INFO  - Received message from veh_1 (at simulation time 253.009,300,000 s)
2025-04-25 15:02:22,387 INFO  - Processing DEN message (at simulation time 253.009,300,000 s)
2025-04-25 15:02:22,387 INFO  - Route change already tried once. (at simulation time 253.009,300,000 s)
2025-04-25 15:02:22,387 INFO  - Received message from veh_6 (at simulation time 253.009,300,000 s)
2025-04-25 15:02:22,387 INFO  - Processing DEN message (at simulation time 253.009,300,000 s)
2025-04-25 15:02:22,387 INFO  - Route change already tried once. (at simulation time 253.009,300,000 s)
2025-04-25 15:02:22,387 INFO  - Received message from veh_46 (at simulation time 253.009,400,000 s)
2025-04-25 15:02:22,387 INFO  - Processing DEN message (at simulation time 253.009,400,000 s)
2025-04-25 15:02:22,387 INFO  - Route change already tried once. (at simulation time 253.009,400,000 s)
2025-04-25 15:02:22,393 INFO  - Received message from veh_51 (at simulation time 254.004,400,000 s)
2025-04-25 15:02:22,393 INFO  - Processing DEN message (at simulation time 254.004,400,000 s)
2025-04-25 15:02:22,393 INFO  - Route change already tried once. (at simulation time 254.004,400,000 s)
2025-04-25 15:02:22,393 INFO  - Received message from veh_46 (at simulation time 254.006,900,000 s)
2025-04-25 15:02:22,393 INFO  - Processing DEN message (at simulation time 254.006,900,000 s)
2025-04-25 15:02:22,393 INFO  - Route change already tried once. (at simulation time 254.006,900,000 s)
2025-04-25 15:02:22,394 INFO  - Received message from veh_11 (at simulation time 254.007,400,000 s)
2025-04-25 15:02:22,394 INFO  - Processing DEN message (at simulation time 254.007,400,000 s)
2025-04-25 15:02:22,394 INFO  - Route change already tried once. (at simulation time 254.007,400,000 s)
2025-04-25 15:02:22,394 INFO  - Received message from veh_56 (at simulation time 254.007,500,000 s)
2025-04-25 15:02:22,394 INFO  - Processing DEN message (at simulation time 254.007,500,000 s)
2025-04-25 15:02:22,394 INFO  - Route change already tried once. (at simulation time 254.007,500,000 s)
2025-04-25 15:02:22,394 INFO  - Received message from veh_16 (at simulation time 254.008,400,000 s)
2025-04-25 15:02:22,394 INFO  - Processing DEN message (at simulation time 254.008,400,000 s)
2025-04-25 15:02:22,394 INFO  - Route change already tried once. (at simulation time 254.008,400,000 s)
2025-04-25 15:02:22,394 INFO  - Received message from veh_86 (at simulation time 254.009,000,000 s)
2025-04-25 15:02:22,394 INFO  - Processing DEN message (at simulation time 254.009,000,000 s)
2025-04-25 15:02:22,394 INFO  - Route change already tried once. (at simulation time 254.009,000,000 s)
2025-04-25 15:02:22,394 INFO  - Received message from veh_1 (at simulation time 254.009,800,000 s)
2025-04-25 15:02:22,394 INFO  - Processing DEN message (at simulation time 254.009,800,000 s)
2025-04-25 15:02:22,394 INFO  - Route change already tried once. (at simulation time 254.009,800,000 s)
2025-04-25 15:02:22,394 INFO  - Received message from veh_6 (at simulation time 254.013,300,000 s)
2025-04-25 15:02:22,394 INFO  - Processing DEN message (at simulation time 254.013,300,000 s)
2025-04-25 15:02:22,394 INFO  - Route change already tried once. (at simulation time 254.013,300,000 s)
2025-04-25 15:02:22,410 INFO  - Received message from veh_56 (at simulation time 255.005,500,000 s)
2025-04-25 15:02:22,410 INFO  - Processing DEN message (at simulation time 255.005,500,000 s)
2025-04-25 15:02:22,410 INFO  - Route change already tried once. (at simulation time 255.005,500,000 s)
2025-04-25 15:02:22,411 INFO  - Received message from veh_1 (at simulation time 255.007,300,000 s)
2025-04-25 15:02:22,411 INFO  - Processing DEN message (at simulation time 255.007,300,000 s)
2025-04-25 15:02:22,411 INFO  - Route change already tried once. (at simulation time 255.007,300,000 s)
2025-04-25 15:02:22,411 INFO  - Received message from veh_86 (at simulation time 255.008,000,000 s)
2025-04-25 15:02:22,411 INFO  - Processing DEN message (at simulation time 255.008,000,000 s)
2025-04-25 15:02:22,411 INFO  - Route change already tried once. (at simulation time 255.008,000,000 s)
2025-04-25 15:02:22,411 INFO  - Received message from veh_51 (at simulation time 255.008,400,000 s)
2025-04-25 15:02:22,411 INFO  - Processing DEN message (at simulation time 255.008,400,000 s)
2025-04-25 15:02:22,411 INFO  - Route change already tried once. (at simulation time 255.008,400,000 s)
2025-04-25 15:02:22,411 INFO  - Received message from veh_11 (at simulation time 255.008,900,000 s)
2025-04-25 15:02:22,411 INFO  - Processing DEN message (at simulation time 255.008,900,000 s)
2025-04-25 15:02:22,411 INFO  - Route change already tried once. (at simulation time 255.008,900,000 s)
2025-04-25 15:02:22,411 INFO  - Received message from veh_16 (at simulation time 255.010,900,000 s)
2025-04-25 15:02:22,411 INFO  - Processing DEN message (at simulation time 255.010,900,000 s)
2025-04-25 15:02:22,411 INFO  - Route change already tried once. (at simulation time 255.010,900,000 s)
2025-04-25 15:02:22,412 INFO  - Received message from veh_6 (at simulation time 255.012,300,000 s)
2025-04-25 15:02:22,412 INFO  - Processing DEN message (at simulation time 255.012,300,000 s)
2025-04-25 15:02:22,412 INFO  - Route change already tried once. (at simulation time 255.012,300,000 s)
2025-04-25 15:02:22,412 INFO  - Received message from veh_46 (at simulation time 255.012,400,000 s)
2025-04-25 15:02:22,412 INFO  - Processing DEN message (at simulation time 255.012,400,000 s)
2025-04-25 15:02:22,412 INFO  - Route change already tried once. (at simulation time 255.012,400,000 s)
2025-04-25 15:02:22,417 INFO  - Received message from veh_51 (at simulation time 256.004,400,000 s)
2025-04-25 15:02:22,417 INFO  - Processing DEN message (at simulation time 256.004,400,000 s)
2025-04-25 15:02:22,417 INFO  - Route change already tried once. (at simulation time 256.004,400,000 s)
2025-04-25 15:02:22,417 INFO  - Received message from veh_56 (at simulation time 256.005,000,000 s)
2025-04-25 15:02:22,417 INFO  - Processing DEN message (at simulation time 256.005,000,000 s)
2025-04-25 15:02:22,417 INFO  - Route change already tried once. (at simulation time 256.005,000,000 s)
2025-04-25 15:02:22,418 INFO  - Received message from veh_46 (at simulation time 256.006,900,000 s)
2025-04-25 15:02:22,418 INFO  - Processing DEN message (at simulation time 256.006,900,000 s)
2025-04-25 15:02:22,418 INFO  - Route change already tried once. (at simulation time 256.006,900,000 s)
2025-04-25 15:02:22,418 INFO  - Received message from veh_1 (at simulation time 256.008,300,000 s)
2025-04-25 15:02:22,418 INFO  - Processing DEN message (at simulation time 256.008,300,000 s)
2025-04-25 15:02:22,418 INFO  - Route change already tried once. (at simulation time 256.008,300,000 s)
2025-04-25 15:02:22,418 INFO  - Received message from veh_86 (at simulation time 256.009,000,000 s)
2025-04-25 15:02:22,418 INFO  - Processing DEN message (at simulation time 256.009,000,000 s)
2025-04-25 15:02:22,418 INFO  - Route change already tried once. (at simulation time 256.009,000,000 s)
2025-04-25 15:02:22,419 INFO  - Received message from veh_11 (at simulation time 256.009,900,000 s)
2025-04-25 15:02:22,419 INFO  - Processing DEN message (at simulation time 256.009,900,000 s)
2025-04-25 15:02:22,419 INFO  - Route change already tried once. (at simulation time 256.009,900,000 s)
2025-04-25 15:02:22,419 INFO  - Received message from veh_6 (at simulation time 256.010,300,000 s)
2025-04-25 15:02:22,419 INFO  - Processing DEN message (at simulation time 256.010,300,000 s)
2025-04-25 15:02:22,419 INFO  - Route change already tried once. (at simulation time 256.010,300,000 s)
2025-04-25 15:02:22,419 INFO  - Received message from veh_16 (at simulation time 256.010,400,000 s)
2025-04-25 15:02:22,419 INFO  - Processing DEN message (at simulation time 256.010,400,000 s)
2025-04-25 15:02:22,419 INFO  - Route change already tried once. (at simulation time 256.010,400,000 s)
2025-04-25 15:02:22,425 INFO  - Received message from veh_51 (at simulation time 257.004,400,000 s)
2025-04-25 15:02:22,425 INFO  - Processing DEN message (at simulation time 257.004,400,000 s)
2025-04-25 15:02:22,425 INFO  - Route change already tried once. (at simulation time 257.004,400,000 s)
2025-04-25 15:02:22,427 INFO  - Received message from veh_86 (at simulation time 257.007,900,000 s)
2025-04-25 15:02:22,427 INFO  - Processing DEN message (at simulation time 257.007,900,000 s)
2025-04-25 15:02:22,427 INFO  - Route change already tried once. (at simulation time 257.007,900,000 s)
2025-04-25 15:02:22,427 INFO  - Received message from veh_16 (at simulation time 257.008,300,000 s)
2025-04-25 15:02:22,427 INFO  - Processing DEN message (at simulation time 257.008,300,000 s)
2025-04-25 15:02:22,427 INFO  - Route change already tried once. (at simulation time 257.008,300,000 s)
2025-04-25 15:02:22,427 INFO  - Received message from veh_11 (at simulation time 257.008,800,000 s)
2025-04-25 15:02:22,427 INFO  - Processing DEN message (at simulation time 257.008,800,000 s)
2025-04-25 15:02:22,427 INFO  - Route change already tried once. (at simulation time 257.008,800,000 s)
2025-04-25 15:02:22,427 INFO  - Received message from veh_46 (at simulation time 257.008,800,000 s)
2025-04-25 15:02:22,427 INFO  - Processing DEN message (at simulation time 257.008,800,000 s)
2025-04-25 15:02:22,427 INFO  - Route change already tried once. (at simulation time 257.008,800,000 s)
2025-04-25 15:02:22,427 INFO  - Received message from veh_56 (at simulation time 257.009,900,000 s)
2025-04-25 15:02:22,427 INFO  - Processing DEN message (at simulation time 257.009,900,000 s)
2025-04-25 15:02:22,427 INFO  - Route change already tried once. (at simulation time 257.009,900,000 s)
2025-04-25 15:02:22,427 INFO  - Received message from veh_6 (at simulation time 257.010,300,000 s)
2025-04-25 15:02:22,427 INFO  - Processing DEN message (at simulation time 257.010,300,000 s)
2025-04-25 15:02:22,427 INFO  - Route change already tried once. (at simulation time 257.010,300,000 s)
2025-04-25 15:02:22,427 INFO  - Received message from veh_1 (at simulation time 257.014,200,000 s)
2025-04-25 15:02:22,427 INFO  - Processing DEN message (at simulation time 257.014,200,000 s)
2025-04-25 15:02:22,427 INFO  - Route change already tried once. (at simulation time 257.014,200,000 s)
2025-04-25 15:02:22,434 INFO  - Received message from veh_56 (at simulation time 258.007,400,000 s)
2025-04-25 15:02:22,434 INFO  - Processing DEN message (at simulation time 258.007,400,000 s)
2025-04-25 15:02:22,434 INFO  - Route change already tried once. (at simulation time 258.007,400,000 s)
2025-04-25 15:02:22,435 INFO  - Received message from veh_11 (at simulation time 258.009,300,000 s)
2025-04-25 15:02:22,435 INFO  - Processing DEN message (at simulation time 258.009,300,000 s)
2025-04-25 15:02:22,435 INFO  - Route change already tried once. (at simulation time 258.009,300,000 s)
2025-04-25 15:02:22,435 INFO  - Received message from veh_46 (at simulation time 258.009,800,000 s)
2025-04-25 15:02:22,435 INFO  - Processing DEN message (at simulation time 258.009,800,000 s)
2025-04-25 15:02:22,435 INFO  - Route change already tried once. (at simulation time 258.009,800,000 s)
2025-04-25 15:02:22,435 INFO  - Received message from veh_51 (at simulation time 258.010,400,000 s)
2025-04-25 15:02:22,435 INFO  - Processing DEN message (at simulation time 258.010,400,000 s)
2025-04-25 15:02:22,435 INFO  - Route change already tried once. (at simulation time 258.010,400,000 s)
2025-04-25 15:02:22,435 INFO  - Received message from veh_1 (at simulation time 258.010,700,000 s)
2025-04-25 15:02:22,435 INFO  - Processing DEN message (at simulation time 258.010,700,000 s)
2025-04-25 15:02:22,435 INFO  - Route change already tried once. (at simulation time 258.010,700,000 s)
2025-04-25 15:02:22,435 INFO  - Received message from veh_86 (at simulation time 258.010,900,000 s)
2025-04-25 15:02:22,435 INFO  - Processing DEN message (at simulation time 258.010,900,000 s)
2025-04-25 15:02:22,435 INFO  - Route change already tried once. (at simulation time 258.010,900,000 s)
2025-04-25 15:02:22,435 INFO  - Received message from veh_16 (at simulation time 258.011,300,000 s)
2025-04-25 15:02:22,435 INFO  - Processing DEN message (at simulation time 258.011,300,000 s)
2025-04-25 15:02:22,435 INFO  - Route change already tried once. (at simulation time 258.011,300,000 s)
2025-04-25 15:02:22,435 INFO  - Received message from veh_6 (at simulation time 258.013,300,000 s)
2025-04-25 15:02:22,435 INFO  - Processing DEN message (at simulation time 258.013,300,000 s)
2025-04-25 15:02:22,435 INFO  - Route change already tried once. (at simulation time 258.013,300,000 s)
2025-04-25 15:02:22,485 INFO  - Received message from veh_51 (at simulation time 259.006,400,000 s)
2025-04-25 15:02:22,485 INFO  - Processing DEN message (at simulation time 259.006,400,000 s)
2025-04-25 15:02:22,485 INFO  - Route change already tried once. (at simulation time 259.006,400,000 s)
2025-04-25 15:02:22,485 INFO  - Received message from veh_86 (at simulation time 259.006,400,000 s)
2025-04-25 15:02:22,485 INFO  - Processing DEN message (at simulation time 259.006,400,000 s)
2025-04-25 15:02:22,485 INFO  - Route change already tried once. (at simulation time 259.006,400,000 s)
2025-04-25 15:02:22,485 INFO  - Received message from veh_6 (at simulation time 259.006,800,000 s)
2025-04-25 15:02:22,485 INFO  - Processing DEN message (at simulation time 259.006,800,000 s)
2025-04-25 15:02:22,485 INFO  - Route change already tried once. (at simulation time 259.006,800,000 s)
2025-04-25 15:02:22,485 INFO  - Received message from veh_1 (at simulation time 259.009,200,000 s)
2025-04-25 15:02:22,485 INFO  - Processing DEN message (at simulation time 259.009,200,000 s)
2025-04-25 15:02:22,485 INFO  - Route change already tried once. (at simulation time 259.009,200,000 s)
2025-04-25 15:02:22,486 INFO  - Received message from veh_16 (at simulation time 259.009,300,000 s)
2025-04-25 15:02:22,486 INFO  - Processing DEN message (at simulation time 259.009,300,000 s)
2025-04-25 15:02:22,486 INFO  - Route change already tried once. (at simulation time 259.009,300,000 s)
2025-04-25 15:02:22,486 INFO  - Received message from veh_46 (at simulation time 259.009,300,000 s)
2025-04-25 15:02:22,486 INFO  - Processing DEN message (at simulation time 259.009,300,000 s)
2025-04-25 15:02:22,486 INFO  - Route change already tried once. (at simulation time 259.009,300,000 s)
2025-04-25 15:02:22,486 INFO  - Received message from veh_11 (at simulation time 259.010,300,000 s)
2025-04-25 15:02:22,486 INFO  - Processing DEN message (at simulation time 259.010,300,000 s)
2025-04-25 15:02:22,486 INFO  - Route change already tried once. (at simulation time 259.010,300,000 s)
2025-04-25 15:02:22,486 INFO  - Received message from veh_56 (at simulation time 259.010,400,000 s)
2025-04-25 15:02:22,486 INFO  - Processing DEN message (at simulation time 259.010,400,000 s)
2025-04-25 15:02:22,486 INFO  - Route change already tried once. (at simulation time 259.010,400,000 s)
2025-04-25 15:02:22,501 INFO  - Received message from veh_86 (at simulation time 260.006,900,000 s)
2025-04-25 15:02:22,501 INFO  - Processing DEN message (at simulation time 260.006,900,000 s)
2025-04-25 15:02:22,501 INFO  - Route change already tried once. (at simulation time 260.006,900,000 s)
2025-04-25 15:02:22,501 INFO  - Received message from veh_56 (at simulation time 260.007,400,000 s)
2025-04-25 15:02:22,501 INFO  - Processing DEN message (at simulation time 260.007,400,000 s)
2025-04-25 15:02:22,501 INFO  - Route change already tried once. (at simulation time 260.007,400,000 s)
2025-04-25 15:02:22,501 INFO  - Received message from veh_46 (at simulation time 260.007,900,000 s)
2025-04-25 15:02:22,501 INFO  - Processing DEN message (at simulation time 260.007,900,000 s)
2025-04-25 15:02:22,501 INFO  - Route change already tried once. (at simulation time 260.007,900,000 s)
2025-04-25 15:02:22,501 INFO  - Received message from veh_51 (at simulation time 260.009,400,000 s)
2025-04-25 15:02:22,501 INFO  - Processing DEN message (at simulation time 260.009,400,000 s)
2025-04-25 15:02:22,501 INFO  - Route change already tried once. (at simulation time 260.009,400,000 s)
2025-04-25 15:02:22,501 INFO  - Received message from veh_11 (at simulation time 260.009,800,000 s)
2025-04-25 15:02:22,501 INFO  - Processing DEN message (at simulation time 260.009,800,000 s)
2025-04-25 15:02:22,501 INFO  - Route change already tried once. (at simulation time 260.009,800,000 s)
2025-04-25 15:02:22,501 INFO  - Received message from veh_1 (at simulation time 260.010,300,000 s)
2025-04-25 15:02:22,501 INFO  - Processing DEN message (at simulation time 260.010,300,000 s)
2025-04-25 15:02:22,501 INFO  - Route change already tried once. (at simulation time 260.010,300,000 s)
2025-04-25 15:02:22,501 INFO  - Received message from veh_6 (at simulation time 260.011,300,000 s)
2025-04-25 15:02:22,501 INFO  - Processing DEN message (at simulation time 260.011,300,000 s)
2025-04-25 15:02:22,501 INFO  - Route change already tried once. (at simulation time 260.011,300,000 s)
2025-04-25 15:02:22,501 INFO  - Received message from veh_16 (at simulation time 260.011,800,000 s)
2025-04-25 15:02:22,501 INFO  - Processing DEN message (at simulation time 260.011,800,000 s)
2025-04-25 15:02:22,501 INFO  - Route change already tried once. (at simulation time 260.011,800,000 s)
2025-04-25 15:02:22,508 INFO  - Received message from veh_56 (at simulation time 261.007,400,000 s)
2025-04-25 15:02:22,508 INFO  - Processing DEN message (at simulation time 261.007,400,000 s)
2025-04-25 15:02:22,508 INFO  - Route change already tried once. (at simulation time 261.007,400,000 s)
2025-04-25 15:02:22,508 INFO  - Received message from veh_86 (at simulation time 261.007,900,000 s)
2025-04-25 15:02:22,508 INFO  - Processing DEN message (at simulation time 261.007,900,000 s)
2025-04-25 15:02:22,508 INFO  - Route change already tried once. (at simulation time 261.007,900,000 s)
2025-04-25 15:02:22,509 INFO  - Received message from veh_46 (at simulation time 261.008,400,000 s)
2025-04-25 15:02:22,509 INFO  - Processing DEN message (at simulation time 261.008,400,000 s)
2025-04-25 15:02:22,509 INFO  - Route change already tried once. (at simulation time 261.008,400,000 s)
2025-04-25 15:02:22,509 INFO  - Received message from veh_6 (at simulation time 261.008,800,000 s)
2025-04-25 15:02:22,509 INFO  - Processing DEN message (at simulation time 261.008,800,000 s)
2025-04-25 15:02:22,509 INFO  - Route change already tried once. (at simulation time 261.008,800,000 s)
2025-04-25 15:02:22,509 INFO  - Received message from veh_16 (at simulation time 261.008,800,000 s)
2025-04-25 15:02:22,509 INFO  - Processing DEN message (at simulation time 261.008,800,000 s)
2025-04-25 15:02:22,509 INFO  - Route change already tried once. (at simulation time 261.008,800,000 s)
2025-04-25 15:02:22,509 INFO  - Received message from veh_1 (at simulation time 261.010,300,000 s)
2025-04-25 15:02:22,509 INFO  - Processing DEN message (at simulation time 261.010,300,000 s)
2025-04-25 15:02:22,509 INFO  - Route change already tried once. (at simulation time 261.010,300,000 s)
2025-04-25 15:02:22,509 INFO  - Received message from veh_11 (at simulation time 261.010,300,000 s)
2025-04-25 15:02:22,509 INFO  - Processing DEN message (at simulation time 261.010,300,000 s)
2025-04-25 15:02:22,509 INFO  - Route change already tried once. (at simulation time 261.010,300,000 s)
2025-04-25 15:02:22,509 INFO  - Received message from veh_51 (at simulation time 261.011,400,000 s)
2025-04-25 15:02:22,509 INFO  - Processing DEN message (at simulation time 261.011,400,000 s)
2025-04-25 15:02:22,509 INFO  - Route change already tried once. (at simulation time 261.011,400,000 s)
2025-04-25 15:02:22,515 INFO  - Received message from veh_56 (at simulation time 262.007,400,000 s)
2025-04-25 15:02:22,515 INFO  - Processing DEN message (at simulation time 262.007,400,000 s)
2025-04-25 15:02:22,515 INFO  - Route change already tried once. (at simulation time 262.007,400,000 s)
2025-04-25 15:02:22,515 INFO  - Received message from veh_86 (at simulation time 262.007,400,000 s)
2025-04-25 15:02:22,515 INFO  - Processing DEN message (at simulation time 262.007,400,000 s)
2025-04-25 15:02:22,515 INFO  - Route change already tried once. (at simulation time 262.007,400,000 s)
2025-04-25 15:02:22,515 INFO  - Received message from veh_6 (at simulation time 262.008,800,000 s)
2025-04-25 15:02:22,515 INFO  - Processing DEN message (at simulation time 262.008,800,000 s)
2025-04-25 15:02:22,515 INFO  - Route change already tried once. (at simulation time 262.008,800,000 s)
2025-04-25 15:02:22,515 INFO  - Received message from veh_51 (at simulation time 262.008,900,000 s)
2025-04-25 15:02:22,515 INFO  - Processing DEN message (at simulation time 262.008,900,000 s)
2025-04-25 15:02:22,515 INFO  - Route change already tried once. (at simulation time 262.008,900,000 s)
2025-04-25 15:02:22,515 INFO  - Received message from veh_16 (at simulation time 262.009,800,000 s)
2025-04-25 15:02:22,515 INFO  - Processing DEN message (at simulation time 262.009,800,000 s)
2025-04-25 15:02:22,515 INFO  - Route change already tried once. (at simulation time 262.009,800,000 s)
2025-04-25 15:02:22,515 INFO  - Received message from veh_46 (at simulation time 262.010,400,000 s)
2025-04-25 15:02:22,515 INFO  - Processing DEN message (at simulation time 262.010,400,000 s)
2025-04-25 15:02:22,515 INFO  - Route change already tried once. (at simulation time 262.010,400,000 s)
2025-04-25 15:02:22,515 INFO  - Received message from veh_11 (at simulation time 262.011,300,000 s)
2025-04-25 15:02:22,515 INFO  - Processing DEN message (at simulation time 262.011,300,000 s)
2025-04-25 15:02:22,515 INFO  - Route change already tried once. (at simulation time 262.011,300,000 s)
2025-04-25 15:02:22,515 INFO  - Received message from veh_1 (at simulation time 262.012,300,000 s)
2025-04-25 15:02:22,515 INFO  - Processing DEN message (at simulation time 262.012,300,000 s)
2025-04-25 15:02:22,515 INFO  - Route change already tried once. (at simulation time 262.012,300,000 s)
2025-04-25 15:02:22,521 INFO  - Received message from veh_46 (at simulation time 263.005,400,000 s)
2025-04-25 15:02:22,521 INFO  - Processing DEN message (at simulation time 263.005,400,000 s)
2025-04-25 15:02:22,521 INFO  - Route change already tried once. (at simulation time 263.005,400,000 s)
2025-04-25 15:02:22,521 INFO  - Received message from veh_51 (at simulation time 263.007,400,000 s)
2025-04-25 15:02:22,521 INFO  - Processing DEN message (at simulation time 263.007,400,000 s)
2025-04-25 15:02:22,521 INFO  - Route change already tried once. (at simulation time 263.007,400,000 s)
2025-04-25 15:02:22,521 INFO  - Received message from veh_1 (at simulation time 263.007,800,000 s)
2025-04-25 15:02:22,521 INFO  - Processing DEN message (at simulation time 263.007,800,000 s)
2025-04-25 15:02:22,521 INFO  - Route change already tried once. (at simulation time 263.007,800,000 s)
2025-04-25 15:02:22,521 INFO  - Received message from veh_86 (at simulation time 263.007,900,000 s)
2025-04-25 15:02:22,521 INFO  - Processing DEN message (at simulation time 263.007,900,000 s)
2025-04-25 15:02:22,521 INFO  - Route change already tried once. (at simulation time 263.007,900,000 s)
2025-04-25 15:02:22,521 INFO  - Received message from veh_11 (at simulation time 263.009,300,000 s)
2025-04-25 15:02:22,521 INFO  - Processing DEN message (at simulation time 263.009,300,000 s)
2025-04-25 15:02:22,521 INFO  - Route change already tried once. (at simulation time 263.009,300,000 s)
2025-04-25 15:02:22,521 INFO  - Received message from veh_6 (at simulation time 263.011,300,000 s)
2025-04-25 15:02:22,521 INFO  - Processing DEN message (at simulation time 263.011,300,000 s)
2025-04-25 15:02:22,521 INFO  - Route change already tried once. (at simulation time 263.011,300,000 s)
2025-04-25 15:02:22,521 INFO  - Received message from veh_16 (at simulation time 263.011,300,000 s)
2025-04-25 15:02:22,521 INFO  - Processing DEN message (at simulation time 263.011,300,000 s)
2025-04-25 15:02:22,521 INFO  - Route change already tried once. (at simulation time 263.011,300,000 s)
2025-04-25 15:02:22,521 INFO  - Received message from veh_56 (at simulation time 263.011,400,000 s)
2025-04-25 15:02:22,521 INFO  - Processing DEN message (at simulation time 263.011,400,000 s)
2025-04-25 15:02:22,521 INFO  - Route change already tried once. (at simulation time 263.011,400,000 s)
2025-04-25 15:02:22,527 INFO  - Received message from veh_86 (at simulation time 264.006,900,000 s)
2025-04-25 15:02:22,527 INFO  - Processing DEN message (at simulation time 264.006,900,000 s)
2025-04-25 15:02:22,527 INFO  - Route change already tried once. (at simulation time 264.006,900,000 s)
2025-04-25 15:02:22,527 INFO  - Received message from veh_91 (at simulation time 264.006,900,000 s)
2025-04-25 15:02:22,527 INFO  - Processing DEN message (at simulation time 264.006,900,000 s)
2025-04-25 15:02:22,527 INFO  - Route change already tried once. (at simulation time 264.006,900,000 s)
2025-04-25 15:02:22,527 INFO  - Received message from veh_51 (at simulation time 264.007,300,000 s)
2025-04-25 15:02:22,527 INFO  - Processing DEN message (at simulation time 264.007,300,000 s)
2025-04-25 15:02:22,527 INFO  - Route change already tried once. (at simulation time 264.007,300,000 s)
2025-04-25 15:02:22,527 INFO  - Received message from veh_6 (at simulation time 264.008,200,000 s)
2025-04-25 15:02:22,527 INFO  - Processing DEN message (at simulation time 264.008,200,000 s)
2025-04-25 15:02:22,527 INFO  - Route change already tried once. (at simulation time 264.008,200,000 s)
2025-04-25 15:02:22,527 INFO  - Received message from veh_46 (at simulation time 264.009,300,000 s)
2025-04-25 15:02:22,527 INFO  - Processing DEN message (at simulation time 264.009,300,000 s)
2025-04-25 15:02:22,527 INFO  - Route change already tried once. (at simulation time 264.009,300,000 s)
2025-04-25 15:02:22,527 INFO  - Received message from veh_56 (at simulation time 264.011,800,000 s)
2025-04-25 15:02:22,527 INFO  - Processing DEN message (at simulation time 264.011,800,000 s)
2025-04-25 15:02:22,527 INFO  - Route change already tried once. (at simulation time 264.011,800,000 s)
2025-04-25 15:02:22,527 INFO  - Received message from veh_16 (at simulation time 264.012,200,000 s)
2025-04-25 15:02:22,527 INFO  - Processing DEN message (at simulation time 264.012,200,000 s)
2025-04-25 15:02:22,527 INFO  - Route change already tried once. (at simulation time 264.012,200,000 s)
2025-04-25 15:02:22,527 INFO  - Received message from veh_11 (at simulation time 264.013,200,000 s)
2025-04-25 15:02:22,527 INFO  - Processing DEN message (at simulation time 264.013,200,000 s)
2025-04-25 15:02:22,527 INFO  - Route change already tried once. (at simulation time 264.013,200,000 s)
2025-04-25 15:02:22,527 INFO  - Received message from veh_1 (at simulation time 264.013,700,000 s)
2025-04-25 15:02:22,527 INFO  - Processing DEN message (at simulation time 264.013,700,000 s)
2025-04-25 15:02:22,527 INFO  - Route change already tried once. (at simulation time 264.013,700,000 s)
2025-04-25 15:02:22,541 INFO  - Received message from veh_86 (at simulation time 265.008,400,000 s)
2025-04-25 15:02:22,541 INFO  - Processing DEN message (at simulation time 265.008,400,000 s)
2025-04-25 15:02:22,541 INFO  - Route change already tried once. (at simulation time 265.008,400,000 s)
2025-04-25 15:02:22,541 INFO  - Received message from veh_91 (at simulation time 265.009,400,000 s)
2025-04-25 15:02:22,541 INFO  - Processing DEN message (at simulation time 265.009,400,000 s)
2025-04-25 15:02:22,541 INFO  - Route change already tried once. (at simulation time 265.009,400,000 s)
2025-04-25 15:02:22,541 INFO  - Received message from veh_51 (at simulation time 265.011,300,000 s)
2025-04-25 15:02:22,541 INFO  - Processing DEN message (at simulation time 265.011,300,000 s)
2025-04-25 15:02:22,541 INFO  - Route change already tried once. (at simulation time 265.011,300,000 s)
2025-04-25 15:02:22,541 INFO  - Received message from veh_56 (at simulation time 265.011,300,000 s)
2025-04-25 15:02:22,541 INFO  - Processing DEN message (at simulation time 265.011,300,000 s)
2025-04-25 15:02:22,541 INFO  - Route change already tried once. (at simulation time 265.011,300,000 s)
2025-04-25 15:02:22,541 INFO  - Received message from veh_1 (at simulation time 265.011,700,000 s)
2025-04-25 15:02:22,541 INFO  - Processing DEN message (at simulation time 265.011,700,000 s)
2025-04-25 15:02:22,541 INFO  - Route change already tried once. (at simulation time 265.011,700,000 s)
2025-04-25 15:02:22,541 INFO  - Received message from veh_11 (at simulation time 265.012,200,000 s)
2025-04-25 15:02:22,541 INFO  - Processing DEN message (at simulation time 265.012,200,000 s)
2025-04-25 15:02:22,541 INFO  - Route change already tried once. (at simulation time 265.012,200,000 s)
2025-04-25 15:02:22,542 INFO  - Received message from veh_16 (at simulation time 265.012,200,000 s)
2025-04-25 15:02:22,542 INFO  - Processing DEN message (at simulation time 265.012,200,000 s)
2025-04-25 15:02:22,542 INFO  - Route change already tried once. (at simulation time 265.012,200,000 s)
2025-04-25 15:02:22,542 INFO  - Received message from veh_46 (at simulation time 265.012,300,000 s)
2025-04-25 15:02:22,542 INFO  - Processing DEN message (at simulation time 265.012,300,000 s)
2025-04-25 15:02:22,542 INFO  - Route change already tried once. (at simulation time 265.012,300,000 s)
2025-04-25 15:02:22,542 INFO  - Received message from veh_6 (at simulation time 265.014,700,000 s)
2025-04-25 15:02:22,542 INFO  - Processing DEN message (at simulation time 265.014,700,000 s)
2025-04-25 15:02:22,542 INFO  - Route change already tried once. (at simulation time 265.014,700,000 s)
2025-04-25 15:02:23,376 INFO  - Shutdown application (at simulation time 367.000,000,000 s)
