2025-04-25 15:15:00,115 INFO  - Initialize application (at simulation time 58.000,000,000 s)
2025-04-25 15:15:00,116 INFO  - Activated AdHoc Module (at simulation time 58.000,000,000 s)
2025-04-25 15:15:00,227 INFO  - Received message from veh_1 (at simulation time 83.004,200,000 s)
2025-04-25 15:15:00,227 INFO  - Processing DEN message (at simulation time 83.004,200,000 s)
2025-04-25 15:15:00,227 INFO  - The event occurred on connection with id=73017982_4077214663_1313885442, which is part of vehicle's route with id=1 (at simulation time 83.004,200,000 s)
2025-04-25 15:15:00,229 INFO  - Sending Change Route Command at position: GeoPoint{lat=52.648388,lon=13.567830,alt=0.00} (at simulation time 83.004,200,000 s)
2025-04-25 15:15:00,240 INFO  - Received message from veh_1 (at simulation time 84.002,200,000 s)
2025-04-25 15:15:00,240 INFO  - Processing DEN message (at simulation time 84.002,200,000 s)
2025-04-25 15:15:00,240 INFO  - Route change already tried once. (at simulation time 84.002,200,000 s)
2025-04-25 15:15:00,251 INFO  - Received message from veh_1 (at simulation time 85.004,700,000 s)
2025-04-25 15:15:00,251 INFO  - Processing DEN message (at simulation time 85.004,700,000 s)
2025-04-25 15:15:00,251 INFO  - Route change already tried once. (at simulation time 85.004,700,000 s)
2025-04-25 15:15:00,256 INFO  - Received message from veh_1 (at simulation time 86.003,700,000 s)
2025-04-25 15:15:00,256 INFO  - Processing DEN message (at simulation time 86.003,700,000 s)
2025-04-25 15:15:00,256 INFO  - Route change already tried once. (at simulation time 86.003,700,000 s)
2025-04-25 15:15:00,259 INFO  - Received message from veh_1 (at simulation time 87.005,200,000 s)
2025-04-25 15:15:00,259 INFO  - Processing DEN message (at simulation time 87.005,200,000 s)
2025-04-25 15:15:00,259 INFO  - Route change already tried once. (at simulation time 87.005,200,000 s)
2025-04-25 15:15:00,265 INFO  - Received message from veh_1 (at simulation time 88.003,700,000 s)
2025-04-25 15:15:00,265 INFO  - Processing DEN message (at simulation time 88.003,700,000 s)
2025-04-25 15:15:00,265 INFO  - Route change already tried once. (at simulation time 88.003,700,000 s)
2025-04-25 15:15:00,271 INFO  - Received message from veh_1 (at simulation time 89.001,700,000 s)
2025-04-25 15:15:00,271 INFO  - Processing DEN message (at simulation time 89.001,700,000 s)
2025-04-25 15:15:00,271 INFO  - Route change already tried once. (at simulation time 89.001,700,000 s)
2025-04-25 15:15:00,283 INFO  - Received message from veh_1 (at simulation time 90.003,200,000 s)
2025-04-25 15:15:00,283 INFO  - Processing DEN message (at simulation time 90.003,200,000 s)
2025-04-25 15:15:00,283 INFO  - Route change already tried once. (at simulation time 90.003,200,000 s)
2025-04-25 15:15:00,287 INFO  - Received message from veh_1 (at simulation time 91.003,700,000 s)
2025-04-25 15:15:00,287 INFO  - Processing DEN message (at simulation time 91.003,700,000 s)
2025-04-25 15:15:00,287 INFO  - Route change already tried once. (at simulation time 91.003,700,000 s)
2025-04-25 15:15:00,292 INFO  - Received message from veh_1 (at simulation time 92.005,200,000 s)
2025-04-25 15:15:00,292 INFO  - Processing DEN message (at simulation time 92.005,200,000 s)
2025-04-25 15:15:00,292 INFO  - Route change already tried once. (at simulation time 92.005,200,000 s)
2025-04-25 15:15:00,297 INFO  - Received message from veh_1 (at simulation time 93.002,200,000 s)
2025-04-25 15:15:00,297 INFO  - Processing DEN message (at simulation time 93.002,200,000 s)
2025-04-25 15:15:00,297 INFO  - Route change already tried once. (at simulation time 93.002,200,000 s)
2025-04-25 15:15:00,297 INFO  - Received message from veh_6 (at simulation time 93.003,800,000 s)
2025-04-25 15:15:00,297 INFO  - Processing DEN message (at simulation time 93.003,800,000 s)
2025-04-25 15:15:00,297 INFO  - Route change already tried once. (at simulation time 93.003,800,000 s)
2025-04-25 15:15:00,302 INFO  - Received message from veh_6 (at simulation time 94.001,700,000 s)
2025-04-25 15:15:00,302 INFO  - Processing DEN message (at simulation time 94.001,700,000 s)
2025-04-25 15:15:00,302 INFO  - Route change already tried once. (at simulation time 94.001,700,000 s)
2025-04-25 15:15:00,303 INFO  - Received message from veh_1 (at simulation time 94.005,600,000 s)
2025-04-25 15:15:00,303 INFO  - Processing DEN message (at simulation time 94.005,600,000 s)
2025-04-25 15:15:00,303 INFO  - Route change already tried once. (at simulation time 94.005,600,000 s)
2025-04-25 15:15:00,677 INFO  - Received message from veh_1 (at simulation time 163.002,700,000 s)
2025-04-25 15:15:00,677 INFO  - Processing DEN message (at simulation time 163.002,700,000 s)
2025-04-25 15:15:00,677 INFO  - Route change already tried once. (at simulation time 163.002,700,000 s)
2025-04-25 15:15:00,679 INFO  - Received message from veh_16 (at simulation time 163.003,800,000 s)
2025-04-25 15:15:00,679 INFO  - Processing DEN message (at simulation time 163.003,800,000 s)
2025-04-25 15:15:00,679 INFO  - Route change already tried once. (at simulation time 163.003,800,000 s)
2025-04-25 15:15:00,681 INFO  - Received message from veh_6 (at simulation time 163.005,200,000 s)
2025-04-25 15:15:00,681 INFO  - Processing DEN message (at simulation time 163.005,200,000 s)
2025-04-25 15:15:00,681 INFO  - Route change already tried once. (at simulation time 163.005,200,000 s)
2025-04-25 15:15:00,682 INFO  - Received message from veh_11 (at simulation time 163.006,200,000 s)
2025-04-25 15:15:00,682 INFO  - Processing DEN message (at simulation time 163.006,200,000 s)
2025-04-25 15:15:00,682 INFO  - Route change already tried once. (at simulation time 163.006,200,000 s)
2025-04-25 15:15:00,693 INFO  - Received message from veh_16 (at simulation time 164.002,300,000 s)
2025-04-25 15:15:00,693 INFO  - Processing DEN message (at simulation time 164.002,300,000 s)
2025-04-25 15:15:00,693 INFO  - Route change already tried once. (at simulation time 164.002,300,000 s)
2025-04-25 15:15:00,693 INFO  - Received message from veh_1 (at simulation time 164.003,700,000 s)
2025-04-25 15:15:00,693 INFO  - Processing DEN message (at simulation time 164.003,700,000 s)
2025-04-25 15:15:00,693 INFO  - Route change already tried once. (at simulation time 164.003,700,000 s)
2025-04-25 15:15:00,694 INFO  - Received message from veh_11 (at simulation time 164.004,700,000 s)
2025-04-25 15:15:00,694 INFO  - Processing DEN message (at simulation time 164.004,700,000 s)
2025-04-25 15:15:00,694 INFO  - Route change already tried once. (at simulation time 164.004,700,000 s)
2025-04-25 15:15:00,694 INFO  - Received message from veh_6 (at simulation time 164.005,200,000 s)
2025-04-25 15:15:00,694 INFO  - Processing DEN message (at simulation time 164.005,200,000 s)
2025-04-25 15:15:00,694 INFO  - Route change already tried once. (at simulation time 164.005,200,000 s)
2025-04-25 15:15:00,705 INFO  - Received message from veh_11 (at simulation time 165.002,200,000 s)
2025-04-25 15:15:00,705 INFO  - Processing DEN message (at simulation time 165.002,200,000 s)
2025-04-25 15:15:00,705 INFO  - Route change already tried once. (at simulation time 165.002,200,000 s)
2025-04-25 15:15:00,705 INFO  - Received message from veh_16 (at simulation time 165.002,300,000 s)
2025-04-25 15:15:00,705 INFO  - Processing DEN message (at simulation time 165.002,300,000 s)
2025-04-25 15:15:00,705 INFO  - Route change already tried once. (at simulation time 165.002,300,000 s)
2025-04-25 15:15:00,705 INFO  - Received message from veh_6 (at simulation time 165.003,700,000 s)
2025-04-25 15:15:00,705 INFO  - Processing DEN message (at simulation time 165.003,700,000 s)
2025-04-25 15:15:00,705 INFO  - Route change already tried once. (at simulation time 165.003,700,000 s)
2025-04-25 15:15:00,705 INFO  - Received message from veh_1 (at simulation time 165.004,700,000 s)
2025-04-25 15:15:00,705 INFO  - Processing DEN message (at simulation time 165.004,700,000 s)
2025-04-25 15:15:00,705 INFO  - Route change already tried once. (at simulation time 165.004,700,000 s)
2025-04-25 15:15:00,710 INFO  - Received message from veh_11 (at simulation time 166.002,300,000 s)
2025-04-25 15:15:00,710 INFO  - Processing DEN message (at simulation time 166.002,300,000 s)
2025-04-25 15:15:00,710 INFO  - Route change already tried once. (at simulation time 166.002,300,000 s)
2025-04-25 15:15:00,710 INFO  - Received message from veh_16 (at simulation time 166.002,300,000 s)
2025-04-25 15:15:00,710 INFO  - Processing DEN message (at simulation time 166.002,300,000 s)
2025-04-25 15:15:00,710 INFO  - Route change already tried once. (at simulation time 166.002,300,000 s)
2025-04-25 15:15:00,711 INFO  - Received message from veh_1 (at simulation time 166.005,200,000 s)
2025-04-25 15:15:00,711 INFO  - Processing DEN message (at simulation time 166.005,200,000 s)
2025-04-25 15:15:00,711 INFO  - Route change already tried once. (at simulation time 166.005,200,000 s)
2025-04-25 15:15:00,711 INFO  - Received message from veh_6 (at simulation time 166.006,200,000 s)
2025-04-25 15:15:00,711 INFO  - Processing DEN message (at simulation time 166.006,200,000 s)
2025-04-25 15:15:00,711 INFO  - Route change already tried once. (at simulation time 166.006,200,000 s)
2025-04-25 15:15:00,717 INFO  - Received message from veh_11 (at simulation time 167.001,800,000 s)
2025-04-25 15:15:00,717 INFO  - Processing DEN message (at simulation time 167.001,800,000 s)
2025-04-25 15:15:00,717 INFO  - Route change already tried once. (at simulation time 167.001,800,000 s)
2025-04-25 15:15:00,717 INFO  - Received message from veh_6 (at simulation time 167.003,200,000 s)
2025-04-25 15:15:00,717 INFO  - Processing DEN message (at simulation time 167.003,200,000 s)
2025-04-25 15:15:00,717 INFO  - Route change already tried once. (at simulation time 167.003,200,000 s)
2025-04-25 15:15:00,717 INFO  - Received message from veh_16 (at simulation time 167.003,300,000 s)
2025-04-25 15:15:00,717 INFO  - Processing DEN message (at simulation time 167.003,300,000 s)
2025-04-25 15:15:00,717 INFO  - Route change already tried once. (at simulation time 167.003,300,000 s)
2025-04-25 15:15:00,717 INFO  - Received message from veh_1 (at simulation time 167.004,200,000 s)
2025-04-25 15:15:00,717 INFO  - Processing DEN message (at simulation time 167.004,200,000 s)
2025-04-25 15:15:00,717 INFO  - Route change already tried once. (at simulation time 167.004,200,000 s)
2025-04-25 15:15:00,724 INFO  - Received message from veh_16 (at simulation time 168.000,800,000 s)
2025-04-25 15:15:00,724 INFO  - Processing DEN message (at simulation time 168.000,800,000 s)
2025-04-25 15:15:00,724 INFO  - Route change already tried once. (at simulation time 168.000,800,000 s)
2025-04-25 15:15:00,724 INFO  - Received message from veh_1 (at simulation time 168.002,200,000 s)
2025-04-25 15:15:00,724 INFO  - Processing DEN message (at simulation time 168.002,200,000 s)
2025-04-25 15:15:00,724 INFO  - Route change already tried once. (at simulation time 168.002,200,000 s)
2025-04-25 15:15:00,725 INFO  - Received message from veh_6 (at simulation time 168.003,200,000 s)
2025-04-25 15:15:00,725 INFO  - Processing DEN message (at simulation time 168.003,200,000 s)
2025-04-25 15:15:00,725 INFO  - Route change already tried once. (at simulation time 168.003,200,000 s)
2025-04-25 15:15:00,725 INFO  - Received message from veh_11 (at simulation time 168.003,300,000 s)
2025-04-25 15:15:00,725 INFO  - Processing DEN message (at simulation time 168.003,300,000 s)
2025-04-25 15:15:00,725 INFO  - Route change already tried once. (at simulation time 168.003,300,000 s)
2025-04-25 15:15:00,729 INFO  - Received message from veh_6 (at simulation time 169.001,800,000 s)
2025-04-25 15:15:00,729 INFO  - Processing DEN message (at simulation time 169.001,800,000 s)
2025-04-25 15:15:00,729 INFO  - Route change already tried once. (at simulation time 169.001,800,000 s)
2025-04-25 15:15:00,730 INFO  - Received message from veh_11 (at simulation time 169.003,800,000 s)
2025-04-25 15:15:00,730 INFO  - Processing DEN message (at simulation time 169.003,800,000 s)
2025-04-25 15:15:00,730 INFO  - Route change already tried once. (at simulation time 169.003,800,000 s)
2025-04-25 15:15:00,730 INFO  - Received message from veh_16 (at simulation time 169.004,300,000 s)
2025-04-25 15:15:00,730 INFO  - Processing DEN message (at simulation time 169.004,300,000 s)
2025-04-25 15:15:00,730 INFO  - Route change already tried once. (at simulation time 169.004,300,000 s)
2025-04-25 15:15:00,731 INFO  - Received message from veh_1 (at simulation time 169.006,700,000 s)
2025-04-25 15:15:00,731 INFO  - Processing DEN message (at simulation time 169.006,700,000 s)
2025-04-25 15:15:00,731 INFO  - Route change already tried once. (at simulation time 169.006,700,000 s)
2025-04-25 15:15:00,744 INFO  - Received message from veh_1 (at simulation time 170.003,600,000 s)
2025-04-25 15:15:00,744 INFO  - Processing DEN message (at simulation time 170.003,600,000 s)
2025-04-25 15:15:00,744 INFO  - Route change already tried once. (at simulation time 170.003,600,000 s)
2025-04-25 15:15:00,745 INFO  - Received message from veh_6 (at simulation time 170.004,200,000 s)
2025-04-25 15:15:00,745 INFO  - Processing DEN message (at simulation time 170.004,200,000 s)
2025-04-25 15:15:00,745 INFO  - Route change already tried once. (at simulation time 170.004,200,000 s)
2025-04-25 15:15:00,745 INFO  - Received message from veh_11 (at simulation time 170.004,200,000 s)
2025-04-25 15:15:00,745 INFO  - Processing DEN message (at simulation time 170.004,200,000 s)
2025-04-25 15:15:00,745 INFO  - Route change already tried once. (at simulation time 170.004,200,000 s)
2025-04-25 15:15:00,745 INFO  - Received message from veh_16 (at simulation time 170.005,200,000 s)
2025-04-25 15:15:00,745 INFO  - Processing DEN message (at simulation time 170.005,200,000 s)
2025-04-25 15:15:00,745 INFO  - Route change already tried once. (at simulation time 170.005,200,000 s)
2025-04-25 15:15:00,750 INFO  - Received message from veh_1 (at simulation time 171.003,600,000 s)
2025-04-25 15:15:00,750 INFO  - Processing DEN message (at simulation time 171.003,600,000 s)
2025-04-25 15:15:00,750 INFO  - Route change already tried once. (at simulation time 171.003,600,000 s)
2025-04-25 15:15:00,750 INFO  - Received message from veh_6 (at simulation time 171.003,700,000 s)
2025-04-25 15:15:00,750 INFO  - Processing DEN message (at simulation time 171.003,700,000 s)
2025-04-25 15:15:00,750 INFO  - Route change already tried once. (at simulation time 171.003,700,000 s)
2025-04-25 15:15:00,750 INFO  - Received message from veh_16 (at simulation time 171.003,700,000 s)
2025-04-25 15:15:00,750 INFO  - Processing DEN message (at simulation time 171.003,700,000 s)
2025-04-25 15:15:00,750 INFO  - Route change already tried once. (at simulation time 171.003,700,000 s)
2025-04-25 15:15:00,750 INFO  - Received message from veh_11 (at simulation time 171.004,200,000 s)
2025-04-25 15:15:00,750 INFO  - Processing DEN message (at simulation time 171.004,200,000 s)
2025-04-25 15:15:00,750 INFO  - Route change already tried once. (at simulation time 171.004,200,000 s)
2025-04-25 15:15:00,758 INFO  - Received message from veh_1 (at simulation time 172.003,600,000 s)
2025-04-25 15:15:00,758 INFO  - Processing DEN message (at simulation time 172.003,600,000 s)
2025-04-25 15:15:00,758 INFO  - Route change already tried once. (at simulation time 172.003,600,000 s)
2025-04-25 15:15:00,758 INFO  - Received message from veh_6 (at simulation time 172.003,700,000 s)
2025-04-25 15:15:00,758 INFO  - Processing DEN message (at simulation time 172.003,700,000 s)
2025-04-25 15:15:00,758 INFO  - Route change already tried once. (at simulation time 172.003,700,000 s)
2025-04-25 15:15:00,758 INFO  - Received message from veh_11 (at simulation time 172.003,700,000 s)
2025-04-25 15:15:00,758 INFO  - Processing DEN message (at simulation time 172.003,700,000 s)
2025-04-25 15:15:00,758 INFO  - Route change already tried once. (at simulation time 172.003,700,000 s)
2025-04-25 15:15:00,758 INFO  - Received message from veh_16 (at simulation time 172.005,200,000 s)
2025-04-25 15:15:00,758 INFO  - Processing DEN message (at simulation time 172.005,200,000 s)
2025-04-25 15:15:00,758 INFO  - Route change already tried once. (at simulation time 172.005,200,000 s)
2025-04-25 15:15:00,763 INFO  - Received message from veh_16 (at simulation time 173.004,600,000 s)
2025-04-25 15:15:00,763 INFO  - Processing DEN message (at simulation time 173.004,600,000 s)
2025-04-25 15:15:00,763 INFO  - Route change already tried once. (at simulation time 173.004,600,000 s)
2025-04-25 15:15:00,763 INFO  - Received message from veh_6 (at simulation time 173.005,600,000 s)
2025-04-25 15:15:00,763 INFO  - Processing DEN message (at simulation time 173.005,600,000 s)
2025-04-25 15:15:00,763 INFO  - Route change already tried once. (at simulation time 173.005,600,000 s)
2025-04-25 15:15:00,763 INFO  - Received message from veh_11 (at simulation time 173.006,100,000 s)
2025-04-25 15:15:00,763 INFO  - Processing DEN message (at simulation time 173.006,100,000 s)
2025-04-25 15:15:00,763 INFO  - Route change already tried once. (at simulation time 173.006,100,000 s)
2025-04-25 15:15:00,763 INFO  - Received message from veh_1 (at simulation time 173.007,500,000 s)
2025-04-25 15:15:00,763 INFO  - Processing DEN message (at simulation time 173.007,500,000 s)
2025-04-25 15:15:00,763 INFO  - Route change already tried once. (at simulation time 173.007,500,000 s)
2025-04-25 15:15:00,769 INFO  - Received message from veh_46 (at simulation time 174.001,700,000 s)
2025-04-25 15:15:00,769 INFO  - Processing DEN message (at simulation time 174.001,700,000 s)
2025-04-25 15:15:00,769 INFO  - Route change already tried once. (at simulation time 174.001,700,000 s)
2025-04-25 15:15:00,771 INFO  - Received message from veh_6 (at simulation time 174.006,600,000 s)
2025-04-25 15:15:00,771 INFO  - Processing DEN message (at simulation time 174.006,600,000 s)
2025-04-25 15:15:00,771 INFO  - Route change already tried once. (at simulation time 174.006,600,000 s)
2025-04-25 15:15:00,771 INFO  - Received message from veh_11 (at simulation time 174.006,600,000 s)
2025-04-25 15:15:00,771 INFO  - Processing DEN message (at simulation time 174.006,600,000 s)
2025-04-25 15:15:00,771 INFO  - Route change already tried once. (at simulation time 174.006,600,000 s)
2025-04-25 15:15:00,771 INFO  - Received message from veh_16 (at simulation time 174.007,100,000 s)
2025-04-25 15:15:00,771 INFO  - Processing DEN message (at simulation time 174.007,100,000 s)
2025-04-25 15:15:00,771 INFO  - Route change already tried once. (at simulation time 174.007,100,000 s)
2025-04-25 15:15:00,771 INFO  - Received message from veh_1 (at simulation time 174.008,000,000 s)
2025-04-25 15:15:00,771 INFO  - Processing DEN message (at simulation time 174.008,000,000 s)
2025-04-25 15:15:00,771 INFO  - Route change already tried once. (at simulation time 174.008,000,000 s)
2025-04-25 15:15:00,781 INFO  - Received message from veh_46 (at simulation time 175.003,700,000 s)
2025-04-25 15:15:00,781 INFO  - Processing DEN message (at simulation time 175.003,700,000 s)
2025-04-25 15:15:00,781 INFO  - Route change already tried once. (at simulation time 175.003,700,000 s)
2025-04-25 15:15:00,782 INFO  - Received message from veh_1 (at simulation time 175.004,100,000 s)
2025-04-25 15:15:00,782 INFO  - Processing DEN message (at simulation time 175.004,100,000 s)
2025-04-25 15:15:00,782 INFO  - Route change already tried once. (at simulation time 175.004,100,000 s)
2025-04-25 15:15:00,782 INFO  - Received message from veh_16 (at simulation time 175.004,700,000 s)
2025-04-25 15:15:00,782 INFO  - Processing DEN message (at simulation time 175.004,700,000 s)
2025-04-25 15:15:00,782 INFO  - Route change already tried once. (at simulation time 175.004,700,000 s)
2025-04-25 15:15:00,782 INFO  - Received message from veh_6 (at simulation time 175.005,100,000 s)
2025-04-25 15:15:00,782 INFO  - Processing DEN message (at simulation time 175.005,100,000 s)
2025-04-25 15:15:00,782 INFO  - Route change already tried once. (at simulation time 175.005,100,000 s)
2025-04-25 15:15:00,782 INFO  - Received message from veh_11 (at simulation time 175.005,100,000 s)
2025-04-25 15:15:00,782 INFO  - Processing DEN message (at simulation time 175.005,100,000 s)
2025-04-25 15:15:00,782 INFO  - Route change already tried once. (at simulation time 175.005,100,000 s)
2025-04-25 15:15:00,787 INFO  - Received message from veh_16 (at simulation time 176.001,700,000 s)
2025-04-25 15:15:00,787 INFO  - Processing DEN message (at simulation time 176.001,700,000 s)
2025-04-25 15:15:00,787 INFO  - Route change already tried once. (at simulation time 176.001,700,000 s)
2025-04-25 15:15:00,787 INFO  - Received message from veh_46 (at simulation time 176.003,700,000 s)
2025-04-25 15:15:00,787 INFO  - Processing DEN message (at simulation time 176.003,700,000 s)
2025-04-25 15:15:00,787 INFO  - Route change already tried once. (at simulation time 176.003,700,000 s)
2025-04-25 15:15:00,788 INFO  - Received message from veh_6 (at simulation time 176.005,100,000 s)
2025-04-25 15:15:00,788 INFO  - Processing DEN message (at simulation time 176.005,100,000 s)
2025-04-25 15:15:00,788 INFO  - Route change already tried once. (at simulation time 176.005,100,000 s)
2025-04-25 15:15:00,788 INFO  - Received message from veh_1 (at simulation time 176.006,100,000 s)
2025-04-25 15:15:00,788 INFO  - Processing DEN message (at simulation time 176.006,100,000 s)
2025-04-25 15:15:00,788 INFO  - Route change already tried once. (at simulation time 176.006,100,000 s)
2025-04-25 15:15:00,788 INFO  - Received message from veh_11 (at simulation time 176.006,600,000 s)
2025-04-25 15:15:00,788 INFO  - Processing DEN message (at simulation time 176.006,600,000 s)
2025-04-25 15:15:00,788 INFO  - Route change already tried once. (at simulation time 176.006,600,000 s)
2025-04-25 15:15:00,792 INFO  - Received message from veh_11 (at simulation time 177.003,600,000 s)
2025-04-25 15:15:00,792 INFO  - Processing DEN message (at simulation time 177.003,600,000 s)
2025-04-25 15:15:00,792 INFO  - Route change already tried once. (at simulation time 177.003,600,000 s)
2025-04-25 15:15:00,792 INFO  - Received message from veh_6 (at simulation time 177.005,100,000 s)
2025-04-25 15:15:00,792 INFO  - Processing DEN message (at simulation time 177.005,100,000 s)
2025-04-25 15:15:00,792 INFO  - Route change already tried once. (at simulation time 177.005,100,000 s)
2025-04-25 15:15:00,792 INFO  - Received message from veh_16 (at simulation time 177.005,200,000 s)
2025-04-25 15:15:00,792 INFO  - Processing DEN message (at simulation time 177.005,200,000 s)
2025-04-25 15:15:00,792 INFO  - Route change already tried once. (at simulation time 177.005,200,000 s)
2025-04-25 15:15:00,792 INFO  - Received message from veh_46 (at simulation time 177.005,700,000 s)
2025-04-25 15:15:00,792 INFO  - Processing DEN message (at simulation time 177.005,700,000 s)
2025-04-25 15:15:00,792 INFO  - Route change already tried once. (at simulation time 177.005,700,000 s)
2025-04-25 15:15:00,792 INFO  - Received message from veh_1 (at simulation time 177.006,100,000 s)
2025-04-25 15:15:00,792 INFO  - Processing DEN message (at simulation time 177.006,100,000 s)
2025-04-25 15:15:00,792 INFO  - Route change already tried once. (at simulation time 177.006,100,000 s)
2025-04-25 15:15:00,800 INFO  - Received message from veh_1 (at simulation time 178.005,100,000 s)
2025-04-25 15:15:00,800 INFO  - Processing DEN message (at simulation time 178.005,100,000 s)
2025-04-25 15:15:00,800 INFO  - Route change already tried once. (at simulation time 178.005,100,000 s)
2025-04-25 15:15:00,800 INFO  - Received message from veh_11 (at simulation time 178.005,100,000 s)
2025-04-25 15:15:00,800 INFO  - Processing DEN message (at simulation time 178.005,100,000 s)
2025-04-25 15:15:00,800 INFO  - Route change already tried once. (at simulation time 178.005,100,000 s)
2025-04-25 15:15:00,800 INFO  - Received message from veh_6 (at simulation time 178.005,600,000 s)
2025-04-25 15:15:00,800 INFO  - Processing DEN message (at simulation time 178.005,600,000 s)
2025-04-25 15:15:00,800 INFO  - Route change already tried once. (at simulation time 178.005,600,000 s)
2025-04-25 15:15:00,800 INFO  - Received message from veh_46 (at simulation time 178.005,700,000 s)
2025-04-25 15:15:00,800 INFO  - Processing DEN message (at simulation time 178.005,700,000 s)
2025-04-25 15:15:00,800 INFO  - Route change already tried once. (at simulation time 178.005,700,000 s)
2025-04-25 15:15:00,800 INFO  - Received message from veh_16 (at simulation time 178.006,200,000 s)
2025-04-25 15:15:00,800 INFO  - Processing DEN message (at simulation time 178.006,200,000 s)
2025-04-25 15:15:00,800 INFO  - Route change already tried once. (at simulation time 178.006,200,000 s)
2025-04-25 15:15:00,805 INFO  - Received message from veh_46 (at simulation time 179.003,700,000 s)
2025-04-25 15:15:00,805 INFO  - Processing DEN message (at simulation time 179.003,700,000 s)
2025-04-25 15:15:00,805 INFO  - Route change already tried once. (at simulation time 179.003,700,000 s)
2025-04-25 15:15:00,806 INFO  - Received message from veh_1 (at simulation time 179.004,600,000 s)
2025-04-25 15:15:00,806 INFO  - Processing DEN message (at simulation time 179.004,600,000 s)
2025-04-25 15:15:00,806 INFO  - Route change already tried once. (at simulation time 179.004,600,000 s)
2025-04-25 15:15:00,806 INFO  - Received message from veh_6 (at simulation time 179.005,100,000 s)
2025-04-25 15:15:00,806 INFO  - Processing DEN message (at simulation time 179.005,100,000 s)
2025-04-25 15:15:00,806 INFO  - Route change already tried once. (at simulation time 179.005,100,000 s)
2025-04-25 15:15:00,806 INFO  - Received message from veh_16 (at simulation time 179.005,200,000 s)
2025-04-25 15:15:00,806 INFO  - Processing DEN message (at simulation time 179.005,200,000 s)
2025-04-25 15:15:00,806 INFO  - Route change already tried once. (at simulation time 179.005,200,000 s)
2025-04-25 15:15:00,806 INFO  - Received message from veh_11 (at simulation time 179.005,700,000 s)
2025-04-25 15:15:00,806 INFO  - Processing DEN message (at simulation time 179.005,700,000 s)
2025-04-25 15:15:00,806 INFO  - Route change already tried once. (at simulation time 179.005,700,000 s)
2025-04-25 15:15:00,820 INFO  - Received message from veh_16 (at simulation time 180.002,200,000 s)
2025-04-25 15:15:00,820 INFO  - Processing DEN message (at simulation time 180.002,200,000 s)
2025-04-25 15:15:00,820 INFO  - Route change already tried once. (at simulation time 180.002,200,000 s)
2025-04-25 15:15:00,820 INFO  - Received message from veh_11 (at simulation time 180.004,200,000 s)
2025-04-25 15:15:00,820 INFO  - Processing DEN message (at simulation time 180.004,200,000 s)
2025-04-25 15:15:00,820 INFO  - Route change already tried once. (at simulation time 180.004,200,000 s)
2025-04-25 15:15:00,820 INFO  - Received message from veh_46 (at simulation time 180.004,200,000 s)
2025-04-25 15:15:00,820 INFO  - Processing DEN message (at simulation time 180.004,200,000 s)
2025-04-25 15:15:00,820 INFO  - Route change already tried once. (at simulation time 180.004,200,000 s)
2025-04-25 15:15:00,820 INFO  - Received message from veh_6 (at simulation time 180.006,100,000 s)
2025-04-25 15:15:00,820 INFO  - Processing DEN message (at simulation time 180.006,100,000 s)
2025-04-25 15:15:00,820 INFO  - Route change already tried once. (at simulation time 180.006,100,000 s)
2025-04-25 15:15:00,820 INFO  - Received message from veh_1 (at simulation time 180.007,600,000 s)
2025-04-25 15:15:00,820 INFO  - Processing DEN message (at simulation time 180.007,600,000 s)
2025-04-25 15:15:00,820 INFO  - Route change already tried once. (at simulation time 180.007,600,000 s)
2025-04-25 15:15:00,824 INFO  - Received message from veh_16 (at simulation time 181.002,700,000 s)
2025-04-25 15:15:00,824 INFO  - Processing DEN message (at simulation time 181.002,700,000 s)
2025-04-25 15:15:00,824 INFO  - Route change already tried once. (at simulation time 181.002,700,000 s)
2025-04-25 15:15:00,825 INFO  - Received message from veh_11 (at simulation time 181.004,200,000 s)
2025-04-25 15:15:00,825 INFO  - Processing DEN message (at simulation time 181.004,200,000 s)
2025-04-25 15:15:00,825 INFO  - Route change already tried once. (at simulation time 181.004,200,000 s)
2025-04-25 15:15:00,825 INFO  - Received message from veh_46 (at simulation time 181.004,200,000 s)
2025-04-25 15:15:00,825 INFO  - Processing DEN message (at simulation time 181.004,200,000 s)
2025-04-25 15:15:00,825 INFO  - Route change already tried once. (at simulation time 181.004,200,000 s)
2025-04-25 15:15:00,825 INFO  - Received message from veh_1 (at simulation time 181.005,600,000 s)
2025-04-25 15:15:00,825 INFO  - Processing DEN message (at simulation time 181.005,600,000 s)
2025-04-25 15:15:00,825 INFO  - Route change already tried once. (at simulation time 181.005,600,000 s)
2025-04-25 15:15:00,825 INFO  - Received message from veh_6 (at simulation time 181.006,600,000 s)
2025-04-25 15:15:00,825 INFO  - Processing DEN message (at simulation time 181.006,600,000 s)
2025-04-25 15:15:00,825 INFO  - Route change already tried once. (at simulation time 181.006,600,000 s)
2025-04-25 15:15:00,830 INFO  - Received message from veh_11 (at simulation time 182.003,200,000 s)
2025-04-25 15:15:00,830 INFO  - Processing DEN message (at simulation time 182.003,200,000 s)
2025-04-25 15:15:00,830 INFO  - Route change already tried once. (at simulation time 182.003,200,000 s)
2025-04-25 15:15:00,830 INFO  - Received message from veh_16 (at simulation time 182.004,200,000 s)
2025-04-25 15:15:00,830 INFO  - Processing DEN message (at simulation time 182.004,200,000 s)
2025-04-25 15:15:00,830 INFO  - Route change already tried once. (at simulation time 182.004,200,000 s)
2025-04-25 15:15:00,830 INFO  - Received message from veh_1 (at simulation time 182.004,600,000 s)
2025-04-25 15:15:00,830 INFO  - Processing DEN message (at simulation time 182.004,600,000 s)
2025-04-25 15:15:00,830 INFO  - Route change already tried once. (at simulation time 182.004,600,000 s)
2025-04-25 15:15:00,831 INFO  - Received message from veh_46 (at simulation time 182.006,200,000 s)
2025-04-25 15:15:00,831 INFO  - Processing DEN message (at simulation time 182.006,200,000 s)
2025-04-25 15:15:00,831 INFO  - Route change already tried once. (at simulation time 182.006,200,000 s)
2025-04-25 15:15:00,831 INFO  - Received message from veh_6 (at simulation time 182.007,600,000 s)
2025-04-25 15:15:00,831 INFO  - Processing DEN message (at simulation time 182.007,600,000 s)
2025-04-25 15:15:00,831 INFO  - Route change already tried once. (at simulation time 182.007,600,000 s)
2025-04-25 15:15:00,835 INFO  - Received message from veh_6 (at simulation time 183.004,600,000 s)
2025-04-25 15:15:00,835 INFO  - Processing DEN message (at simulation time 183.004,600,000 s)
2025-04-25 15:15:00,835 INFO  - Route change already tried once. (at simulation time 183.004,600,000 s)
2025-04-25 15:15:00,835 INFO  - Received message from veh_11 (at simulation time 183.004,700,000 s)
2025-04-25 15:15:00,835 INFO  - Processing DEN message (at simulation time 183.004,700,000 s)
2025-04-25 15:15:00,835 INFO  - Route change already tried once. (at simulation time 183.004,700,000 s)
2025-04-25 15:15:00,835 INFO  - Received message from veh_16 (at simulation time 183.004,700,000 s)
2025-04-25 15:15:00,835 INFO  - Processing DEN message (at simulation time 183.004,700,000 s)
2025-04-25 15:15:00,835 INFO  - Route change already tried once. (at simulation time 183.004,700,000 s)
2025-04-25 15:15:00,835 INFO  - Received message from veh_1 (at simulation time 183.005,100,000 s)
2025-04-25 15:15:00,835 INFO  - Processing DEN message (at simulation time 183.005,100,000 s)
2025-04-25 15:15:00,835 INFO  - Route change already tried once. (at simulation time 183.005,100,000 s)
2025-04-25 15:15:00,835 INFO  - Received message from veh_46 (at simulation time 183.005,200,000 s)
2025-04-25 15:15:00,835 INFO  - Processing DEN message (at simulation time 183.005,200,000 s)
2025-04-25 15:15:00,835 INFO  - Route change already tried once. (at simulation time 183.005,200,000 s)
2025-04-25 15:15:00,841 INFO  - Received message from veh_46 (at simulation time 184.002,700,000 s)
2025-04-25 15:15:00,841 INFO  - Processing DEN message (at simulation time 184.002,700,000 s)
2025-04-25 15:15:00,841 INFO  - Route change already tried once. (at simulation time 184.002,700,000 s)
2025-04-25 15:15:00,841 INFO  - Received message from veh_51 (at simulation time 184.002,700,000 s)
2025-04-25 15:15:00,841 INFO  - Processing DEN message (at simulation time 184.002,700,000 s)
2025-04-25 15:15:00,841 INFO  - Route change already tried once. (at simulation time 184.002,700,000 s)
2025-04-25 15:15:00,841 INFO  - Received message from veh_6 (at simulation time 184.006,100,000 s)
2025-04-25 15:15:00,841 INFO  - Processing DEN message (at simulation time 184.006,100,000 s)
2025-04-25 15:15:00,841 INFO  - Route change already tried once. (at simulation time 184.006,100,000 s)
2025-04-25 15:15:00,841 INFO  - Received message from veh_11 (at simulation time 184.006,100,000 s)
2025-04-25 15:15:00,841 INFO  - Processing DEN message (at simulation time 184.006,100,000 s)
2025-04-25 15:15:00,841 INFO  - Route change already tried once. (at simulation time 184.006,100,000 s)
2025-04-25 15:15:00,841 INFO  - Received message from veh_1 (at simulation time 184.006,500,000 s)
2025-04-25 15:15:00,841 INFO  - Processing DEN message (at simulation time 184.006,500,000 s)
2025-04-25 15:15:00,841 INFO  - Route change already tried once. (at simulation time 184.006,500,000 s)
2025-04-25 15:15:00,841 INFO  - Received message from veh_16 (at simulation time 184.006,600,000 s)
2025-04-25 15:15:00,841 INFO  - Processing DEN message (at simulation time 184.006,600,000 s)
2025-04-25 15:15:00,841 INFO  - Route change already tried once. (at simulation time 184.006,600,000 s)
2025-04-25 15:15:00,851 INFO  - Received message from veh_46 (at simulation time 185.003,200,000 s)
2025-04-25 15:15:00,851 INFO  - Processing DEN message (at simulation time 185.003,200,000 s)
2025-04-25 15:15:00,851 INFO  - Route change already tried once. (at simulation time 185.003,200,000 s)
2025-04-25 15:15:00,851 INFO  - Received message from veh_51 (at simulation time 185.003,700,000 s)
2025-04-25 15:15:00,851 INFO  - Processing DEN message (at simulation time 185.003,700,000 s)
2025-04-25 15:15:00,851 INFO  - Route change already tried once. (at simulation time 185.003,700,000 s)
2025-04-25 15:15:00,852 INFO  - Received message from veh_1 (at simulation time 185.004,000,000 s)
2025-04-25 15:15:00,852 INFO  - Processing DEN message (at simulation time 185.004,000,000 s)
2025-04-25 15:15:00,852 INFO  - Route change already tried once. (at simulation time 185.004,000,000 s)
2025-04-25 15:15:00,852 INFO  - Received message from veh_6 (at simulation time 185.004,100,000 s)
2025-04-25 15:15:00,852 INFO  - Processing DEN message (at simulation time 185.004,100,000 s)
2025-04-25 15:15:00,852 INFO  - Route change already tried once. (at simulation time 185.004,100,000 s)
2025-04-25 15:15:00,852 INFO  - Received message from veh_16 (at simulation time 185.005,600,000 s)
2025-04-25 15:15:00,852 INFO  - Processing DEN message (at simulation time 185.005,600,000 s)
2025-04-25 15:15:00,852 INFO  - Route change already tried once. (at simulation time 185.005,600,000 s)
2025-04-25 15:15:00,852 INFO  - Received message from veh_11 (at simulation time 185.006,100,000 s)
2025-04-25 15:15:00,852 INFO  - Processing DEN message (at simulation time 185.006,100,000 s)
2025-04-25 15:15:00,852 INFO  - Route change already tried once. (at simulation time 185.006,100,000 s)
2025-04-25 15:15:00,858 INFO  - Received message from veh_51 (at simulation time 186.003,700,000 s)
2025-04-25 15:15:00,858 INFO  - Processing DEN message (at simulation time 186.003,700,000 s)
2025-04-25 15:15:00,858 INFO  - Route change already tried once. (at simulation time 186.003,700,000 s)
2025-04-25 15:15:00,858 INFO  - Received message from veh_11 (at simulation time 186.004,100,000 s)
2025-04-25 15:15:00,858 INFO  - Processing DEN message (at simulation time 186.004,100,000 s)
2025-04-25 15:15:00,858 INFO  - Route change already tried once. (at simulation time 186.004,100,000 s)
2025-04-25 15:15:00,858 INFO  - Received message from veh_46 (at simulation time 186.004,700,000 s)
2025-04-25 15:15:00,858 INFO  - Processing DEN message (at simulation time 186.004,700,000 s)
2025-04-25 15:15:00,858 INFO  - Route change already tried once. (at simulation time 186.004,700,000 s)
2025-04-25 15:15:00,858 INFO  - Received message from veh_16 (at simulation time 186.005,600,000 s)
2025-04-25 15:15:00,858 INFO  - Processing DEN message (at simulation time 186.005,600,000 s)
2025-04-25 15:15:00,858 INFO  - Route change already tried once. (at simulation time 186.005,600,000 s)
2025-04-25 15:15:00,858 INFO  - Received message from veh_6 (at simulation time 186.006,600,000 s)
2025-04-25 15:15:00,858 INFO  - Processing DEN message (at simulation time 186.006,600,000 s)
2025-04-25 15:15:00,858 INFO  - Route change already tried once. (at simulation time 186.006,600,000 s)
2025-04-25 15:15:00,858 INFO  - Received message from veh_1 (at simulation time 186.007,500,000 s)
2025-04-25 15:15:00,858 INFO  - Processing DEN message (at simulation time 186.007,500,000 s)
2025-04-25 15:15:00,858 INFO  - Route change already tried once. (at simulation time 186.007,500,000 s)
2025-04-25 15:15:00,862 INFO  - Received message from veh_51 (at simulation time 187.002,700,000 s)
2025-04-25 15:15:00,862 INFO  - Processing DEN message (at simulation time 187.002,700,000 s)
2025-04-25 15:15:00,862 INFO  - Route change already tried once. (at simulation time 187.002,700,000 s)
2025-04-25 15:15:00,863 INFO  - Received message from veh_6 (at simulation time 187.003,600,000 s)
2025-04-25 15:15:00,863 INFO  - Processing DEN message (at simulation time 187.003,600,000 s)
2025-04-25 15:15:00,863 INFO  - Route change already tried once. (at simulation time 187.003,600,000 s)
2025-04-25 15:15:00,863 INFO  - Received message from veh_46 (at simulation time 187.005,200,000 s)
2025-04-25 15:15:00,863 INFO  - Processing DEN message (at simulation time 187.005,200,000 s)
2025-04-25 15:15:00,863 INFO  - Route change already tried once. (at simulation time 187.005,200,000 s)
2025-04-25 15:15:00,863 INFO  - Received message from veh_11 (at simulation time 187.005,600,000 s)
2025-04-25 15:15:00,863 INFO  - Processing DEN message (at simulation time 187.005,600,000 s)
2025-04-25 15:15:00,863 INFO  - Route change already tried once. (at simulation time 187.005,600,000 s)
2025-04-25 15:15:00,863 INFO  - Received message from veh_16 (at simulation time 187.005,600,000 s)
2025-04-25 15:15:00,863 INFO  - Processing DEN message (at simulation time 187.005,600,000 s)
2025-04-25 15:15:00,863 INFO  - Route change already tried once. (at simulation time 187.005,600,000 s)
2025-04-25 15:15:00,863 INFO  - Received message from veh_1 (at simulation time 187.006,500,000 s)
2025-04-25 15:15:00,863 INFO  - Processing DEN message (at simulation time 187.006,500,000 s)
2025-04-25 15:15:00,863 INFO  - Route change already tried once. (at simulation time 187.006,500,000 s)
2025-04-25 15:15:00,870 INFO  - Received message from veh_11 (at simulation time 188.004,100,000 s)
2025-04-25 15:15:00,870 INFO  - Processing DEN message (at simulation time 188.004,100,000 s)
2025-04-25 15:15:00,870 INFO  - Route change already tried once. (at simulation time 188.004,100,000 s)
2025-04-25 15:15:00,870 INFO  - Received message from veh_6 (at simulation time 188.005,100,000 s)
2025-04-25 15:15:00,870 INFO  - Processing DEN message (at simulation time 188.005,100,000 s)
2025-04-25 15:15:00,870 INFO  - Route change already tried once. (at simulation time 188.005,100,000 s)
2025-04-25 15:15:00,870 INFO  - Received message from veh_16 (at simulation time 188.005,700,000 s)
2025-04-25 15:15:00,870 INFO  - Processing DEN message (at simulation time 188.005,700,000 s)
2025-04-25 15:15:00,870 INFO  - Route change already tried once. (at simulation time 188.005,700,000 s)
2025-04-25 15:15:00,870 INFO  - Received message from veh_46 (at simulation time 188.005,700,000 s)
2025-04-25 15:15:00,870 INFO  - Processing DEN message (at simulation time 188.005,700,000 s)
2025-04-25 15:15:00,870 INFO  - Route change already tried once. (at simulation time 188.005,700,000 s)
2025-04-25 15:15:00,870 INFO  - Received message from veh_51 (at simulation time 188.006,200,000 s)
2025-04-25 15:15:00,870 INFO  - Processing DEN message (at simulation time 188.006,200,000 s)
2025-04-25 15:15:00,870 INFO  - Route change already tried once. (at simulation time 188.006,200,000 s)
2025-04-25 15:15:00,870 INFO  - Received message from veh_1 (at simulation time 188.006,600,000 s)
2025-04-25 15:15:00,870 INFO  - Processing DEN message (at simulation time 188.006,600,000 s)
2025-04-25 15:15:00,870 INFO  - Route change already tried once. (at simulation time 188.006,600,000 s)
2025-04-25 15:15:00,875 INFO  - Received message from veh_11 (at simulation time 189.003,100,000 s)
2025-04-25 15:15:00,875 INFO  - Processing DEN message (at simulation time 189.003,100,000 s)
2025-04-25 15:15:00,875 INFO  - Route change already tried once. (at simulation time 189.003,100,000 s)
2025-04-25 15:15:00,875 INFO  - Received message from veh_16 (at simulation time 189.003,200,000 s)
2025-04-25 15:15:00,875 INFO  - Processing DEN message (at simulation time 189.003,200,000 s)
2025-04-25 15:15:00,875 INFO  - Route change already tried once. (at simulation time 189.003,200,000 s)
2025-04-25 15:15:00,875 INFO  - Received message from veh_46 (at simulation time 189.003,200,000 s)
2025-04-25 15:15:00,875 INFO  - Processing DEN message (at simulation time 189.003,200,000 s)
2025-04-25 15:15:00,875 INFO  - Route change already tried once. (at simulation time 189.003,200,000 s)
2025-04-25 15:15:00,876 INFO  - Received message from veh_1 (at simulation time 189.004,600,000 s)
2025-04-25 15:15:00,876 INFO  - Processing DEN message (at simulation time 189.004,600,000 s)
2025-04-25 15:15:00,876 INFO  - Route change already tried once. (at simulation time 189.004,600,000 s)
2025-04-25 15:15:00,876 INFO  - Received message from veh_51 (at simulation time 189.006,700,000 s)
2025-04-25 15:15:00,876 INFO  - Processing DEN message (at simulation time 189.006,700,000 s)
2025-04-25 15:15:00,876 INFO  - Route change already tried once. (at simulation time 189.006,700,000 s)
2025-04-25 15:15:00,876 INFO  - Received message from veh_6 (at simulation time 189.007,100,000 s)
2025-04-25 15:15:00,876 INFO  - Processing DEN message (at simulation time 189.007,100,000 s)
2025-04-25 15:15:00,876 INFO  - Route change already tried once. (at simulation time 189.007,100,000 s)
2025-04-25 15:15:01,309 INFO  - Received message from veh_56 (at simulation time 251.004,500,000 s)
2025-04-25 15:15:01,309 INFO  - Processing DEN message (at simulation time 251.004,500,000 s)
2025-04-25 15:15:01,309 INFO  - Route change already tried once. (at simulation time 251.004,500,000 s)
2025-04-25 15:15:01,310 INFO  - Received message from veh_16 (at simulation time 251.006,900,000 s)
2025-04-25 15:15:01,310 INFO  - Processing DEN message (at simulation time 251.006,900,000 s)
2025-04-25 15:15:01,310 INFO  - Route change already tried once. (at simulation time 251.006,900,000 s)
2025-04-25 15:15:01,310 INFO  - Received message from veh_51 (at simulation time 251.007,500,000 s)
2025-04-25 15:15:01,310 INFO  - Processing DEN message (at simulation time 251.007,500,000 s)
2025-04-25 15:15:01,310 INFO  - Route change already tried once. (at simulation time 251.007,500,000 s)
2025-04-25 15:15:01,310 INFO  - Received message from veh_1 (at simulation time 251.007,900,000 s)
2025-04-25 15:15:01,310 INFO  - Processing DEN message (at simulation time 251.007,900,000 s)
2025-04-25 15:15:01,310 INFO  - Route change already tried once. (at simulation time 251.007,900,000 s)
2025-04-25 15:15:01,310 INFO  - Received message from veh_46 (at simulation time 251.008,500,000 s)
2025-04-25 15:15:01,310 INFO  - Processing DEN message (at simulation time 251.008,500,000 s)
2025-04-25 15:15:01,310 INFO  - Route change already tried once. (at simulation time 251.008,500,000 s)
2025-04-25 15:15:01,310 INFO  - Received message from veh_6 (at simulation time 251.009,400,000 s)
2025-04-25 15:15:01,310 INFO  - Processing DEN message (at simulation time 251.009,400,000 s)
2025-04-25 15:15:01,310 INFO  - Route change already tried once. (at simulation time 251.009,400,000 s)
2025-04-25 15:15:01,310 INFO  - Received message from veh_11 (at simulation time 251.009,400,000 s)
2025-04-25 15:15:01,310 INFO  - Processing DEN message (at simulation time 251.009,400,000 s)
2025-04-25 15:15:01,310 INFO  - Route change already tried once. (at simulation time 251.009,400,000 s)
2025-04-25 15:15:01,316 INFO  - Received message from veh_51 (at simulation time 252.005,000,000 s)
2025-04-25 15:15:01,316 INFO  - Processing DEN message (at simulation time 252.005,000,000 s)
2025-04-25 15:15:01,316 INFO  - Route change already tried once. (at simulation time 252.005,000,000 s)
2025-04-25 15:15:01,316 INFO  - Received message from veh_11 (at simulation time 252.005,900,000 s)
2025-04-25 15:15:01,316 INFO  - Processing DEN message (at simulation time 252.005,900,000 s)
2025-04-25 15:15:01,316 INFO  - Route change already tried once. (at simulation time 252.005,900,000 s)
2025-04-25 15:15:01,316 INFO  - Received message from veh_56 (at simulation time 252.006,000,000 s)
2025-04-25 15:15:01,316 INFO  - Processing DEN message (at simulation time 252.006,000,000 s)
2025-04-25 15:15:01,316 INFO  - Route change already tried once. (at simulation time 252.006,000,000 s)
2025-04-25 15:15:01,316 INFO  - Received message from veh_46 (at simulation time 252.007,000,000 s)
2025-04-25 15:15:01,316 INFO  - Processing DEN message (at simulation time 252.007,000,000 s)
2025-04-25 15:15:01,316 INFO  - Route change already tried once. (at simulation time 252.007,000,000 s)
2025-04-25 15:15:01,316 INFO  - Received message from veh_1 (at simulation time 252.007,400,000 s)
2025-04-25 15:15:01,316 INFO  - Processing DEN message (at simulation time 252.007,400,000 s)
2025-04-25 15:15:01,316 INFO  - Route change already tried once. (at simulation time 252.007,400,000 s)
2025-04-25 15:15:01,316 INFO  - Received message from veh_16 (at simulation time 252.007,400,000 s)
2025-04-25 15:15:01,316 INFO  - Processing DEN message (at simulation time 252.007,400,000 s)
2025-04-25 15:15:01,316 INFO  - Route change already tried once. (at simulation time 252.007,400,000 s)
2025-04-25 15:15:01,317 INFO  - Received message from veh_6 (at simulation time 252.009,400,000 s)
2025-04-25 15:15:01,317 INFO  - Processing DEN message (at simulation time 252.009,400,000 s)
2025-04-25 15:15:01,317 INFO  - Route change already tried once. (at simulation time 252.009,400,000 s)
2025-04-25 15:15:01,322 INFO  - Received message from veh_51 (at simulation time 253.006,900,000 s)
2025-04-25 15:15:01,322 INFO  - Processing DEN message (at simulation time 253.006,900,000 s)
2025-04-25 15:15:01,322 INFO  - Route change already tried once. (at simulation time 253.006,900,000 s)
2025-04-25 15:15:01,322 INFO  - Received message from veh_16 (at simulation time 253.007,800,000 s)
2025-04-25 15:15:01,322 INFO  - Processing DEN message (at simulation time 253.007,800,000 s)
2025-04-25 15:15:01,322 INFO  - Route change already tried once. (at simulation time 253.007,800,000 s)
2025-04-25 15:15:01,322 INFO  - Received message from veh_46 (at simulation time 253.008,400,000 s)
2025-04-25 15:15:01,322 INFO  - Processing DEN message (at simulation time 253.008,400,000 s)
2025-04-25 15:15:01,322 INFO  - Route change already tried once. (at simulation time 253.008,400,000 s)
2025-04-25 15:15:01,323 INFO  - Received message from veh_11 (at simulation time 253.009,300,000 s)
2025-04-25 15:15:01,323 INFO  - Processing DEN message (at simulation time 253.009,300,000 s)
2025-04-25 15:15:01,323 INFO  - Route change already tried once. (at simulation time 253.009,300,000 s)
2025-04-25 15:15:01,323 INFO  - Received message from veh_56 (at simulation time 253.009,400,000 s)
2025-04-25 15:15:01,323 INFO  - Processing DEN message (at simulation time 253.009,400,000 s)
2025-04-25 15:15:01,323 INFO  - Route change already tried once. (at simulation time 253.009,400,000 s)
2025-04-25 15:15:01,323 INFO  - Received message from veh_1 (at simulation time 253.009,800,000 s)
2025-04-25 15:15:01,323 INFO  - Processing DEN message (at simulation time 253.009,800,000 s)
2025-04-25 15:15:01,323 INFO  - Route change already tried once. (at simulation time 253.009,800,000 s)
2025-04-25 15:15:01,323 INFO  - Received message from veh_6 (at simulation time 253.009,800,000 s)
2025-04-25 15:15:01,323 INFO  - Processing DEN message (at simulation time 253.009,800,000 s)
2025-04-25 15:15:01,323 INFO  - Route change already tried once. (at simulation time 253.009,800,000 s)
2025-04-25 15:15:01,329 INFO  - Received message from veh_51 (at simulation time 254.005,900,000 s)
2025-04-25 15:15:01,329 INFO  - Processing DEN message (at simulation time 254.005,900,000 s)
2025-04-25 15:15:01,329 INFO  - Route change already tried once. (at simulation time 254.005,900,000 s)
2025-04-25 15:15:01,329 INFO  - Received message from veh_56 (at simulation time 254.007,000,000 s)
2025-04-25 15:15:01,329 INFO  - Processing DEN message (at simulation time 254.007,000,000 s)
2025-04-25 15:15:01,329 INFO  - Route change already tried once. (at simulation time 254.007,000,000 s)
2025-04-25 15:15:01,329 INFO  - Received message from veh_46 (at simulation time 254.007,900,000 s)
2025-04-25 15:15:01,329 INFO  - Processing DEN message (at simulation time 254.007,900,000 s)
2025-04-25 15:15:01,329 INFO  - Route change already tried once. (at simulation time 254.007,900,000 s)
2025-04-25 15:15:01,329 INFO  - Received message from veh_86 (at simulation time 254.008,500,000 s)
2025-04-25 15:15:01,329 INFO  - Processing DEN message (at simulation time 254.008,500,000 s)
2025-04-25 15:15:01,329 INFO  - Route change already tried once. (at simulation time 254.008,500,000 s)
2025-04-25 15:15:01,330 INFO  - Received message from veh_11 (at simulation time 254.009,400,000 s)
2025-04-25 15:15:01,330 INFO  - Processing DEN message (at simulation time 254.009,400,000 s)
2025-04-25 15:15:01,330 INFO  - Route change already tried once. (at simulation time 254.009,400,000 s)
2025-04-25 15:15:01,330 INFO  - Received message from veh_16 (at simulation time 254.009,400,000 s)
2025-04-25 15:15:01,330 INFO  - Processing DEN message (at simulation time 254.009,400,000 s)
2025-04-25 15:15:01,330 INFO  - Route change already tried once. (at simulation time 254.009,400,000 s)
2025-04-25 15:15:01,330 INFO  - Received message from veh_1 (at simulation time 254.011,300,000 s)
2025-04-25 15:15:01,330 INFO  - Processing DEN message (at simulation time 254.011,300,000 s)
2025-04-25 15:15:01,330 INFO  - Route change already tried once. (at simulation time 254.011,300,000 s)
2025-04-25 15:15:01,330 INFO  - Received message from veh_6 (at simulation time 254.013,300,000 s)
2025-04-25 15:15:01,330 INFO  - Processing DEN message (at simulation time 254.013,300,000 s)
2025-04-25 15:15:01,330 INFO  - Route change already tried once. (at simulation time 254.013,300,000 s)
2025-04-25 15:15:01,344 INFO  - Received message from veh_56 (at simulation time 255.006,000,000 s)
2025-04-25 15:15:01,344 INFO  - Processing DEN message (at simulation time 255.006,000,000 s)
2025-04-25 15:15:01,344 INFO  - Route change already tried once. (at simulation time 255.006,000,000 s)
2025-04-25 15:15:01,344 INFO  - Received message from veh_1 (at simulation time 255.007,300,000 s)
2025-04-25 15:15:01,344 INFO  - Processing DEN message (at simulation time 255.007,300,000 s)
2025-04-25 15:15:01,344 INFO  - Route change already tried once. (at simulation time 255.007,300,000 s)
2025-04-25 15:15:01,344 INFO  - Received message from veh_11 (at simulation time 255.007,400,000 s)
2025-04-25 15:15:01,344 INFO  - Processing DEN message (at simulation time 255.007,400,000 s)
2025-04-25 15:15:01,344 INFO  - Route change already tried once. (at simulation time 255.007,400,000 s)
2025-04-25 15:15:01,344 INFO  - Received message from veh_51 (at simulation time 255.007,900,000 s)
2025-04-25 15:15:01,344 INFO  - Processing DEN message (at simulation time 255.007,900,000 s)
2025-04-25 15:15:01,344 INFO  - Route change already tried once. (at simulation time 255.007,900,000 s)
2025-04-25 15:15:01,345 INFO  - Received message from veh_86 (at simulation time 255.008,500,000 s)
2025-04-25 15:15:01,345 INFO  - Processing DEN message (at simulation time 255.008,500,000 s)
2025-04-25 15:15:01,345 INFO  - Route change already tried once. (at simulation time 255.008,500,000 s)
2025-04-25 15:15:01,345 INFO  - Received message from veh_16 (at simulation time 255.009,900,000 s)
2025-04-25 15:15:01,345 INFO  - Processing DEN message (at simulation time 255.009,900,000 s)
2025-04-25 15:15:01,345 INFO  - Route change already tried once. (at simulation time 255.009,900,000 s)
2025-04-25 15:15:01,345 INFO  - Received message from veh_46 (at simulation time 255.011,900,000 s)
2025-04-25 15:15:01,345 INFO  - Processing DEN message (at simulation time 255.011,900,000 s)
2025-04-25 15:15:01,345 INFO  - Route change already tried once. (at simulation time 255.011,900,000 s)
2025-04-25 15:15:01,345 INFO  - Received message from veh_6 (at simulation time 255.013,300,000 s)
2025-04-25 15:15:01,345 INFO  - Processing DEN message (at simulation time 255.013,300,000 s)
2025-04-25 15:15:01,345 INFO  - Route change already tried once. (at simulation time 255.013,300,000 s)
2025-04-25 15:15:01,350 INFO  - Received message from veh_51 (at simulation time 256.002,900,000 s)
2025-04-25 15:15:01,350 INFO  - Processing DEN message (at simulation time 256.002,900,000 s)
2025-04-25 15:15:01,350 INFO  - Route change already tried once. (at simulation time 256.002,900,000 s)
2025-04-25 15:15:01,352 INFO  - Received message from veh_46 (at simulation time 256.005,900,000 s)
2025-04-25 15:15:01,352 INFO  - Processing DEN message (at simulation time 256.005,900,000 s)
2025-04-25 15:15:01,352 INFO  - Route change already tried once. (at simulation time 256.005,900,000 s)
2025-04-25 15:15:01,352 INFO  - Received message from veh_56 (at simulation time 256.006,500,000 s)
2025-04-25 15:15:01,352 INFO  - Processing DEN message (at simulation time 256.006,500,000 s)
2025-04-25 15:15:01,352 INFO  - Route change already tried once. (at simulation time 256.006,500,000 s)
2025-04-25 15:15:01,352 INFO  - Received message from veh_1 (at simulation time 256.008,300,000 s)
2025-04-25 15:15:01,352 INFO  - Processing DEN message (at simulation time 256.008,300,000 s)
2025-04-25 15:15:01,352 INFO  - Route change already tried once. (at simulation time 256.008,300,000 s)
2025-04-25 15:15:01,352 INFO  - Received message from veh_86 (at simulation time 256.008,500,000 s)
2025-04-25 15:15:01,352 INFO  - Processing DEN message (at simulation time 256.008,500,000 s)
2025-04-25 15:15:01,352 INFO  - Route change already tried once. (at simulation time 256.008,500,000 s)
2025-04-25 15:15:01,352 INFO  - Received message from veh_6 (at simulation time 256.009,300,000 s)
2025-04-25 15:15:01,352 INFO  - Processing DEN message (at simulation time 256.009,300,000 s)
2025-04-25 15:15:01,352 INFO  - Route change already tried once. (at simulation time 256.009,300,000 s)
2025-04-25 15:15:01,352 INFO  - Received message from veh_11 (at simulation time 256.009,900,000 s)
2025-04-25 15:15:01,352 INFO  - Processing DEN message (at simulation time 256.009,900,000 s)
2025-04-25 15:15:01,353 INFO  - Route change already tried once. (at simulation time 256.009,900,000 s)
2025-04-25 15:15:01,353 INFO  - Received message from veh_16 (at simulation time 256.010,400,000 s)
2025-04-25 15:15:01,353 INFO  - Processing DEN message (at simulation time 256.010,400,000 s)
2025-04-25 15:15:01,353 INFO  - Route change already tried once. (at simulation time 256.010,400,000 s)
2025-04-25 15:15:01,358 INFO  - Received message from veh_51 (at simulation time 257.004,000,000 s)
2025-04-25 15:15:01,358 INFO  - Processing DEN message (at simulation time 257.004,000,000 s)
2025-04-25 15:15:01,358 INFO  - Route change already tried once. (at simulation time 257.004,000,000 s)
2025-04-25 15:15:01,359 INFO  - Received message from veh_11 (at simulation time 257.006,900,000 s)
2025-04-25 15:15:01,359 INFO  - Processing DEN message (at simulation time 257.006,900,000 s)
2025-04-25 15:15:01,359 INFO  - Route change already tried once. (at simulation time 257.006,900,000 s)
2025-04-25 15:15:01,359 INFO  - Received message from veh_86 (at simulation time 257.007,000,000 s)
2025-04-25 15:15:01,359 INFO  - Processing DEN message (at simulation time 257.007,000,000 s)
2025-04-25 15:15:01,359 INFO  - Route change already tried once. (at simulation time 257.007,000,000 s)
2025-04-25 15:15:01,359 INFO  - Received message from veh_56 (at simulation time 257.007,500,000 s)
2025-04-25 15:15:01,359 INFO  - Processing DEN message (at simulation time 257.007,500,000 s)
2025-04-25 15:15:01,359 INFO  - Route change already tried once. (at simulation time 257.007,500,000 s)
2025-04-25 15:15:01,359 INFO  - Received message from veh_16 (at simulation time 257.007,900,000 s)
2025-04-25 15:15:01,359 INFO  - Processing DEN message (at simulation time 257.007,900,000 s)
2025-04-25 15:15:01,359 INFO  - Route change already tried once. (at simulation time 257.007,900,000 s)
2025-04-25 15:15:01,359 INFO  - Received message from veh_46 (at simulation time 257.007,900,000 s)
2025-04-25 15:15:01,359 INFO  - Processing DEN message (at simulation time 257.007,900,000 s)
2025-04-25 15:15:01,359 INFO  - Route change already tried once. (at simulation time 257.007,900,000 s)
2025-04-25 15:15:01,360 INFO  - Received message from veh_6 (at simulation time 257.009,900,000 s)
2025-04-25 15:15:01,360 INFO  - Processing DEN message (at simulation time 257.009,900,000 s)
2025-04-25 15:15:01,360 INFO  - Route change already tried once. (at simulation time 257.009,900,000 s)
2025-04-25 15:15:01,360 INFO  - Received message from veh_1 (at simulation time 257.011,800,000 s)
2025-04-25 15:15:01,360 INFO  - Processing DEN message (at simulation time 257.011,800,000 s)
2025-04-25 15:15:01,360 INFO  - Route change already tried once. (at simulation time 257.011,800,000 s)
2025-04-25 15:15:01,365 INFO  - Received message from veh_56 (at simulation time 258.006,500,000 s)
2025-04-25 15:15:01,365 INFO  - Processing DEN message (at simulation time 258.006,500,000 s)
2025-04-25 15:15:01,365 INFO  - Route change already tried once. (at simulation time 258.006,500,000 s)
2025-04-25 15:15:01,366 INFO  - Received message from veh_51 (at simulation time 258.008,000,000 s)
2025-04-25 15:15:01,366 INFO  - Processing DEN message (at simulation time 258.008,000,000 s)
2025-04-25 15:15:01,366 INFO  - Route change already tried once. (at simulation time 258.008,000,000 s)
2025-04-25 15:15:01,366 INFO  - Received message from veh_1 (at simulation time 258.008,800,000 s)
2025-04-25 15:15:01,366 INFO  - Processing DEN message (at simulation time 258.008,800,000 s)
2025-04-25 15:15:01,366 INFO  - Route change already tried once. (at simulation time 258.008,800,000 s)
2025-04-25 15:15:01,366 INFO  - Received message from veh_11 (at simulation time 258.008,900,000 s)
2025-04-25 15:15:01,366 INFO  - Processing DEN message (at simulation time 258.008,900,000 s)
2025-04-25 15:15:01,366 INFO  - Route change already tried once. (at simulation time 258.008,900,000 s)
2025-04-25 15:15:01,366 INFO  - Received message from veh_46 (at simulation time 258.009,400,000 s)
2025-04-25 15:15:01,366 INFO  - Processing DEN message (at simulation time 258.009,400,000 s)
2025-04-25 15:15:01,366 INFO  - Route change already tried once. (at simulation time 258.009,400,000 s)
2025-04-25 15:15:01,366 INFO  - Received message from veh_86 (at simulation time 258.009,500,000 s)
2025-04-25 15:15:01,366 INFO  - Processing DEN message (at simulation time 258.009,500,000 s)
2025-04-25 15:15:01,366 INFO  - Route change already tried once. (at simulation time 258.009,500,000 s)
2025-04-25 15:15:01,366 INFO  - Received message from veh_16 (at simulation time 258.009,900,000 s)
2025-04-25 15:15:01,366 INFO  - Processing DEN message (at simulation time 258.009,900,000 s)
2025-04-25 15:15:01,366 INFO  - Route change already tried once. (at simulation time 258.009,900,000 s)
2025-04-25 15:15:01,366 INFO  - Received message from veh_6 (at simulation time 258.011,400,000 s)
2025-04-25 15:15:01,366 INFO  - Processing DEN message (at simulation time 258.011,400,000 s)
2025-04-25 15:15:01,366 INFO  - Route change already tried once. (at simulation time 258.011,400,000 s)
2025-04-25 15:15:01,371 INFO  - Received message from veh_86 (at simulation time 259.004,000,000 s)
2025-04-25 15:15:01,371 INFO  - Processing DEN message (at simulation time 259.004,000,000 s)
2025-04-25 15:15:01,371 INFO  - Route change already tried once. (at simulation time 259.004,000,000 s)
2025-04-25 15:15:01,372 INFO  - Received message from veh_51 (at simulation time 259.005,500,000 s)
2025-04-25 15:15:01,372 INFO  - Processing DEN message (at simulation time 259.005,500,000 s)
2025-04-25 15:15:01,372 INFO  - Route change already tried once. (at simulation time 259.005,500,000 s)
2025-04-25 15:15:01,372 INFO  - Received message from veh_6 (at simulation time 259.006,400,000 s)
2025-04-25 15:15:01,372 INFO  - Processing DEN message (at simulation time 259.006,400,000 s)
2025-04-25 15:15:01,372 INFO  - Route change already tried once. (at simulation time 259.006,400,000 s)
2025-04-25 15:15:01,372 INFO  - Received message from veh_1 (at simulation time 259.006,800,000 s)
2025-04-25 15:15:01,372 INFO  - Processing DEN message (at simulation time 259.006,800,000 s)
2025-04-25 15:15:01,372 INFO  - Route change already tried once. (at simulation time 259.006,800,000 s)
2025-04-25 15:15:01,372 INFO  - Received message from veh_16 (at simulation time 259.007,900,000 s)
2025-04-25 15:15:01,372 INFO  - Processing DEN message (at simulation time 259.007,900,000 s)
2025-04-25 15:15:01,372 INFO  - Route change already tried once. (at simulation time 259.007,900,000 s)
2025-04-25 15:15:01,373 INFO  - Received message from veh_56 (at simulation time 259.008,000,000 s)
2025-04-25 15:15:01,373 INFO  - Processing DEN message (at simulation time 259.008,000,000 s)
2025-04-25 15:15:01,373 INFO  - Route change already tried once. (at simulation time 259.008,000,000 s)
2025-04-25 15:15:01,373 INFO  - Received message from veh_11 (at simulation time 259.008,400,000 s)
2025-04-25 15:15:01,373 INFO  - Processing DEN message (at simulation time 259.008,400,000 s)
2025-04-25 15:15:01,373 INFO  - Route change already tried once. (at simulation time 259.008,400,000 s)
2025-04-25 15:15:01,373 INFO  - Received message from veh_46 (at simulation time 259.008,400,000 s)
2025-04-25 15:15:01,373 INFO  - Processing DEN message (at simulation time 259.008,400,000 s)
2025-04-25 15:15:01,373 INFO  - Route change already tried once. (at simulation time 259.008,400,000 s)
2025-04-25 15:15:01,390 INFO  - Received message from veh_56 (at simulation time 260.005,000,000 s)
2025-04-25 15:15:01,390 INFO  - Processing DEN message (at simulation time 260.005,000,000 s)
2025-04-25 15:15:01,390 INFO  - Route change already tried once. (at simulation time 260.005,000,000 s)
2025-04-25 15:15:01,391 INFO  - Received message from veh_86 (at simulation time 260.006,000,000 s)
2025-04-25 15:15:01,391 INFO  - Processing DEN message (at simulation time 260.006,000,000 s)
2025-04-25 15:15:01,391 INFO  - Route change already tried once. (at simulation time 260.006,000,000 s)
2025-04-25 15:15:01,391 INFO  - Received message from veh_51 (at simulation time 260.007,000,000 s)
2025-04-25 15:15:01,391 INFO  - Processing DEN message (at simulation time 260.007,000,000 s)
2025-04-25 15:15:01,391 INFO  - Route change already tried once. (at simulation time 260.007,000,000 s)
2025-04-25 15:15:01,391 INFO  - Received message from veh_11 (at simulation time 260.007,400,000 s)
2025-04-25 15:15:01,391 INFO  - Processing DEN message (at simulation time 260.007,400,000 s)
2025-04-25 15:15:01,391 INFO  - Route change already tried once. (at simulation time 260.007,400,000 s)
2025-04-25 15:15:01,391 INFO  - Received message from veh_46 (at simulation time 260.007,500,000 s)
2025-04-25 15:15:01,391 INFO  - Processing DEN message (at simulation time 260.007,500,000 s)
2025-04-25 15:15:01,391 INFO  - Route change already tried once. (at simulation time 260.007,500,000 s)
2025-04-25 15:15:01,391 INFO  - Received message from veh_1 (at simulation time 260.007,900,000 s)
2025-04-25 15:15:01,391 INFO  - Processing DEN message (at simulation time 260.007,900,000 s)
2025-04-25 15:15:01,391 INFO  - Route change already tried once. (at simulation time 260.007,900,000 s)
2025-04-25 15:15:01,391 INFO  - Received message from veh_6 (at simulation time 260.008,900,000 s)
2025-04-25 15:15:01,391 INFO  - Processing DEN message (at simulation time 260.008,900,000 s)
2025-04-25 15:15:01,391 INFO  - Route change already tried once. (at simulation time 260.008,900,000 s)
2025-04-25 15:15:01,391 INFO  - Received message from veh_16 (at simulation time 260.010,400,000 s)
2025-04-25 15:15:01,391 INFO  - Processing DEN message (at simulation time 260.010,400,000 s)
2025-04-25 15:15:01,391 INFO  - Route change already tried once. (at simulation time 260.010,400,000 s)
2025-04-25 15:15:01,397 INFO  - Received message from veh_56 (at simulation time 261.006,500,000 s)
2025-04-25 15:15:01,397 INFO  - Processing DEN message (at simulation time 261.006,500,000 s)
2025-04-25 15:15:01,397 INFO  - Route change already tried once. (at simulation time 261.006,500,000 s)
2025-04-25 15:15:01,397 INFO  - Received message from veh_16 (at simulation time 261.006,900,000 s)
2025-04-25 15:15:01,397 INFO  - Processing DEN message (at simulation time 261.006,900,000 s)
2025-04-25 15:15:01,397 INFO  - Route change already tried once. (at simulation time 261.006,900,000 s)
2025-04-25 15:15:01,397 INFO  - Received message from veh_86 (at simulation time 261.007,000,000 s)
2025-04-25 15:15:01,397 INFO  - Processing DEN message (at simulation time 261.007,000,000 s)
2025-04-25 15:15:01,397 INFO  - Route change already tried once. (at simulation time 261.007,000,000 s)
2025-04-25 15:15:01,398 INFO  - Received message from veh_46 (at simulation time 261.008,000,000 s)
2025-04-25 15:15:01,398 INFO  - Processing DEN message (at simulation time 261.008,000,000 s)
2025-04-25 15:15:01,398 INFO  - Route change already tried once. (at simulation time 261.008,000,000 s)
2025-04-25 15:15:01,398 INFO  - Received message from veh_1 (at simulation time 261.008,400,000 s)
2025-04-25 15:15:01,398 INFO  - Processing DEN message (at simulation time 261.008,400,000 s)
2025-04-25 15:15:01,398 INFO  - Route change already tried once. (at simulation time 261.008,400,000 s)
2025-04-25 15:15:01,398 INFO  - Received message from veh_6 (at simulation time 261.008,400,000 s)
2025-04-25 15:15:01,398 INFO  - Processing DEN message (at simulation time 261.008,400,000 s)
2025-04-25 15:15:01,398 INFO  - Route change already tried once. (at simulation time 261.008,400,000 s)
2025-04-25 15:15:01,398 INFO  - Received message from veh_51 (at simulation time 261.009,500,000 s)
2025-04-25 15:15:01,398 INFO  - Processing DEN message (at simulation time 261.009,500,000 s)
2025-04-25 15:15:01,398 INFO  - Route change already tried once. (at simulation time 261.009,500,000 s)
2025-04-25 15:15:01,398 INFO  - Received message from veh_11 (at simulation time 261.009,900,000 s)
2025-04-25 15:15:01,398 INFO  - Processing DEN message (at simulation time 261.009,900,000 s)
2025-04-25 15:15:01,398 INFO  - Route change already tried once. (at simulation time 261.009,900,000 s)
2025-04-25 15:15:01,404 INFO  - Received message from veh_86 (at simulation time 262.005,000,000 s)
2025-04-25 15:15:01,404 INFO  - Processing DEN message (at simulation time 262.005,000,000 s)
2025-04-25 15:15:01,404 INFO  - Route change already tried once. (at simulation time 262.005,000,000 s)
2025-04-25 15:15:01,405 INFO  - Received message from veh_56 (at simulation time 262.007,000,000 s)
2025-04-25 15:15:01,405 INFO  - Processing DEN message (at simulation time 262.007,000,000 s)
2025-04-25 15:15:01,405 INFO  - Route change already tried once. (at simulation time 262.007,000,000 s)
2025-04-25 15:15:01,405 INFO  - Received message from veh_6 (at simulation time 262.007,400,000 s)
2025-04-25 15:15:01,405 INFO  - Processing DEN message (at simulation time 262.007,400,000 s)
2025-04-25 15:15:01,405 INFO  - Route change already tried once. (at simulation time 262.007,400,000 s)
2025-04-25 15:15:01,405 INFO  - Received message from veh_16 (at simulation time 262.007,900,000 s)
2025-04-25 15:15:01,405 INFO  - Processing DEN message (at simulation time 262.007,900,000 s)
2025-04-25 15:15:01,405 INFO  - Route change already tried once. (at simulation time 262.007,900,000 s)
2025-04-25 15:15:01,405 INFO  - Received message from veh_46 (at simulation time 262.008,000,000 s)
2025-04-25 15:15:01,405 INFO  - Processing DEN message (at simulation time 262.008,000,000 s)
2025-04-25 15:15:01,405 INFO  - Route change already tried once. (at simulation time 262.008,000,000 s)
2025-04-25 15:15:01,405 INFO  - Received message from veh_51 (at simulation time 262.008,000,000 s)
2025-04-25 15:15:01,405 INFO  - Processing DEN message (at simulation time 262.008,000,000 s)
2025-04-25 15:15:01,405 INFO  - Route change already tried once. (at simulation time 262.008,000,000 s)
2025-04-25 15:15:01,405 INFO  - Received message from veh_11 (at simulation time 262.009,900,000 s)
2025-04-25 15:15:01,405 INFO  - Processing DEN message (at simulation time 262.009,900,000 s)
2025-04-25 15:15:01,405 INFO  - Route change already tried once. (at simulation time 262.009,900,000 s)
2025-04-25 15:15:01,405 INFO  - Received message from veh_1 (at simulation time 262.010,400,000 s)
2025-04-25 15:15:01,405 INFO  - Processing DEN message (at simulation time 262.010,400,000 s)
2025-04-25 15:15:01,405 INFO  - Route change already tried once. (at simulation time 262.010,400,000 s)
2025-04-25 15:15:01,411 INFO  - Received message from veh_46 (at simulation time 263.004,500,000 s)
2025-04-25 15:15:01,411 INFO  - Processing DEN message (at simulation time 263.004,500,000 s)
2025-04-25 15:15:01,411 INFO  - Route change already tried once. (at simulation time 263.004,500,000 s)
2025-04-25 15:15:01,411 INFO  - Received message from veh_51 (at simulation time 263.005,500,000 s)
2025-04-25 15:15:01,411 INFO  - Processing DEN message (at simulation time 263.005,500,000 s)
2025-04-25 15:15:01,411 INFO  - Route change already tried once. (at simulation time 263.005,500,000 s)
2025-04-25 15:15:01,411 INFO  - Received message from veh_86 (at simulation time 263.005,500,000 s)
2025-04-25 15:15:01,411 INFO  - Processing DEN message (at simulation time 263.005,500,000 s)
2025-04-25 15:15:01,411 INFO  - Route change already tried once. (at simulation time 263.005,500,000 s)
2025-04-25 15:15:01,411 INFO  - Received message from veh_1 (at simulation time 263.006,400,000 s)
2025-04-25 15:15:01,411 INFO  - Processing DEN message (at simulation time 263.006,400,000 s)
2025-04-25 15:15:01,411 INFO  - Route change already tried once. (at simulation time 263.006,400,000 s)
2025-04-25 15:15:01,411 INFO  - Received message from veh_11 (at simulation time 263.007,400,000 s)
2025-04-25 15:15:01,411 INFO  - Processing DEN message (at simulation time 263.007,400,000 s)
2025-04-25 15:15:01,411 INFO  - Route change already tried once. (at simulation time 263.007,400,000 s)
2025-04-25 15:15:01,412 INFO  - Received message from veh_56 (at simulation time 263.009,500,000 s)
2025-04-25 15:15:01,412 INFO  - Processing DEN message (at simulation time 263.009,500,000 s)
2025-04-25 15:15:01,412 INFO  - Route change already tried once. (at simulation time 263.009,500,000 s)
2025-04-25 15:15:01,412 INFO  - Received message from veh_6 (at simulation time 263.009,900,000 s)
2025-04-25 15:15:01,412 INFO  - Processing DEN message (at simulation time 263.009,900,000 s)
2025-04-25 15:15:01,412 INFO  - Route change already tried once. (at simulation time 263.009,900,000 s)
2025-04-25 15:15:01,412 INFO  - Received message from veh_16 (at simulation time 263.009,900,000 s)
2025-04-25 15:15:01,412 INFO  - Processing DEN message (at simulation time 263.009,900,000 s)
2025-04-25 15:15:01,412 INFO  - Route change already tried once. (at simulation time 263.009,900,000 s)
2025-04-25 15:15:01,420 INFO  - Received message from veh_86 (at simulation time 264.005,000,000 s)
2025-04-25 15:15:01,420 INFO  - Processing DEN message (at simulation time 264.005,000,000 s)
2025-04-25 15:15:01,420 INFO  - Route change already tried once. (at simulation time 264.005,000,000 s)
2025-04-25 15:15:01,420 INFO  - Received message from veh_6 (at simulation time 264.005,800,000 s)
2025-04-25 15:15:01,420 INFO  - Processing DEN message (at simulation time 264.005,800,000 s)
2025-04-25 15:15:01,420 INFO  - Route change already tried once. (at simulation time 264.005,800,000 s)
2025-04-25 15:15:01,420 INFO  - Received message from veh_51 (at simulation time 264.006,400,000 s)
2025-04-25 15:15:01,420 INFO  - Processing DEN message (at simulation time 264.006,400,000 s)
2025-04-25 15:15:01,420 INFO  - Route change already tried once. (at simulation time 264.006,400,000 s)
2025-04-25 15:15:01,420 INFO  - Received message from veh_91 (at simulation time 264.006,500,000 s)
2025-04-25 15:15:01,420 INFO  - Processing DEN message (at simulation time 264.006,500,000 s)
2025-04-25 15:15:01,420 INFO  - Route change already tried once. (at simulation time 264.006,500,000 s)
2025-04-25 15:15:01,420 INFO  - Received message from veh_46 (at simulation time 264.006,900,000 s)
2025-04-25 15:15:01,420 INFO  - Processing DEN message (at simulation time 264.006,900,000 s)
2025-04-25 15:15:01,420 INFO  - Route change already tried once. (at simulation time 264.006,900,000 s)
2025-04-25 15:15:01,421 INFO  - Received message from veh_56 (at simulation time 264.010,900,000 s)
2025-04-25 15:15:01,421 INFO  - Processing DEN message (at simulation time 264.010,900,000 s)
2025-04-25 15:15:01,421 INFO  - Route change already tried once. (at simulation time 264.010,900,000 s)
2025-04-25 15:15:01,421 INFO  - Received message from veh_11 (at simulation time 264.011,300,000 s)
2025-04-25 15:15:01,421 INFO  - Processing DEN message (at simulation time 264.011,300,000 s)
2025-04-25 15:15:01,421 INFO  - Route change already tried once. (at simulation time 264.011,300,000 s)
2025-04-25 15:15:01,421 INFO  - Received message from veh_1 (at simulation time 264.011,800,000 s)
2025-04-25 15:15:01,421 INFO  - Processing DEN message (at simulation time 264.011,800,000 s)
2025-04-25 15:15:01,421 INFO  - Route change already tried once. (at simulation time 264.011,800,000 s)
2025-04-25 15:15:01,421 INFO  - Received message from veh_16 (at simulation time 264.011,800,000 s)
2025-04-25 15:15:01,421 INFO  - Processing DEN message (at simulation time 264.011,800,000 s)
2025-04-25 15:15:01,421 INFO  - Route change already tried once. (at simulation time 264.011,800,000 s)
2025-04-25 15:15:01,438 INFO  - Received message from veh_86 (at simulation time 265.006,000,000 s)
2025-04-25 15:15:01,438 INFO  - Processing DEN message (at simulation time 265.006,000,000 s)
2025-04-25 15:15:01,438 INFO  - Route change already tried once. (at simulation time 265.006,000,000 s)
2025-04-25 15:15:01,439 INFO  - Received message from veh_91 (at simulation time 265.008,500,000 s)
2025-04-25 15:15:01,439 INFO  - Processing DEN message (at simulation time 265.008,500,000 s)
2025-04-25 15:15:01,439 INFO  - Route change already tried once. (at simulation time 265.008,500,000 s)
2025-04-25 15:15:01,439 INFO  - Received message from veh_51 (at simulation time 265.009,400,000 s)
2025-04-25 15:15:01,439 INFO  - Processing DEN message (at simulation time 265.009,400,000 s)
2025-04-25 15:15:01,439 INFO  - Route change already tried once. (at simulation time 265.009,400,000 s)
2025-04-25 15:15:01,439 INFO  - Received message from veh_56 (at simulation time 265.009,400,000 s)
2025-04-25 15:15:01,439 INFO  - Processing DEN message (at simulation time 265.009,400,000 s)
2025-04-25 15:15:01,439 INFO  - Route change already tried once. (at simulation time 265.009,400,000 s)
2025-04-25 15:15:01,439 INFO  - Received message from veh_46 (at simulation time 265.010,400,000 s)
2025-04-25 15:15:01,439 INFO  - Processing DEN message (at simulation time 265.010,400,000 s)
2025-04-25 15:15:01,439 INFO  - Route change already tried once. (at simulation time 265.010,400,000 s)
2025-04-25 15:15:01,439 INFO  - Received message from veh_11 (at simulation time 265.010,800,000 s)
2025-04-25 15:15:01,439 INFO  - Processing DEN message (at simulation time 265.010,800,000 s)
2025-04-25 15:15:01,439 INFO  - Route change already tried once. (at simulation time 265.010,800,000 s)
2025-04-25 15:15:01,439 INFO  - Received message from veh_16 (at simulation time 265.010,800,000 s)
2025-04-25 15:15:01,439 INFO  - Processing DEN message (at simulation time 265.010,800,000 s)
2025-04-25 15:15:01,439 INFO  - Route change already tried once. (at simulation time 265.010,800,000 s)
2025-04-25 15:15:01,439 INFO  - Received message from veh_1 (at simulation time 265.011,300,000 s)
2025-04-25 15:15:01,439 INFO  - Processing DEN message (at simulation time 265.011,300,000 s)
2025-04-25 15:15:01,439 INFO  - Route change already tried once. (at simulation time 265.011,300,000 s)
2025-04-25 15:15:01,439 INFO  - Received message from veh_6 (at simulation time 265.012,300,000 s)
2025-04-25 15:15:01,439 INFO  - Processing DEN message (at simulation time 265.012,300,000 s)
2025-04-25 15:15:01,439 INFO  - Route change already tried once. (at simulation time 265.012,300,000 s)
2025-04-25 15:15:02,168 INFO  - Shutdown application (at simulation time 376.000,000,000 s)
