2025-04-25 15:15:00,722 INFO  - Initialize application (at simulation time 168.000,000,000 s)
2025-04-25 15:15:00,722 INFO  - Activated AdHoc Module (at simulation time 168.000,000,000 s)
2025-04-25 15:15:00,742 INFO  - Received message from veh_16 (at simulation time 170.003,500,000 s)
2025-04-25 15:15:00,742 INFO  - Processing DEN message (at simulation time 170.003,500,000 s)
2025-04-25 15:15:00,742 INFO  - The event occurred on connection with id=311964536_1313885442_2879911873, which is part of vehicle's route with id=1 (at simulation time 170.003,500,000 s)
2025-04-25 15:15:00,743 INFO  - Sending Change Route Command at position: GeoPoint{lat=52.655683,lon=13.569067,alt=0.00} (at simulation time 170.003,500,000 s)
2025-04-25 15:15:00,750 INFO  - Received message from veh_16 (at simulation time 171.005,500,000 s)
2025-04-25 15:15:00,750 INFO  - Processing DEN message (at simulation time 171.005,500,000 s)
2025-04-25 15:15:00,750 INFO  - Route change already tried once. (at simulation time 171.005,500,000 s)
2025-04-25 15:15:00,758 INFO  - Received message from veh_16 (at simulation time 172.004,000,000 s)
2025-04-25 15:15:00,758 INFO  - Processing DEN message (at simulation time 172.004,000,000 s)
2025-04-25 15:15:00,758 INFO  - Route change already tried once. (at simulation time 172.004,000,000 s)
2025-04-25 15:15:00,763 INFO  - Received message from veh_16 (at simulation time 173.007,000,000 s)
2025-04-25 15:15:00,763 INFO  - Processing DEN message (at simulation time 173.007,000,000 s)
2025-04-25 15:15:00,763 INFO  - Route change already tried once. (at simulation time 173.007,000,000 s)
2025-04-25 15:15:00,763 INFO  - Received message from veh_11 (at simulation time 173.009,000,000 s)
2025-04-25 15:15:00,763 INFO  - Processing DEN message (at simulation time 173.009,000,000 s)
2025-04-25 15:15:00,763 INFO  - Route change already tried once. (at simulation time 173.009,000,000 s)
2025-04-25 15:15:00,770 INFO  - Received message from veh_46 (at simulation time 174.004,600,000 s)
2025-04-25 15:15:00,770 INFO  - Processing DEN message (at simulation time 174.004,600,000 s)
2025-04-25 15:15:00,770 INFO  - Route change already tried once. (at simulation time 174.004,600,000 s)
2025-04-25 15:15:00,771 INFO  - Received message from veh_16 (at simulation time 174.008,500,000 s)
2025-04-25 15:15:00,771 INFO  - Processing DEN message (at simulation time 174.008,500,000 s)
2025-04-25 15:15:00,771 INFO  - Route change already tried once. (at simulation time 174.008,500,000 s)
2025-04-25 15:15:00,771 INFO  - Received message from veh_11 (at simulation time 174.011,500,000 s)
2025-04-25 15:15:00,771 INFO  - Processing DEN message (at simulation time 174.011,500,000 s)
2025-04-25 15:15:00,771 INFO  - Route change already tried once. (at simulation time 174.011,500,000 s)
2025-04-25 15:15:01,226 INFO  - Received message from veh_56 (at simulation time 242.001,300,000 s)
2025-04-25 15:15:01,226 INFO  - Processing DEN message (at simulation time 242.001,300,000 s)
2025-04-25 15:15:01,226 INFO  - Route change already tried once. (at simulation time 242.001,300,000 s)
2025-04-25 15:15:01,232 INFO  - Received message from veh_16 (at simulation time 242.004,200,000 s)
2025-04-25 15:15:01,232 INFO  - Processing DEN message (at simulation time 242.004,200,000 s)
2025-04-25 15:15:01,232 INFO  - Route change already tried once. (at simulation time 242.004,200,000 s)
2025-04-25 15:15:01,232 INFO  - Received message from veh_46 (at simulation time 242.004,200,000 s)
2025-04-25 15:15:01,232 INFO  - Processing DEN message (at simulation time 242.004,200,000 s)
2025-04-25 15:15:01,232 INFO  - Route change already tried once. (at simulation time 242.004,200,000 s)
2025-04-25 15:15:01,232 INFO  - Received message from veh_51 (at simulation time 242.004,200,000 s)
2025-04-25 15:15:01,232 INFO  - Processing DEN message (at simulation time 242.004,200,000 s)
2025-04-25 15:15:01,232 INFO  - Route change already tried once. (at simulation time 242.004,200,000 s)
2025-04-25 15:15:01,233 INFO  - Received message from veh_6 (at simulation time 242.005,100,000 s)
2025-04-25 15:15:01,233 INFO  - Processing DEN message (at simulation time 242.005,100,000 s)
2025-04-25 15:15:01,233 INFO  - Route change already tried once. (at simulation time 242.005,100,000 s)
2025-04-25 15:15:01,234 INFO  - Received message from veh_1 (at simulation time 242.006,100,000 s)
2025-04-25 15:15:01,234 INFO  - Processing DEN message (at simulation time 242.006,100,000 s)
2025-04-25 15:15:01,234 INFO  - Route change already tried once. (at simulation time 242.006,100,000 s)
2025-04-25 15:15:01,234 INFO  - Received message from veh_11 (at simulation time 242.006,200,000 s)
2025-04-25 15:15:01,234 INFO  - Processing DEN message (at simulation time 242.006,200,000 s)
2025-04-25 15:15:01,234 INFO  - Route change already tried once. (at simulation time 242.006,200,000 s)
2025-04-25 15:15:01,240 INFO  - Received message from veh_51 (at simulation time 243.002,700,000 s)
2025-04-25 15:15:01,240 INFO  - Processing DEN message (at simulation time 243.002,700,000 s)
2025-04-25 15:15:01,240 INFO  - Route change already tried once. (at simulation time 243.002,700,000 s)
2025-04-25 15:15:01,241 INFO  - Received message from veh_56 (at simulation time 243.003,300,000 s)
2025-04-25 15:15:01,241 INFO  - Processing DEN message (at simulation time 243.003,300,000 s)
2025-04-25 15:15:01,241 INFO  - Route change already tried once. (at simulation time 243.003,300,000 s)
2025-04-25 15:15:01,241 INFO  - Received message from veh_11 (at simulation time 243.003,700,000 s)
2025-04-25 15:15:01,241 INFO  - Processing DEN message (at simulation time 243.003,700,000 s)
2025-04-25 15:15:01,241 INFO  - Route change already tried once. (at simulation time 243.003,700,000 s)
2025-04-25 15:15:01,241 INFO  - Received message from veh_16 (at simulation time 243.003,700,000 s)
2025-04-25 15:15:01,241 INFO  - Processing DEN message (at simulation time 243.003,700,000 s)
2025-04-25 15:15:01,241 INFO  - Route change already tried once. (at simulation time 243.003,700,000 s)
2025-04-25 15:15:01,241 INFO  - Received message from veh_46 (at simulation time 243.004,200,000 s)
2025-04-25 15:15:01,241 INFO  - Processing DEN message (at simulation time 243.004,200,000 s)
2025-04-25 15:15:01,241 INFO  - Route change already tried once. (at simulation time 243.004,200,000 s)
2025-04-25 15:15:01,241 INFO  - Received message from veh_1 (at simulation time 243.006,100,000 s)
2025-04-25 15:15:01,241 INFO  - Processing DEN message (at simulation time 243.006,100,000 s)
2025-04-25 15:15:01,241 INFO  - Route change already tried once. (at simulation time 243.006,100,000 s)
2025-04-25 15:15:01,242 INFO  - Received message from veh_6 (at simulation time 243.006,100,000 s)
2025-04-25 15:15:01,242 INFO  - Processing DEN message (at simulation time 243.006,100,000 s)
2025-04-25 15:15:01,242 INFO  - Route change already tried once. (at simulation time 243.006,100,000 s)
2025-04-25 15:15:01,247 INFO  - Received message from veh_56 (at simulation time 244.001,800,000 s)
2025-04-25 15:15:01,247 INFO  - Processing DEN message (at simulation time 244.001,800,000 s)
2025-04-25 15:15:01,247 INFO  - Route change already tried once. (at simulation time 244.001,800,000 s)
2025-04-25 15:15:01,247 INFO  - Received message from veh_16 (at simulation time 244.002,700,000 s)
2025-04-25 15:15:01,247 INFO  - Processing DEN message (at simulation time 244.002,700,000 s)
2025-04-25 15:15:01,247 INFO  - Route change already tried once. (at simulation time 244.002,700,000 s)
2025-04-25 15:15:01,247 INFO  - Received message from veh_51 (at simulation time 244.002,700,000 s)
2025-04-25 15:15:01,247 INFO  - Processing DEN message (at simulation time 244.002,700,000 s)
2025-04-25 15:15:01,247 INFO  - Route change already tried once. (at simulation time 244.002,700,000 s)
2025-04-25 15:15:01,247 INFO  - Received message from veh_11 (at simulation time 244.003,700,000 s)
2025-04-25 15:15:01,247 INFO  - Processing DEN message (at simulation time 244.003,700,000 s)
2025-04-25 15:15:01,247 INFO  - Route change already tried once. (at simulation time 244.003,700,000 s)
2025-04-25 15:15:01,247 INFO  - Received message from veh_46 (at simulation time 244.003,700,000 s)
2025-04-25 15:15:01,247 INFO  - Processing DEN message (at simulation time 244.003,700,000 s)
2025-04-25 15:15:01,247 INFO  - Route change already tried once. (at simulation time 244.003,700,000 s)
2025-04-25 15:15:01,248 INFO  - Received message from veh_1 (at simulation time 244.005,600,000 s)
2025-04-25 15:15:01,248 INFO  - Processing DEN message (at simulation time 244.005,600,000 s)
2025-04-25 15:15:01,248 INFO  - Route change already tried once. (at simulation time 244.005,600,000 s)
2025-04-25 15:15:01,248 INFO  - Received message from veh_6 (at simulation time 244.006,600,000 s)
2025-04-25 15:15:01,248 INFO  - Processing DEN message (at simulation time 244.006,600,000 s)
2025-04-25 15:15:01,248 INFO  - Route change already tried once. (at simulation time 244.006,600,000 s)
2025-04-25 15:15:01,260 INFO  - Received message from veh_16 (at simulation time 245.003,700,000 s)
2025-04-25 15:15:01,260 INFO  - Processing DEN message (at simulation time 245.003,700,000 s)
2025-04-25 15:15:01,260 INFO  - Route change already tried once. (at simulation time 245.003,700,000 s)
2025-04-25 15:15:01,260 INFO  - Received message from veh_51 (at simulation time 245.004,300,000 s)
2025-04-25 15:15:01,260 INFO  - Processing DEN message (at simulation time 245.004,300,000 s)
2025-04-25 15:15:01,260 INFO  - Route change already tried once. (at simulation time 245.004,300,000 s)
2025-04-25 15:15:01,260 INFO  - Received message from veh_56 (at simulation time 245.004,800,000 s)
2025-04-25 15:15:01,261 INFO  - Processing DEN message (at simulation time 245.004,800,000 s)
2025-04-25 15:15:01,261 INFO  - Route change already tried once. (at simulation time 245.004,800,000 s)
2025-04-25 15:15:01,261 INFO  - Received message from veh_1 (at simulation time 245.005,100,000 s)
2025-04-25 15:15:01,261 INFO  - Processing DEN message (at simulation time 245.005,100,000 s)
2025-04-25 15:15:01,261 INFO  - Route change already tried once. (at simulation time 245.005,100,000 s)
2025-04-25 15:15:01,261 INFO  - Received message from veh_11 (at simulation time 245.005,200,000 s)
2025-04-25 15:15:01,261 INFO  - Processing DEN message (at simulation time 245.005,200,000 s)
2025-04-25 15:15:01,261 INFO  - Route change already tried once. (at simulation time 245.005,200,000 s)
2025-04-25 15:15:01,261 INFO  - Received message from veh_6 (at simulation time 245.005,700,000 s)
2025-04-25 15:15:01,261 INFO  - Processing DEN message (at simulation time 245.005,700,000 s)
2025-04-25 15:15:01,261 INFO  - Route change already tried once. (at simulation time 245.005,700,000 s)
2025-04-25 15:15:01,261 INFO  - Received message from veh_46 (at simulation time 245.006,700,000 s)
2025-04-25 15:15:01,261 INFO  - Processing DEN message (at simulation time 245.006,700,000 s)
2025-04-25 15:15:01,261 INFO  - Route change already tried once. (at simulation time 245.006,700,000 s)
2025-04-25 15:15:01,266 INFO  - Received message from veh_56 (at simulation time 246.002,300,000 s)
2025-04-25 15:15:01,266 INFO  - Processing DEN message (at simulation time 246.002,300,000 s)
2025-04-25 15:15:01,266 INFO  - Route change already tried once. (at simulation time 246.002,300,000 s)
2025-04-25 15:15:01,266 INFO  - Received message from veh_11 (at simulation time 246.002,700,000 s)
2025-04-25 15:15:01,266 INFO  - Processing DEN message (at simulation time 246.002,700,000 s)
2025-04-25 15:15:01,266 INFO  - Route change already tried once. (at simulation time 246.002,700,000 s)
2025-04-25 15:15:01,267 INFO  - Received message from veh_1 (at simulation time 246.004,100,000 s)
2025-04-25 15:15:01,267 INFO  - Processing DEN message (at simulation time 246.004,100,000 s)
2025-04-25 15:15:01,267 INFO  - Route change already tried once. (at simulation time 246.004,100,000 s)
2025-04-25 15:15:01,267 INFO  - Received message from veh_51 (at simulation time 246.004,300,000 s)
2025-04-25 15:15:01,267 INFO  - Processing DEN message (at simulation time 246.004,300,000 s)
2025-04-25 15:15:01,267 INFO  - Route change already tried once. (at simulation time 246.004,300,000 s)
2025-04-25 15:15:01,267 INFO  - Received message from veh_16 (at simulation time 246.005,700,000 s)
2025-04-25 15:15:01,267 INFO  - Processing DEN message (at simulation time 246.005,700,000 s)
2025-04-25 15:15:01,267 INFO  - Route change already tried once. (at simulation time 246.005,700,000 s)
2025-04-25 15:15:01,267 INFO  - Received message from veh_46 (at simulation time 246.005,700,000 s)
2025-04-25 15:15:01,267 INFO  - Processing DEN message (at simulation time 246.005,700,000 s)
2025-04-25 15:15:01,267 INFO  - Route change already tried once. (at simulation time 246.005,700,000 s)
2025-04-25 15:15:01,268 INFO  - Received message from veh_6 (at simulation time 246.007,200,000 s)
2025-04-25 15:15:01,268 INFO  - Processing DEN message (at simulation time 246.007,200,000 s)
2025-04-25 15:15:01,268 INFO  - Route change already tried once. (at simulation time 246.007,200,000 s)
2025-04-25 15:15:01,273 INFO  - Received message from veh_56 (at simulation time 247.004,200,000 s)
2025-04-25 15:15:01,273 INFO  - Processing DEN message (at simulation time 247.004,200,000 s)
2025-04-25 15:15:01,273 INFO  - Route change already tried once. (at simulation time 247.004,200,000 s)
2025-04-25 15:15:01,273 INFO  - Received message from veh_46 (at simulation time 247.005,700,000 s)
2025-04-25 15:15:01,273 INFO  - Processing DEN message (at simulation time 247.005,700,000 s)
2025-04-25 15:15:01,273 INFO  - Route change already tried once. (at simulation time 247.005,700,000 s)
2025-04-25 15:15:01,273 INFO  - Received message from veh_51 (at simulation time 247.005,700,000 s)
2025-04-25 15:15:01,273 INFO  - Processing DEN message (at simulation time 247.005,700,000 s)
2025-04-25 15:15:01,273 INFO  - Route change already tried once. (at simulation time 247.005,700,000 s)
2025-04-25 15:15:01,273 INFO  - Received message from veh_11 (at simulation time 247.006,100,000 s)
2025-04-25 15:15:01,273 INFO  - Processing DEN message (at simulation time 247.006,100,000 s)
2025-04-25 15:15:01,273 INFO  - Route change already tried once. (at simulation time 247.006,100,000 s)
2025-04-25 15:15:01,273 INFO  - Received message from veh_1 (at simulation time 247.006,600,000 s)
2025-04-25 15:15:01,273 INFO  - Processing DEN message (at simulation time 247.006,600,000 s)
2025-04-25 15:15:01,273 INFO  - Route change already tried once. (at simulation time 247.006,600,000 s)
2025-04-25 15:15:01,274 INFO  - Received message from veh_6 (at simulation time 247.007,100,000 s)
2025-04-25 15:15:01,274 INFO  - Processing DEN message (at simulation time 247.007,100,000 s)
2025-04-25 15:15:01,274 INFO  - Route change already tried once. (at simulation time 247.007,100,000 s)
2025-04-25 15:15:01,274 INFO  - Received message from veh_16 (at simulation time 247.007,100,000 s)
2025-04-25 15:15:01,274 INFO  - Processing DEN message (at simulation time 247.007,100,000 s)
2025-04-25 15:15:01,274 INFO  - Route change already tried once. (at simulation time 247.007,100,000 s)
2025-04-25 15:15:01,278 INFO  - Received message from veh_1 (at simulation time 248.003,100,000 s)
2025-04-25 15:15:01,278 INFO  - Processing DEN message (at simulation time 248.003,100,000 s)
2025-04-25 15:15:01,278 INFO  - Route change already tried once. (at simulation time 248.003,100,000 s)
2025-04-25 15:15:01,278 INFO  - Received message from veh_46 (at simulation time 248.003,200,000 s)
2025-04-25 15:15:01,278 INFO  - Processing DEN message (at simulation time 248.003,200,000 s)
2025-04-25 15:15:01,278 INFO  - Route change already tried once. (at simulation time 248.003,200,000 s)
2025-04-25 15:15:01,279 INFO  - Received message from veh_16 (at simulation time 248.004,600,000 s)
2025-04-25 15:15:01,279 INFO  - Processing DEN message (at simulation time 248.004,600,000 s)
2025-04-25 15:15:01,279 INFO  - Route change already tried once. (at simulation time 248.004,600,000 s)
2025-04-25 15:15:01,279 INFO  - Received message from veh_51 (at simulation time 248.004,700,000 s)
2025-04-25 15:15:01,279 INFO  - Processing DEN message (at simulation time 248.004,700,000 s)
2025-04-25 15:15:01,279 INFO  - Route change already tried once. (at simulation time 248.004,700,000 s)
2025-04-25 15:15:01,279 INFO  - Received message from veh_56 (at simulation time 248.006,700,000 s)
2025-04-25 15:15:01,279 INFO  - Processing DEN message (at simulation time 248.006,700,000 s)
2025-04-25 15:15:01,279 INFO  - Route change already tried once. (at simulation time 248.006,700,000 s)
2025-04-25 15:15:01,279 INFO  - Received message from veh_6 (at simulation time 248.007,100,000 s)
2025-04-25 15:15:01,279 INFO  - Processing DEN message (at simulation time 248.007,100,000 s)
2025-04-25 15:15:01,279 INFO  - Route change already tried once. (at simulation time 248.007,100,000 s)
2025-04-25 15:15:01,279 INFO  - Received message from veh_11 (at simulation time 248.007,100,000 s)
2025-04-25 15:15:01,279 INFO  - Processing DEN message (at simulation time 248.007,100,000 s)
2025-04-25 15:15:01,279 INFO  - Route change already tried once. (at simulation time 248.007,100,000 s)
2025-04-25 15:15:01,285 INFO  - Received message from veh_11 (at simulation time 249.003,600,000 s)
2025-04-25 15:15:01,285 INFO  - Processing DEN message (at simulation time 249.003,600,000 s)
2025-04-25 15:15:01,285 INFO  - Route change already tried once. (at simulation time 249.003,600,000 s)
2025-04-25 15:15:01,285 INFO  - Received message from veh_46 (at simulation time 249.004,200,000 s)
2025-04-25 15:15:01,285 INFO  - Processing DEN message (at simulation time 249.004,200,000 s)
2025-04-25 15:15:01,285 INFO  - Route change already tried once. (at simulation time 249.004,200,000 s)
2025-04-25 15:15:01,285 INFO  - Received message from veh_1 (at simulation time 249.004,600,000 s)
2025-04-25 15:15:01,285 INFO  - Processing DEN message (at simulation time 249.004,600,000 s)
2025-04-25 15:15:01,285 INFO  - Route change already tried once. (at simulation time 249.004,600,000 s)
2025-04-25 15:15:01,285 INFO  - Received message from veh_56 (at simulation time 249.004,700,000 s)
2025-04-25 15:15:01,285 INFO  - Processing DEN message (at simulation time 249.004,700,000 s)
2025-04-25 15:15:01,285 INFO  - Route change already tried once. (at simulation time 249.004,700,000 s)
2025-04-25 15:15:01,286 INFO  - Received message from veh_51 (at simulation time 249.006,200,000 s)
2025-04-25 15:15:01,286 INFO  - Processing DEN message (at simulation time 249.006,200,000 s)
2025-04-25 15:15:01,286 INFO  - Route change already tried once. (at simulation time 249.006,200,000 s)
2025-04-25 15:15:01,286 INFO  - Received message from veh_6 (at simulation time 249.006,600,000 s)
2025-04-25 15:15:01,286 INFO  - Processing DEN message (at simulation time 249.006,600,000 s)
2025-04-25 15:15:01,286 INFO  - Route change already tried once. (at simulation time 249.006,600,000 s)
2025-04-25 15:15:01,286 INFO  - Received message from veh_16 (at simulation time 249.007,100,000 s)
2025-04-25 15:15:01,286 INFO  - Processing DEN message (at simulation time 249.007,100,000 s)
2025-04-25 15:15:01,286 INFO  - Route change already tried once. (at simulation time 249.007,100,000 s)
2025-04-25 15:15:01,302 INFO  - Received message from veh_56 (at simulation time 250.002,700,000 s)
2025-04-25 15:15:01,302 INFO  - Processing DEN message (at simulation time 250.002,700,000 s)
2025-04-25 15:15:01,302 INFO  - Route change already tried once. (at simulation time 250.002,700,000 s)
2025-04-25 15:15:01,303 INFO  - Received message from veh_16 (at simulation time 250.003,600,000 s)
2025-04-25 15:15:01,303 INFO  - Processing DEN message (at simulation time 250.003,600,000 s)
2025-04-25 15:15:01,303 INFO  - Route change already tried once. (at simulation time 250.003,600,000 s)
2025-04-25 15:15:01,303 INFO  - Received message from veh_46 (at simulation time 250.004,700,000 s)
2025-04-25 15:15:01,303 INFO  - Processing DEN message (at simulation time 250.004,700,000 s)
2025-04-25 15:15:01,303 INFO  - Route change already tried once. (at simulation time 250.004,700,000 s)
2025-04-25 15:15:01,303 INFO  - Received message from veh_6 (at simulation time 250.005,600,000 s)
2025-04-25 15:15:01,303 INFO  - Processing DEN message (at simulation time 250.005,600,000 s)
2025-04-25 15:15:01,303 INFO  - Route change already tried once. (at simulation time 250.005,600,000 s)
2025-04-25 15:15:01,303 INFO  - Received message from veh_51 (at simulation time 250.006,200,000 s)
2025-04-25 15:15:01,303 INFO  - Processing DEN message (at simulation time 250.006,200,000 s)
2025-04-25 15:15:01,303 INFO  - Route change already tried once. (at simulation time 250.006,200,000 s)
2025-04-25 15:15:01,303 INFO  - Received message from veh_1 (at simulation time 250.006,600,000 s)
2025-04-25 15:15:01,304 INFO  - Processing DEN message (at simulation time 250.006,600,000 s)
2025-04-25 15:15:01,304 INFO  - Route change already tried once. (at simulation time 250.006,600,000 s)
2025-04-25 15:15:01,304 INFO  - Received message from veh_11 (at simulation time 250.007,100,000 s)
2025-04-25 15:15:01,304 INFO  - Processing DEN message (at simulation time 250.007,100,000 s)
2025-04-25 15:15:01,304 INFO  - Route change already tried once. (at simulation time 250.007,100,000 s)
2025-04-25 15:15:01,308 INFO  - Received message from veh_51 (at simulation time 251.002,700,000 s)
2025-04-25 15:15:01,308 INFO  - Processing DEN message (at simulation time 251.002,700,000 s)
2025-04-25 15:15:01,308 INFO  - Route change already tried once. (at simulation time 251.002,700,000 s)
2025-04-25 15:15:01,308 INFO  - Received message from veh_56 (at simulation time 251.002,700,000 s)
2025-04-25 15:15:01,308 INFO  - Processing DEN message (at simulation time 251.002,700,000 s)
2025-04-25 15:15:01,308 INFO  - Route change already tried once. (at simulation time 251.002,700,000 s)
2025-04-25 15:15:01,309 INFO  - Received message from veh_11 (at simulation time 251.004,600,000 s)
2025-04-25 15:15:01,309 INFO  - Processing DEN message (at simulation time 251.004,600,000 s)
2025-04-25 15:15:01,309 INFO  - Route change already tried once. (at simulation time 251.004,600,000 s)
2025-04-25 15:15:01,309 INFO  - Received message from veh_16 (at simulation time 251.005,100,000 s)
2025-04-25 15:15:01,309 INFO  - Processing DEN message (at simulation time 251.005,100,000 s)
2025-04-25 15:15:01,309 INFO  - Route change already tried once. (at simulation time 251.005,100,000 s)
2025-04-25 15:15:01,309 INFO  - Received message from veh_6 (at simulation time 251.005,600,000 s)
2025-04-25 15:15:01,309 INFO  - Processing DEN message (at simulation time 251.005,600,000 s)
2025-04-25 15:15:01,309 INFO  - Route change already tried once. (at simulation time 251.005,600,000 s)
2025-04-25 15:15:01,309 INFO  - Received message from veh_46 (at simulation time 251.005,700,000 s)
2025-04-25 15:15:01,309 INFO  - Processing DEN message (at simulation time 251.005,700,000 s)
2025-04-25 15:15:01,309 INFO  - Route change already tried once. (at simulation time 251.005,700,000 s)
2025-04-25 15:15:01,310 INFO  - Received message from veh_1 (at simulation time 251.007,100,000 s)
2025-04-25 15:15:01,310 INFO  - Processing DEN message (at simulation time 251.007,100,000 s)
2025-04-25 15:15:01,310 INFO  - Route change already tried once. (at simulation time 251.007,100,000 s)
2025-04-25 15:15:01,315 INFO  - Received message from veh_1 (at simulation time 252.003,600,000 s)
2025-04-25 15:15:01,315 INFO  - Processing DEN message (at simulation time 252.003,600,000 s)
2025-04-25 15:15:01,315 INFO  - Route change already tried once. (at simulation time 252.003,600,000 s)
2025-04-25 15:15:01,315 INFO  - Received message from veh_51 (at simulation time 252.003,700,000 s)
2025-04-25 15:15:01,315 INFO  - Processing DEN message (at simulation time 252.003,700,000 s)
2025-04-25 15:15:01,315 INFO  - Route change already tried once. (at simulation time 252.003,700,000 s)
2025-04-25 15:15:01,315 INFO  - Received message from veh_56 (at simulation time 252.003,700,000 s)
2025-04-25 15:15:01,315 INFO  - Processing DEN message (at simulation time 252.003,700,000 s)
2025-04-25 15:15:01,315 INFO  - Route change already tried once. (at simulation time 252.003,700,000 s)
2025-04-25 15:15:01,315 INFO  - Received message from veh_46 (at simulation time 252.004,200,000 s)
2025-04-25 15:15:01,315 INFO  - Processing DEN message (at simulation time 252.004,200,000 s)
2025-04-25 15:15:01,315 INFO  - Route change already tried once. (at simulation time 252.004,200,000 s)
2025-04-25 15:15:01,316 INFO  - Received message from veh_11 (at simulation time 252.004,600,000 s)
2025-04-25 15:15:01,316 INFO  - Processing DEN message (at simulation time 252.004,600,000 s)
2025-04-25 15:15:01,316 INFO  - Route change already tried once. (at simulation time 252.004,600,000 s)
2025-04-25 15:15:01,316 INFO  - Received message from veh_16 (at simulation time 252.005,600,000 s)
2025-04-25 15:15:01,316 INFO  - Processing DEN message (at simulation time 252.005,600,000 s)
2025-04-25 15:15:01,316 INFO  - Route change already tried once. (at simulation time 252.005,600,000 s)
2025-04-25 15:15:01,316 INFO  - Received message from veh_6 (at simulation time 252.006,600,000 s)
2025-04-25 15:15:01,316 INFO  - Processing DEN message (at simulation time 252.006,600,000 s)
2025-04-25 15:15:01,316 INFO  - Route change already tried once. (at simulation time 252.006,600,000 s)
2025-04-25 15:15:01,321 INFO  - Received message from veh_51 (at simulation time 253.002,700,000 s)
2025-04-25 15:15:01,321 INFO  - Processing DEN message (at simulation time 253.002,700,000 s)
2025-04-25 15:15:01,321 INFO  - Route change already tried once. (at simulation time 253.002,700,000 s)
2025-04-25 15:15:01,321 INFO  - Received message from veh_1 (at simulation time 253.004,100,000 s)
2025-04-25 15:15:01,321 INFO  - Processing DEN message (at simulation time 253.004,100,000 s)
2025-04-25 15:15:01,321 INFO  - Route change already tried once. (at simulation time 253.004,100,000 s)
2025-04-25 15:15:01,321 INFO  - Received message from veh_56 (at simulation time 253.004,200,000 s)
2025-04-25 15:15:01,321 INFO  - Processing DEN message (at simulation time 253.004,200,000 s)
2025-04-25 15:15:01,321 INFO  - Route change already tried once. (at simulation time 253.004,200,000 s)
2025-04-25 15:15:01,321 INFO  - Received message from veh_11 (at simulation time 253.004,600,000 s)
2025-04-25 15:15:01,321 INFO  - Processing DEN message (at simulation time 253.004,600,000 s)
2025-04-25 15:15:01,321 INFO  - Route change already tried once. (at simulation time 253.004,600,000 s)
2025-04-25 15:15:01,322 INFO  - Received message from veh_46 (at simulation time 253.005,700,000 s)
2025-04-25 15:15:01,322 INFO  - Processing DEN message (at simulation time 253.005,700,000 s)
2025-04-25 15:15:01,322 INFO  - Route change already tried once. (at simulation time 253.005,700,000 s)
2025-04-25 15:15:01,322 INFO  - Received message from veh_16 (at simulation time 253.006,100,000 s)
2025-04-25 15:15:01,322 INFO  - Processing DEN message (at simulation time 253.006,100,000 s)
2025-04-25 15:15:01,322 INFO  - Route change already tried once. (at simulation time 253.006,100,000 s)
2025-04-25 15:15:01,322 INFO  - Received message from veh_6 (at simulation time 253.007,100,000 s)
2025-04-25 15:15:01,322 INFO  - Processing DEN message (at simulation time 253.007,100,000 s)
2025-04-25 15:15:01,322 INFO  - Route change already tried once. (at simulation time 253.007,100,000 s)
2025-04-25 15:15:01,327 INFO  - Received message from veh_51 (at simulation time 254.002,200,000 s)
2025-04-25 15:15:01,327 INFO  - Processing DEN message (at simulation time 254.002,200,000 s)
2025-04-25 15:15:01,327 INFO  - Route change already tried once. (at simulation time 254.002,200,000 s)
2025-04-25 15:15:01,328 INFO  - Received message from veh_56 (at simulation time 254.002,800,000 s)
2025-04-25 15:15:01,328 INFO  - Processing DEN message (at simulation time 254.002,800,000 s)
2025-04-25 15:15:01,328 INFO  - Route change already tried once. (at simulation time 254.002,800,000 s)
2025-04-25 15:15:01,328 INFO  - Received message from veh_46 (at simulation time 254.003,700,000 s)
2025-04-25 15:15:01,328 INFO  - Processing DEN message (at simulation time 254.003,700,000 s)
2025-04-25 15:15:01,328 INFO  - Route change already tried once. (at simulation time 254.003,700,000 s)
2025-04-25 15:15:01,328 INFO  - Received message from veh_16 (at simulation time 254.004,200,000 s)
2025-04-25 15:15:01,328 INFO  - Processing DEN message (at simulation time 254.004,200,000 s)
2025-04-25 15:15:01,328 INFO  - Route change already tried once. (at simulation time 254.004,200,000 s)
2025-04-25 15:15:01,328 INFO  - Received message from veh_86 (at simulation time 254.004,300,000 s)
2025-04-25 15:15:01,328 INFO  - Processing DEN message (at simulation time 254.004,300,000 s)
2025-04-25 15:15:01,328 INFO  - Route change already tried once. (at simulation time 254.004,300,000 s)
2025-04-25 15:15:01,329 INFO  - Received message from veh_11 (at simulation time 254.005,700,000 s)
2025-04-25 15:15:01,329 INFO  - Processing DEN message (at simulation time 254.005,700,000 s)
2025-04-25 15:15:01,329 INFO  - Route change already tried once. (at simulation time 254.005,700,000 s)
2025-04-25 15:15:01,329 INFO  - Received message from veh_6 (at simulation time 254.006,100,000 s)
2025-04-25 15:15:01,329 INFO  - Processing DEN message (at simulation time 254.006,100,000 s)
2025-04-25 15:15:01,329 INFO  - Route change already tried once. (at simulation time 254.006,100,000 s)
2025-04-25 15:15:01,329 INFO  - Received message from veh_1 (at simulation time 254.008,100,000 s)
2025-04-25 15:15:01,329 INFO  - Processing DEN message (at simulation time 254.008,100,000 s)
2025-04-25 15:15:01,329 INFO  - Route change already tried once. (at simulation time 254.008,100,000 s)
2025-04-25 15:15:01,342 INFO  - Received message from veh_56 (at simulation time 255.001,300,000 s)
2025-04-25 15:15:01,342 INFO  - Processing DEN message (at simulation time 255.001,300,000 s)
2025-04-25 15:15:01,342 INFO  - Route change already tried once. (at simulation time 255.001,300,000 s)
2025-04-25 15:15:01,343 INFO  - Received message from veh_1 (at simulation time 255.004,100,000 s)
2025-04-25 15:15:01,343 INFO  - Processing DEN message (at simulation time 255.004,100,000 s)
2025-04-25 15:15:01,343 INFO  - Route change already tried once. (at simulation time 255.004,100,000 s)
2025-04-25 15:15:01,343 INFO  - Received message from veh_11 (at simulation time 255.004,200,000 s)
2025-04-25 15:15:01,343 INFO  - Processing DEN message (at simulation time 255.004,200,000 s)
2025-04-25 15:15:01,343 INFO  - Route change already tried once. (at simulation time 255.004,200,000 s)
2025-04-25 15:15:01,343 INFO  - Received message from veh_86 (at simulation time 255.004,300,000 s)
2025-04-25 15:15:01,343 INFO  - Processing DEN message (at simulation time 255.004,300,000 s)
2025-04-25 15:15:01,343 INFO  - Route change already tried once. (at simulation time 255.004,300,000 s)
2025-04-25 15:15:01,343 INFO  - Received message from veh_16 (at simulation time 255.004,700,000 s)
2025-04-25 15:15:01,343 INFO  - Processing DEN message (at simulation time 255.004,700,000 s)
2025-04-25 15:15:01,343 INFO  - Route change already tried once. (at simulation time 255.004,700,000 s)
2025-04-25 15:15:01,344 INFO  - Received message from veh_46 (at simulation time 255.005,200,000 s)
2025-04-25 15:15:01,344 INFO  - Processing DEN message (at simulation time 255.005,200,000 s)
2025-04-25 15:15:01,344 INFO  - Route change already tried once. (at simulation time 255.005,200,000 s)
2025-04-25 15:15:01,344 INFO  - Received message from veh_51 (at simulation time 255.005,200,000 s)
2025-04-25 15:15:01,344 INFO  - Processing DEN message (at simulation time 255.005,200,000 s)
2025-04-25 15:15:01,344 INFO  - Route change already tried once. (at simulation time 255.005,200,000 s)
2025-04-25 15:15:01,345 INFO  - Received message from veh_6 (at simulation time 255.008,100,000 s)
2025-04-25 15:15:01,345 INFO  - Processing DEN message (at simulation time 255.008,100,000 s)
2025-04-25 15:15:01,345 INFO  - Route change already tried once. (at simulation time 255.008,100,000 s)
2025-04-25 15:15:01,350 INFO  - Received message from veh_56 (at simulation time 256.001,300,000 s)
2025-04-25 15:15:01,350 INFO  - Processing DEN message (at simulation time 256.001,300,000 s)
2025-04-25 15:15:01,350 INFO  - Route change already tried once. (at simulation time 256.001,300,000 s)
2025-04-25 15:15:01,350 INFO  - Received message from veh_86 (at simulation time 256.001,800,000 s)
2025-04-25 15:15:01,350 INFO  - Processing DEN message (at simulation time 256.001,800,000 s)
2025-04-25 15:15:01,350 INFO  - Route change already tried once. (at simulation time 256.001,800,000 s)
2025-04-25 15:15:01,351 INFO  - Received message from veh_46 (at simulation time 256.003,700,000 s)
2025-04-25 15:15:01,351 INFO  - Processing DEN message (at simulation time 256.003,700,000 s)
2025-04-25 15:15:01,351 INFO  - Route change already tried once. (at simulation time 256.003,700,000 s)
2025-04-25 15:15:01,351 INFO  - Received message from veh_51 (at simulation time 256.003,700,000 s)
2025-04-25 15:15:01,351 INFO  - Processing DEN message (at simulation time 256.003,700,000 s)
2025-04-25 15:15:01,351 INFO  - Route change already tried once. (at simulation time 256.003,700,000 s)
2025-04-25 15:15:01,351 INFO  - Received message from veh_1 (at simulation time 256.004,600,000 s)
2025-04-25 15:15:01,351 INFO  - Processing DEN message (at simulation time 256.004,600,000 s)
2025-04-25 15:15:01,351 INFO  - Route change already tried once. (at simulation time 256.004,600,000 s)
2025-04-25 15:15:01,351 INFO  - Received message from veh_16 (at simulation time 256.004,700,000 s)
2025-04-25 15:15:01,351 INFO  - Processing DEN message (at simulation time 256.004,700,000 s)
2025-04-25 15:15:01,351 INFO  - Route change already tried once. (at simulation time 256.004,700,000 s)
2025-04-25 15:15:01,351 INFO  - Received message from veh_6 (at simulation time 256.005,100,000 s)
2025-04-25 15:15:01,351 INFO  - Processing DEN message (at simulation time 256.005,100,000 s)
2025-04-25 15:15:01,351 INFO  - Route change already tried once. (at simulation time 256.005,100,000 s)
2025-04-25 15:15:01,351 INFO  - Received message from veh_11 (at simulation time 256.005,700,000 s)
2025-04-25 15:15:01,351 INFO  - Processing DEN message (at simulation time 256.005,700,000 s)
2025-04-25 15:15:01,351 INFO  - Route change already tried once. (at simulation time 256.005,700,000 s)
2025-04-25 15:15:01,357 INFO  - Received message from veh_51 (at simulation time 257.002,300,000 s)
2025-04-25 15:15:01,357 INFO  - Processing DEN message (at simulation time 257.002,300,000 s)
2025-04-25 15:15:01,357 INFO  - Route change already tried once. (at simulation time 257.002,300,000 s)
2025-04-25 15:15:01,357 INFO  - Received message from veh_56 (at simulation time 257.002,300,000 s)
2025-04-25 15:15:01,357 INFO  - Processing DEN message (at simulation time 257.002,300,000 s)
2025-04-25 15:15:01,357 INFO  - Route change already tried once. (at simulation time 257.002,300,000 s)
2025-04-25 15:15:01,358 INFO  - Received message from veh_16 (at simulation time 257.003,200,000 s)
2025-04-25 15:15:01,358 INFO  - Processing DEN message (at simulation time 257.003,200,000 s)
2025-04-25 15:15:01,358 INFO  - Route change already tried once. (at simulation time 257.003,200,000 s)
2025-04-25 15:15:01,358 INFO  - Received message from veh_46 (at simulation time 257.003,200,000 s)
2025-04-25 15:15:01,358 INFO  - Processing DEN message (at simulation time 257.003,200,000 s)
2025-04-25 15:15:01,358 INFO  - Route change already tried once. (at simulation time 257.003,200,000 s)
2025-04-25 15:15:01,358 INFO  - Received message from veh_86 (at simulation time 257.003,300,000 s)
2025-04-25 15:15:01,358 INFO  - Processing DEN message (at simulation time 257.003,300,000 s)
2025-04-25 15:15:01,358 INFO  - Route change already tried once. (at simulation time 257.003,300,000 s)
2025-04-25 15:15:01,358 INFO  - Received message from veh_6 (at simulation time 257.004,200,000 s)
2025-04-25 15:15:01,358 INFO  - Processing DEN message (at simulation time 257.004,200,000 s)
2025-04-25 15:15:01,358 INFO  - Route change already tried once. (at simulation time 257.004,200,000 s)
2025-04-25 15:15:01,358 INFO  - Received message from veh_11 (at simulation time 257.004,200,000 s)
2025-04-25 15:15:01,358 INFO  - Processing DEN message (at simulation time 257.004,200,000 s)
2025-04-25 15:15:01,358 INFO  - Route change already tried once. (at simulation time 257.004,200,000 s)
2025-04-25 15:15:01,359 INFO  - Received message from veh_1 (at simulation time 257.006,100,000 s)
2025-04-25 15:15:01,359 INFO  - Processing DEN message (at simulation time 257.006,100,000 s)
2025-04-25 15:15:01,359 INFO  - Route change already tried once. (at simulation time 257.006,100,000 s)
2025-04-25 15:15:01,364 INFO  - Received message from veh_16 (at simulation time 258.002,200,000 s)
2025-04-25 15:15:01,364 INFO  - Processing DEN message (at simulation time 258.002,200,000 s)
2025-04-25 15:15:01,364 INFO  - Route change already tried once. (at simulation time 258.002,200,000 s)
2025-04-25 15:15:01,364 INFO  - Received message from veh_86 (at simulation time 258.002,300,000 s)
2025-04-25 15:15:01,364 INFO  - Processing DEN message (at simulation time 258.002,300,000 s)
2025-04-25 15:15:01,364 INFO  - Route change already tried once. (at simulation time 258.002,300,000 s)
2025-04-25 15:15:01,365 INFO  - Received message from veh_51 (at simulation time 258.003,300,000 s)
2025-04-25 15:15:01,365 INFO  - Processing DEN message (at simulation time 258.003,300,000 s)
2025-04-25 15:15:01,365 INFO  - Route change already tried once. (at simulation time 258.003,300,000 s)
2025-04-25 15:15:01,365 INFO  - Received message from veh_56 (at simulation time 258.003,800,000 s)
2025-04-25 15:15:01,365 INFO  - Processing DEN message (at simulation time 258.003,800,000 s)
2025-04-25 15:15:01,365 INFO  - Route change already tried once. (at simulation time 258.003,800,000 s)
2025-04-25 15:15:01,365 INFO  - Received message from veh_6 (at simulation time 258.004,700,000 s)
2025-04-25 15:15:01,365 INFO  - Processing DEN message (at simulation time 258.004,700,000 s)
2025-04-25 15:15:01,365 INFO  - Route change already tried once. (at simulation time 258.004,700,000 s)
2025-04-25 15:15:01,365 INFO  - Received message from veh_1 (at simulation time 258.005,100,000 s)
2025-04-25 15:15:01,365 INFO  - Processing DEN message (at simulation time 258.005,100,000 s)
2025-04-25 15:15:01,365 INFO  - Route change already tried once. (at simulation time 258.005,100,000 s)
2025-04-25 15:15:01,365 INFO  - Received message from veh_46 (at simulation time 258.005,200,000 s)
2025-04-25 15:15:01,365 INFO  - Processing DEN message (at simulation time 258.005,200,000 s)
2025-04-25 15:15:01,365 INFO  - Route change already tried once. (at simulation time 258.005,200,000 s)
2025-04-25 15:15:01,365 INFO  - Received message from veh_11 (at simulation time 258.005,700,000 s)
2025-04-25 15:15:01,365 INFO  - Processing DEN message (at simulation time 258.005,700,000 s)
2025-04-25 15:15:01,365 INFO  - Route change already tried once. (at simulation time 258.005,700,000 s)
2025-04-25 15:15:01,370 INFO  - Received message from veh_86 (at simulation time 259.001,300,000 s)
2025-04-25 15:15:01,370 INFO  - Processing DEN message (at simulation time 259.001,300,000 s)
2025-04-25 15:15:01,370 INFO  - Route change already tried once. (at simulation time 259.001,300,000 s)
2025-04-25 15:15:01,371 INFO  - Received message from veh_6 (at simulation time 259.003,200,000 s)
2025-04-25 15:15:01,371 INFO  - Processing DEN message (at simulation time 259.003,200,000 s)
2025-04-25 15:15:01,371 INFO  - Route change already tried once. (at simulation time 259.003,200,000 s)
2025-04-25 15:15:01,371 INFO  - Received message from veh_46 (at simulation time 259.003,200,000 s)
2025-04-25 15:15:01,371 INFO  - Processing DEN message (at simulation time 259.003,200,000 s)
2025-04-25 15:15:01,371 INFO  - Route change already tried once. (at simulation time 259.003,200,000 s)
2025-04-25 15:15:01,371 INFO  - Received message from veh_51 (at simulation time 259.003,300,000 s)
2025-04-25 15:15:01,371 INFO  - Processing DEN message (at simulation time 259.003,300,000 s)
2025-04-25 15:15:01,371 INFO  - Route change already tried once. (at simulation time 259.003,300,000 s)
2025-04-25 15:15:01,371 INFO  - Received message from veh_11 (at simulation time 259.003,700,000 s)
2025-04-25 15:15:01,371 INFO  - Processing DEN message (at simulation time 259.003,700,000 s)
2025-04-25 15:15:01,371 INFO  - Route change already tried once. (at simulation time 259.003,700,000 s)
2025-04-25 15:15:01,371 INFO  - Received message from veh_1 (at simulation time 259.004,100,000 s)
2025-04-25 15:15:01,371 INFO  - Processing DEN message (at simulation time 259.004,100,000 s)
2025-04-25 15:15:01,371 INFO  - Route change already tried once. (at simulation time 259.004,100,000 s)
2025-04-25 15:15:01,372 INFO  - Received message from veh_56 (at simulation time 259.004,300,000 s)
2025-04-25 15:15:01,372 INFO  - Processing DEN message (at simulation time 259.004,300,000 s)
2025-04-25 15:15:01,372 INFO  - Route change already tried once. (at simulation time 259.004,300,000 s)
2025-04-25 15:15:01,372 INFO  - Received message from veh_16 (at simulation time 259.004,700,000 s)
2025-04-25 15:15:01,372 INFO  - Processing DEN message (at simulation time 259.004,700,000 s)
2025-04-25 15:15:01,372 INFO  - Route change already tried once. (at simulation time 259.004,700,000 s)
2025-04-25 15:15:01,389 INFO  - Received message from veh_51 (at simulation time 260.001,800,000 s)
2025-04-25 15:15:01,389 INFO  - Processing DEN message (at simulation time 260.001,800,000 s)
2025-04-25 15:15:01,389 INFO  - Route change already tried once. (at simulation time 260.001,800,000 s)
2025-04-25 15:15:01,389 INFO  - Received message from veh_56 (at simulation time 260.001,800,000 s)
2025-04-25 15:15:01,389 INFO  - Processing DEN message (at simulation time 260.001,800,000 s)
2025-04-25 15:15:01,389 INFO  - Route change already tried once. (at simulation time 260.001,800,000 s)
2025-04-25 15:15:01,389 INFO  - Received message from veh_1 (at simulation time 260.003,200,000 s)
2025-04-25 15:15:01,389 INFO  - Processing DEN message (at simulation time 260.003,200,000 s)
2025-04-25 15:15:01,389 INFO  - Route change already tried once. (at simulation time 260.003,200,000 s)
2025-04-25 15:15:01,389 INFO  - Received message from veh_6 (at simulation time 260.003,200,000 s)
2025-04-25 15:15:01,389 INFO  - Processing DEN message (at simulation time 260.003,200,000 s)
2025-04-25 15:15:01,389 INFO  - Route change already tried once. (at simulation time 260.003,200,000 s)
2025-04-25 15:15:01,389 INFO  - Received message from veh_11 (at simulation time 260.003,200,000 s)
2025-04-25 15:15:01,389 INFO  - Processing DEN message (at simulation time 260.003,200,000 s)
2025-04-25 15:15:01,389 INFO  - Route change already tried once. (at simulation time 260.003,200,000 s)
2025-04-25 15:15:01,389 INFO  - Received message from veh_16 (at simulation time 260.003,200,000 s)
2025-04-25 15:15:01,389 INFO  - Processing DEN message (at simulation time 260.003,200,000 s)
2025-04-25 15:15:01,389 INFO  - Route change already tried once. (at simulation time 260.003,200,000 s)
2025-04-25 15:15:01,389 INFO  - Received message from veh_86 (at simulation time 260.003,300,000 s)
2025-04-25 15:15:01,389 INFO  - Processing DEN message (at simulation time 260.003,300,000 s)
2025-04-25 15:15:01,390 INFO  - Route change already tried once. (at simulation time 260.003,300,000 s)
2025-04-25 15:15:01,390 INFO  - Received message from veh_46 (at simulation time 260.004,300,000 s)
2025-04-25 15:15:01,390 INFO  - Processing DEN message (at simulation time 260.004,300,000 s)
2025-04-25 15:15:01,390 INFO  - Route change already tried once. (at simulation time 260.004,300,000 s)
2025-04-25 15:15:01,396 INFO  - Received message from veh_56 (at simulation time 261.002,300,000 s)
2025-04-25 15:15:01,396 INFO  - Processing DEN message (at simulation time 261.002,300,000 s)
2025-04-25 15:15:01,396 INFO  - Route change already tried once. (at simulation time 261.002,300,000 s)
2025-04-25 15:15:01,396 INFO  - Received message from veh_16 (at simulation time 261.002,700,000 s)
2025-04-25 15:15:01,396 INFO  - Processing DEN message (at simulation time 261.002,700,000 s)
2025-04-25 15:15:01,396 INFO  - Route change already tried once. (at simulation time 261.002,700,000 s)
2025-04-25 15:15:01,396 INFO  - Received message from veh_46 (at simulation time 261.002,800,000 s)
2025-04-25 15:15:01,396 INFO  - Processing DEN message (at simulation time 261.002,800,000 s)
2025-04-25 15:15:01,396 INFO  - Route change already tried once. (at simulation time 261.002,800,000 s)
2025-04-25 15:15:01,396 INFO  - Received message from veh_11 (at simulation time 261.003,700,000 s)
2025-04-25 15:15:01,396 INFO  - Processing DEN message (at simulation time 261.003,700,000 s)
2025-04-25 15:15:01,396 INFO  - Route change already tried once. (at simulation time 261.003,700,000 s)
2025-04-25 15:15:01,397 INFO  - Received message from veh_51 (at simulation time 261.004,300,000 s)
2025-04-25 15:15:01,397 INFO  - Processing DEN message (at simulation time 261.004,300,000 s)
2025-04-25 15:15:01,397 INFO  - Route change already tried once. (at simulation time 261.004,300,000 s)
2025-04-25 15:15:01,397 INFO  - Received message from veh_86 (at simulation time 261.004,300,000 s)
2025-04-25 15:15:01,397 INFO  - Processing DEN message (at simulation time 261.004,300,000 s)
2025-04-25 15:15:01,397 INFO  - Route change already tried once. (at simulation time 261.004,300,000 s)
2025-04-25 15:15:01,397 INFO  - Received message from veh_1 (at simulation time 261.005,700,000 s)
2025-04-25 15:15:01,397 INFO  - Processing DEN message (at simulation time 261.005,700,000 s)
2025-04-25 15:15:01,397 INFO  - Route change already tried once. (at simulation time 261.005,700,000 s)
2025-04-25 15:15:01,397 INFO  - Received message from veh_6 (at simulation time 261.005,700,000 s)
2025-04-25 15:15:01,397 INFO  - Processing DEN message (at simulation time 261.005,700,000 s)
2025-04-25 15:15:01,397 INFO  - Route change already tried once. (at simulation time 261.005,700,000 s)
2025-04-25 15:15:01,403 INFO  - Received message from veh_1 (at simulation time 262.001,700,000 s)
2025-04-25 15:15:01,403 INFO  - Processing DEN message (at simulation time 262.001,700,000 s)
2025-04-25 15:15:01,403 INFO  - Route change already tried once. (at simulation time 262.001,700,000 s)
2025-04-25 15:15:01,403 INFO  - Received message from veh_46 (at simulation time 262.001,800,000 s)
2025-04-25 15:15:01,403 INFO  - Processing DEN message (at simulation time 262.001,800,000 s)
2025-04-25 15:15:01,403 INFO  - Route change already tried once. (at simulation time 262.001,800,000 s)
2025-04-25 15:15:01,403 INFO  - Received message from veh_6 (at simulation time 262.002,200,000 s)
2025-04-25 15:15:01,403 INFO  - Processing DEN message (at simulation time 262.002,200,000 s)
2025-04-25 15:15:01,403 INFO  - Route change already tried once. (at simulation time 262.002,200,000 s)
2025-04-25 15:15:01,404 INFO  - Received message from veh_51 (at simulation time 262.002,800,000 s)
2025-04-25 15:15:01,404 INFO  - Processing DEN message (at simulation time 262.002,800,000 s)
2025-04-25 15:15:01,404 INFO  - Route change already tried once. (at simulation time 262.002,800,000 s)
2025-04-25 15:15:01,404 INFO  - Received message from veh_86 (at simulation time 262.002,800,000 s)
2025-04-25 15:15:01,404 INFO  - Processing DEN message (at simulation time 262.002,800,000 s)
2025-04-25 15:15:01,404 INFO  - Route change already tried once. (at simulation time 262.002,800,000 s)
2025-04-25 15:15:01,404 INFO  - Received message from veh_16 (at simulation time 262.003,200,000 s)
2025-04-25 15:15:01,404 INFO  - Processing DEN message (at simulation time 262.003,200,000 s)
2025-04-25 15:15:01,404 INFO  - Route change already tried once. (at simulation time 262.003,200,000 s)
2025-04-25 15:15:01,404 INFO  - Received message from veh_56 (at simulation time 262.003,300,000 s)
2025-04-25 15:15:01,404 INFO  - Processing DEN message (at simulation time 262.003,300,000 s)
2025-04-25 15:15:01,404 INFO  - Route change already tried once. (at simulation time 262.003,300,000 s)
2025-04-25 15:15:01,405 INFO  - Received message from veh_11 (at simulation time 262.006,700,000 s)
2025-04-25 15:15:01,405 INFO  - Processing DEN message (at simulation time 262.006,700,000 s)
2025-04-25 15:15:01,405 INFO  - Route change already tried once. (at simulation time 262.006,700,000 s)
2025-04-25 15:15:01,410 INFO  - Received message from veh_46 (at simulation time 263.003,200,000 s)
2025-04-25 15:15:01,410 INFO  - Processing DEN message (at simulation time 263.003,200,000 s)
2025-04-25 15:15:01,410 INFO  - Route change already tried once. (at simulation time 263.003,200,000 s)
2025-04-25 15:15:01,410 INFO  - Received message from veh_51 (at simulation time 263.003,200,000 s)
2025-04-25 15:15:01,410 INFO  - Processing DEN message (at simulation time 263.003,200,000 s)
2025-04-25 15:15:01,410 INFO  - Route change already tried once. (at simulation time 263.003,200,000 s)
2025-04-25 15:15:01,410 INFO  - Received message from veh_86 (at simulation time 263.003,300,000 s)
2025-04-25 15:15:01,410 INFO  - Processing DEN message (at simulation time 263.003,300,000 s)
2025-04-25 15:15:01,410 INFO  - Route change already tried once. (at simulation time 263.003,300,000 s)
2025-04-25 15:15:01,410 INFO  - Received message from veh_6 (at simulation time 263.004,100,000 s)
2025-04-25 15:15:01,410 INFO  - Processing DEN message (at simulation time 263.004,100,000 s)
2025-04-25 15:15:01,410 INFO  - Route change already tried once. (at simulation time 263.004,100,000 s)
2025-04-25 15:15:01,410 INFO  - Received message from veh_16 (at simulation time 263.004,100,000 s)
2025-04-25 15:15:01,410 INFO  - Processing DEN message (at simulation time 263.004,100,000 s)
2025-04-25 15:15:01,410 INFO  - Route change already tried once. (at simulation time 263.004,100,000 s)
2025-04-25 15:15:01,411 INFO  - Received message from veh_56 (at simulation time 263.004,700,000 s)
2025-04-25 15:15:01,411 INFO  - Processing DEN message (at simulation time 263.004,700,000 s)
2025-04-25 15:15:01,411 INFO  - Route change already tried once. (at simulation time 263.004,700,000 s)
2025-04-25 15:15:01,411 INFO  - Received message from veh_11 (at simulation time 263.005,100,000 s)
2025-04-25 15:15:01,411 INFO  - Processing DEN message (at simulation time 263.005,100,000 s)
2025-04-25 15:15:01,411 INFO  - Route change already tried once. (at simulation time 263.005,100,000 s)
2025-04-25 15:15:01,411 INFO  - Received message from veh_1 (at simulation time 263.005,600,000 s)
2025-04-25 15:15:01,411 INFO  - Processing DEN message (at simulation time 263.005,600,000 s)
2025-04-25 15:15:01,411 INFO  - Route change already tried once. (at simulation time 263.005,600,000 s)
2025-04-25 15:15:01,418 INFO  - Received message from veh_86 (at simulation time 264.001,800,000 s)
2025-04-25 15:15:01,418 INFO  - Processing DEN message (at simulation time 264.001,800,000 s)
2025-04-25 15:15:01,418 INFO  - Route change already tried once. (at simulation time 264.001,800,000 s)
2025-04-25 15:15:01,419 INFO  - Received message from veh_51 (at simulation time 264.002,700,000 s)
2025-04-25 15:15:01,419 INFO  - Processing DEN message (at simulation time 264.002,700,000 s)
2025-04-25 15:15:01,419 INFO  - Route change already tried once. (at simulation time 264.002,700,000 s)
2025-04-25 15:15:01,419 INFO  - Received message from veh_91 (at simulation time 264.002,800,000 s)
2025-04-25 15:15:01,419 INFO  - Processing DEN message (at simulation time 264.002,800,000 s)
2025-04-25 15:15:01,419 INFO  - Route change already tried once. (at simulation time 264.002,800,000 s)
2025-04-25 15:15:01,419 INFO  - Received message from veh_46 (at simulation time 264.004,700,000 s)
2025-04-25 15:15:01,419 INFO  - Processing DEN message (at simulation time 264.004,700,000 s)
2025-04-25 15:15:01,419 INFO  - Route change already tried once. (at simulation time 264.004,700,000 s)
2025-04-25 15:15:01,420 INFO  - Received message from veh_6 (at simulation time 264.005,100,000 s)
2025-04-25 15:15:01,420 INFO  - Processing DEN message (at simulation time 264.005,100,000 s)
2025-04-25 15:15:01,420 INFO  - Route change already tried once. (at simulation time 264.005,100,000 s)
2025-04-25 15:15:01,420 INFO  - Received message from veh_56 (at simulation time 264.005,200,000 s)
2025-04-25 15:15:01,420 INFO  - Processing DEN message (at simulation time 264.005,200,000 s)
2025-04-25 15:15:01,420 INFO  - Route change already tried once. (at simulation time 264.005,200,000 s)
2025-04-25 15:15:01,420 INFO  - Received message from veh_11 (at simulation time 264.005,600,000 s)
2025-04-25 15:15:01,420 INFO  - Processing DEN message (at simulation time 264.005,600,000 s)
2025-04-25 15:15:01,420 INFO  - Route change already tried once. (at simulation time 264.005,600,000 s)
2025-04-25 15:15:01,420 INFO  - Received message from veh_1 (at simulation time 264.006,600,000 s)
2025-04-25 15:15:01,420 INFO  - Processing DEN message (at simulation time 264.006,600,000 s)
2025-04-25 15:15:01,420 INFO  - Route change already tried once. (at simulation time 264.006,600,000 s)
2025-04-25 15:15:01,421 INFO  - Received message from veh_16 (at simulation time 264.008,100,000 s)
2025-04-25 15:15:01,421 INFO  - Processing DEN message (at simulation time 264.008,100,000 s)
2025-04-25 15:15:01,421 INFO  - Route change already tried once. (at simulation time 264.008,100,000 s)
2025-04-25 15:15:01,437 INFO  - Received message from veh_91 (at simulation time 265.002,800,000 s)
2025-04-25 15:15:01,437 INFO  - Processing DEN message (at simulation time 265.002,800,000 s)
2025-04-25 15:15:01,437 INFO  - Route change already tried once. (at simulation time 265.002,800,000 s)
2025-04-25 15:15:01,437 INFO  - Received message from veh_86 (at simulation time 265.003,300,000 s)
2025-04-25 15:15:01,437 INFO  - Processing DEN message (at simulation time 265.003,300,000 s)
2025-04-25 15:15:01,437 INFO  - Route change already tried once. (at simulation time 265.003,300,000 s)
2025-04-25 15:15:01,437 INFO  - Received message from veh_46 (at simulation time 265.003,700,000 s)
2025-04-25 15:15:01,437 INFO  - Processing DEN message (at simulation time 265.003,700,000 s)
2025-04-25 15:15:01,437 INFO  - Route change already tried once. (at simulation time 265.003,700,000 s)
2025-04-25 15:15:01,437 INFO  - Received message from veh_51 (at simulation time 265.003,700,000 s)
2025-04-25 15:15:01,437 INFO  - Processing DEN message (at simulation time 265.003,700,000 s)
2025-04-25 15:15:01,437 INFO  - Route change already tried once. (at simulation time 265.003,700,000 s)
2025-04-25 15:15:01,437 INFO  - Received message from veh_56 (at simulation time 265.003,700,000 s)
2025-04-25 15:15:01,437 INFO  - Processing DEN message (at simulation time 265.003,700,000 s)
2025-04-25 15:15:01,437 INFO  - Route change already tried once. (at simulation time 265.003,700,000 s)
2025-04-25 15:15:01,438 INFO  - Received message from veh_11 (at simulation time 265.004,600,000 s)
2025-04-25 15:15:01,438 INFO  - Processing DEN message (at simulation time 265.004,600,000 s)
2025-04-25 15:15:01,438 INFO  - Route change already tried once. (at simulation time 265.004,600,000 s)
2025-04-25 15:15:01,438 INFO  - Received message from veh_16 (at simulation time 265.005,100,000 s)
2025-04-25 15:15:01,438 INFO  - Processing DEN message (at simulation time 265.005,100,000 s)
2025-04-25 15:15:01,438 INFO  - Route change already tried once. (at simulation time 265.005,100,000 s)
2025-04-25 15:15:01,438 INFO  - Received message from veh_6 (at simulation time 265.006,100,000 s)
2025-04-25 15:15:01,438 INFO  - Processing DEN message (at simulation time 265.006,100,000 s)
2025-04-25 15:15:01,438 INFO  - Route change already tried once. (at simulation time 265.006,100,000 s)
2025-04-25 15:15:01,438 INFO  - Received message from veh_1 (at simulation time 265.006,600,000 s)
2025-04-25 15:15:01,438 INFO  - Processing DEN message (at simulation time 265.006,600,000 s)
2025-04-25 15:15:01,438 INFO  - Route change already tried once. (at simulation time 265.006,600,000 s)
2025-04-25 15:15:01,447 INFO  - Received message from veh_91 (at simulation time 266.002,800,000 s)
2025-04-25 15:15:01,447 INFO  - Processing DEN message (at simulation time 266.002,800,000 s)
2025-04-25 15:15:01,447 INFO  - Route change already tried once. (at simulation time 266.002,800,000 s)
2025-04-25 15:15:01,447 INFO  - Received message from veh_56 (at simulation time 266.003,200,000 s)
2025-04-25 15:15:01,447 INFO  - Processing DEN message (at simulation time 266.003,200,000 s)
2025-04-25 15:15:01,447 INFO  - Route change already tried once. (at simulation time 266.003,200,000 s)
2025-04-25 15:15:01,447 INFO  - Received message from veh_86 (at simulation time 266.003,800,000 s)
2025-04-25 15:15:01,447 INFO  - Processing DEN message (at simulation time 266.003,800,000 s)
2025-04-25 15:15:01,447 INFO  - Route change already tried once. (at simulation time 266.003,800,000 s)
2025-04-25 15:15:01,447 INFO  - Received message from veh_46 (at simulation time 266.004,700,000 s)
2025-04-25 15:15:01,447 INFO  - Processing DEN message (at simulation time 266.004,700,000 s)
2025-04-25 15:15:01,448 INFO  - Route change already tried once. (at simulation time 266.004,700,000 s)
2025-04-25 15:15:01,448 INFO  - Received message from veh_11 (at simulation time 266.005,100,000 s)
2025-04-25 15:15:01,448 INFO  - Processing DEN message (at simulation time 266.005,100,000 s)
2025-04-25 15:15:01,448 INFO  - Route change already tried once. (at simulation time 266.005,100,000 s)
2025-04-25 15:15:01,448 INFO  - Received message from veh_1 (at simulation time 266.005,600,000 s)
2025-04-25 15:15:01,448 INFO  - Processing DEN message (at simulation time 266.005,600,000 s)
2025-04-25 15:15:01,448 INFO  - Route change already tried once. (at simulation time 266.005,600,000 s)
2025-04-25 15:15:01,448 INFO  - Received message from veh_6 (at simulation time 266.005,600,000 s)
2025-04-25 15:15:01,448 INFO  - Processing DEN message (at simulation time 266.005,600,000 s)
2025-04-25 15:15:01,448 INFO  - Route change already tried once. (at simulation time 266.005,600,000 s)
2025-04-25 15:15:01,448 INFO  - Received message from veh_16 (at simulation time 266.006,600,000 s)
2025-04-25 15:15:01,448 INFO  - Processing DEN message (at simulation time 266.006,600,000 s)
2025-04-25 15:15:01,448 INFO  - Route change already tried once. (at simulation time 266.006,600,000 s)
2025-04-25 15:15:01,448 INFO  - Received message from veh_51 (at simulation time 266.006,700,000 s)
2025-04-25 15:15:01,448 INFO  - Processing DEN message (at simulation time 266.006,700,000 s)
2025-04-25 15:15:01,448 INFO  - Route change already tried once. (at simulation time 266.006,700,000 s)
2025-04-25 15:15:01,456 INFO  - Received message from veh_56 (at simulation time 267.000,800,000 s)
2025-04-25 15:15:01,456 INFO  - Processing DEN message (at simulation time 267.000,800,000 s)
2025-04-25 15:15:01,456 INFO  - Route change already tried once. (at simulation time 267.000,800,000 s)
2025-04-25 15:15:01,456 INFO  - Received message from veh_91 (at simulation time 267.001,300,000 s)
2025-04-25 15:15:01,456 INFO  - Processing DEN message (at simulation time 267.001,300,000 s)
2025-04-25 15:15:01,456 INFO  - Route change already tried once. (at simulation time 267.001,300,000 s)
2025-04-25 15:15:01,457 INFO  - Received message from veh_16 (at simulation time 267.003,200,000 s)
2025-04-25 15:15:01,457 INFO  - Processing DEN message (at simulation time 267.003,200,000 s)
2025-04-25 15:15:01,457 INFO  - Route change already tried once. (at simulation time 267.003,200,000 s)
2025-04-25 15:15:01,457 INFO  - Received message from veh_46 (at simulation time 267.003,200,000 s)
2025-04-25 15:15:01,457 INFO  - Processing DEN message (at simulation time 267.003,200,000 s)
2025-04-25 15:15:01,457 INFO  - Route change already tried once. (at simulation time 267.003,200,000 s)
2025-04-25 15:15:01,457 INFO  - Received message from veh_86 (at simulation time 267.004,300,000 s)
2025-04-25 15:15:01,457 INFO  - Processing DEN message (at simulation time 267.004,300,000 s)
2025-04-25 15:15:01,457 INFO  - Route change already tried once. (at simulation time 267.004,300,000 s)
2025-04-25 15:15:01,457 INFO  - Received message from veh_1 (at simulation time 267.004,600,000 s)
2025-04-25 15:15:01,457 INFO  - Processing DEN message (at simulation time 267.004,600,000 s)
2025-04-25 15:15:01,457 INFO  - Route change already tried once. (at simulation time 267.004,600,000 s)
2025-04-25 15:15:01,458 INFO  - Received message from veh_11 (at simulation time 267.005,700,000 s)
2025-04-25 15:15:01,458 INFO  - Processing DEN message (at simulation time 267.005,700,000 s)
2025-04-25 15:15:01,458 INFO  - Route change already tried once. (at simulation time 267.005,700,000 s)
2025-04-25 15:15:01,458 INFO  - Received message from veh_51 (at simulation time 267.005,700,000 s)
2025-04-25 15:15:01,458 INFO  - Processing DEN message (at simulation time 267.005,700,000 s)
2025-04-25 15:15:01,458 INFO  - Route change already tried once. (at simulation time 267.005,700,000 s)
2025-04-25 15:15:01,458 INFO  - Received message from veh_6 (at simulation time 267.006,600,000 s)
2025-04-25 15:15:01,458 INFO  - Processing DEN message (at simulation time 267.006,600,000 s)
2025-04-25 15:15:01,458 INFO  - Route change already tried once. (at simulation time 267.006,600,000 s)
2025-04-25 15:15:01,465 INFO  - Received message from veh_56 (at simulation time 268.000,800,000 s)
2025-04-25 15:15:01,465 INFO  - Processing DEN message (at simulation time 268.000,800,000 s)
2025-04-25 15:15:01,465 INFO  - Route change already tried once. (at simulation time 268.000,800,000 s)
2025-04-25 15:15:01,466 INFO  - Received message from veh_86 (at simulation time 268.002,800,000 s)
2025-04-25 15:15:01,466 INFO  - Processing DEN message (at simulation time 268.002,800,000 s)
2025-04-25 15:15:01,466 INFO  - Route change already tried once. (at simulation time 268.002,800,000 s)
2025-04-25 15:15:01,466 INFO  - Received message from veh_16 (at simulation time 268.003,700,000 s)
2025-04-25 15:15:01,466 INFO  - Processing DEN message (at simulation time 268.003,700,000 s)
2025-04-25 15:15:01,466 INFO  - Route change already tried once. (at simulation time 268.003,700,000 s)
2025-04-25 15:15:01,466 INFO  - Received message from veh_91 (at simulation time 268.003,800,000 s)
2025-04-25 15:15:01,466 INFO  - Processing DEN message (at simulation time 268.003,800,000 s)
2025-04-25 15:15:01,466 INFO  - Route change already tried once. (at simulation time 268.003,800,000 s)
2025-04-25 15:15:01,466 INFO  - Received message from veh_46 (at simulation time 268.004,200,000 s)
2025-04-25 15:15:01,466 INFO  - Processing DEN message (at simulation time 268.004,200,000 s)
2025-04-25 15:15:01,466 INFO  - Route change already tried once. (at simulation time 268.004,200,000 s)
2025-04-25 15:15:01,466 INFO  - Received message from veh_1 (at simulation time 268.004,600,000 s)
2025-04-25 15:15:01,466 INFO  - Processing DEN message (at simulation time 268.004,600,000 s)
2025-04-25 15:15:01,466 INFO  - Route change already tried once. (at simulation time 268.004,600,000 s)
2025-04-25 15:15:01,466 INFO  - Received message from veh_51 (at simulation time 268.005,200,000 s)
2025-04-25 15:15:01,466 INFO  - Processing DEN message (at simulation time 268.005,200,000 s)
2025-04-25 15:15:01,466 INFO  - Route change already tried once. (at simulation time 268.005,200,000 s)
2025-04-25 15:15:01,466 INFO  - Received message from veh_6 (at simulation time 268.005,600,000 s)
2025-04-25 15:15:01,466 INFO  - Processing DEN message (at simulation time 268.005,600,000 s)
2025-04-25 15:15:01,466 INFO  - Route change already tried once. (at simulation time 268.005,600,000 s)
2025-04-25 15:15:01,467 INFO  - Received message from veh_11 (at simulation time 268.005,700,000 s)
2025-04-25 15:15:01,467 INFO  - Processing DEN message (at simulation time 268.005,700,000 s)
2025-04-25 15:15:01,467 INFO  - Route change already tried once. (at simulation time 268.005,700,000 s)
2025-04-25 15:15:01,472 INFO  - Received message from veh_11 (at simulation time 269.002,200,000 s)
2025-04-25 15:15:01,472 INFO  - Processing DEN message (at simulation time 269.002,200,000 s)
2025-04-25 15:15:01,472 INFO  - Route change already tried once. (at simulation time 269.002,200,000 s)
2025-04-25 15:15:01,472 INFO  - Received message from veh_51 (at simulation time 269.002,200,000 s)
2025-04-25 15:15:01,472 INFO  - Processing DEN message (at simulation time 269.002,200,000 s)
2025-04-25 15:15:01,472 INFO  - Route change already tried once. (at simulation time 269.002,200,000 s)
2025-04-25 15:15:01,472 INFO  - Received message from veh_86 (at simulation time 269.002,300,000 s)
2025-04-25 15:15:01,472 INFO  - Processing DEN message (at simulation time 269.002,300,000 s)
2025-04-25 15:15:01,472 INFO  - Route change already tried once. (at simulation time 269.002,300,000 s)
2025-04-25 15:15:01,472 INFO  - Received message from veh_56 (at simulation time 269.002,800,000 s)
2025-04-25 15:15:01,472 INFO  - Processing DEN message (at simulation time 269.002,800,000 s)
2025-04-25 15:15:01,472 INFO  - Route change already tried once. (at simulation time 269.002,800,000 s)
2025-04-25 15:15:01,473 INFO  - Received message from veh_91 (at simulation time 269.003,300,000 s)
2025-04-25 15:15:01,473 INFO  - Processing DEN message (at simulation time 269.003,300,000 s)
2025-04-25 15:15:01,473 INFO  - Route change already tried once. (at simulation time 269.003,300,000 s)
2025-04-25 15:15:01,473 INFO  - Received message from veh_46 (at simulation time 269.003,700,000 s)
2025-04-25 15:15:01,473 INFO  - Processing DEN message (at simulation time 269.003,700,000 s)
2025-04-25 15:15:01,473 INFO  - Route change already tried once. (at simulation time 269.003,700,000 s)
2025-04-25 15:15:01,473 INFO  - Received message from veh_16 (at simulation time 269.004,200,000 s)
2025-04-25 15:15:01,473 INFO  - Processing DEN message (at simulation time 269.004,200,000 s)
2025-04-25 15:15:01,473 INFO  - Route change already tried once. (at simulation time 269.004,200,000 s)
2025-04-25 15:15:01,474 INFO  - Received message from veh_1 (at simulation time 269.007,600,000 s)
2025-04-25 15:15:01,474 INFO  - Processing DEN message (at simulation time 269.007,600,000 s)
2025-04-25 15:15:01,474 INFO  - Route change already tried once. (at simulation time 269.007,600,000 s)
2025-04-25 15:15:01,474 INFO  - Received message from veh_6 (at simulation time 269.007,600,000 s)
2025-04-25 15:15:01,474 INFO  - Processing DEN message (at simulation time 269.007,600,000 s)
2025-04-25 15:15:01,474 INFO  - Route change already tried once. (at simulation time 269.007,600,000 s)
2025-04-25 15:15:01,489 INFO  - Received message from veh_46 (at simulation time 270.001,200,000 s)
2025-04-25 15:15:01,489 INFO  - Processing DEN message (at simulation time 270.001,200,000 s)
2025-04-25 15:15:01,489 INFO  - Route change already tried once. (at simulation time 270.001,200,000 s)
2025-04-25 15:15:01,490 INFO  - Received message from veh_86 (at simulation time 270.001,800,000 s)
2025-04-25 15:15:01,490 INFO  - Processing DEN message (at simulation time 270.001,800,000 s)
2025-04-25 15:15:01,490 INFO  - Route change already tried once. (at simulation time 270.001,800,000 s)
2025-04-25 15:15:01,490 INFO  - Received message from veh_91 (at simulation time 270.001,800,000 s)
2025-04-25 15:15:01,490 INFO  - Processing DEN message (at simulation time 270.001,800,000 s)
2025-04-25 15:15:01,490 INFO  - Route change already tried once. (at simulation time 270.001,800,000 s)
2025-04-25 15:15:01,490 INFO  - Received message from veh_16 (at simulation time 270.002,700,000 s)
2025-04-25 15:15:01,490 INFO  - Processing DEN message (at simulation time 270.002,700,000 s)
2025-04-25 15:15:01,490 INFO  - Route change already tried once. (at simulation time 270.002,700,000 s)
2025-04-25 15:15:01,490 INFO  - Received message from veh_51 (at simulation time 270.002,800,000 s)
2025-04-25 15:15:01,490 INFO  - Processing DEN message (at simulation time 270.002,800,000 s)
2025-04-25 15:15:01,490 INFO  - Route change already tried once. (at simulation time 270.002,800,000 s)
2025-04-25 15:15:01,490 INFO  - Received message from veh_56 (at simulation time 270.002,800,000 s)
2025-04-25 15:15:01,490 INFO  - Processing DEN message (at simulation time 270.002,800,000 s)
2025-04-25 15:15:01,490 INFO  - Route change already tried once. (at simulation time 270.002,800,000 s)
2025-04-25 15:15:01,491 INFO  - Received message from veh_11 (at simulation time 270.003,700,000 s)
2025-04-25 15:15:01,491 INFO  - Processing DEN message (at simulation time 270.003,700,000 s)
2025-04-25 15:15:01,491 INFO  - Route change already tried once. (at simulation time 270.003,700,000 s)
2025-04-25 15:15:01,491 INFO  - Received message from veh_1 (at simulation time 270.004,100,000 s)
2025-04-25 15:15:01,491 INFO  - Processing DEN message (at simulation time 270.004,100,000 s)
2025-04-25 15:15:01,491 INFO  - Route change already tried once. (at simulation time 270.004,100,000 s)
2025-04-25 15:15:01,491 INFO  - Received message from veh_6 (at simulation time 270.005,700,000 s)
2025-04-25 15:15:01,491 INFO  - Processing DEN message (at simulation time 270.005,700,000 s)
2025-04-25 15:15:01,491 INFO  - Route change already tried once. (at simulation time 270.005,700,000 s)
2025-04-25 15:15:01,498 INFO  - Received message from veh_6 (at simulation time 271.002,700,000 s)
2025-04-25 15:15:01,498 INFO  - Processing DEN message (at simulation time 271.002,700,000 s)
2025-04-25 15:15:01,498 INFO  - Route change already tried once. (at simulation time 271.002,700,000 s)
2025-04-25 15:15:01,498 INFO  - Received message from veh_56 (at simulation time 271.002,800,000 s)
2025-04-25 15:15:01,498 INFO  - Processing DEN message (at simulation time 271.002,800,000 s)
2025-04-25 15:15:01,498 INFO  - Route change already tried once. (at simulation time 271.002,800,000 s)
2025-04-25 15:15:01,498 INFO  - Received message from veh_91 (at simulation time 271.002,800,000 s)
2025-04-25 15:15:01,498 INFO  - Processing DEN message (at simulation time 271.002,800,000 s)
2025-04-25 15:15:01,498 INFO  - Route change already tried once. (at simulation time 271.002,800,000 s)
2025-04-25 15:15:01,498 INFO  - Received message from veh_16 (at simulation time 271.003,700,000 s)
2025-04-25 15:15:01,498 INFO  - Processing DEN message (at simulation time 271.003,700,000 s)
2025-04-25 15:15:01,498 INFO  - Route change already tried once. (at simulation time 271.003,700,000 s)
2025-04-25 15:15:01,498 INFO  - Received message from veh_11 (at simulation time 271.004,200,000 s)
2025-04-25 15:15:01,498 INFO  - Processing DEN message (at simulation time 271.004,200,000 s)
2025-04-25 15:15:01,498 INFO  - Route change already tried once. (at simulation time 271.004,200,000 s)
2025-04-25 15:15:01,499 INFO  - Received message from veh_51 (at simulation time 271.004,300,000 s)
2025-04-25 15:15:01,499 INFO  - Processing DEN message (at simulation time 271.004,300,000 s)
2025-04-25 15:15:01,499 INFO  - Route change already tried once. (at simulation time 271.004,300,000 s)
2025-04-25 15:15:01,499 INFO  - Received message from veh_86 (at simulation time 271.004,800,000 s)
2025-04-25 15:15:01,499 INFO  - Processing DEN message (at simulation time 271.004,800,000 s)
2025-04-25 15:15:01,499 INFO  - Route change already tried once. (at simulation time 271.004,800,000 s)
2025-04-25 15:15:01,499 INFO  - Received message from veh_46 (at simulation time 271.005,200,000 s)
2025-04-25 15:15:01,499 INFO  - Processing DEN message (at simulation time 271.005,200,000 s)
2025-04-25 15:15:01,499 INFO  - Route change already tried once. (at simulation time 271.005,200,000 s)
2025-04-25 15:15:01,499 INFO  - Received message from veh_1 (at simulation time 271.005,600,000 s)
2025-04-25 15:15:01,499 INFO  - Processing DEN message (at simulation time 271.005,600,000 s)
2025-04-25 15:15:01,499 INFO  - Route change already tried once. (at simulation time 271.005,600,000 s)
2025-04-25 15:15:01,507 INFO  - Received message from veh_51 (at simulation time 272.002,800,000 s)
2025-04-25 15:15:01,507 INFO  - Processing DEN message (at simulation time 272.002,800,000 s)
2025-04-25 15:15:01,507 INFO  - Route change already tried once. (at simulation time 272.002,800,000 s)
2025-04-25 15:15:01,507 INFO  - Received message from veh_91 (at simulation time 272.002,800,000 s)
2025-04-25 15:15:01,507 INFO  - Processing DEN message (at simulation time 272.002,800,000 s)
2025-04-25 15:15:01,507 INFO  - Route change already tried once. (at simulation time 272.002,800,000 s)
2025-04-25 15:15:01,507 INFO  - Received message from veh_86 (at simulation time 272.003,300,000 s)
2025-04-25 15:15:01,507 INFO  - Processing DEN message (at simulation time 272.003,300,000 s)
2025-04-25 15:15:01,507 INFO  - Route change already tried once. (at simulation time 272.003,300,000 s)
2025-04-25 15:15:01,507 INFO  - Received message from veh_56 (at simulation time 272.003,800,000 s)
2025-04-25 15:15:01,507 INFO  - Processing DEN message (at simulation time 272.003,800,000 s)
2025-04-25 15:15:01,507 INFO  - Route change already tried once. (at simulation time 272.003,800,000 s)
2025-04-25 15:15:01,508 INFO  - Received message from veh_6 (at simulation time 272.004,200,000 s)
2025-04-25 15:15:01,508 INFO  - Processing DEN message (at simulation time 272.004,200,000 s)
2025-04-25 15:15:01,508 INFO  - Route change already tried once. (at simulation time 272.004,200,000 s)
2025-04-25 15:15:01,508 INFO  - Received message from veh_16 (at simulation time 272.005,200,000 s)
2025-04-25 15:15:01,508 INFO  - Processing DEN message (at simulation time 272.005,200,000 s)
2025-04-25 15:15:01,508 INFO  - Route change already tried once. (at simulation time 272.005,200,000 s)
2025-04-25 15:15:01,508 INFO  - Received message from veh_46 (at simulation time 272.005,200,000 s)
2025-04-25 15:15:01,508 INFO  - Processing DEN message (at simulation time 272.005,200,000 s)
2025-04-25 15:15:01,508 INFO  - Route change already tried once. (at simulation time 272.005,200,000 s)
2025-04-25 15:15:01,508 INFO  - Received message from veh_1 (at simulation time 272.006,100,000 s)
2025-04-25 15:15:01,508 INFO  - Processing DEN message (at simulation time 272.006,100,000 s)
2025-04-25 15:15:01,508 INFO  - Route change already tried once. (at simulation time 272.006,100,000 s)
2025-04-25 15:15:01,508 INFO  - Received message from veh_11 (at simulation time 272.006,200,000 s)
2025-04-25 15:15:01,508 INFO  - Processing DEN message (at simulation time 272.006,200,000 s)
2025-04-25 15:15:01,508 INFO  - Route change already tried once. (at simulation time 272.006,200,000 s)
2025-04-25 15:15:01,515 INFO  - Received message from veh_91 (at simulation time 273.001,300,000 s)
2025-04-25 15:15:01,515 INFO  - Processing DEN message (at simulation time 273.001,300,000 s)
2025-04-25 15:15:01,515 INFO  - Route change already tried once. (at simulation time 273.001,300,000 s)
2025-04-25 15:15:01,515 INFO  - Received message from veh_86 (at simulation time 273.001,800,000 s)
2025-04-25 15:15:01,515 INFO  - Processing DEN message (at simulation time 273.001,800,000 s)
2025-04-25 15:15:01,515 INFO  - Route change already tried once. (at simulation time 273.001,800,000 s)
2025-04-25 15:15:01,516 INFO  - Received message from veh_51 (at simulation time 273.003,300,000 s)
2025-04-25 15:15:01,516 INFO  - Processing DEN message (at simulation time 273.003,300,000 s)
2025-04-25 15:15:01,516 INFO  - Route change already tried once. (at simulation time 273.003,300,000 s)
2025-04-25 15:15:01,516 INFO  - Received message from veh_56 (at simulation time 273.003,300,000 s)
2025-04-25 15:15:01,516 INFO  - Processing DEN message (at simulation time 273.003,300,000 s)
2025-04-25 15:15:01,516 INFO  - Route change already tried once. (at simulation time 273.003,300,000 s)
2025-04-25 15:15:01,516 INFO  - Received message from veh_6 (at simulation time 273.003,700,000 s)
2025-04-25 15:15:01,516 INFO  - Processing DEN message (at simulation time 273.003,700,000 s)
2025-04-25 15:15:01,516 INFO  - Route change already tried once. (at simulation time 273.003,700,000 s)
2025-04-25 15:15:01,516 INFO  - Received message from veh_16 (at simulation time 273.003,700,000 s)
2025-04-25 15:15:01,516 INFO  - Processing DEN message (at simulation time 273.003,700,000 s)
2025-04-25 15:15:01,516 INFO  - Route change already tried once. (at simulation time 273.003,700,000 s)
2025-04-25 15:15:01,516 INFO  - Received message from veh_11 (at simulation time 273.004,200,000 s)
2025-04-25 15:15:01,516 INFO  - Processing DEN message (at simulation time 273.004,200,000 s)
2025-04-25 15:15:01,516 INFO  - Route change already tried once. (at simulation time 273.004,200,000 s)
2025-04-25 15:15:01,516 INFO  - Received message from veh_46 (at simulation time 273.004,200,000 s)
2025-04-25 15:15:01,516 INFO  - Processing DEN message (at simulation time 273.004,200,000 s)
2025-04-25 15:15:01,516 INFO  - Route change already tried once. (at simulation time 273.004,200,000 s)
2025-04-25 15:15:01,517 INFO  - Received message from veh_1 (at simulation time 273.006,100,000 s)
2025-04-25 15:15:01,517 INFO  - Processing DEN message (at simulation time 273.006,100,000 s)
2025-04-25 15:15:01,517 INFO  - Route change already tried once. (at simulation time 273.006,100,000 s)
2025-04-25 15:15:02,932 INFO  - Shutdown application (at simulation time 567.000,000,000 s)
