20:28:58.008 INFO  - initializing database
20:28:58.009 INFO  - loading database... 
20:28:58.164 INFO  - success

20:28:58.168 INFO  - No net-file given. No network will be imported.
20:28:58.179 INFO  - parsing route file
20:28:58.224 INFO  - processing route 1/2,    
20:28:58.225 INFO  - processing route 1/2,    edge 1/5
20:28:58.225 INFO  - processing route 1/2,    edge 2/5
20:28:58.226 INFO  - processing route 1/2,    edge 3/5
20:28:58.226 INFO  - processing route 1/2,    edge 4/5
20:28:58.226 INFO  - processing route 1/2,    edge 5/5
20:28:58.226 INFO  - processing route 2/2,    
20:28:58.226 INFO  - processing route 2/2,    edge 1/5
20:28:58.226 INFO  - processing route 2/2,    edge 2/5
20:28:58.226 INFO  - processing route 2/2,    edge 3/5
20:28:58.226 INFO  - processing route 2/2,    edge 4/5
20:28:58.226 INFO  - processing route 2/2,    edge 5/5
20:28:58.227 INFO  - 

20:28:58.227 INFO  - processing vehicle 1/34  
20:28:58.231 INFO  - processing vehicle 2/34  
20:28:58.231 INFO  - processing vehicle 3/34  
20:28:58.231 INFO  - processing vehicle 4/34  
20:28:58.231 INFO  - processing vehicle 5/34  
20:28:58.231 INFO  - processing vehicle 6/34  
20:28:58.231 INFO  - processing vehicle 7/34  
20:28:58.231 INFO  - processing vehicle 8/34  
20:28:58.231 INFO  - processing vehicle 9/34  
20:28:58.231 INFO  - processing vehicle 10/34  
20:28:58.231 INFO  - processing vehicle 11/34  
20:28:58.231 INFO  - processing vehicle 12/34  
20:28:58.232 INFO  - processing vehicle 13/34  
20:28:58.232 INFO  - processing vehicle 14/34  
20:28:58.232 INFO  - processing vehicle 15/34  
20:28:58.232 INFO  - processing vehicle 16/34  
20:28:58.232 INFO  - processing vehicle 17/34  
20:28:58.232 INFO  - processing vehicle 18/34  
20:28:58.232 INFO  - processing vehicle 19/34  
20:28:58.232 INFO  - processing vehicle 20/34  
20:28:58.232 INFO  - processing vehicle 21/34  
20:28:58.232 INFO  - processing vehicle 22/34  
20:28:58.232 INFO  - processing vehicle 23/34  
20:28:58.232 INFO  - processing vehicle 24/34  
20:28:58.232 INFO  - processing vehicle 25/34  
20:28:58.233 INFO  - processing vehicle 26/34  
20:28:58.233 INFO  - processing vehicle 27/34  
20:28:58.233 INFO  - processing vehicle 28/34  
20:28:58.233 INFO  - processing vehicle 29/34  
20:28:58.233 INFO  - processing vehicle 30/34  
20:28:58.233 INFO  - processing vehicle 31/34  
20:28:58.233 INFO  - processing vehicle 32/34  
20:28:58.233 INFO  - processing vehicle 33/34  
20:28:58.233 INFO  - processing vehicle 34/34  
20:28:58.233 INFO  - 

20:28:58.348 INFO  - Saving 5 nodes...
20:28:58.352 INFO  - Saving 10 ways...
20:28:58.360 INFO  - Saving 10 connections...
20:28:58.367 INFO  - Saving 10 restrictions...
20:28:58.371 INFO  - Saving 2 routes...
20:28:58.375 INFO  - Saving 0 roundabouts...
20:28:58.375 INFO  - Saving 0 buildings...
20:28:58.375 INFO  - Create Indices
20:28:58.383 INFO  - Database saved
20:28:58.384 INFO  - finished
