2025-04-25 15:15:01,138 INFO  - Initialize application (at simulation time 228.000,000,000 s)
2025-04-25 15:15:01,139 INFO  - Activated AdHoc Module (at simulation time 228.000,000,000 s)
2025-04-25 15:15:01,232 INFO  - Received message from veh_56 (at simulation time 242.004,600,000 s)
2025-04-25 15:15:01,232 INFO  - Processing DEN message (at simulation time 242.004,600,000 s)
2025-04-25 15:15:01,232 INFO  - The event occurred on connection with id=311964536_1313885442_2879911873, which is part of vehicle's route with id=1 (at simulation time 242.004,600,000 s)
2025-04-25 15:15:01,233 INFO  - Sending Change Route Command at position: GeoPoint{lat=52.651869,lon=13.568461,alt=0.00} (at simulation time 242.004,600,000 s)
2025-04-25 15:15:01,235 INFO  - Received message from veh_46 (at simulation time 242.007,000,000 s)
2025-04-25 15:15:01,235 INFO  - Processing DEN message (at simulation time 242.007,000,000 s)
2025-04-25 15:15:01,235 INFO  - Route change already tried once. (at simulation time 242.007,000,000 s)
2025-04-25 15:15:01,235 INFO  - Received message from veh_51 (at simulation time 242.007,000,000 s)
2025-04-25 15:15:01,235 INFO  - Processing DEN message (at simulation time 242.007,000,000 s)
2025-04-25 15:15:01,235 INFO  - Route change already tried once. (at simulation time 242.007,000,000 s)
2025-04-25 15:15:01,242 INFO  - Received message from veh_51 (at simulation time 243.007,000,000 s)
2025-04-25 15:15:01,242 INFO  - Processing DEN message (at simulation time 243.007,000,000 s)
2025-04-25 15:15:01,242 INFO  - Route change already tried once. (at simulation time 243.007,000,000 s)
2025-04-25 15:15:01,242 INFO  - Received message from veh_56 (at simulation time 243.007,100,000 s)
2025-04-25 15:15:01,242 INFO  - Processing DEN message (at simulation time 243.007,100,000 s)
2025-04-25 15:15:01,242 INFO  - Route change already tried once. (at simulation time 243.007,100,000 s)
2025-04-25 15:15:01,242 INFO  - Received message from veh_46 (at simulation time 243.008,500,000 s)
2025-04-25 15:15:01,242 INFO  - Processing DEN message (at simulation time 243.008,500,000 s)
2025-04-25 15:15:01,242 INFO  - Route change already tried once. (at simulation time 243.008,500,000 s)
2025-04-25 15:15:01,248 INFO  - Received message from veh_51 (at simulation time 244.004,500,000 s)
2025-04-25 15:15:01,248 INFO  - Processing DEN message (at simulation time 244.004,500,000 s)
2025-04-25 15:15:01,248 INFO  - Route change already tried once. (at simulation time 244.004,500,000 s)
2025-04-25 15:15:01,248 INFO  - Received message from veh_56 (at simulation time 244.004,600,000 s)
2025-04-25 15:15:01,248 INFO  - Processing DEN message (at simulation time 244.004,600,000 s)
2025-04-25 15:15:01,248 INFO  - Route change already tried once. (at simulation time 244.004,600,000 s)
2025-04-25 15:15:01,248 INFO  - Received message from veh_46 (at simulation time 244.006,000,000 s)
2025-04-25 15:15:01,248 INFO  - Processing DEN message (at simulation time 244.006,000,000 s)
2025-04-25 15:15:01,248 INFO  - Route change already tried once. (at simulation time 244.006,000,000 s)
2025-04-25 15:15:01,248 INFO  - Received message from veh_16 (at simulation time 244.006,500,000 s)
2025-04-25 15:15:01,248 INFO  - Processing DEN message (at simulation time 244.006,500,000 s)
2025-04-25 15:15:01,248 INFO  - Route change already tried once. (at simulation time 244.006,500,000 s)
2025-04-25 15:15:01,261 INFO  - Received message from veh_16 (at simulation time 245.005,500,000 s)
2025-04-25 15:15:01,261 INFO  - Processing DEN message (at simulation time 245.005,500,000 s)
2025-04-25 15:15:01,261 INFO  - Route change already tried once. (at simulation time 245.005,500,000 s)
2025-04-25 15:15:01,261 INFO  - Received message from veh_56 (at simulation time 245.006,600,000 s)
2025-04-25 15:15:01,261 INFO  - Processing DEN message (at simulation time 245.006,600,000 s)
2025-04-25 15:15:01,261 INFO  - Route change already tried once. (at simulation time 245.006,600,000 s)
2025-04-25 15:15:01,261 INFO  - Received message from veh_46 (at simulation time 245.008,500,000 s)
2025-04-25 15:15:01,261 INFO  - Processing DEN message (at simulation time 245.008,500,000 s)
2025-04-25 15:15:01,261 INFO  - Route change already tried once. (at simulation time 245.008,500,000 s)
2025-04-25 15:15:01,261 INFO  - Received message from veh_51 (at simulation time 245.008,600,000 s)
2025-04-25 15:15:01,261 INFO  - Processing DEN message (at simulation time 245.008,600,000 s)
2025-04-25 15:15:01,261 INFO  - Route change already tried once. (at simulation time 245.008,600,000 s)
2025-04-25 15:15:01,267 INFO  - Received message from veh_56 (at simulation time 246.004,600,000 s)
2025-04-25 15:15:01,267 INFO  - Processing DEN message (at simulation time 246.004,600,000 s)
2025-04-25 15:15:01,267 INFO  - Route change already tried once. (at simulation time 246.004,600,000 s)
2025-04-25 15:15:01,268 INFO  - Received message from veh_51 (at simulation time 246.007,100,000 s)
2025-04-25 15:15:01,268 INFO  - Processing DEN message (at simulation time 246.007,100,000 s)
2025-04-25 15:15:01,268 INFO  - Route change already tried once. (at simulation time 246.007,100,000 s)
2025-04-25 15:15:01,268 INFO  - Received message from veh_16 (at simulation time 246.009,000,000 s)
2025-04-25 15:15:01,268 INFO  - Processing DEN message (at simulation time 246.009,000,000 s)
2025-04-25 15:15:01,268 INFO  - Route change already tried once. (at simulation time 246.009,000,000 s)
2025-04-25 15:15:01,268 INFO  - Received message from veh_46 (at simulation time 246.010,000,000 s)
2025-04-25 15:15:01,268 INFO  - Processing DEN message (at simulation time 246.010,000,000 s)
2025-04-25 15:15:01,268 INFO  - Route change already tried once. (at simulation time 246.010,000,000 s)
2025-04-25 15:15:01,272 INFO  - Received message from veh_56 (at simulation time 247.002,600,000 s)
2025-04-25 15:15:01,272 INFO  - Processing DEN message (at simulation time 247.002,600,000 s)
2025-04-25 15:15:01,272 INFO  - Route change already tried once. (at simulation time 247.002,600,000 s)
2025-04-25 15:15:01,273 INFO  - Received message from veh_46 (at simulation time 247.004,600,000 s)
2025-04-25 15:15:01,273 INFO  - Processing DEN message (at simulation time 247.004,600,000 s)
2025-04-25 15:15:01,273 INFO  - Route change already tried once. (at simulation time 247.004,600,000 s)
2025-04-25 15:15:01,273 INFO  - Received message from veh_51 (at simulation time 247.005,100,000 s)
2025-04-25 15:15:01,273 INFO  - Processing DEN message (at simulation time 247.005,100,000 s)
2025-04-25 15:15:01,273 INFO  - Route change already tried once. (at simulation time 247.005,100,000 s)
2025-04-25 15:15:01,274 INFO  - Received message from veh_16 (at simulation time 247.008,500,000 s)
2025-04-25 15:15:01,274 INFO  - Processing DEN message (at simulation time 247.008,500,000 s)
2025-04-25 15:15:01,274 INFO  - Route change already tried once. (at simulation time 247.008,500,000 s)
2025-04-25 15:15:01,274 INFO  - Received message from veh_11 (at simulation time 247.009,000,000 s)
2025-04-25 15:15:01,274 INFO  - Processing DEN message (at simulation time 247.009,000,000 s)
2025-04-25 15:15:01,274 INFO  - Route change already tried once. (at simulation time 247.009,000,000 s)
2025-04-25 15:15:01,279 INFO  - Received message from veh_46 (at simulation time 248.005,600,000 s)
2025-04-25 15:15:01,279 INFO  - Processing DEN message (at simulation time 248.005,600,000 s)
2025-04-25 15:15:01,279 INFO  - Route change already tried once. (at simulation time 248.005,600,000 s)
2025-04-25 15:15:01,279 INFO  - Received message from veh_51 (at simulation time 248.006,600,000 s)
2025-04-25 15:15:01,279 INFO  - Processing DEN message (at simulation time 248.006,600,000 s)
2025-04-25 15:15:01,279 INFO  - Route change already tried once. (at simulation time 248.006,600,000 s)
2025-04-25 15:15:01,279 INFO  - Received message from veh_11 (at simulation time 248.008,000,000 s)
2025-04-25 15:15:01,279 INFO  - Processing DEN message (at simulation time 248.008,000,000 s)
2025-04-25 15:15:01,280 INFO  - Route change already tried once. (at simulation time 248.008,000,000 s)
2025-04-25 15:15:01,280 INFO  - Received message from veh_16 (at simulation time 248.008,000,000 s)
2025-04-25 15:15:01,280 INFO  - Processing DEN message (at simulation time 248.008,000,000 s)
2025-04-25 15:15:01,280 INFO  - Route change already tried once. (at simulation time 248.008,000,000 s)
2025-04-25 15:15:01,280 INFO  - Received message from veh_56 (at simulation time 248.008,600,000 s)
2025-04-25 15:15:01,280 INFO  - Processing DEN message (at simulation time 248.008,600,000 s)
2025-04-25 15:15:01,280 INFO  - Route change already tried once. (at simulation time 248.008,600,000 s)
2025-04-25 15:15:01,285 INFO  - Received message from veh_56 (at simulation time 249.004,600,000 s)
2025-04-25 15:15:01,285 INFO  - Processing DEN message (at simulation time 249.004,600,000 s)
2025-04-25 15:15:01,285 INFO  - Route change already tried once. (at simulation time 249.004,600,000 s)
2025-04-25 15:15:01,285 INFO  - Received message from veh_11 (at simulation time 249.005,000,000 s)
2025-04-25 15:15:01,285 INFO  - Processing DEN message (at simulation time 249.005,000,000 s)
2025-04-25 15:15:01,285 INFO  - Route change already tried once. (at simulation time 249.005,000,000 s)
2025-04-25 15:15:01,286 INFO  - Received message from veh_46 (at simulation time 249.006,100,000 s)
2025-04-25 15:15:01,286 INFO  - Processing DEN message (at simulation time 249.006,100,000 s)
2025-04-25 15:15:01,286 INFO  - Route change already tried once. (at simulation time 249.006,100,000 s)
2025-04-25 15:15:01,286 INFO  - Received message from veh_51 (at simulation time 249.007,100,000 s)
2025-04-25 15:15:01,286 INFO  - Processing DEN message (at simulation time 249.007,100,000 s)
2025-04-25 15:15:01,286 INFO  - Route change already tried once. (at simulation time 249.007,100,000 s)
2025-04-25 15:15:01,286 INFO  - Received message from veh_16 (at simulation time 249.008,000,000 s)
2025-04-25 15:15:01,286 INFO  - Processing DEN message (at simulation time 249.008,000,000 s)
2025-04-25 15:15:01,286 INFO  - Route change already tried once. (at simulation time 249.008,000,000 s)
2025-04-25 15:15:01,303 INFO  - Received message from veh_56 (at simulation time 250.003,600,000 s)
2025-04-25 15:15:01,303 INFO  - Processing DEN message (at simulation time 250.003,600,000 s)
2025-04-25 15:15:01,303 INFO  - Route change already tried once. (at simulation time 250.003,600,000 s)
2025-04-25 15:15:01,303 INFO  - Received message from veh_46 (at simulation time 250.005,100,000 s)
2025-04-25 15:15:01,303 INFO  - Processing DEN message (at simulation time 250.005,100,000 s)
2025-04-25 15:15:01,303 INFO  - Route change already tried once. (at simulation time 250.005,100,000 s)
2025-04-25 15:15:01,303 INFO  - Received message from veh_16 (at simulation time 250.006,000,000 s)
2025-04-25 15:15:01,303 INFO  - Processing DEN message (at simulation time 250.006,000,000 s)
2025-04-25 15:15:01,303 INFO  - Route change already tried once. (at simulation time 250.006,000,000 s)
2025-04-25 15:15:01,303 INFO  - Received message from veh_51 (at simulation time 250.006,100,000 s)
2025-04-25 15:15:01,303 INFO  - Processing DEN message (at simulation time 250.006,100,000 s)
2025-04-25 15:15:01,303 INFO  - Route change already tried once. (at simulation time 250.006,100,000 s)
2025-04-25 15:15:01,304 INFO  - Received message from veh_11 (at simulation time 250.008,000,000 s)
2025-04-25 15:15:01,304 INFO  - Processing DEN message (at simulation time 250.008,000,000 s)
2025-04-25 15:15:01,304 INFO  - Route change already tried once. (at simulation time 250.008,000,000 s)
2025-04-25 15:15:01,309 INFO  - Received message from veh_16 (at simulation time 251.005,000,000 s)
2025-04-25 15:15:01,309 INFO  - Processing DEN message (at simulation time 251.005,000,000 s)
2025-04-25 15:15:01,309 INFO  - Route change already tried once. (at simulation time 251.005,000,000 s)
2025-04-25 15:15:01,309 INFO  - Received message from veh_46 (at simulation time 251.005,100,000 s)
2025-04-25 15:15:01,309 INFO  - Processing DEN message (at simulation time 251.005,100,000 s)
2025-04-25 15:15:01,309 INFO  - Route change already tried once. (at simulation time 251.005,100,000 s)
2025-04-25 15:15:01,309 INFO  - Received message from veh_51 (at simulation time 251.005,600,000 s)
2025-04-25 15:15:01,309 INFO  - Processing DEN message (at simulation time 251.005,600,000 s)
2025-04-25 15:15:01,309 INFO  - Route change already tried once. (at simulation time 251.005,600,000 s)
2025-04-25 15:15:01,310 INFO  - Received message from veh_56 (at simulation time 251.006,100,000 s)
2025-04-25 15:15:01,310 INFO  - Processing DEN message (at simulation time 251.006,100,000 s)
2025-04-25 15:15:01,310 INFO  - Route change already tried once. (at simulation time 251.006,100,000 s)
2025-04-25 15:15:01,310 INFO  - Received message from veh_11 (at simulation time 251.007,000,000 s)
2025-04-25 15:15:01,310 INFO  - Processing DEN message (at simulation time 251.007,000,000 s)
2025-04-25 15:15:01,310 INFO  - Route change already tried once. (at simulation time 251.007,000,000 s)
2025-04-25 15:15:01,310 INFO  - Received message from veh_6 (at simulation time 251.008,500,000 s)
2025-04-25 15:15:01,310 INFO  - Processing DEN message (at simulation time 251.008,500,000 s)
2025-04-25 15:15:01,310 INFO  - Route change already tried once. (at simulation time 251.008,500,000 s)
2025-04-25 15:15:01,315 INFO  - Received message from veh_56 (at simulation time 252.003,600,000 s)
2025-04-25 15:15:01,315 INFO  - Processing DEN message (at simulation time 252.003,600,000 s)
2025-04-25 15:15:01,315 INFO  - Route change already tried once. (at simulation time 252.003,600,000 s)
2025-04-25 15:15:01,316 INFO  - Received message from veh_51 (at simulation time 252.005,100,000 s)
2025-04-25 15:15:01,316 INFO  - Processing DEN message (at simulation time 252.005,100,000 s)
2025-04-25 15:15:01,316 INFO  - Route change already tried once. (at simulation time 252.005,100,000 s)
2025-04-25 15:15:01,316 INFO  - Received message from veh_6 (at simulation time 252.006,000,000 s)
2025-04-25 15:15:01,316 INFO  - Processing DEN message (at simulation time 252.006,000,000 s)
2025-04-25 15:15:01,316 INFO  - Route change already tried once. (at simulation time 252.006,000,000 s)
2025-04-25 15:15:01,316 INFO  - Received message from veh_11 (at simulation time 252.006,000,000 s)
2025-04-25 15:15:01,316 INFO  - Processing DEN message (at simulation time 252.006,000,000 s)
2025-04-25 15:15:01,316 INFO  - Route change already tried once. (at simulation time 252.006,000,000 s)
2025-04-25 15:15:01,316 INFO  - Received message from veh_46 (at simulation time 252.007,100,000 s)
2025-04-25 15:15:01,316 INFO  - Processing DEN message (at simulation time 252.007,100,000 s)
2025-04-25 15:15:01,316 INFO  - Route change already tried once. (at simulation time 252.007,100,000 s)
2025-04-25 15:15:01,316 INFO  - Received message from veh_16 (at simulation time 252.007,500,000 s)
2025-04-25 15:15:01,316 INFO  - Processing DEN message (at simulation time 252.007,500,000 s)
2025-04-25 15:15:01,316 INFO  - Route change already tried once. (at simulation time 252.007,500,000 s)
2025-04-25 15:15:01,321 INFO  - Received message from veh_16 (at simulation time 253.005,000,000 s)
2025-04-25 15:15:01,321 INFO  - Processing DEN message (at simulation time 253.005,000,000 s)
2025-04-25 15:15:01,321 INFO  - Route change already tried once. (at simulation time 253.005,000,000 s)
2025-04-25 15:15:01,321 INFO  - Received message from veh_46 (at simulation time 253.005,100,000 s)
2025-04-25 15:15:01,321 INFO  - Processing DEN message (at simulation time 253.005,100,000 s)
2025-04-25 15:15:01,321 INFO  - Route change already tried once. (at simulation time 253.005,100,000 s)
2025-04-25 15:15:01,322 INFO  - Received message from veh_11 (at simulation time 253.005,500,000 s)
2025-04-25 15:15:01,322 INFO  - Processing DEN message (at simulation time 253.005,500,000 s)
2025-04-25 15:15:01,322 INFO  - Route change already tried once. (at simulation time 253.005,500,000 s)
2025-04-25 15:15:01,322 INFO  - Received message from veh_56 (at simulation time 253.005,600,000 s)
2025-04-25 15:15:01,322 INFO  - Processing DEN message (at simulation time 253.005,600,000 s)
2025-04-25 15:15:01,322 INFO  - Route change already tried once. (at simulation time 253.005,600,000 s)
2025-04-25 15:15:01,323 INFO  - Received message from veh_51 (at simulation time 253.008,600,000 s)
2025-04-25 15:15:01,323 INFO  - Processing DEN message (at simulation time 253.008,600,000 s)
2025-04-25 15:15:01,323 INFO  - Route change already tried once. (at simulation time 253.008,600,000 s)
2025-04-25 15:15:01,323 INFO  - Received message from veh_6 (at simulation time 253.009,000,000 s)
2025-04-25 15:15:01,323 INFO  - Processing DEN message (at simulation time 253.009,000,000 s)
2025-04-25 15:15:01,323 INFO  - Route change already tried once. (at simulation time 253.009,000,000 s)
2025-04-25 15:15:01,327 INFO  - Received message from veh_86 (at simulation time 254.001,200,000 s)
2025-04-25 15:15:01,327 INFO  - Processing DEN message (at simulation time 254.001,200,000 s)
2025-04-25 15:15:01,327 INFO  - Route change already tried once. (at simulation time 254.001,200,000 s)
2025-04-25 15:15:01,328 INFO  - Received message from veh_51 (at simulation time 254.003,600,000 s)
2025-04-25 15:15:01,328 INFO  - Processing DEN message (at simulation time 254.003,600,000 s)
2025-04-25 15:15:01,328 INFO  - Route change already tried once. (at simulation time 254.003,600,000 s)
2025-04-25 15:15:01,328 INFO  - Received message from veh_56 (at simulation time 254.005,100,000 s)
2025-04-25 15:15:01,328 INFO  - Processing DEN message (at simulation time 254.005,100,000 s)
2025-04-25 15:15:01,328 INFO  - Route change already tried once. (at simulation time 254.005,100,000 s)
2025-04-25 15:15:01,329 INFO  - Received message from veh_16 (at simulation time 254.006,000,000 s)
2025-04-25 15:15:01,329 INFO  - Processing DEN message (at simulation time 254.006,000,000 s)
2025-04-25 15:15:01,329 INFO  - Route change already tried once. (at simulation time 254.006,000,000 s)
2025-04-25 15:15:01,329 INFO  - Received message from veh_46 (at simulation time 254.006,100,000 s)
2025-04-25 15:15:01,329 INFO  - Processing DEN message (at simulation time 254.006,100,000 s)
2025-04-25 15:15:01,329 INFO  - Route change already tried once. (at simulation time 254.006,100,000 s)
2025-04-25 15:15:01,329 INFO  - Received message from veh_1 (at simulation time 254.006,500,000 s)
2025-04-25 15:15:01,329 INFO  - Processing DEN message (at simulation time 254.006,500,000 s)
2025-04-25 15:15:01,329 INFO  - Route change already tried once. (at simulation time 254.006,500,000 s)
2025-04-25 15:15:01,329 INFO  - Received message from veh_6 (at simulation time 254.008,000,000 s)
2025-04-25 15:15:01,329 INFO  - Processing DEN message (at simulation time 254.008,000,000 s)
2025-04-25 15:15:01,329 INFO  - Route change already tried once. (at simulation time 254.008,000,000 s)
2025-04-25 15:15:01,330 INFO  - Received message from veh_11 (at simulation time 254.010,000,000 s)
2025-04-25 15:15:01,330 INFO  - Processing DEN message (at simulation time 254.010,000,000 s)
2025-04-25 15:15:01,330 INFO  - Route change already tried once. (at simulation time 254.010,000,000 s)
2025-04-25 15:15:01,343 INFO  - Received message from veh_56 (at simulation time 255.003,600,000 s)
2025-04-25 15:15:01,343 INFO  - Processing DEN message (at simulation time 255.003,600,000 s)
2025-04-25 15:15:01,343 INFO  - Route change already tried once. (at simulation time 255.003,600,000 s)
2025-04-25 15:15:01,344 INFO  - Received message from veh_11 (at simulation time 255.006,000,000 s)
2025-04-25 15:15:01,344 INFO  - Processing DEN message (at simulation time 255.006,000,000 s)
2025-04-25 15:15:01,344 INFO  - Route change already tried once. (at simulation time 255.006,000,000 s)
2025-04-25 15:15:01,344 INFO  - Received message from veh_1 (at simulation time 255.006,400,000 s)
2025-04-25 15:15:01,344 INFO  - Processing DEN message (at simulation time 255.006,400,000 s)
2025-04-25 15:15:01,344 INFO  - Route change already tried once. (at simulation time 255.006,400,000 s)
2025-04-25 15:15:01,344 INFO  - Received message from veh_46 (at simulation time 255.006,500,000 s)
2025-04-25 15:15:01,344 INFO  - Processing DEN message (at simulation time 255.006,500,000 s)
2025-04-25 15:15:01,344 INFO  - Route change already tried once. (at simulation time 255.006,500,000 s)
2025-04-25 15:15:01,344 INFO  - Received message from veh_16 (at simulation time 255.007,000,000 s)
2025-04-25 15:15:01,344 INFO  - Processing DEN message (at simulation time 255.007,000,000 s)
2025-04-25 15:15:01,344 INFO  - Route change already tried once. (at simulation time 255.007,000,000 s)
2025-04-25 15:15:01,345 INFO  - Received message from veh_51 (at simulation time 255.008,000,000 s)
2025-04-25 15:15:01,345 INFO  - Processing DEN message (at simulation time 255.008,000,000 s)
2025-04-25 15:15:01,345 INFO  - Route change already tried once. (at simulation time 255.008,000,000 s)
2025-04-25 15:15:01,345 INFO  - Received message from veh_86 (at simulation time 255.008,100,000 s)
2025-04-25 15:15:01,345 INFO  - Processing DEN message (at simulation time 255.008,100,000 s)
2025-04-25 15:15:01,345 INFO  - Route change already tried once. (at simulation time 255.008,100,000 s)
2025-04-25 15:15:01,345 INFO  - Received message from veh_6 (at simulation time 255.010,900,000 s)
2025-04-25 15:15:01,345 INFO  - Processing DEN message (at simulation time 255.010,900,000 s)
2025-04-25 15:15:01,345 INFO  - Route change already tried once. (at simulation time 255.010,900,000 s)
2025-04-25 15:15:01,351 INFO  - Received message from veh_86 (at simulation time 256.004,600,000 s)
2025-04-25 15:15:01,351 INFO  - Processing DEN message (at simulation time 256.004,600,000 s)
2025-04-25 15:15:01,351 INFO  - Route change already tried once. (at simulation time 256.004,600,000 s)
2025-04-25 15:15:01,351 INFO  - Received message from veh_51 (at simulation time 256.005,500,000 s)
2025-04-25 15:15:01,351 INFO  - Processing DEN message (at simulation time 256.005,500,000 s)
2025-04-25 15:15:01,351 INFO  - Route change already tried once. (at simulation time 256.005,500,000 s)
2025-04-25 15:15:01,352 INFO  - Received message from veh_56 (at simulation time 256.006,100,000 s)
2025-04-25 15:15:01,352 INFO  - Processing DEN message (at simulation time 256.006,100,000 s)
2025-04-25 15:15:01,352 INFO  - Route change already tried once. (at simulation time 256.006,100,000 s)
2025-04-25 15:15:01,352 INFO  - Received message from veh_46 (at simulation time 256.006,500,000 s)
2025-04-25 15:15:01,352 INFO  - Processing DEN message (at simulation time 256.006,500,000 s)
2025-04-25 15:15:01,352 INFO  - Route change already tried once. (at simulation time 256.006,500,000 s)
2025-04-25 15:15:01,352 INFO  - Received message from veh_6 (at simulation time 256.007,900,000 s)
2025-04-25 15:15:01,352 INFO  - Processing DEN message (at simulation time 256.007,900,000 s)
2025-04-25 15:15:01,352 INFO  - Route change already tried once. (at simulation time 256.007,900,000 s)
2025-04-25 15:15:01,352 INFO  - Received message from veh_16 (at simulation time 256.008,000,000 s)
2025-04-25 15:15:01,352 INFO  - Processing DEN message (at simulation time 256.008,000,000 s)
2025-04-25 15:15:01,352 INFO  - Route change already tried once. (at simulation time 256.008,000,000 s)
2025-04-25 15:15:01,352 INFO  - Received message from veh_1 (at simulation time 256.008,400,000 s)
2025-04-25 15:15:01,352 INFO  - Processing DEN message (at simulation time 256.008,400,000 s)
2025-04-25 15:15:01,352 INFO  - Route change already tried once. (at simulation time 256.008,400,000 s)
2025-04-25 15:15:01,352 INFO  - Received message from veh_11 (at simulation time 256.008,500,000 s)
2025-04-25 15:15:01,352 INFO  - Processing DEN message (at simulation time 256.008,500,000 s)
2025-04-25 15:15:01,352 INFO  - Route change already tried once. (at simulation time 256.008,500,000 s)
2025-04-25 15:15:01,358 INFO  - Received message from veh_56 (at simulation time 257.004,100,000 s)
2025-04-25 15:15:01,358 INFO  - Processing DEN message (at simulation time 257.004,100,000 s)
2025-04-25 15:15:01,358 INFO  - Route change already tried once. (at simulation time 257.004,100,000 s)
2025-04-25 15:15:01,358 INFO  - Received message from veh_51 (at simulation time 257.004,600,000 s)
2025-04-25 15:15:01,358 INFO  - Processing DEN message (at simulation time 257.004,600,000 s)
2025-04-25 15:15:01,358 INFO  - Route change already tried once. (at simulation time 257.004,600,000 s)
2025-04-25 15:15:01,359 INFO  - Received message from veh_46 (at simulation time 257.005,500,000 s)
2025-04-25 15:15:01,359 INFO  - Processing DEN message (at simulation time 257.005,500,000 s)
2025-04-25 15:15:01,359 INFO  - Route change already tried once. (at simulation time 257.005,500,000 s)
2025-04-25 15:15:01,359 INFO  - Received message from veh_11 (at simulation time 257.006,500,000 s)
2025-04-25 15:15:01,359 INFO  - Processing DEN message (at simulation time 257.006,500,000 s)
2025-04-25 15:15:01,359 INFO  - Route change already tried once. (at simulation time 257.006,500,000 s)
2025-04-25 15:15:01,359 INFO  - Received message from veh_16 (at simulation time 257.006,500,000 s)
2025-04-25 15:15:01,359 INFO  - Processing DEN message (at simulation time 257.006,500,000 s)
2025-04-25 15:15:01,359 INFO  - Route change already tried once. (at simulation time 257.006,500,000 s)
2025-04-25 15:15:01,359 INFO  - Received message from veh_86 (at simulation time 257.006,600,000 s)
2025-04-25 15:15:01,359 INFO  - Processing DEN message (at simulation time 257.006,600,000 s)
2025-04-25 15:15:01,359 INFO  - Route change already tried once. (at simulation time 257.006,600,000 s)
2025-04-25 15:15:01,359 INFO  - Received message from veh_6 (at simulation time 257.007,000,000 s)
2025-04-25 15:15:01,359 INFO  - Processing DEN message (at simulation time 257.007,000,000 s)
2025-04-25 15:15:01,359 INFO  - Route change already tried once. (at simulation time 257.007,000,000 s)
2025-04-25 15:15:01,359 INFO  - Received message from veh_1 (at simulation time 257.008,400,000 s)
2025-04-25 15:15:01,359 INFO  - Processing DEN message (at simulation time 257.008,400,000 s)
2025-04-25 15:15:01,359 INFO  - Route change already tried once. (at simulation time 257.008,400,000 s)
2025-04-25 15:15:03,072 INFO  - Shutdown application (at simulation time 646.000,000,000 s)
