2025-04-25 15:02:20,386 INFO  - Initialize WeatherServer application (at simulation time 0.000,000,000 s)
2025-04-25 15:02:20,389 INFO  - Setup weather server server_0 at time 0 (at simulation time 0.000,000,000 s)
2025-04-25 15:02:20,389 INFO  - Activated Cell Module (at simulation time 0.000,000,000 s)
2025-04-25 15:02:20,389 INFO  - No warning present. (at simulation time 0.000,000,000 s)
2025-04-25 15:02:20,393 INFO  - No warning present. (at simulation time 2.000,000,000 s)
2025-04-25 15:02:20,397 INFO  - No warning present. (at simulation time 4.000,000,000 s)
2025-04-25 15:02:20,414 INFO  - No warning present. (at simulation time 6.000,000,000 s)
2025-04-25 15:02:20,425 INFO  - No warning present. (at simulation time 8.000,000,000 s)
2025-04-25 15:02:20,437 INFO  - No warning present. (at simulation time 10.000,000,000 s)
2025-04-25 15:02:20,444 INFO  - No warning present. (at simulation time 12.000,000,000 s)
2025-04-25 15:02:20,448 INFO  - No warning present. (at simulation time 14.000,000,000 s)
2025-04-25 15:02:20,461 INFO  - No warning present. (at simulation time 16.000,000,000 s)
2025-04-25 15:02:20,468 INFO  - No warning present. (at simulation time 18.000,000,000 s)
2025-04-25 15:02:20,476 INFO  - No warning present. (at simulation time 20.000,000,000 s)
2025-04-25 15:02:20,481 INFO  - No warning present. (at simulation time 22.000,000,000 s)
2025-04-25 15:02:20,485 INFO  - No warning present. (at simulation time 24.000,000,000 s)
2025-04-25 15:02:20,494 INFO  - No warning present. (at simulation time 26.000,000,000 s)
2025-04-25 15:02:20,501 INFO  - No warning present. (at simulation time 28.000,000,000 s)
2025-04-25 15:02:20,512 INFO  - No warning present. (at simulation time 30.000,000,000 s)
2025-04-25 15:02:20,518 INFO  - No warning present. (at simulation time 32.000,000,000 s)
2025-04-25 15:02:20,524 INFO  - No warning present. (at simulation time 34.000,000,000 s)
2025-04-25 15:02:20,535 INFO  - No warning present. (at simulation time 36.000,000,000 s)
2025-04-25 15:02:20,544 INFO  - No warning present. (at simulation time 38.000,000,000 s)
2025-04-25 15:02:20,556 INFO  - No warning present. (at simulation time 40.000,000,000 s)
2025-04-25 15:02:20,563 INFO  - No warning present. (at simulation time 42.000,000,000 s)
2025-04-25 15:02:20,570 INFO  - No warning present. (at simulation time 44.000,000,000 s)
2025-04-25 15:02:20,579 INFO  - No warning present. (at simulation time 46.000,000,000 s)
2025-04-25 15:02:20,584 INFO  - No warning present. (at simulation time 48.000,000,000 s)
2025-04-25 15:02:20,595 INFO  - No warning present. (at simulation time 50.000,000,000 s)
2025-04-25 15:02:20,601 INFO  - No warning present. (at simulation time 52.000,000,000 s)
2025-04-25 15:02:20,608 INFO  - No warning present. (at simulation time 54.000,000,000 s)
2025-04-25 15:02:20,620 INFO  - No warning present. (at simulation time 56.000,000,000 s)
2025-04-25 15:02:20,627 INFO  - No warning present. (at simulation time 58.000,000,000 s)
2025-04-25 15:02:20,638 INFO  - No warning present. (at simulation time 60.000,000,000 s)
2025-04-25 15:02:20,657 INFO  - No warning present. (at simulation time 62.000,000,000 s)
2025-04-25 15:02:20,662 INFO  - No warning present. (at simulation time 64.000,000,000 s)
2025-04-25 15:02:20,668 INFO  - No warning present. (at simulation time 66.000,000,000 s)
2025-04-25 15:02:20,673 INFO  - No warning present. (at simulation time 68.000,000,000 s)
2025-04-25 15:02:20,681 INFO  - No warning present. (at simulation time 70.000,000,000 s)
2025-04-25 15:02:20,687 INFO  - No warning present. (at simulation time 72.000,000,000 s)
2025-04-25 15:02:20,693 INFO  - No warning present. (at simulation time 74.000,000,000 s)
2025-04-25 15:02:20,700 INFO  - No warning present. (at simulation time 76.000,000,000 s)
2025-04-25 15:02:20,706 INFO  - No warning present. (at simulation time 78.000,000,000 s)
2025-04-25 15:02:20,714 INFO  - No warning present. (at simulation time 80.000,000,000 s)
2025-04-25 15:02:20,720 INFO  - No warning present. (at simulation time 82.000,000,000 s)
2025-04-25 15:02:20,775 INFO  - No warning present. (at simulation time 84.000,000,000 s)
2025-04-25 15:02:20,791 INFO  - No warning present. (at simulation time 86.000,000,000 s)
2025-04-25 15:02:20,801 INFO  - No warning present. (at simulation time 88.000,000,000 s)
2025-04-25 15:02:20,829 INFO  - No warning present. (at simulation time 90.000,000,000 s)
2025-04-25 15:02:20,866 INFO  - No warning present. (at simulation time 92.000,000,000 s)
2025-04-25 15:02:20,878 INFO  - No warning present. (at simulation time 94.000,000,000 s)
2025-04-25 15:02:20,896 INFO  - No warning present. (at simulation time 96.000,000,000 s)
2025-04-25 15:02:20,904 INFO  - No warning present. (at simulation time 98.000,000,000 s)
2025-04-25 15:02:20,917 INFO  - No warning present. (at simulation time 100.000,000,000 s)
2025-04-25 15:02:20,927 INFO  - No warning present. (at simulation time 102.000,000,000 s)
2025-04-25 15:02:20,935 INFO  - No warning present. (at simulation time 104.000,000,000 s)
2025-04-25 15:02:20,947 INFO  - No warning present. (at simulation time 106.000,000,000 s)
2025-04-25 15:02:20,958 INFO  - No warning present. (at simulation time 108.000,000,000 s)
2025-04-25 15:02:20,973 INFO  - No warning present. (at simulation time 110.000,000,000 s)
2025-04-25 15:02:20,983 INFO  - No warning present. (at simulation time 112.000,000,000 s)
2025-04-25 15:02:20,993 INFO  - No warning present. (at simulation time 114.000,000,000 s)
2025-04-25 15:02:21,006 INFO  - No warning present. (at simulation time 116.000,000,000 s)
2025-04-25 15:02:21,017 INFO  - No warning present. (at simulation time 118.000,000,000 s)
2025-04-25 15:02:21,032 INFO  - No warning present. (at simulation time 120.000,000,000 s)
2025-04-25 15:02:21,119 INFO  - No warning present. (at simulation time 122.000,000,000 s)
2025-04-25 15:02:21,129 INFO  - No warning present. (at simulation time 124.000,000,000 s)
2025-04-25 15:02:21,142 INFO  - No warning present. (at simulation time 126.000,000,000 s)
2025-04-25 15:02:21,152 INFO  - No warning present. (at simulation time 128.000,000,000 s)
2025-04-25 15:02:21,167 INFO  - No warning present. (at simulation time 130.000,000,000 s)
2025-04-25 15:02:21,178 INFO  - No warning present. (at simulation time 132.000,000,000 s)
2025-04-25 15:02:21,186 INFO  - No warning present. (at simulation time 134.000,000,000 s)
2025-04-25 15:02:21,200 INFO  - No warning present. (at simulation time 136.000,000,000 s)
2025-04-25 15:02:21,209 INFO  - No warning present. (at simulation time 138.000,000,000 s)
2025-04-25 15:02:21,225 INFO  - No warning present. (at simulation time 140.000,000,000 s)
2025-04-25 15:02:21,286 INFO  - No warning present. (at simulation time 142.000,000,000 s)
2025-04-25 15:02:21,296 INFO  - No warning present. (at simulation time 144.000,000,000 s)
2025-04-25 15:02:21,311 INFO  - No warning present. (at simulation time 146.000,000,000 s)
2025-04-25 15:02:21,320 INFO  - No warning present. (at simulation time 148.000,000,000 s)
2025-04-25 15:02:21,334 INFO  - No warning present. (at simulation time 150.000,000,000 s)
2025-04-25 15:02:21,346 INFO  - No warning present. (at simulation time 152.000,000,000 s)
2025-04-25 15:02:21,357 INFO  - No warning present. (at simulation time 154.000,000,000 s)
2025-04-25 15:02:21,379 INFO  - No warning present. (at simulation time 156.000,000,000 s)
2025-04-25 15:02:21,388 INFO  - No warning present. (at simulation time 158.000,000,000 s)
2025-04-25 15:02:21,415 INFO  - No warning present. (at simulation time 160.000,000,000 s)
2025-04-25 15:02:21,426 INFO  - No warning present. (at simulation time 162.000,000,000 s)
2025-04-25 15:02:21,481 INFO  - No warning present. (at simulation time 164.000,000,000 s)
2025-04-25 15:02:21,501 INFO  - No warning present. (at simulation time 166.000,000,000 s)
2025-04-25 15:02:21,513 INFO  - No warning present. (at simulation time 168.000,000,000 s)
2025-04-25 15:02:21,536 INFO  - No warning present. (at simulation time 170.000,000,000 s)
2025-04-25 15:02:21,552 INFO  - No warning present. (at simulation time 172.000,000,000 s)
2025-04-25 15:02:21,565 INFO  - No warning present. (at simulation time 174.000,000,000 s)
2025-04-25 15:02:21,583 INFO  - No warning present. (at simulation time 176.000,000,000 s)
2025-04-25 15:02:21,596 INFO  - No warning present. (at simulation time 178.000,000,000 s)
2025-04-25 15:02:21,614 INFO  - No warning present. (at simulation time 180.000,000,000 s)
2025-04-25 15:02:21,626 INFO  - No warning present. (at simulation time 182.000,000,000 s)
2025-04-25 15:02:21,702 INFO  - No warning present. (at simulation time 184.000,000,000 s)
2025-04-25 15:02:21,722 INFO  - No warning present. (at simulation time 186.000,000,000 s)
2025-04-25 15:02:21,735 INFO  - No warning present. (at simulation time 188.000,000,000 s)
2025-04-25 15:02:21,755 INFO  - No warning present. (at simulation time 190.000,000,000 s)
2025-04-25 15:02:21,767 INFO  - No warning present. (at simulation time 192.000,000,000 s)
2025-04-25 15:02:21,779 INFO  - No warning present. (at simulation time 194.000,000,000 s)
2025-04-25 15:02:21,795 INFO  - No warning present. (at simulation time 196.000,000,000 s)
2025-04-25 15:02:21,806 INFO  - No warning present. (at simulation time 198.000,000,000 s)
2025-04-25 15:02:21,828 INFO  - No warning present. (at simulation time 200.000,000,000 s)
2025-04-25 15:02:21,892 INFO  - No warning present. (at simulation time 202.000,000,000 s)
2025-04-25 15:02:21,904 INFO  - No warning present. (at simulation time 204.000,000,000 s)
2025-04-25 15:02:21,920 INFO  - No warning present. (at simulation time 206.000,000,000 s)
2025-04-25 15:02:21,932 INFO  - No warning present. (at simulation time 208.000,000,000 s)
2025-04-25 15:02:21,950 INFO  - No warning present. (at simulation time 210.000,000,000 s)
2025-04-25 15:02:21,963 INFO  - No warning present. (at simulation time 212.000,000,000 s)
2025-04-25 15:02:21,973 INFO  - No warning present. (at simulation time 214.000,000,000 s)
2025-04-25 15:02:21,989 INFO  - No warning present. (at simulation time 216.000,000,000 s)
2025-04-25 15:02:21,999 INFO  - No warning present. (at simulation time 218.000,000,000 s)
2025-04-25 15:02:22,014 INFO  - No warning present. (at simulation time 220.000,000,000 s)
2025-04-25 15:02:22,026 INFO  - No warning present. (at simulation time 222.000,000,000 s)
2025-04-25 15:02:22,098 INFO  - No warning present. (at simulation time 224.000,000,000 s)
2025-04-25 15:02:22,118 INFO  - No warning present. (at simulation time 226.000,000,000 s)
2025-04-25 15:02:22,132 INFO  - No warning present. (at simulation time 228.000,000,000 s)
2025-04-25 15:02:22,154 INFO  - No warning present. (at simulation time 230.000,000,000 s)
2025-04-25 15:02:22,167 INFO  - No warning present. (at simulation time 232.000,000,000 s)
2025-04-25 15:02:22,179 INFO  - No warning present. (at simulation time 234.000,000,000 s)
2025-04-25 15:02:22,200 INFO  - No warning present. (at simulation time 236.000,000,000 s)
2025-04-25 15:02:22,211 INFO  - No warning present. (at simulation time 238.000,000,000 s)
2025-04-25 15:02:22,228 INFO  - No warning present. (at simulation time 240.000,000,000 s)
2025-04-25 15:02:22,281 INFO  - No warning present. (at simulation time 242.000,000,000 s)
2025-04-25 15:02:22,311 INFO  - No warning present. (at simulation time 244.000,000,000 s)
2025-04-25 15:02:22,331 INFO  - No warning present. (at simulation time 246.000,000,000 s)
2025-04-25 15:02:22,343 INFO  - No warning present. (at simulation time 248.000,000,000 s)
2025-04-25 15:02:22,365 INFO  - No warning present. (at simulation time 250.000,000,000 s)
2025-04-25 15:02:22,378 INFO  - No warning present. (at simulation time 252.000,000,000 s)
2025-04-25 15:02:22,391 INFO  - No warning present. (at simulation time 254.000,000,000 s)
2025-04-25 15:02:22,415 INFO  - No warning present. (at simulation time 256.000,000,000 s)
2025-04-25 15:02:22,431 INFO  - No warning present. (at simulation time 258.000,000,000 s)
2025-04-25 15:02:22,498 INFO  - No warning present. (at simulation time 260.000,000,000 s)
2025-04-25 15:02:22,512 INFO  - No warning present. (at simulation time 262.000,000,000 s)
2025-04-25 15:02:22,524 INFO  - No warning present. (at simulation time 264.000,000,000 s)
2025-04-25 15:02:22,545 INFO  - No warning present. (at simulation time 266.000,000,000 s)
2025-04-25 15:02:22,559 INFO  - No warning present. (at simulation time 268.000,000,000 s)
2025-04-25 15:02:22,583 INFO  - No warning present. (at simulation time 270.000,000,000 s)
2025-04-25 15:02:22,596 INFO  - No warning present. (at simulation time 272.000,000,000 s)
2025-04-25 15:02:22,610 INFO  - No warning present. (at simulation time 274.000,000,000 s)
2025-04-25 15:02:22,628 INFO  - No warning present. (at simulation time 276.000,000,000 s)
2025-04-25 15:02:22,698 INFO  - No warning present. (at simulation time 278.000,000,000 s)
2025-04-25 15:02:22,716 INFO  - No warning present. (at simulation time 280.000,000,000 s)
2025-04-25 15:02:22,727 INFO  - No warning present. (at simulation time 282.000,000,000 s)
2025-04-25 15:02:22,736 INFO  - No warning present. (at simulation time 284.000,000,000 s)
2025-04-25 15:02:22,753 INFO  - No warning present. (at simulation time 286.000,000,000 s)
2025-04-25 15:02:22,763 INFO  - No warning present. (at simulation time 288.000,000,000 s)
2025-04-25 15:02:22,783 INFO  - No warning present. (at simulation time 290.000,000,000 s)
2025-04-25 15:02:22,795 INFO  - No warning present. (at simulation time 292.000,000,000 s)
2025-04-25 15:02:22,805 INFO  - No warning present. (at simulation time 294.000,000,000 s)
2025-04-25 15:02:22,826 INFO  - No warning present. (at simulation time 296.000,000,000 s)
2025-04-25 15:02:22,898 INFO  - No warning present. (at simulation time 298.000,000,000 s)
2025-04-25 15:02:22,917 INFO  - No warning present. (at simulation time 300.000,000,000 s)
2025-04-25 15:02:22,927 INFO  - No warning present. (at simulation time 302.000,000,000 s)
2025-04-25 15:02:22,936 INFO  - No warning present. (at simulation time 304.000,000,000 s)
2025-04-25 15:02:22,952 INFO  - No warning present. (at simulation time 306.000,000,000 s)
2025-04-25 15:02:22,962 INFO  - No warning present. (at simulation time 308.000,000,000 s)
2025-04-25 15:02:22,976 INFO  - No warning present. (at simulation time 310.000,000,000 s)
2025-04-25 15:02:22,985 INFO  - No warning present. (at simulation time 312.000,000,000 s)
2025-04-25 15:02:22,997 INFO  - No warning present. (at simulation time 314.000,000,000 s)
2025-04-25 15:02:23,011 INFO  - No warning present. (at simulation time 316.000,000,000 s)
2025-04-25 15:02:23,020 INFO  - No warning present. (at simulation time 318.000,000,000 s)
2025-04-25 15:02:23,035 INFO  - No warning present. (at simulation time 320.000,000,000 s)
2025-04-25 15:02:23,096 INFO  - No warning present. (at simulation time 322.000,000,000 s)
2025-04-25 15:02:23,105 INFO  - No warning present. (at simulation time 324.000,000,000 s)
2025-04-25 15:02:23,118 INFO  - No warning present. (at simulation time 326.000,000,000 s)
2025-04-25 15:02:23,127 INFO  - No warning present. (at simulation time 328.000,000,000 s)
2025-04-25 15:02:23,142 INFO  - No warning present. (at simulation time 330.000,000,000 s)
2025-04-25 15:02:23,149 INFO  - No warning present. (at simulation time 332.000,000,000 s)
2025-04-25 15:02:23,157 INFO  - No warning present. (at simulation time 334.000,000,000 s)
2025-04-25 15:02:23,175 INFO  - No warning present. (at simulation time 336.000,000,000 s)
2025-04-25 15:02:23,184 INFO  - No warning present. (at simulation time 338.000,000,000 s)
2025-04-25 15:02:23,200 INFO  - No warning present. (at simulation time 340.000,000,000 s)
2025-04-25 15:02:23,208 INFO  - No warning present. (at simulation time 342.000,000,000 s)
2025-04-25 15:02:23,215 INFO  - No warning present. (at simulation time 344.000,000,000 s)
2025-04-25 15:02:23,231 INFO  - No warning present. (at simulation time 346.000,000,000 s)
2025-04-25 15:02:23,292 INFO  - No warning present. (at simulation time 348.000,000,000 s)
2025-04-25 15:02:23,304 INFO  - No warning present. (at simulation time 350.000,000,000 s)
2025-04-25 15:02:23,311 INFO  - No warning present. (at simulation time 352.000,000,000 s)
2025-04-25 15:02:23,318 INFO  - No warning present. (at simulation time 354.000,000,000 s)
2025-04-25 15:02:23,330 INFO  - No warning present. (at simulation time 356.000,000,000 s)
2025-04-25 15:02:23,336 INFO  - No warning present. (at simulation time 358.000,000,000 s)
2025-04-25 15:02:23,348 INFO  - No warning present. (at simulation time 360.000,000,000 s)
2025-04-25 15:02:23,354 INFO  - No warning present. (at simulation time 362.000,000,000 s)
2025-04-25 15:02:23,361 INFO  - No warning present. (at simulation time 364.000,000,000 s)
2025-04-25 15:02:23,373 INFO  - No warning present. (at simulation time 366.000,000,000 s)
2025-04-25 15:02:23,380 INFO  - No warning present. (at simulation time 368.000,000,000 s)
2025-04-25 15:02:23,395 INFO  - No warning present. (at simulation time 370.000,000,000 s)
2025-04-25 15:02:23,402 INFO  - No warning present. (at simulation time 372.000,000,000 s)
2025-04-25 15:02:23,409 INFO  - No warning present. (at simulation time 374.000,000,000 s)
2025-04-25 15:02:23,419 INFO  - No warning present. (at simulation time 376.000,000,000 s)
2025-04-25 15:02:23,426 INFO  - No warning present. (at simulation time 378.000,000,000 s)
2025-04-25 15:02:23,437 INFO  - No warning present. (at simulation time 380.000,000,000 s)
2025-04-25 15:02:23,503 INFO  - No warning present. (at simulation time 382.000,000,000 s)
2025-04-25 15:02:23,511 INFO  - No warning present. (at simulation time 384.000,000,000 s)
2025-04-25 15:02:23,522 INFO  - No warning present. (at simulation time 386.000,000,000 s)
2025-04-25 15:02:23,529 INFO  - No warning present. (at simulation time 388.000,000,000 s)
2025-04-25 15:02:23,540 INFO  - No warning present. (at simulation time 390.000,000,000 s)
2025-04-25 15:02:23,547 INFO  - No warning present. (at simulation time 392.000,000,000 s)
2025-04-25 15:02:23,553 INFO  - No warning present. (at simulation time 394.000,000,000 s)
2025-04-25 15:02:23,564 INFO  - No warning present. (at simulation time 396.000,000,000 s)
2025-04-25 15:02:23,571 INFO  - No warning present. (at simulation time 398.000,000,000 s)
2025-04-25 15:02:23,582 INFO  - No warning present. (at simulation time 400.000,000,000 s)
2025-04-25 15:02:23,588 INFO  - No warning present. (at simulation time 402.000,000,000 s)
2025-04-25 15:02:23,594 INFO  - No warning present. (at simulation time 404.000,000,000 s)
2025-04-25 15:02:23,609 INFO  - No warning present. (at simulation time 406.000,000,000 s)
2025-04-25 15:02:23,615 INFO  - No warning present. (at simulation time 408.000,000,000 s)
2025-04-25 15:02:23,626 INFO  - No warning present. (at simulation time 410.000,000,000 s)
2025-04-25 15:02:23,633 INFO  - No warning present. (at simulation time 412.000,000,000 s)
2025-04-25 15:02:23,683 INFO  - No warning present. (at simulation time 414.000,000,000 s)
2025-04-25 15:02:23,695 INFO  - No warning present. (at simulation time 416.000,000,000 s)
2025-04-25 15:02:23,701 INFO  - No warning present. (at simulation time 418.000,000,000 s)
2025-04-25 15:02:23,712 INFO  - No warning present. (at simulation time 420.000,000,000 s)
2025-04-25 15:02:23,719 INFO  - No warning present. (at simulation time 422.000,000,000 s)
2025-04-25 15:02:23,725 INFO  - No warning present. (at simulation time 424.000,000,000 s)
2025-04-25 15:02:23,737 INFO  - No warning present. (at simulation time 426.000,000,000 s)
2025-04-25 15:02:23,743 INFO  - No warning present. (at simulation time 428.000,000,000 s)
2025-04-25 15:02:23,754 INFO  - No warning present. (at simulation time 430.000,000,000 s)
2025-04-25 15:02:23,760 INFO  - No warning present. (at simulation time 432.000,000,000 s)
2025-04-25 15:02:23,767 INFO  - No warning present. (at simulation time 434.000,000,000 s)
2025-04-25 15:02:23,777 INFO  - No warning present. (at simulation time 436.000,000,000 s)
2025-04-25 15:02:23,784 INFO  - No warning present. (at simulation time 438.000,000,000 s)
2025-04-25 15:02:23,795 INFO  - No warning present. (at simulation time 440.000,000,000 s)
2025-04-25 15:02:23,801 INFO  - No warning present. (at simulation time 442.000,000,000 s)
2025-04-25 15:02:23,809 INFO  - No warning present. (at simulation time 444.000,000,000 s)
2025-04-25 15:02:23,820 INFO  - No warning present. (at simulation time 446.000,000,000 s)
2025-04-25 15:02:23,828 INFO  - No warning present. (at simulation time 448.000,000,000 s)
2025-04-25 15:02:23,838 INFO  - No warning present. (at simulation time 450.000,000,000 s)
2025-04-25 15:02:23,870 INFO  - No warning present. (at simulation time 452.000,000,000 s)
2025-04-25 15:02:23,876 INFO  - No warning present. (at simulation time 454.000,000,000 s)
2025-04-25 15:02:23,886 INFO  - No warning present. (at simulation time 456.000,000,000 s)
2025-04-25 15:02:23,891 INFO  - No warning present. (at simulation time 458.000,000,000 s)
2025-04-25 15:02:23,900 INFO  - No warning present. (at simulation time 460.000,000,000 s)
2025-04-25 15:02:23,905 INFO  - No warning present. (at simulation time 462.000,000,000 s)
2025-04-25 15:02:23,910 INFO  - No warning present. (at simulation time 464.000,000,000 s)
2025-04-25 15:02:23,920 INFO  - No warning present. (at simulation time 466.000,000,000 s)
2025-04-25 15:02:23,924 INFO  - No warning present. (at simulation time 468.000,000,000 s)
2025-04-25 15:02:23,933 INFO  - No warning present. (at simulation time 470.000,000,000 s)
2025-04-25 15:02:23,938 INFO  - No warning present. (at simulation time 472.000,000,000 s)
2025-04-25 15:02:23,943 INFO  - No warning present. (at simulation time 474.000,000,000 s)
2025-04-25 15:02:23,951 INFO  - No warning present. (at simulation time 476.000,000,000 s)
2025-04-25 15:02:23,955 INFO  - No warning present. (at simulation time 478.000,000,000 s)
2025-04-25 15:02:23,963 INFO  - No warning present. (at simulation time 480.000,000,000 s)
2025-04-25 15:02:23,967 INFO  - No warning present. (at simulation time 482.000,000,000 s)
2025-04-25 15:02:23,972 INFO  - No warning present. (at simulation time 484.000,000,000 s)
2025-04-25 15:02:23,979 INFO  - No warning present. (at simulation time 486.000,000,000 s)
2025-04-25 15:02:23,983 INFO  - No warning present. (at simulation time 488.000,000,000 s)
2025-04-25 15:02:23,991 INFO  - No warning present. (at simulation time 490.000,000,000 s)
2025-04-25 15:02:23,995 INFO  - No warning present. (at simulation time 492.000,000,000 s)
2025-04-25 15:02:23,999 INFO  - No warning present. (at simulation time 494.000,000,000 s)
2025-04-25 15:02:24,006 INFO  - No warning present. (at simulation time 496.000,000,000 s)
2025-04-25 15:02:24,010 INFO  - No warning present. (at simulation time 498.000,000,000 s)
2025-04-25 15:02:24,017 INFO  - No warning present. (at simulation time 500.000,000,000 s)
2025-04-25 15:02:24,021 INFO  - No warning present. (at simulation time 502.000,000,000 s)
2025-04-25 15:02:24,025 INFO  - No warning present. (at simulation time 504.000,000,000 s)
2025-04-25 15:02:24,032 INFO  - No warning present. (at simulation time 506.000,000,000 s)
2025-04-25 15:02:24,061 INFO  - No warning present. (at simulation time 508.000,000,000 s)
2025-04-25 15:02:24,069 INFO  - No warning present. (at simulation time 510.000,000,000 s)
2025-04-25 15:02:24,074 INFO  - No warning present. (at simulation time 512.000,000,000 s)
2025-04-25 15:02:24,078 INFO  - No warning present. (at simulation time 514.000,000,000 s)
2025-04-25 15:02:24,086 INFO  - No warning present. (at simulation time 516.000,000,000 s)
2025-04-25 15:02:24,090 INFO  - No warning present. (at simulation time 518.000,000,000 s)
2025-04-25 15:02:24,097 INFO  - No warning present. (at simulation time 520.000,000,000 s)
2025-04-25 15:02:24,102 INFO  - No warning present. (at simulation time 522.000,000,000 s)
2025-04-25 15:02:24,106 INFO  - No warning present. (at simulation time 524.000,000,000 s)
2025-04-25 15:02:24,114 INFO  - No warning present. (at simulation time 526.000,000,000 s)
2025-04-25 15:02:24,119 INFO  - No warning present. (at simulation time 528.000,000,000 s)
2025-04-25 15:02:24,126 INFO  - No warning present. (at simulation time 530.000,000,000 s)
2025-04-25 15:02:24,130 INFO  - No warning present. (at simulation time 532.000,000,000 s)
2025-04-25 15:02:24,135 INFO  - No warning present. (at simulation time 534.000,000,000 s)
2025-04-25 15:02:24,142 INFO  - No warning present. (at simulation time 536.000,000,000 s)
2025-04-25 15:02:24,146 INFO  - No warning present. (at simulation time 538.000,000,000 s)
2025-04-25 15:02:24,152 INFO  - No warning present. (at simulation time 540.000,000,000 s)
2025-04-25 15:02:24,157 INFO  - No warning present. (at simulation time 542.000,000,000 s)
2025-04-25 15:02:24,161 INFO  - No warning present. (at simulation time 544.000,000,000 s)
2025-04-25 15:02:24,168 INFO  - No warning present. (at simulation time 546.000,000,000 s)
2025-04-25 15:02:24,171 INFO  - No warning present. (at simulation time 548.000,000,000 s)
2025-04-25 15:02:24,177 INFO  - No warning present. (at simulation time 550.000,000,000 s)
2025-04-25 15:02:24,181 INFO  - No warning present. (at simulation time 552.000,000,000 s)
2025-04-25 15:02:24,184 INFO  - No warning present. (at simulation time 554.000,000,000 s)
2025-04-25 15:02:24,190 INFO  - No warning present. (at simulation time 556.000,000,000 s)
2025-04-25 15:02:24,192 INFO  - No warning present. (at simulation time 558.000,000,000 s)
2025-04-25 15:02:24,197 INFO  - No warning present. (at simulation time 560.000,000,000 s)
2025-04-25 15:02:24,200 INFO  - No warning present. (at simulation time 562.000,000,000 s)
2025-04-25 15:02:24,203 INFO  - No warning present. (at simulation time 564.000,000,000 s)
2025-04-25 15:02:24,209 INFO  - No warning present. (at simulation time 566.000,000,000 s)
2025-04-25 15:02:24,212 INFO  - No warning present. (at simulation time 568.000,000,000 s)
2025-04-25 15:02:24,217 INFO  - No warning present. (at simulation time 570.000,000,000 s)
2025-04-25 15:02:24,220 INFO  - No warning present. (at simulation time 572.000,000,000 s)
2025-04-25 15:02:24,223 INFO  - No warning present. (at simulation time 574.000,000,000 s)
2025-04-25 15:02:24,229 INFO  - No warning present. (at simulation time 576.000,000,000 s)
2025-04-25 15:02:24,231 INFO  - No warning present. (at simulation time 578.000,000,000 s)
2025-04-25 15:02:24,236 INFO  - No warning present. (at simulation time 580.000,000,000 s)
2025-04-25 15:02:24,239 INFO  - No warning present. (at simulation time 582.000,000,000 s)
2025-04-25 15:02:24,242 INFO  - No warning present. (at simulation time 584.000,000,000 s)
2025-04-25 15:02:24,246 INFO  - No warning present. (at simulation time 586.000,000,000 s)
2025-04-25 15:02:24,249 INFO  - No warning present. (at simulation time 588.000,000,000 s)
2025-04-25 15:02:24,254 INFO  - No warning present. (at simulation time 590.000,000,000 s)
2025-04-25 15:02:24,257 INFO  - No warning present. (at simulation time 592.000,000,000 s)
2025-04-25 15:02:24,260 INFO  - No warning present. (at simulation time 594.000,000,000 s)
2025-04-25 15:02:24,264 INFO  - No warning present. (at simulation time 596.000,000,000 s)
2025-04-25 15:02:24,267 INFO  - No warning present. (at simulation time 598.000,000,000 s)
2025-04-25 15:02:24,271 INFO  - No warning present. (at simulation time 600.000,000,000 s)
2025-04-25 15:02:24,273 INFO  - No warning present. (at simulation time 602.000,000,000 s)
2025-04-25 15:02:24,275 INFO  - No warning present. (at simulation time 604.000,000,000 s)
2025-04-25 15:02:24,279 INFO  - No warning present. (at simulation time 606.000,000,000 s)
2025-04-25 15:02:24,282 INFO  - No warning present. (at simulation time 608.000,000,000 s)
2025-04-25 15:02:24,286 INFO  - No warning present. (at simulation time 610.000,000,000 s)
2025-04-25 15:02:24,289 INFO  - No warning present. (at simulation time 612.000,000,000 s)
2025-04-25 15:02:24,291 INFO  - No warning present. (at simulation time 614.000,000,000 s)
2025-04-25 15:02:24,298 INFO  - No warning present. (at simulation time 616.000,000,000 s)
2025-04-25 15:02:24,300 INFO  - No warning present. (at simulation time 618.000,000,000 s)
2025-04-25 15:02:24,305 INFO  - No warning present. (at simulation time 620.000,000,000 s)
2025-04-25 15:02:24,307 INFO  - No warning present. (at simulation time 622.000,000,000 s)
2025-04-25 15:02:24,309 INFO  - No warning present. (at simulation time 624.000,000,000 s)
2025-04-25 15:02:24,312 INFO  - No warning present. (at simulation time 626.000,000,000 s)
2025-04-25 15:02:24,314 INFO  - No warning present. (at simulation time 628.000,000,000 s)
2025-04-25 15:02:24,318 INFO  - No warning present. (at simulation time 630.000,000,000 s)
2025-04-25 15:02:24,320 INFO  - No warning present. (at simulation time 632.000,000,000 s)
2025-04-25 15:02:24,322 INFO  - No warning present. (at simulation time 634.000,000,000 s)
2025-04-25 15:02:24,326 INFO  - No warning present. (at simulation time 636.000,000,000 s)
2025-04-25 15:02:24,328 INFO  - No warning present. (at simulation time 638.000,000,000 s)
2025-04-25 15:02:24,331 INFO  - No warning present. (at simulation time 640.000,000,000 s)
2025-04-25 15:02:24,333 INFO  - No warning present. (at simulation time 642.000,000,000 s)
2025-04-25 15:02:24,334 INFO  - No warning present. (at simulation time 644.000,000,000 s)
2025-04-25 15:02:24,337 INFO  - No warning present. (at simulation time 646.000,000,000 s)
2025-04-25 15:02:24,339 INFO  - No warning present. (at simulation time 648.000,000,000 s)
2025-04-25 15:02:24,343 INFO  - No warning present. (at simulation time 650.000,000,000 s)
2025-04-25 15:02:24,345 INFO  - No warning present. (at simulation time 652.000,000,000 s)
2025-04-25 15:02:24,346 INFO  - No warning present. (at simulation time 654.000,000,000 s)
2025-04-25 15:02:24,349 INFO  - No warning present. (at simulation time 656.000,000,000 s)
2025-04-25 15:02:24,351 INFO  - No warning present. (at simulation time 658.000,000,000 s)
2025-04-25 15:02:24,355 INFO  - No warning present. (at simulation time 660.000,000,000 s)
2025-04-25 15:02:24,358 INFO  - No warning present. (at simulation time 662.000,000,000 s)
2025-04-25 15:02:24,360 INFO  - No warning present. (at simulation time 664.000,000,000 s)
2025-04-25 15:02:24,363 INFO  - No warning present. (at simulation time 666.000,000,000 s)
2025-04-25 15:02:24,365 INFO  - No warning present. (at simulation time 668.000,000,000 s)
2025-04-25 15:02:24,367 INFO  - No warning present. (at simulation time 670.000,000,000 s)
2025-04-25 15:02:24,369 INFO  - No warning present. (at simulation time 672.000,000,000 s)
2025-04-25 15:02:24,370 INFO  - No warning present. (at simulation time 674.000,000,000 s)
2025-04-25 15:02:24,373 INFO  - No warning present. (at simulation time 676.000,000,000 s)
2025-04-25 15:02:24,374 INFO  - No warning present. (at simulation time 678.000,000,000 s)
2025-04-25 15:02:24,376 INFO  - No warning present. (at simulation time 680.000,000,000 s)
2025-04-25 15:02:24,377 INFO  - No warning present. (at simulation time 682.000,000,000 s)
2025-04-25 15:02:24,379 INFO  - No warning present. (at simulation time 684.000,000,000 s)
2025-04-25 15:02:24,380 INFO  - No warning present. (at simulation time 686.000,000,000 s)
2025-04-25 15:02:24,382 INFO  - No warning present. (at simulation time 688.000,000,000 s)
2025-04-25 15:02:24,384 INFO  - No warning present. (at simulation time 690.000,000,000 s)
2025-04-25 15:02:24,385 INFO  - No warning present. (at simulation time 692.000,000,000 s)
2025-04-25 15:02:24,386 INFO  - No warning present. (at simulation time 694.000,000,000 s)
2025-04-25 15:02:24,388 INFO  - No warning present. (at simulation time 696.000,000,000 s)
2025-04-25 15:02:24,389 INFO  - No warning present. (at simulation time 698.000,000,000 s)
2025-04-25 15:02:24,391 INFO  - No warning present. (at simulation time 700.000,000,000 s)
2025-04-25 15:02:24,392 INFO  - No warning present. (at simulation time 702.000,000,000 s)
2025-04-25 15:02:24,393 INFO  - No warning present. (at simulation time 704.000,000,000 s)
2025-04-25 15:02:24,395 INFO  - No warning present. (at simulation time 706.000,000,000 s)
2025-04-25 15:02:24,396 INFO  - No warning present. (at simulation time 708.000,000,000 s)
2025-04-25 15:02:24,397 INFO  - No warning present. (at simulation time 710.000,000,000 s)
2025-04-25 15:02:24,398 INFO  - No warning present. (at simulation time 712.000,000,000 s)
2025-04-25 15:02:24,399 INFO  - No warning present. (at simulation time 714.000,000,000 s)
2025-04-25 15:02:24,400 INFO  - No warning present. (at simulation time 716.000,000,000 s)
2025-04-25 15:02:24,401 INFO  - No warning present. (at simulation time 718.000,000,000 s)
2025-04-25 15:02:24,402 INFO  - No warning present. (at simulation time 720.000,000,000 s)
2025-04-25 15:02:24,403 INFO  - No warning present. (at simulation time 722.000,000,000 s)
2025-04-25 15:02:24,403 INFO  - No warning present. (at simulation time 724.000,000,000 s)
2025-04-25 15:02:24,404 INFO  - No warning present. (at simulation time 726.000,000,000 s)
2025-04-25 15:02:24,405 INFO  - No warning present. (at simulation time 728.000,000,000 s)
2025-04-25 15:02:24,406 INFO  - No warning present. (at simulation time 730.000,000,000 s)
2025-04-25 15:02:24,407 INFO  - No warning present. (at simulation time 732.000,000,000 s)
2025-04-25 15:02:24,408 INFO  - No warning present. (at simulation time 734.000,000,000 s)
2025-04-25 15:02:24,409 INFO  - No warning present. (at simulation time 736.000,000,000 s)
2025-04-25 15:02:24,409 INFO  - No warning present. (at simulation time 738.000,000,000 s)
2025-04-25 15:02:24,410 INFO  - No warning present. (at simulation time 740.000,000,000 s)
2025-04-25 15:02:24,411 INFO  - No warning present. (at simulation time 742.000,000,000 s)
2025-04-25 15:02:24,412 INFO  - No warning present. (at simulation time 744.000,000,000 s)
2025-04-25 15:02:24,413 INFO  - No warning present. (at simulation time 746.000,000,000 s)
2025-04-25 15:02:24,414 INFO  - No warning present. (at simulation time 748.000,000,000 s)
2025-04-25 15:02:24,415 INFO  - No warning present. (at simulation time 750.000,000,000 s)
2025-04-25 15:02:24,415 INFO  - No warning present. (at simulation time 752.000,000,000 s)
2025-04-25 15:02:24,416 INFO  - No warning present. (at simulation time 754.000,000,000 s)
2025-04-25 15:02:24,417 INFO  - No warning present. (at simulation time 756.000,000,000 s)
2025-04-25 15:02:24,418 INFO  - No warning present. (at simulation time 758.000,000,000 s)
2025-04-25 15:02:24,418 INFO  - No warning present. (at simulation time 760.000,000,000 s)
2025-04-25 15:02:24,419 INFO  - No warning present. (at simulation time 762.000,000,000 s)
2025-04-25 15:02:24,420 INFO  - No warning present. (at simulation time 764.000,000,000 s)
2025-04-25 15:02:24,421 INFO  - No warning present. (at simulation time 766.000,000,000 s)
2025-04-25 15:02:24,422 INFO  - No warning present. (at simulation time 768.000,000,000 s)
2025-04-25 15:02:24,422 INFO  - No warning present. (at simulation time 770.000,000,000 s)
2025-04-25 15:02:24,423 INFO  - No warning present. (at simulation time 772.000,000,000 s)
2025-04-25 15:02:24,424 INFO  - No warning present. (at simulation time 774.000,000,000 s)
2025-04-25 15:02:24,425 INFO  - No warning present. (at simulation time 776.000,000,000 s)
2025-04-25 15:02:24,426 INFO  - No warning present. (at simulation time 778.000,000,000 s)
2025-04-25 15:02:24,426 INFO  - No warning present. (at simulation time 780.000,000,000 s)
2025-04-25 15:02:24,427 INFO  - No warning present. (at simulation time 782.000,000,000 s)
2025-04-25 15:02:24,428 INFO  - No warning present. (at simulation time 784.000,000,000 s)
2025-04-25 15:02:24,429 INFO  - No warning present. (at simulation time 786.000,000,000 s)
2025-04-25 15:02:24,429 INFO  - No warning present. (at simulation time 788.000,000,000 s)
2025-04-25 15:02:24,430 INFO  - No warning present. (at simulation time 790.000,000,000 s)
2025-04-25 15:02:24,431 INFO  - No warning present. (at simulation time 792.000,000,000 s)
2025-04-25 15:02:24,431 INFO  - No warning present. (at simulation time 794.000,000,000 s)
2025-04-25 15:02:24,432 INFO  - No warning present. (at simulation time 796.000,000,000 s)
2025-04-25 15:02:24,433 INFO  - No warning present. (at simulation time 798.000,000,000 s)
2025-04-25 15:02:24,434 INFO  - No warning present. (at simulation time 800.000,000,000 s)
2025-04-25 15:02:24,434 INFO  - No warning present. (at simulation time 802.000,000,000 s)
2025-04-25 15:02:24,435 INFO  - No warning present. (at simulation time 804.000,000,000 s)
2025-04-25 15:02:24,436 INFO  - No warning present. (at simulation time 806.000,000,000 s)
2025-04-25 15:02:24,437 INFO  - No warning present. (at simulation time 808.000,000,000 s)
2025-04-25 15:02:24,437 INFO  - No warning present. (at simulation time 810.000,000,000 s)
2025-04-25 15:02:24,438 INFO  - No warning present. (at simulation time 812.000,000,000 s)
2025-04-25 15:02:24,439 INFO  - No warning present. (at simulation time 814.000,000,000 s)
2025-04-25 15:02:24,439 INFO  - No warning present. (at simulation time 816.000,000,000 s)
2025-04-25 15:02:24,440 INFO  - No warning present. (at simulation time 818.000,000,000 s)
2025-04-25 15:02:24,441 INFO  - No warning present. (at simulation time 820.000,000,000 s)
2025-04-25 15:02:24,441 INFO  - No warning present. (at simulation time 822.000,000,000 s)
2025-04-25 15:02:24,442 INFO  - No warning present. (at simulation time 824.000,000,000 s)
2025-04-25 15:02:24,443 INFO  - No warning present. (at simulation time 826.000,000,000 s)
2025-04-25 15:02:24,443 INFO  - No warning present. (at simulation time 828.000,000,000 s)
2025-04-25 15:02:24,444 INFO  - No warning present. (at simulation time 830.000,000,000 s)
2025-04-25 15:02:24,445 INFO  - No warning present. (at simulation time 832.000,000,000 s)
2025-04-25 15:02:24,445 INFO  - No warning present. (at simulation time 834.000,000,000 s)
2025-04-25 15:02:24,446 INFO  - No warning present. (at simulation time 836.000,000,000 s)
2025-04-25 15:02:24,447 INFO  - No warning present. (at simulation time 838.000,000,000 s)
2025-04-25 15:02:24,447 INFO  - No warning present. (at simulation time 840.000,000,000 s)
2025-04-25 15:02:24,448 INFO  - No warning present. (at simulation time 842.000,000,000 s)
2025-04-25 15:02:24,449 INFO  - No warning present. (at simulation time 844.000,000,000 s)
2025-04-25 15:02:24,449 INFO  - No warning present. (at simulation time 846.000,000,000 s)
2025-04-25 15:02:24,450 INFO  - No warning present. (at simulation time 848.000,000,000 s)
2025-04-25 15:02:24,451 INFO  - No warning present. (at simulation time 850.000,000,000 s)
2025-04-25 15:02:24,451 INFO  - No warning present. (at simulation time 852.000,000,000 s)
2025-04-25 15:02:24,452 INFO  - No warning present. (at simulation time 854.000,000,000 s)
2025-04-25 15:02:24,453 INFO  - No warning present. (at simulation time 856.000,000,000 s)
2025-04-25 15:02:24,453 INFO  - No warning present. (at simulation time 858.000,000,000 s)
2025-04-25 15:02:24,454 INFO  - No warning present. (at simulation time 860.000,000,000 s)
2025-04-25 15:02:24,454 INFO  - No warning present. (at simulation time 862.000,000,000 s)
2025-04-25 15:02:24,455 INFO  - No warning present. (at simulation time 864.000,000,000 s)
2025-04-25 15:02:24,456 INFO  - No warning present. (at simulation time 866.000,000,000 s)
2025-04-25 15:02:24,457 INFO  - No warning present. (at simulation time 868.000,000,000 s)
2025-04-25 15:02:24,457 INFO  - No warning present. (at simulation time 870.000,000,000 s)
2025-04-25 15:02:24,458 INFO  - No warning present. (at simulation time 872.000,000,000 s)
2025-04-25 15:02:24,458 INFO  - No warning present. (at simulation time 874.000,000,000 s)
2025-04-25 15:02:24,459 INFO  - No warning present. (at simulation time 876.000,000,000 s)
2025-04-25 15:02:24,460 INFO  - No warning present. (at simulation time 878.000,000,000 s)
2025-04-25 15:02:24,460 INFO  - No warning present. (at simulation time 880.000,000,000 s)
2025-04-25 15:02:24,461 INFO  - No warning present. (at simulation time 882.000,000,000 s)
2025-04-25 15:02:24,462 INFO  - No warning present. (at simulation time 884.000,000,000 s)
2025-04-25 15:02:24,463 INFO  - No warning present. (at simulation time 886.000,000,000 s)
2025-04-25 15:02:24,464 INFO  - No warning present. (at simulation time 888.000,000,000 s)
2025-04-25 15:02:24,464 INFO  - No warning present. (at simulation time 890.000,000,000 s)
2025-04-25 15:02:24,465 INFO  - No warning present. (at simulation time 892.000,000,000 s)
2025-04-25 15:02:24,466 INFO  - No warning present. (at simulation time 894.000,000,000 s)
2025-04-25 15:02:24,466 INFO  - No warning present. (at simulation time 896.000,000,000 s)
2025-04-25 15:02:24,467 INFO  - No warning present. (at simulation time 898.000,000,000 s)
2025-04-25 15:02:24,468 INFO  - No warning present. (at simulation time 900.000,000,000 s)
2025-04-25 15:02:24,469 INFO  - No warning present. (at simulation time 902.000,000,000 s)
2025-04-25 15:02:24,469 INFO  - No warning present. (at simulation time 904.000,000,000 s)
2025-04-25 15:02:24,470 INFO  - No warning present. (at simulation time 906.000,000,000 s)
2025-04-25 15:02:24,471 INFO  - No warning present. (at simulation time 908.000,000,000 s)
2025-04-25 15:02:24,471 INFO  - No warning present. (at simulation time 910.000,000,000 s)
2025-04-25 15:02:24,472 INFO  - No warning present. (at simulation time 912.000,000,000 s)
2025-04-25 15:02:24,473 INFO  - No warning present. (at simulation time 914.000,000,000 s)
2025-04-25 15:02:24,473 INFO  - No warning present. (at simulation time 916.000,000,000 s)
2025-04-25 15:02:24,474 INFO  - No warning present. (at simulation time 918.000,000,000 s)
2025-04-25 15:02:24,475 INFO  - No warning present. (at simulation time 920.000,000,000 s)
2025-04-25 15:02:24,475 INFO  - No warning present. (at simulation time 922.000,000,000 s)
2025-04-25 15:02:24,476 INFO  - No warning present. (at simulation time 924.000,000,000 s)
2025-04-25 15:02:24,476 INFO  - No warning present. (at simulation time 926.000,000,000 s)
2025-04-25 15:02:24,477 INFO  - No warning present. (at simulation time 928.000,000,000 s)
2025-04-25 15:02:24,478 INFO  - No warning present. (at simulation time 930.000,000,000 s)
2025-04-25 15:02:24,478 INFO  - No warning present. (at simulation time 932.000,000,000 s)
2025-04-25 15:02:24,479 INFO  - No warning present. (at simulation time 934.000,000,000 s)
2025-04-25 15:02:24,480 INFO  - No warning present. (at simulation time 936.000,000,000 s)
2025-04-25 15:02:24,480 INFO  - No warning present. (at simulation time 938.000,000,000 s)
2025-04-25 15:02:24,481 INFO  - No warning present. (at simulation time 940.000,000,000 s)
2025-04-25 15:02:24,482 INFO  - No warning present. (at simulation time 942.000,000,000 s)
2025-04-25 15:02:24,482 INFO  - No warning present. (at simulation time 944.000,000,000 s)
2025-04-25 15:02:24,483 INFO  - No warning present. (at simulation time 946.000,000,000 s)
2025-04-25 15:02:24,484 INFO  - No warning present. (at simulation time 948.000,000,000 s)
2025-04-25 15:02:24,485 INFO  - No warning present. (at simulation time 950.000,000,000 s)
2025-04-25 15:02:24,485 INFO  - No warning present. (at simulation time 952.000,000,000 s)
2025-04-25 15:02:24,486 INFO  - No warning present. (at simulation time 954.000,000,000 s)
2025-04-25 15:02:24,487 INFO  - No warning present. (at simulation time 956.000,000,000 s)
2025-04-25 15:02:24,487 INFO  - No warning present. (at simulation time 958.000,000,000 s)
2025-04-25 15:02:24,488 INFO  - No warning present. (at simulation time 960.000,000,000 s)
2025-04-25 15:02:24,489 INFO  - No warning present. (at simulation time 962.000,000,000 s)
2025-04-25 15:02:24,489 INFO  - No warning present. (at simulation time 964.000,000,000 s)
2025-04-25 15:02:24,490 INFO  - No warning present. (at simulation time 966.000,000,000 s)
2025-04-25 15:02:24,491 INFO  - No warning present. (at simulation time 968.000,000,000 s)
2025-04-25 15:02:24,491 INFO  - No warning present. (at simulation time 970.000,000,000 s)
2025-04-25 15:02:24,492 INFO  - No warning present. (at simulation time 972.000,000,000 s)
2025-04-25 15:02:24,493 INFO  - No warning present. (at simulation time 974.000,000,000 s)
2025-04-25 15:02:24,494 INFO  - No warning present. (at simulation time 976.000,000,000 s)
2025-04-25 15:02:24,494 INFO  - No warning present. (at simulation time 978.000,000,000 s)
2025-04-25 15:02:24,495 INFO  - No warning present. (at simulation time 980.000,000,000 s)
2025-04-25 15:02:24,496 INFO  - No warning present. (at simulation time 982.000,000,000 s)
2025-04-25 15:02:24,496 INFO  - No warning present. (at simulation time 984.000,000,000 s)
2025-04-25 15:02:24,497 INFO  - No warning present. (at simulation time 986.000,000,000 s)
2025-04-25 15:02:24,498 INFO  - No warning present. (at simulation time 988.000,000,000 s)
2025-04-25 15:02:24,498 INFO  - No warning present. (at simulation time 990.000,000,000 s)
2025-04-25 15:02:24,499 INFO  - No warning present. (at simulation time 992.000,000,000 s)
2025-04-25 15:02:24,500 INFO  - No warning present. (at simulation time 994.000,000,000 s)
2025-04-25 15:02:24,500 INFO  - No warning present. (at simulation time 996.000,000,000 s)
2025-04-25 15:02:24,501 INFO  - No warning present. (at simulation time 998.000,000,000 s)
2025-04-25 15:02:24,502 INFO  - No warning present. (at simulation time 1000.000,000,000 s)
2025-04-25 15:02:24,513 INFO  - Shutdown server. (at simulation time 1000.000,000,000 s)
